[ 2017-07-18T19:51:23+08:00 ] 127.0.0.1 /admin.php
INFO: [ app_init ] --START--
INFO: Run Behavior\BuildLiteBehavior [ RunTime:0.000000s ]
INFO: [ app_init ] --END-- [ RunTime:0.001000s ]
INFO: [ app_begin ] --START--
INFO: Run Behavior\ReadHtmlCacheBehavior [ RunTime:0.001000s ]
INFO: [ app_begin ] --END-- [ RunTime:0.001000s ]
INFO: [ view_parse ] --START--
INFO: [ template_filter ] --START--
INFO: Run Behavior\ContentReplaceBehavior [ RunTime:0.000000s ]
INFO: [ template_filter ] --END-- [ RunTime:0.000000s ]
INFO: Run Behavior\ParseTemplateBehavior [ RunTime:0.011000s ]
INFO: [ view_parse ] --END-- [ RunTime:0.012000s ]
INFO: [ view_filter ] --START--
INFO: Run Behavior\WriteHtmlCacheBehavior [ RunTime:0.000000s ]
INFO: [ view_filter ] --END-- [ RunTime:0.000000s ]
INFO: [ app_end ] --START--
INFO: Run Behavior\ShowPageTraceBehavior [ RunTime:0.001000s ]
INFO: [ app_end ] --END-- [ RunTime:0.001000s ]

[ 2017-07-18T19:58:45+08:00 ] 127.0.0.1 /admin.php/Home/Login/LoginVerification
INFO: [ app_init ] --START--
INFO: Run Behavior\BuildLiteBehavior [ RunTime:0.000000s ]
INFO: [ app_init ] --END-- [ RunTime:0.001000s ]
INFO: [ app_begin ] --START--
INFO: Run Behavior\ReadHtmlCacheBehavior [ RunTime:0.001000s ]
INFO: [ app_begin ] --END-- [ RunTime:0.001000s ]
NOTIC: [8192] mysql_connect(): The mysql extension is deprecated and will be removed in the future: use mysqli or PDO instead E:\PetAdmin\PetAdminShop\ThinkPHP\Library\Think\Db\Driver\Mysql.class.php 第 52 行.
SQL: SHOW COLUMNS FROM `admin_user` [ RunTime:0.006000s ]
SQL: SELECT COUNT(*) AS tp_count FROM `admin_user` WHERE `username` = 'tianxunhulian' AND `password` = 'dGlhbnh1bmh1bGlhbg==' LIMIT 1   [ RunTime:0.005001s ]
INFO: [ app_end ] --START--
INFO: Run Behavior\ShowPageTraceBehavior [ RunTime:0.002000s ]
INFO: [ app_end ] --END-- [ RunTime:0.002000s ]

[ 2017-07-18T19:58:45+08:00 ] 127.0.0.1 /admin.php/Home/Login/Home
INFO: [ app_init ] --START--
INFO: Run Behavior\BuildLiteBehavior [ RunTime:0.000000s ]
INFO: [ app_init ] --END-- [ RunTime:0.000000s ]
INFO: [ app_begin ] --START--
INFO: Run Behavior\ReadHtmlCacheBehavior [ RunTime:0.000000s ]
INFO: [ app_begin ] --END-- [ RunTime:0.000000s ]
NOTIC: [8192] mysql_connect(): The mysql extension is deprecated and will be removed in the future: use mysqli or PDO instead E:\PetAdmin\PetAdminShop\ThinkPHP\Library\Think\Db\Driver\Mysql.class.php 第 52 行.
SQL: SHOW COLUMNS FROM `admin_user` [ RunTime:0.009001s ]
SQL: SELECT * FROM `admin_user` WHERE `username` = 'tianxunhulian' LIMIT 1   [ RunTime:0.008000s ]
INFO: [ view_parse ] --START--
INFO: [ template_filter ] --START--
INFO: Run Behavior\ContentReplaceBehavior [ RunTime:0.000000s ]
INFO: [ template_filter ] --END-- [ RunTime:0.000000s ]
INFO: Run Behavior\ParseTemplateBehavior [ RunTime:0.043003s ]
INFO: [ view_parse ] --END-- [ RunTime:0.043003s ]
INFO: [ view_filter ] --START--
INFO: Run Behavior\WriteHtmlCacheBehavior [ RunTime:0.001000s ]
INFO: [ view_filter ] --END-- [ RunTime:0.001000s ]
INFO: [ app_end ] --START--
INFO: Run Behavior\ShowPageTraceBehavior [ RunTime:0.001000s ]
INFO: [ app_end ] --END-- [ RunTime:0.001000s ]

[ 2017-07-18T19:58:46+08:00 ] 127.0.0.1 /admin.php/Home/Login/MenuLists
INFO: [ app_init ] --START--
INFO: Run Behavior\BuildLiteBehavior [ RunTime:0.000000s ]
INFO: [ app_init ] --END-- [ RunTime:0.001000s ]
INFO: [ app_begin ] --START--
INFO: Run Behavior\ReadHtmlCacheBehavior [ RunTime:0.000000s ]
INFO: [ app_begin ] --END-- [ RunTime:0.000000s ]
NOTIC: [8192] mysql_connect(): The mysql extension is deprecated and will be removed in the future: use mysqli or PDO instead E:\PetAdmin\PetAdminShop\ThinkPHP\Library\Think\Db\Driver\Mysql.class.php 第 52 行.
SQL: select admin_jurisdiction.* from admin_user,admin_user_role,admin_role_jurisdiction,admin_jurisdiction
                where admin_user.id=admin_user_role.user_id
                and admin_user_role.role_id=admin_role_jurisdiction.role_id
                and admin_role_jurisdiction.jurisdiction_id=admin_jurisdiction.j_id
                and admin_user.username='tianxunhulian' [ RunTime:0.008001s ]
SQL: SELECT * FROM admin_jurisdiction WHERE pid = 1 [ RunTime:0.006000s ]
SQL: SELECT * FROM admin_jurisdiction WHERE pid = 2 [ RunTime:0.007000s ]
SQL: SELECT * FROM admin_jurisdiction WHERE pid = 3 [ RunTime:0.007001s ]
SQL: SELECT * FROM admin_jurisdiction WHERE pid = 4 [ RunTime:0.005000s ]
SQL: SELECT * FROM admin_jurisdiction WHERE pid = 5 [ RunTime:0.005000s ]
SQL: SELECT * FROM admin_jurisdiction WHERE pid = 6 [ RunTime:0.005001s ]
SQL: SELECT * FROM admin_jurisdiction WHERE pid = 7 [ RunTime:0.004000s ]
SQL: SELECT * FROM admin_jurisdiction WHERE pid = 8 [ RunTime:0.005000s ]
SQL: SELECT * FROM admin_jurisdiction WHERE pid = 9 [ RunTime:0.008001s ]
SQL: SELECT * FROM admin_jurisdiction WHERE pid = 10 [ RunTime:0.006000s ]
SQL: SELECT * FROM admin_jurisdiction WHERE pid = 42 [ RunTime:0.007001s ]
SQL: SELECT * FROM admin_jurisdiction WHERE pid = 46 [ RunTime:0.009000s ]
INFO: [ app_end ] --START--
INFO: Run Behavior\ShowPageTraceBehavior [ RunTime:0.000000s ]
INFO: [ app_end ] --END-- [ RunTime:0.000000s ]

[ 2017-07-18T19:59:04+08:00 ] 127.0.0.1 /admin.php/Home/Login/Home
INFO: [ app_init ] --START--
INFO: Run Behavior\BuildLiteBehavior [ RunTime:0.000000s ]
INFO: [ app_init ] --END-- [ RunTime:0.001000s ]
INFO: [ app_begin ] --START--
INFO: Run Behavior\ReadHtmlCacheBehavior [ RunTime:0.001000s ]
INFO: [ app_begin ] --END-- [ RunTime:0.001000s ]
NOTIC: [8192] mysql_connect(): The mysql extension is deprecated and will be removed in the future: use mysqli or PDO instead E:\PetAdmin\PetAdminShop\ThinkPHP\Library\Think\Db\Driver\Mysql.class.php 第 52 行.
SQL: SHOW COLUMNS FROM `admin_user` [ RunTime:0.005000s ]
SQL: SELECT * FROM `admin_user` WHERE `username` = 'tianxunhulian' LIMIT 1   [ RunTime:0.005000s ]
INFO: [ view_parse ] --START--
INFO: [ template_filter ] --START--
INFO: Run Behavior\ContentReplaceBehavior [ RunTime:0.000000s ]
INFO: [ template_filter ] --END-- [ RunTime:0.000000s ]
INFO: Run Behavior\ParseTemplateBehavior [ RunTime:0.011001s ]
INFO: [ view_parse ] --END-- [ RunTime:0.011001s ]
INFO: [ view_filter ] --START--
INFO: Run Behavior\WriteHtmlCacheBehavior [ RunTime:0.001000s ]
INFO: [ view_filter ] --END-- [ RunTime:0.001000s ]
INFO: [ app_end ] --START--
INFO: Run Behavior\ShowPageTraceBehavior [ RunTime:0.000000s ]
INFO: [ app_end ] --END-- [ RunTime:0.000000s ]

[ 2017-07-18T19:59:05+08:00 ] 127.0.0.1 /admin.php/Home/Login/MenuLists
INFO: [ app_init ] --START--
INFO: Run Behavior\BuildLiteBehavior [ RunTime:0.000000s ]
INFO: [ app_init ] --END-- [ RunTime:0.001000s ]
INFO: [ app_begin ] --START--
INFO: Run Behavior\ReadHtmlCacheBehavior [ RunTime:0.000000s ]
INFO: [ app_begin ] --END-- [ RunTime:0.002000s ]
NOTIC: [8192] mysql_connect(): The mysql extension is deprecated and will be removed in the future: use mysqli or PDO instead E:\PetAdmin\PetAdminShop\ThinkPHP\Library\Think\Db\Driver\Mysql.class.php 第 52 行.
SQL: select admin_jurisdiction.* from admin_user,admin_user_role,admin_role_jurisdiction,admin_jurisdiction
                where admin_user.id=admin_user_role.user_id
                and admin_user_role.role_id=admin_role_jurisdiction.role_id
                and admin_role_jurisdiction.jurisdiction_id=admin_jurisdiction.j_id
                and admin_user.username='tianxunhulian' [ RunTime:0.007001s ]
SQL: SELECT * FROM admin_jurisdiction WHERE pid = 1 [ RunTime:0.009000s ]
SQL: SELECT * FROM admin_jurisdiction WHERE pid = 2 [ RunTime:0.007001s ]
SQL: SELECT * FROM admin_jurisdiction WHERE pid = 3 [ RunTime:0.006000s ]
SQL: SELECT * FROM admin_jurisdiction WHERE pid = 4 [ RunTime:0.006000s ]
SQL: SELECT * FROM admin_jurisdiction WHERE pid = 5 [ RunTime:0.005001s ]
SQL: SELECT * FROM admin_jurisdiction WHERE pid = 6 [ RunTime:0.007000s ]
SQL: SELECT * FROM admin_jurisdiction WHERE pid = 7 [ RunTime:0.005000s ]
SQL: SELECT * FROM admin_jurisdiction WHERE pid = 8 [ RunTime:0.008001s ]
SQL: SELECT * FROM admin_jurisdiction WHERE pid = 9 [ RunTime:0.007000s ]
SQL: SELECT * FROM admin_jurisdiction WHERE pid = 10 [ RunTime:0.006001s ]
SQL: SELECT * FROM admin_jurisdiction WHERE pid = 42 [ RunTime:0.008000s ]
SQL: SELECT * FROM admin_jurisdiction WHERE pid = 46 [ RunTime:0.005000s ]
INFO: [ app_end ] --START--
INFO: Run Behavior\ShowPageTraceBehavior [ RunTime:0.001000s ]
INFO: [ app_end ] --END-- [ RunTime:0.001000s ]

[ 2017-07-18T19:59:52+08:00 ] 127.0.0.1 /admin.php
INFO: [ app_init ] --START--
INFO: Run Behavior\BuildLiteBehavior [ RunTime:0.000000s ]
INFO: [ app_init ] --END-- [ RunTime:0.001000s ]
INFO: [ app_begin ] --START--
INFO: Run Behavior\ReadHtmlCacheBehavior [ RunTime:0.001000s ]
INFO: [ app_begin ] --END-- [ RunTime:0.001000s ]
INFO: [ view_parse ] --START--
INFO: [ template_filter ] --START--
INFO: Run Behavior\ContentReplaceBehavior [ RunTime:0.000000s ]
INFO: [ template_filter ] --END-- [ RunTime:0.000000s ]
INFO: Run Behavior\ParseTemplateBehavior [ RunTime:0.006001s ]
INFO: [ view_parse ] --END-- [ RunTime:0.006001s ]
INFO: [ view_filter ] --START--
INFO: Run Behavior\WriteHtmlCacheBehavior [ RunTime:0.000000s ]
INFO: [ view_filter ] --END-- [ RunTime:0.000000s ]
INFO: [ app_end ] --START--
INFO: Run Behavior\ShowPageTraceBehavior [ RunTime:0.000000s ]
INFO: [ app_end ] --END-- [ RunTime:0.000000s ]

[ 2017-07-18T20:00:04+08:00 ] 127.0.0.1 /admin.php/Home/Login/LoginVerification
INFO: [ app_init ] --START--
INFO: Run Behavior\BuildLiteBehavior [ RunTime:0.000000s ]
INFO: [ app_init ] --END-- [ RunTime:0.001000s ]
INFO: [ app_begin ] --START--
INFO: Run Behavior\ReadHtmlCacheBehavior [ RunTime:0.000000s ]
INFO: [ app_begin ] --END-- [ RunTime:0.001000s ]
NOTIC: [8192] mysql_connect(): The mysql extension is deprecated and will be removed in the future: use mysqli or PDO instead E:\PetAdmin\PetAdminShop\ThinkPHP\Library\Think\Db\Driver\Mysql.class.php 第 52 行.
SQL: SHOW COLUMNS FROM `admin_user` [ RunTime:0.009000s ]
SQL: SELECT COUNT(*) AS tp_count FROM `admin_user` WHERE `username` = 'tianxunhulian' AND `password` = 'dGlhbnh1bmh1bGlhbg==' LIMIT 1   [ RunTime:0.020001s ]
INFO: [ app_end ] --START--
INFO: Run Behavior\ShowPageTraceBehavior [ RunTime:0.002001s ]
INFO: [ app_end ] --END-- [ RunTime:0.002001s ]

[ 2017-07-18T20:00:04+08:00 ] 127.0.0.1 /admin.php/Home/Login/Home
INFO: [ app_init ] --START--
INFO: Run Behavior\BuildLiteBehavior [ RunTime:0.000000s ]
INFO: [ app_init ] --END-- [ RunTime:0.001000s ]
INFO: [ app_begin ] --START--
INFO: Run Behavior\ReadHtmlCacheBehavior [ RunTime:0.001000s ]
INFO: [ app_begin ] --END-- [ RunTime:0.001000s ]
NOTIC: [8192] mysql_connect(): The mysql extension is deprecated and will be removed in the future: use mysqli or PDO instead E:\PetAdmin\PetAdminShop\ThinkPHP\Library\Think\Db\Driver\Mysql.class.php 第 52 行.
SQL: SHOW COLUMNS FROM `admin_user` [ RunTime:0.007000s ]
SQL: SELECT * FROM `admin_user` WHERE `username` = 'tianxunhulian' LIMIT 1   [ RunTime:0.016001s ]
INFO: [ view_parse ] --START--
INFO: [ template_filter ] --START--
INFO: Run Behavior\ContentReplaceBehavior [ RunTime:0.000000s ]
INFO: [ template_filter ] --END-- [ RunTime:0.001000s ]
INFO: Run Behavior\ParseTemplateBehavior [ RunTime:0.041003s ]
INFO: [ view_parse ] --END-- [ RunTime:0.041003s ]
INFO: [ view_filter ] --START--
INFO: Run Behavior\WriteHtmlCacheBehavior [ RunTime:0.001000s ]
INFO: [ view_filter ] --END-- [ RunTime:0.001000s ]
INFO: [ app_end ] --START--
INFO: Run Behavior\ShowPageTraceBehavior [ RunTime:0.001000s ]
INFO: [ app_end ] --END-- [ RunTime:0.001000s ]

[ 2017-07-18T20:00:05+08:00 ] 127.0.0.1 /admin.php/Home/Login/MenuLists
INFO: [ app_init ] --START--
INFO: Run Behavior\BuildLiteBehavior [ RunTime:0.000000s ]
INFO: [ app_init ] --END-- [ RunTime:0.000000s ]
INFO: [ app_begin ] --START--
INFO: Run Behavior\ReadHtmlCacheBehavior [ RunTime:0.000000s ]
INFO: [ app_begin ] --END-- [ RunTime:0.000000s ]
NOTIC: [8192] mysql_connect(): The mysql extension is deprecated and will be removed in the future: use mysqli or PDO instead E:\PetAdmin\PetAdminShop\ThinkPHP\Library\Think\Db\Driver\Mysql.class.php 第 52 行.
SQL: select admin_jurisdiction.* from admin_user,admin_user_role,admin_role_jurisdiction,admin_jurisdiction
                where admin_user.id=admin_user_role.user_id
                and admin_user_role.role_id=admin_role_jurisdiction.role_id
                and admin_role_jurisdiction.jurisdiction_id=admin_jurisdiction.j_id
                and admin_user.username='tianxunhulian' [ RunTime:0.006000s ]
SQL: SELECT * FROM admin_jurisdiction WHERE pid = 1 [ RunTime:0.006000s ]
SQL: SELECT * FROM admin_jurisdiction WHERE pid = 2 [ RunTime:0.006001s ]
SQL: SELECT * FROM admin_jurisdiction WHERE pid = 3 [ RunTime:0.005000s ]
SQL: SELECT * FROM admin_jurisdiction WHERE pid = 4 [ RunTime:0.007000s ]
SQL: SELECT * FROM admin_jurisdiction WHERE pid = 5 [ RunTime:0.005001s ]
SQL: SELECT * FROM admin_jurisdiction WHERE pid = 6 [ RunTime:0.007000s ]
SQL: SELECT * FROM admin_jurisdiction WHERE pid = 7 [ RunTime:0.006001s ]
SQL: SELECT * FROM admin_jurisdiction WHERE pid = 8 [ RunTime:0.006000s ]
SQL: SELECT * FROM admin_jurisdiction WHERE pid = 9 [ RunTime:0.004000s ]
SQL: SELECT * FROM admin_jurisdiction WHERE pid = 10 [ RunTime:0.006000s ]
SQL: SELECT * FROM admin_jurisdiction WHERE pid = 42 [ RunTime:0.009001s ]
SQL: SELECT * FROM admin_jurisdiction WHERE pid = 46 [ RunTime:0.004000s ]
INFO: [ app_end ] --START--
INFO: Run Behavior\ShowPageTraceBehavior [ RunTime:0.001000s ]
INFO: [ app_end ] --END-- [ RunTime:0.001000s ]

[ 2017-07-18T20:00:19+08:00 ] 127.0.0.1 /admin.php/Home/User/UserInfo
INFO: [ app_init ] --START--
INFO: Run Behavior\BuildLiteBehavior [ RunTime:0.000000s ]
INFO: [ app_init ] --END-- [ RunTime:0.001000s ]
INFO: [ app_begin ] --START--
INFO: Run Behavior\ReadHtmlCacheBehavior [ RunTime:0.001000s ]
INFO: [ app_begin ] --END-- [ RunTime:0.001000s ]
NOTIC: [8192] mysql_connect(): The mysql extension is deprecated and will be removed in the future: use mysqli or PDO instead E:\PetAdmin\PetAdminShop\ThinkPHP\Library\Think\Db\Driver\Mysql.class.php 第 52 行.
SQL: SHOW COLUMNS FROM `admin_user` [ RunTime:0.007000s ]
SQL: SELECT * FROM `admin_user` WHERE `username` = 'tianxunhulian' LIMIT 1   [ RunTime:0.006000s ]
NOTIC: [8] Undefined index: page E:\PetAdmin\PetAdminShop\Admin\Home\Controller\UserController.class.php 第 42 行.
SQL: SHOW COLUMNS FROM `user` [ RunTime:0.008001s ]
SQL: SELECT * FROM `user`  [ RunTime:0.037002s ]
INFO: [ view_parse ] --START--
INFO: [ template_filter ] --START--
INFO: Run Behavior\ContentReplaceBehavior [ RunTime:0.000000s ]
INFO: [ template_filter ] --END-- [ RunTime:0.000000s ]
INFO: Run Behavior\ParseTemplateBehavior [ RunTime:0.011001s ]
INFO: [ view_parse ] --END-- [ RunTime:0.011001s ]
INFO: [ view_filter ] --START--
INFO: Run Behavior\WriteHtmlCacheBehavior [ RunTime:0.000000s ]
INFO: [ view_filter ] --END-- [ RunTime:0.000000s ]
INFO: [ app_end ] --START--
INFO: Run Behavior\ShowPageTraceBehavior [ RunTime:0.001000s ]
INFO: [ app_end ] --END-- [ RunTime:0.001000s ]

[ 2017-07-18T20:00:21+08:00 ] 127.0.0.1 /admin.php/Home/User/MenuLists
INFO: [ app_init ] --START--
INFO: Run Behavior\BuildLiteBehavior [ RunTime:0.000000s ]
INFO: [ app_init ] --END-- [ RunTime:0.001000s ]
INFO: [ app_begin ] --START--
INFO: Run Behavior\ReadHtmlCacheBehavior [ RunTime:0.000000s ]
INFO: [ app_begin ] --END-- [ RunTime:0.000000s ]
NOTIC: [8192] mysql_connect(): The mysql extension is deprecated and will be removed in the future: use mysqli or PDO instead E:\PetAdmin\PetAdminShop\ThinkPHP\Library\Think\Db\Driver\Mysql.class.php 第 52 行.
SQL: SHOW COLUMNS FROM `admin_user` [ RunTime:0.216012s ]
SQL: SELECT * FROM `admin_user` WHERE `username` = 'tianxunhulian' LIMIT 1   [ RunTime:0.530030s ]
SQL: select admin_jurisdiction.* from admin_user,admin_user_role,admin_role_jurisdiction,admin_jurisdiction
                where admin_user.id=admin_user_role.user_id
                and admin_user_role.role_id=admin_role_jurisdiction.role_id
                and admin_role_jurisdiction.jurisdiction_id=admin_jurisdiction.j_id
                and admin_user.username='tianxunhulian' [ RunTime:0.008001s ]
SQL: SELECT * FROM admin_jurisdiction WHERE pid = 1 [ RunTime:0.007000s ]
SQL: SELECT * FROM admin_jurisdiction WHERE pid = 2 [ RunTime:0.006001s ]
SQL: SELECT * FROM admin_jurisdiction WHERE pid = 3 [ RunTime:0.007000s ]
SQL: SELECT * FROM admin_jurisdiction WHERE pid = 4 [ RunTime:0.007001s ]
SQL: SELECT * FROM admin_jurisdiction WHERE pid = 5 [ RunTime:0.007000s ]
SQL: SELECT * FROM admin_jurisdiction WHERE pid = 6 [ RunTime:0.018001s ]
SQL: SELECT * FROM admin_jurisdiction WHERE pid = 7 [ RunTime:0.012001s ]
SQL: SELECT * FROM admin_jurisdiction WHERE pid = 8 [ RunTime:0.006000s ]
SQL: SELECT * FROM admin_jurisdiction WHERE pid = 9 [ RunTime:0.006000s ]
SQL: SELECT * FROM admin_jurisdiction WHERE pid = 10 [ RunTime:0.007001s ]
SQL: SELECT * FROM admin_jurisdiction WHERE pid = 42 [ RunTime:0.007000s ]
SQL: SELECT * FROM admin_jurisdiction WHERE pid = 46 [ RunTime:0.007001s ]
INFO: [ app_end ] --START--
INFO: Run Behavior\ShowPageTraceBehavior [ RunTime:0.000000s ]
INFO: [ app_end ] --END-- [ RunTime:0.000000s ]

[ 2017-07-18T20:00:54+08:00 ] 127.0.0.1 /admin.php/Home/Login/Home
INFO: [ app_init ] --START--
INFO: Run Behavior\BuildLiteBehavior [ RunTime:0.000000s ]
INFO: [ app_init ] --END-- [ RunTime:0.000000s ]
INFO: [ app_begin ] --START--
INFO: Run Behavior\ReadHtmlCacheBehavior [ RunTime:0.001000s ]
INFO: [ app_begin ] --END-- [ RunTime:0.001000s ]
NOTIC: [8192] mysql_connect(): The mysql extension is deprecated and will be removed in the future: use mysqli or PDO instead E:\PetAdmin\PetAdminShop\ThinkPHP\Library\Think\Db\Driver\Mysql.class.php 第 52 行.
SQL: SHOW COLUMNS FROM `admin_user` [ RunTime:0.010000s ]
SQL: SELECT * FROM `admin_user` WHERE `username` = 'tianxunhulian' LIMIT 1   [ RunTime:0.007001s ]
INFO: [ view_parse ] --START--
INFO: [ template_filter ] --START--
INFO: Run Behavior\ContentReplaceBehavior [ RunTime:0.000000s ]
INFO: [ template_filter ] --END-- [ RunTime:0.000000s ]
INFO: Run Behavior\ParseTemplateBehavior [ RunTime:0.058003s ]
INFO: [ view_parse ] --END-- [ RunTime:0.058003s ]
INFO: [ view_filter ] --START--
INFO: Run Behavior\WriteHtmlCacheBehavior [ RunTime:0.001000s ]
INFO: [ view_filter ] --END-- [ RunTime:0.002000s ]
INFO: [ app_end ] --START--
INFO: Run Behavior\ShowPageTraceBehavior [ RunTime:0.002000s ]
INFO: [ app_end ] --END-- [ RunTime:0.002000s ]

[ 2017-07-18T20:00:55+08:00 ] 127.0.0.1 /admin.php/Home/Login/MenuLists
INFO: [ app_init ] --START--
INFO: Run Behavior\BuildLiteBehavior [ RunTime:0.000000s ]
INFO: [ app_init ] --END-- [ RunTime:0.000000s ]
INFO: [ app_begin ] --START--
INFO: Run Behavior\ReadHtmlCacheBehavior [ RunTime:0.001000s ]
INFO: [ app_begin ] --END-- [ RunTime:0.001000s ]
NOTIC: [8192] mysql_connect(): The mysql extension is deprecated and will be removed in the future: use mysqli or PDO instead E:\PetAdmin\PetAdminShop\ThinkPHP\Library\Think\Db\Driver\Mysql.class.php 第 52 行.
SQL: select admin_jurisdiction.* from admin_user,admin_user_role,admin_role_jurisdiction,admin_jurisdiction
                where admin_user.id=admin_user_role.user_id
                and admin_user_role.role_id=admin_role_jurisdiction.role_id
                and admin_role_jurisdiction.jurisdiction_id=admin_jurisdiction.j_id
                and admin_user.username='tianxunhulian' [ RunTime:0.007000s ]
SQL: SELECT * FROM admin_jurisdiction WHERE pid = 1 [ RunTime:0.005001s ]
SQL: SELECT * FROM admin_jurisdiction WHERE pid = 2 [ RunTime:0.008000s ]
SQL: SELECT * FROM admin_jurisdiction WHERE pid = 3 [ RunTime:0.012001s ]
SQL: SELECT * FROM admin_jurisdiction WHERE pid = 4 [ RunTime:0.015001s ]
SQL: SELECT * FROM admin_jurisdiction WHERE pid = 5 [ RunTime:0.056003s ]
SQL: SELECT * FROM admin_jurisdiction WHERE pid = 6 [ RunTime:0.031002s ]
SQL: SELECT * FROM admin_jurisdiction WHERE pid = 7 [ RunTime:0.004000s ]
SQL: SELECT * FROM admin_jurisdiction WHERE pid = 8 [ RunTime:0.006000s ]
SQL: SELECT * FROM admin_jurisdiction WHERE pid = 9 [ RunTime:0.009001s ]
SQL: SELECT * FROM admin_jurisdiction WHERE pid = 10 [ RunTime:0.005000s ]
SQL: SELECT * FROM admin_jurisdiction WHERE pid = 42 [ RunTime:0.006000s ]
SQL: SELECT * FROM admin_jurisdiction WHERE pid = 46 [ RunTime:0.006001s ]
INFO: [ app_end ] --START--
INFO: Run Behavior\ShowPageTraceBehavior [ RunTime:0.001000s ]
INFO: [ app_end ] --END-- [ RunTime:0.001000s ]

[ 2017-07-18T20:01:23+08:00 ] 127.0.0.1 /admin.php/Home/Encyclopedias/AddNewEncyclopediasForm
INFO: [ app_init ] --START--
INFO: Run Behavior\BuildLiteBehavior [ RunTime:0.000000s ]
INFO: [ app_init ] --END-- [ RunTime:0.000000s ]
INFO: [ app_begin ] --START--
INFO: Run Behavior\ReadHtmlCacheBehavior [ RunTime:0.001000s ]
INFO: [ app_begin ] --END-- [ RunTime:0.001000s ]
NOTIC: [8192] mysql_connect(): The mysql extension is deprecated and will be removed in the future: use mysqli or PDO instead E:\PetAdmin\PetAdminShop\ThinkPHP\Library\Think\Db\Driver\Mysql.class.php 第 52 行.
SQL: SHOW COLUMNS FROM `admin_user` [ RunTime:0.008000s ]
SQL: SELECT * FROM `admin_user` WHERE `username` = 'tianxunhulian' LIMIT 1   [ RunTime:0.007000s ]
INFO: [ view_parse ] --START--
INFO: [ template_filter ] --START--
INFO: Run Behavior\ContentReplaceBehavior [ RunTime:0.000000s ]
INFO: [ template_filter ] --END-- [ RunTime:0.000000s ]
NOTIC: [8] Undefined variable: num E:\PetAdmin\PetAdminShop\Admin\Runtime\Cache\Home\9e84bb7002e2d11d735fe7a9d6c98c80.php 第 197 行.
NOTIC: [8] Undefined variable: num E:\PetAdmin\PetAdminShop\Admin\Runtime\Cache\Home\9e84bb7002e2d11d735fe7a9d6c98c80.php 第 203 行.
NOTIC: [8] Undefined variable: num E:\PetAdmin\PetAdminShop\Admin\Runtime\Cache\Home\9e84bb7002e2d11d735fe7a9d6c98c80.php 第 207 行.
NOTIC: [8] Undefined variable: num E:\PetAdmin\PetAdminShop\Admin\Runtime\Cache\Home\9e84bb7002e2d11d735fe7a9d6c98c80.php 第 211 行.
INFO: Run Behavior\ParseTemplateBehavior [ RunTime:0.014001s ]
INFO: [ view_parse ] --END-- [ RunTime:0.014001s ]
INFO: [ view_filter ] --START--
INFO: Run Behavior\WriteHtmlCacheBehavior [ RunTime:0.000000s ]
INFO: [ view_filter ] --END-- [ RunTime:0.000000s ]
INFO: [ app_end ] --START--
INFO: Run Behavior\ShowPageTraceBehavior [ RunTime:0.001000s ]
INFO: [ app_end ] --END-- [ RunTime:0.001000s ]

[ 2017-07-18T20:01:23+08:00 ] 127.0.0.1 /admin.php/Home/Encyclopedias/MenuLists
INFO: [ app_init ] --START--
INFO: Run Behavior\BuildLiteBehavior [ RunTime:0.000000s ]
INFO: [ app_init ] --END-- [ RunTime:0.000000s ]
INFO: [ app_begin ] --START--
INFO: Run Behavior\ReadHtmlCacheBehavior [ RunTime:0.000000s ]
INFO: [ app_begin ] --END-- [ RunTime:0.000000s ]
NOTIC: [8192] mysql_connect(): The mysql extension is deprecated and will be removed in the future: use mysqli or PDO instead E:\PetAdmin\PetAdminShop\ThinkPHP\Library\Think\Db\Driver\Mysql.class.php 第 52 行.
SQL: SHOW COLUMNS FROM `admin_user` [ RunTime:0.005000s ]
SQL: SELECT * FROM `admin_user` WHERE `username` = 'tianxunhulian' LIMIT 1   [ RunTime:0.006000s ]
SQL: select admin_jurisdiction.* from admin_user,admin_user_role,admin_role_jurisdiction,admin_jurisdiction
                where admin_user.id=admin_user_role.user_id
                and admin_user_role.role_id=admin_role_jurisdiction.role_id
                and admin_role_jurisdiction.jurisdiction_id=admin_jurisdiction.j_id
                and admin_user.username='tianxunhulian' [ RunTime:0.009001s ]
SQL: SELECT * FROM admin_jurisdiction WHERE pid = 1 [ RunTime:0.007000s ]
SQL: SELECT * FROM admin_jurisdiction WHERE pid = 2 [ RunTime:0.004000s ]
SQL: SELECT * FROM admin_jurisdiction WHERE pid = 3 [ RunTime:0.006001s ]
SQL: SELECT * FROM admin_jurisdiction WHERE pid = 4 [ RunTime:0.006000s ]
SQL: SELECT * FROM admin_jurisdiction WHERE pid = 5 [ RunTime:0.006000s ]
SQL: SELECT * FROM admin_jurisdiction WHERE pid = 6 [ RunTime:0.006001s ]
SQL: SELECT * FROM admin_jurisdiction WHERE pid = 7 [ RunTime:0.010000s ]
SQL: SELECT * FROM admin_jurisdiction WHERE pid = 8 [ RunTime:0.009001s ]
SQL: SELECT * FROM admin_jurisdiction WHERE pid = 9 [ RunTime:0.007000s ]
SQL: SELECT * FROM admin_jurisdiction WHERE pid = 10 [ RunTime:0.007001s ]
SQL: SELECT * FROM admin_jurisdiction WHERE pid = 42 [ RunTime:0.007000s ]
SQL: SELECT * FROM admin_jurisdiction WHERE pid = 46 [ RunTime:0.006000s ]
INFO: [ app_end ] --START--
INFO: Run Behavior\ShowPageTraceBehavior [ RunTime:0.001001s ]
INFO: [ app_end ] --END-- [ RunTime:0.001001s ]

[ 2017-07-18T20:01:48+08:00 ] 127.0.0.1 /admin.php/Home/Push/PushIndex
INFO: [ app_init ] --START--
INFO: Run Behavior\BuildLiteBehavior [ RunTime:0.000000s ]
INFO: [ app_init ] --END-- [ RunTime:0.001000s ]
INFO: [ app_begin ] --START--
INFO: Run Behavior\ReadHtmlCacheBehavior [ RunTime:0.001000s ]
INFO: [ app_begin ] --END-- [ RunTime:0.001000s ]
NOTIC: [8192] mysql_connect(): The mysql extension is deprecated and will be removed in the future: use mysqli or PDO instead E:\PetAdmin\PetAdminShop\ThinkPHP\Library\Think\Db\Driver\Mysql.class.php 第 52 行.
SQL: SHOW COLUMNS FROM `admin_user` [ RunTime:0.047003s ]
SQL: SELECT * FROM `admin_user` WHERE `username` = 'tianxunhulian' LIMIT 1   [ RunTime:0.007000s ]
INFO: [ view_parse ] --START--
INFO: [ template_filter ] --START--
INFO: Run Behavior\ContentReplaceBehavior [ RunTime:0.001000s ]
INFO: [ template_filter ] --END-- [ RunTime:0.001000s ]
NOTIC: [8] Undefined variable: num E:\PetAdmin\PetAdminShop\Admin\Runtime\Cache\Home\878c1ef5eaf954e468122b234ed2e6dc.php 第 199 行.
NOTIC: [8] Undefined variable: num E:\PetAdmin\PetAdminShop\Admin\Runtime\Cache\Home\878c1ef5eaf954e468122b234ed2e6dc.php 第 205 行.
NOTIC: [8] Undefined variable: num E:\PetAdmin\PetAdminShop\Admin\Runtime\Cache\Home\878c1ef5eaf954e468122b234ed2e6dc.php 第 209 行.
NOTIC: [8] Undefined variable: num E:\PetAdmin\PetAdminShop\Admin\Runtime\Cache\Home\878c1ef5eaf954e468122b234ed2e6dc.php 第 213 行.
NOTIC: [8] Undefined variable: num E:\PetAdmin\PetAdminShop\Admin\Runtime\Cache\Home\878c1ef5eaf954e468122b234ed2e6dc.php 第 217 行.
INFO: Run Behavior\ParseTemplateBehavior [ RunTime:0.031002s ]
INFO: [ view_parse ] --END-- [ RunTime:0.031002s ]
INFO: [ view_filter ] --START--
INFO: Run Behavior\WriteHtmlCacheBehavior [ RunTime:0.001000s ]
INFO: [ view_filter ] --END-- [ RunTime:0.001000s ]
INFO: [ app_end ] --START--
INFO: Run Behavior\ShowPageTraceBehavior [ RunTime:0.001000s ]
INFO: [ app_end ] --END-- [ RunTime:0.001000s ]

[ 2017-07-18T20:01:49+08:00 ] 127.0.0.1 /admin.php/Home/Push/MenuLists
INFO: [ app_init ] --START--
INFO: Run Behavior\BuildLiteBehavior [ RunTime:0.000000s ]
INFO: [ app_init ] --END-- [ RunTime:0.001000s ]
INFO: [ app_begin ] --START--
INFO: Run Behavior\ReadHtmlCacheBehavior [ RunTime:0.001000s ]
INFO: [ app_begin ] --END-- [ RunTime:0.001000s ]
NOTIC: [8192] mysql_connect(): The mysql extension is deprecated and will be removed in the future: use mysqli or PDO instead E:\PetAdmin\PetAdminShop\ThinkPHP\Library\Think\Db\Driver\Mysql.class.php 第 52 行.
SQL: SHOW COLUMNS FROM `admin_user` [ RunTime:0.007000s ]
SQL: SELECT * FROM `admin_user` WHERE `username` = 'tianxunhulian' LIMIT 1   [ RunTime:0.006001s ]
SQL: select admin_jurisdiction.* from admin_user,admin_user_role,admin_role_jurisdiction,admin_jurisdiction
                where admin_user.id=admin_user_role.user_id
                and admin_user_role.role_id=admin_role_jurisdiction.role_id
                and admin_role_jurisdiction.jurisdiction_id=admin_jurisdiction.j_id
                and admin_user.username='tianxunhulian' [ RunTime:0.006000s ]
SQL: SELECT * FROM admin_jurisdiction WHERE pid = 1 [ RunTime:0.006001s ]
SQL: SELECT * FROM admin_jurisdiction WHERE pid = 2 [ RunTime:0.007000s ]
SQL: SELECT * FROM admin_jurisdiction WHERE pid = 3 [ RunTime:0.006000s ]
SQL: SELECT * FROM admin_jurisdiction WHERE pid = 4 [ RunTime:0.006001s ]
SQL: SELECT * FROM admin_jurisdiction WHERE pid = 5 [ RunTime:0.006000s ]
SQL: SELECT * FROM admin_jurisdiction WHERE pid = 6 [ RunTime:0.004000s ]
SQL: SELECT * FROM admin_jurisdiction WHERE pid = 7 [ RunTime:0.006001s ]
SQL: SELECT * FROM admin_jurisdiction WHERE pid = 8 [ RunTime:0.005000s ]
SQL: SELECT * FROM admin_jurisdiction WHERE pid = 9 [ RunTime:0.006000s ]
SQL: SELECT * FROM admin_jurisdiction WHERE pid = 10 [ RunTime:0.006000s ]
SQL: SELECT * FROM admin_jurisdiction WHERE pid = 42 [ RunTime:0.006001s ]
SQL: SELECT * FROM admin_jurisdiction WHERE pid = 46 [ RunTime:0.010000s ]
INFO: [ app_end ] --START--
INFO: Run Behavior\ShowPageTraceBehavior [ RunTime:0.000000s ]
INFO: [ app_end ] --END-- [ RunTime:0.001000s ]

[ 2017-07-18T20:01:53+08:00 ] 127.0.0.1 /admin.php/Home/PetCate/AddNewPetCate
INFO: [ app_init ] --START--
INFO: Run Behavior\BuildLiteBehavior [ RunTime:0.000000s ]
INFO: [ app_init ] --END-- [ RunTime:0.001000s ]
INFO: [ app_begin ] --START--
INFO: Run Behavior\ReadHtmlCacheBehavior [ RunTime:0.000000s ]
INFO: [ app_begin ] --END-- [ RunTime:0.000000s ]
NOTIC: [8192] mysql_connect(): The mysql extension is deprecated and will be removed in the future: use mysqli or PDO instead E:\PetAdmin\PetAdminShop\ThinkPHP\Library\Think\Db\Driver\Mysql.class.php 第 52 行.
SQL: SHOW COLUMNS FROM `admin_user` [ RunTime:0.008001s ]
SQL: SELECT * FROM `admin_user` WHERE `username` = 'tianxunhulian' LIMIT 1   [ RunTime:0.010000s ]
INFO: [ view_parse ] --START--
INFO: [ template_filter ] --START--
INFO: Run Behavior\ContentReplaceBehavior [ RunTime:0.000000s ]
INFO: [ template_filter ] --END-- [ RunTime:0.001000s ]
NOTIC: [8] Undefined variable: num E:\PetAdmin\PetAdminShop\Admin\Runtime\Cache\Home\83916e58cc14eaebef7cf450e1c41411.php 第 200 行.
NOTIC: [8] Undefined variable: num E:\PetAdmin\PetAdminShop\Admin\Runtime\Cache\Home\83916e58cc14eaebef7cf450e1c41411.php 第 206 行.
NOTIC: [8] Undefined variable: num E:\PetAdmin\PetAdminShop\Admin\Runtime\Cache\Home\83916e58cc14eaebef7cf450e1c41411.php 第 210 行.
NOTIC: [8] Undefined variable: num E:\PetAdmin\PetAdminShop\Admin\Runtime\Cache\Home\83916e58cc14eaebef7cf450e1c41411.php 第 214 行.
INFO: Run Behavior\ParseTemplateBehavior [ RunTime:0.035002s ]
INFO: [ view_parse ] --END-- [ RunTime:0.035002s ]
INFO: [ view_filter ] --START--
INFO: Run Behavior\WriteHtmlCacheBehavior [ RunTime:0.000000s ]
INFO: [ view_filter ] --END-- [ RunTime:0.000000s ]
INFO: [ app_end ] --START--
INFO: Run Behavior\ShowPageTraceBehavior [ RunTime:0.001000s ]
INFO: [ app_end ] --END-- [ RunTime:0.001000s ]

[ 2017-07-18T20:01:53+08:00 ] 127.0.0.1 /admin.php/Home/PetCate/MenuLists
INFO: [ app_init ] --START--
INFO: Run Behavior\BuildLiteBehavior [ RunTime:0.000000s ]
INFO: [ app_init ] --END-- [ RunTime:0.000000s ]
INFO: [ app_begin ] --START--
INFO: Run Behavior\ReadHtmlCacheBehavior [ RunTime:0.001000s ]
INFO: [ app_begin ] --END-- [ RunTime:0.001000s ]
NOTIC: [8192] mysql_connect(): The mysql extension is deprecated and will be removed in the future: use mysqli or PDO instead E:\PetAdmin\PetAdminShop\ThinkPHP\Library\Think\Db\Driver\Mysql.class.php 第 52 行.
SQL: SHOW COLUMNS FROM `admin_user` [ RunTime:0.011001s ]
SQL: SELECT * FROM `admin_user` WHERE `username` = 'tianxunhulian' LIMIT 1   [ RunTime:0.008000s ]
SQL: select admin_jurisdiction.* from admin_user,admin_user_role,admin_role_jurisdiction,admin_jurisdiction
                where admin_user.id=admin_user_role.user_id
                and admin_user_role.role_id=admin_role_jurisdiction.role_id
                and admin_role_jurisdiction.jurisdiction_id=admin_jurisdiction.j_id
                and admin_user.username='tianxunhulian' [ RunTime:0.011001s ]
SQL: SELECT * FROM admin_jurisdiction WHERE pid = 1 [ RunTime:0.007000s ]
SQL: SELECT * FROM admin_jurisdiction WHERE pid = 2 [ RunTime:0.007000s ]
SQL: SELECT * FROM admin_jurisdiction WHERE pid = 3 [ RunTime:0.006001s ]
SQL: SELECT * FROM admin_jurisdiction WHERE pid = 4 [ RunTime:0.015001s ]
SQL: SELECT * FROM admin_jurisdiction WHERE pid = 5 [ RunTime:0.007000s ]
SQL: SELECT * FROM admin_jurisdiction WHERE pid = 6 [ RunTime:0.007000s ]
SQL: SELECT * FROM admin_jurisdiction WHERE pid = 7 [ RunTime:0.011001s ]
SQL: SELECT * FROM admin_jurisdiction WHERE pid = 8 [ RunTime:0.007001s ]
SQL: SELECT * FROM admin_jurisdiction WHERE pid = 9 [ RunTime:0.008000s ]
SQL: SELECT * FROM admin_jurisdiction WHERE pid = 10 [ RunTime:0.008000s ]
SQL: SELECT * FROM admin_jurisdiction WHERE pid = 42 [ RunTime:0.005001s ]
SQL: SELECT * FROM admin_jurisdiction WHERE pid = 46 [ RunTime:0.008000s ]
INFO: [ app_end ] --START--
INFO: Run Behavior\ShowPageTraceBehavior [ RunTime:0.001000s ]
INFO: [ app_end ] --END-- [ RunTime:0.001000s ]

[ 2017-07-18T20:02:10+08:00 ] 127.0.0.1 /admin.php/Home/Orders/OrdersLists
INFO: [ app_init ] --START--
INFO: Run Behavior\BuildLiteBehavior [ RunTime:0.000000s ]
INFO: [ app_init ] --END-- [ RunTime:0.000000s ]
INFO: [ app_begin ] --START--
INFO: Run Behavior\ReadHtmlCacheBehavior [ RunTime:0.000000s ]
INFO: [ app_begin ] --END-- [ RunTime:0.000000s ]
NOTIC: [8192] mysql_connect(): The mysql extension is deprecated and will be removed in the future: use mysqli or PDO instead E:\PetAdmin\PetAdminShop\ThinkPHP\Library\Think\Db\Driver\Mysql.class.php 第 52 行.
SQL: SHOW COLUMNS FROM `admin_user` [ RunTime:0.008001s ]
SQL: SELECT * FROM `admin_user` WHERE `username` = 'tianxunhulian' LIMIT 1   [ RunTime:0.042002s ]
NOTIC: [8] Undefined index: page E:\PetAdmin\PetAdminShop\Admin\Home\Controller\OrdersController.class.php 第 23 行.
SQL: SHOW COLUMNS FROM `orders` [ RunTime:0.037002s ]
SQL: SELECT * FROM `orders`  [ RunTime:0.029002s ]
INFO: [ view_parse ] --START--
INFO: [ template_filter ] --START--
INFO: Run Behavior\ContentReplaceBehavior [ RunTime:0.000000s ]
INFO: [ template_filter ] --END-- [ RunTime:0.000000s ]
INFO: Run Behavior\ParseTemplateBehavior [ RunTime:0.036002s ]
INFO: [ view_parse ] --END-- [ RunTime:0.036002s ]
INFO: [ view_filter ] --START--
INFO: Run Behavior\WriteHtmlCacheBehavior [ RunTime:0.001000s ]
INFO: [ view_filter ] --END-- [ RunTime:0.001000s ]
INFO: [ app_end ] --START--
INFO: Run Behavior\ShowPageTraceBehavior [ RunTime:0.001000s ]
INFO: [ app_end ] --END-- [ RunTime:0.001000s ]

[ 2017-07-18T20:02:10+08:00 ] 127.0.0.1 /admin.php/Home/Orders/MenuLists
INFO: [ app_init ] --START--
INFO: Run Behavior\BuildLiteBehavior [ RunTime:0.000000s ]
INFO: [ app_init ] --END-- [ RunTime:0.001000s ]
INFO: [ app_begin ] --START--
INFO: Run Behavior\ReadHtmlCacheBehavior [ RunTime:0.001000s ]
INFO: [ app_begin ] --END-- [ RunTime:0.001000s ]
NOTIC: [8192] mysql_connect(): The mysql extension is deprecated and will be removed in the future: use mysqli or PDO instead E:\PetAdmin\PetAdminShop\ThinkPHP\Library\Think\Db\Driver\Mysql.class.php 第 52 行.
SQL: SHOW COLUMNS FROM `admin_user` [ RunTime:0.007000s ]
SQL: SELECT * FROM `admin_user` WHERE `username` = 'tianxunhulian' LIMIT 1   [ RunTime:0.007000s ]
SQL: select admin_jurisdiction.* from admin_user,admin_user_role,admin_role_jurisdiction,admin_jurisdiction
                where admin_user.id=admin_user_role.user_id
                and admin_user_role.role_id=admin_role_jurisdiction.role_id
                and admin_role_jurisdiction.jurisdiction_id=admin_jurisdiction.j_id
                and admin_user.username='tianxunhulian' [ RunTime:0.016001s ]
SQL: SELECT * FROM admin_jurisdiction WHERE pid = 1 [ RunTime:0.035002s ]
SQL: SELECT * FROM admin_jurisdiction WHERE pid = 2 [ RunTime:0.028002s ]
SQL: SELECT * FROM admin_jurisdiction WHERE pid = 3 [ RunTime:0.010001s ]
SQL: SELECT * FROM admin_jurisdiction WHERE pid = 4 [ RunTime:0.008000s ]
SQL: SELECT * FROM admin_jurisdiction WHERE pid = 5 [ RunTime:0.008001s ]
SQL: SELECT * FROM admin_jurisdiction WHERE pid = 6 [ RunTime:0.007000s ]
SQL: SELECT * FROM admin_jurisdiction WHERE pid = 7 [ RunTime:0.011001s ]
SQL: SELECT * FROM admin_jurisdiction WHERE pid = 8 [ RunTime:0.007000s ]
SQL: SELECT * FROM admin_jurisdiction WHERE pid = 9 [ RunTime:0.016001s ]
SQL: SELECT * FROM admin_jurisdiction WHERE pid = 10 [ RunTime:0.033002s ]
SQL: SELECT * FROM admin_jurisdiction WHERE pid = 42 [ RunTime:0.022001s ]
SQL: SELECT * FROM admin_jurisdiction WHERE pid = 46 [ RunTime:0.019001s ]
INFO: [ app_end ] --START--
INFO: Run Behavior\ShowPageTraceBehavior [ RunTime:0.001000s ]
INFO: [ app_end ] --END-- [ RunTime:0.001000s ]

[ 2017-07-18T20:02:21+08:00 ] 127.0.0.1 /admin.php/Home/Orders/OrdersLists?page=5
INFO: [ app_init ] --START--
INFO: Run Behavior\BuildLiteBehavior [ RunTime:0.000000s ]
INFO: [ app_init ] --END-- [ RunTime:0.000000s ]
INFO: [ app_begin ] --START--
INFO: Run Behavior\ReadHtmlCacheBehavior [ RunTime:0.000000s ]
INFO: [ app_begin ] --END-- [ RunTime:0.001000s ]
NOTIC: [8192] mysql_connect(): The mysql extension is deprecated and will be removed in the future: use mysqli or PDO instead E:\PetAdmin\PetAdminShop\ThinkPHP\Library\Think\Db\Driver\Mysql.class.php 第 52 行.
SQL: SHOW COLUMNS FROM `admin_user` [ RunTime:0.010001s ]
SQL: SELECT * FROM `admin_user` WHERE `username` = 'tianxunhulian' LIMIT 1   [ RunTime:0.008000s ]
SQL: SHOW COLUMNS FROM `orders` [ RunTime:0.009001s ]
SQL: SELECT * FROM `orders`  [ RunTime:0.036002s ]
INFO: [ view_parse ] --START--
INFO: [ template_filter ] --START--
INFO: Run Behavior\ContentReplaceBehavior [ RunTime:0.000000s ]
INFO: [ template_filter ] --END-- [ RunTime:0.001000s ]
INFO: Run Behavior\ParseTemplateBehavior [ RunTime:0.039002s ]
INFO: [ view_parse ] --END-- [ RunTime:0.039002s ]
INFO: [ view_filter ] --START--
INFO: Run Behavior\WriteHtmlCacheBehavior [ RunTime:0.000000s ]
INFO: [ view_filter ] --END-- [ RunTime:0.000000s ]
INFO: [ app_end ] --START--
INFO: Run Behavior\ShowPageTraceBehavior [ RunTime:0.001000s ]
INFO: [ app_end ] --END-- [ RunTime:0.001000s ]

[ 2017-07-18T20:02:21+08:00 ] 127.0.0.1 /admin.php/Home/Orders/MenuLists
INFO: [ app_init ] --START--
INFO: Run Behavior\BuildLiteBehavior [ RunTime:0.000000s ]
INFO: [ app_init ] --END-- [ RunTime:0.001001s ]
INFO: [ app_begin ] --START--
INFO: Run Behavior\ReadHtmlCacheBehavior [ RunTime:0.001000s ]
INFO: [ app_begin ] --END-- [ RunTime:0.001000s ]
NOTIC: [8192] mysql_connect(): The mysql extension is deprecated and will be removed in the future: use mysqli or PDO instead E:\PetAdmin\PetAdminShop\ThinkPHP\Library\Think\Db\Driver\Mysql.class.php 第 52 行.
SQL: SHOW COLUMNS FROM `admin_user` [ RunTime:0.012001s ]
SQL: SELECT * FROM `admin_user` WHERE `username` = 'tianxunhulian' LIMIT 1   [ RunTime:0.011001s ]
SQL: select admin_jurisdiction.* from admin_user,admin_user_role,admin_role_jurisdiction,admin_jurisdiction
                where admin_user.id=admin_user_role.user_id
                and admin_user_role.role_id=admin_role_jurisdiction.role_id
                and admin_role_jurisdiction.jurisdiction_id=admin_jurisdiction.j_id
                and admin_user.username='tianxunhulian' [ RunTime:0.009000s ]
SQL: SELECT * FROM admin_jurisdiction WHERE pid = 1 [ RunTime:0.006001s ]
SQL: SELECT * FROM admin_jurisdiction WHERE pid = 2 [ RunTime:0.007000s ]
SQL: SELECT * FROM admin_jurisdiction WHERE pid = 3 [ RunTime:0.008000s ]
SQL: SELECT * FROM admin_jurisdiction WHERE pid = 4 [ RunTime:0.008001s ]
SQL: SELECT * FROM admin_jurisdiction WHERE pid = 5 [ RunTime:0.007000s ]
SQL: SELECT * FROM admin_jurisdiction WHERE pid = 6 [ RunTime:0.010001s ]
SQL: SELECT * FROM admin_jurisdiction WHERE pid = 7 [ RunTime:0.012001s ]
SQL: SELECT * FROM admin_jurisdiction WHERE pid = 8 [ RunTime:0.007000s ]
SQL: SELECT * FROM admin_jurisdiction WHERE pid = 9 [ RunTime:0.007000s ]
SQL: SELECT * FROM admin_jurisdiction WHERE pid = 10 [ RunTime:0.004001s ]
SQL: SELECT * FROM admin_jurisdiction WHERE pid = 42 [ RunTime:0.008000s ]
SQL: SELECT * FROM admin_jurisdiction WHERE pid = 46 [ RunTime:0.008001s ]
INFO: [ app_end ] --START--
INFO: Run Behavior\ShowPageTraceBehavior [ RunTime:0.000000s ]
INFO: [ app_end ] --END-- [ RunTime:0.000000s ]

[ 2017-07-18T20:02:38+08:00 ] 127.0.0.1 /admin.php/Home/Orders/OrdersLists?page=3&word=undefined
INFO: [ app_init ] --START--
INFO: Run Behavior\BuildLiteBehavior [ RunTime:0.000000s ]
INFO: [ app_init ] --END-- [ RunTime:0.000000s ]
INFO: [ app_begin ] --START--
INFO: Run Behavior\ReadHtmlCacheBehavior [ RunTime:0.001001s ]
INFO: [ app_begin ] --END-- [ RunTime:0.001001s ]
NOTIC: [8192] mysql_connect(): The mysql extension is deprecated and will be removed in the future: use mysqli or PDO instead E:\PetAdmin\PetAdminShop\ThinkPHP\Library\Think\Db\Driver\Mysql.class.php 第 52 行.
SQL: SHOW COLUMNS FROM `admin_user` [ RunTime:0.008000s ]
SQL: SELECT * FROM `admin_user` WHERE `username` = 'tianxunhulian' LIMIT 1   [ RunTime:0.019001s ]
SQL: SHOW COLUMNS FROM `orders` [ RunTime:0.006000s ]
SQL: SELECT * FROM `orders`  [ RunTime:0.011001s ]
INFO: [ view_parse ] --START--
INFO: [ template_filter ] --START--
INFO: Run Behavior\ContentReplaceBehavior [ RunTime:0.000000s ]
INFO: [ template_filter ] --END-- [ RunTime:0.000000s ]
INFO: Run Behavior\ParseTemplateBehavior [ RunTime:0.030001s ]
INFO: [ view_parse ] --END-- [ RunTime:0.031002s ]
INFO: [ view_filter ] --START--
INFO: Run Behavior\WriteHtmlCacheBehavior [ RunTime:0.000000s ]
INFO: [ view_filter ] --END-- [ RunTime:0.000000s ]
INFO: [ app_end ] --START--
INFO: Run Behavior\ShowPageTraceBehavior [ RunTime:0.001000s ]
INFO: [ app_end ] --END-- [ RunTime:0.001000s ]

[ 2017-07-18T20:02:39+08:00 ] 127.0.0.1 /admin.php/Home/Orders/MenuLists
INFO: [ app_init ] --START--
INFO: Run Behavior\BuildLiteBehavior [ RunTime:0.000000s ]
INFO: [ app_init ] --END-- [ RunTime:0.001000s ]
INFO: [ app_begin ] --START--
INFO: Run Behavior\ReadHtmlCacheBehavior [ RunTime:0.001000s ]
INFO: [ app_begin ] --END-- [ RunTime:0.001000s ]
NOTIC: [8192] mysql_connect(): The mysql extension is deprecated and will be removed in the future: use mysqli or PDO instead E:\PetAdmin\PetAdminShop\ThinkPHP\Library\Think\Db\Driver\Mysql.class.php 第 52 行.
SQL: SHOW COLUMNS FROM `admin_user` [ RunTime:0.007001s ]
SQL: SELECT * FROM `admin_user` WHERE `username` = 'tianxunhulian' LIMIT 1   [ RunTime:0.008000s ]
SQL: select admin_jurisdiction.* from admin_user,admin_user_role,admin_role_jurisdiction,admin_jurisdiction
                where admin_user.id=admin_user_role.user_id
                and admin_user_role.role_id=admin_role_jurisdiction.role_id
                and admin_role_jurisdiction.jurisdiction_id=admin_jurisdiction.j_id
                and admin_user.username='tianxunhulian' [ RunTime:0.007000s ]
SQL: SELECT * FROM admin_jurisdiction WHERE pid = 1 [ RunTime:0.008001s ]
SQL: SELECT * FROM admin_jurisdiction WHERE pid = 2 [ RunTime:0.017001s ]
SQL: SELECT * FROM admin_jurisdiction WHERE pid = 3 [ RunTime:0.010000s ]
SQL: SELECT * FROM admin_jurisdiction WHERE pid = 4 [ RunTime:0.009001s ]
SQL: SELECT * FROM admin_jurisdiction WHERE pid = 5 [ RunTime:0.006000s ]
SQL: SELECT * FROM admin_jurisdiction WHERE pid = 6 [ RunTime:0.006001s ]
SQL: SELECT * FROM admin_jurisdiction WHERE pid = 7 [ RunTime:0.013001s ]
SQL: SELECT * FROM admin_jurisdiction WHERE pid = 8 [ RunTime:0.011000s ]
SQL: SELECT * FROM admin_jurisdiction WHERE pid = 9 [ RunTime:0.004000s ]
SQL: SELECT * FROM admin_jurisdiction WHERE pid = 10 [ RunTime:0.008001s ]
SQL: SELECT * FROM admin_jurisdiction WHERE pid = 42 [ RunTime:0.007000s ]
SQL: SELECT * FROM admin_jurisdiction WHERE pid = 46 [ RunTime:0.007001s ]
INFO: [ app_end ] --START--
INFO: Run Behavior\ShowPageTraceBehavior [ RunTime:0.000000s ]
INFO: [ app_end ] --END-- [ RunTime:0.000000s ]

[ 2017-07-18T20:07:37+08:00 ] 127.0.0.1 /admin.php/Home/Orders/OrdersLists?page=4
INFO: [ app_init ] --START--
INFO: Run Behavior\BuildLiteBehavior [ RunTime:0.000000s ]
INFO: [ app_init ] --END-- [ RunTime:0.001000s ]
INFO: [ app_begin ] --START--
INFO: Run Behavior\ReadHtmlCacheBehavior [ RunTime:0.000000s ]
INFO: [ app_begin ] --END-- [ RunTime:0.001000s ]
NOTIC: [8192] mysql_connect(): The mysql extension is deprecated and will be removed in the future: use mysqli or PDO instead E:\PetAdmin\PetAdminShop\ThinkPHP\Library\Think\Db\Driver\Mysql.class.php 第 52 行.
SQL: SHOW COLUMNS FROM `admin_user` [ RunTime:0.005001s ]
SQL: SELECT * FROM `admin_user` WHERE `username` = 'tianxunhulian' LIMIT 1   [ RunTime:0.007000s ]
SQL: SHOW COLUMNS FROM `orders` [ RunTime:0.006001s ]
SQL: SELECT * FROM `orders`  [ RunTime:0.011000s ]
INFO: [ view_parse ] --START--
INFO: [ template_filter ] --START--
INFO: Run Behavior\ContentReplaceBehavior [ RunTime:0.000000s ]
INFO: [ template_filter ] --END-- [ RunTime:0.001000s ]
INFO: Run Behavior\ParseTemplateBehavior [ RunTime:0.071004s ]
INFO: [ view_parse ] --END-- [ RunTime:0.071004s ]
INFO: [ view_filter ] --START--
INFO: Run Behavior\WriteHtmlCacheBehavior [ RunTime:0.001000s ]
INFO: [ view_filter ] --END-- [ RunTime:0.001000s ]
INFO: [ app_end ] --START--
INFO: Run Behavior\ShowPageTraceBehavior [ RunTime:0.002001s ]
INFO: [ app_end ] --END-- [ RunTime:0.002001s ]

[ 2017-07-18T20:07:39+08:00 ] 127.0.0.1 /admin.php/Home/Orders/MenuLists
INFO: [ app_init ] --START--
INFO: Run Behavior\BuildLiteBehavior [ RunTime:0.000000s ]
INFO: [ app_init ] --END-- [ RunTime:0.001000s ]
INFO: [ app_begin ] --START--
INFO: Run Behavior\ReadHtmlCacheBehavior [ RunTime:0.001000s ]
INFO: [ app_begin ] --END-- [ RunTime:0.001000s ]
NOTIC: [8192] mysql_connect(): The mysql extension is deprecated and will be removed in the future: use mysqli or PDO instead E:\PetAdmin\PetAdminShop\ThinkPHP\Library\Think\Db\Driver\Mysql.class.php 第 52 行.
SQL: SHOW COLUMNS FROM `admin_user` [ RunTime:0.009001s ]
SQL: SELECT * FROM `admin_user` WHERE `username` = 'tianxunhulian' LIMIT 1   [ RunTime:0.004000s ]
SQL: select admin_jurisdiction.* from admin_user,admin_user_role,admin_role_jurisdiction,admin_jurisdiction
                where admin_user.id=admin_user_role.user_id
                and admin_user_role.role_id=admin_role_jurisdiction.role_id
                and admin_role_jurisdiction.jurisdiction_id=admin_jurisdiction.j_id
                and admin_user.username='tianxunhulian' [ RunTime:0.010000s ]
SQL: SELECT * FROM admin_jurisdiction WHERE pid = 1 [ RunTime:0.004001s ]
SQL: SELECT * FROM admin_jurisdiction WHERE pid = 2 [ RunTime:0.009000s ]
SQL: SELECT * FROM admin_jurisdiction WHERE pid = 3 [ RunTime:0.013001s ]
SQL: SELECT * FROM admin_jurisdiction WHERE pid = 4 [ RunTime:0.013001s ]
SQL: SELECT * FROM admin_jurisdiction WHERE pid = 5 [ RunTime:0.011000s ]
SQL: SELECT * FROM admin_jurisdiction WHERE pid = 6 [ RunTime:0.018001s ]
SQL: SELECT * FROM admin_jurisdiction WHERE pid = 7 [ RunTime:0.020001s ]
SQL: SELECT * FROM admin_jurisdiction WHERE pid = 8 [ RunTime:0.027001s ]
SQL: SELECT * FROM admin_jurisdiction WHERE pid = 9 [ RunTime:0.026002s ]
SQL: SELECT * FROM admin_jurisdiction WHERE pid = 10 [ RunTime:0.018001s ]
SQL: SELECT * FROM admin_jurisdiction WHERE pid = 42 [ RunTime:0.023001s ]
SQL: SELECT * FROM admin_jurisdiction WHERE pid = 46 [ RunTime:0.019001s ]
INFO: [ app_end ] --START--
INFO: Run Behavior\ShowPageTraceBehavior [ RunTime:0.001000s ]
INFO: [ app_end ] --END-- [ RunTime:0.001000s ]

[ 2017-07-18T20:07:45+08:00 ] 127.0.0.1 /admin.php/Home/Orders/OrdersIdInfo/id/228
INFO: [ app_init ] --START--
INFO: Run Behavior\BuildLiteBehavior [ RunTime:0.000000s ]
INFO: [ app_init ] --END-- [ RunTime:0.000000s ]
INFO: [ app_begin ] --START--
INFO: Run Behavior\ReadHtmlCacheBehavior [ RunTime:0.000000s ]
INFO: [ app_begin ] --END-- [ RunTime:0.001000s ]
NOTIC: [8192] mysql_connect(): The mysql extension is deprecated and will be removed in the future: use mysqli or PDO instead E:\PetAdmin\PetAdminShop\ThinkPHP\Library\Think\Db\Driver\Mysql.class.php 第 52 行.
SQL: SHOW COLUMNS FROM `admin_user` [ RunTime:0.010000s ]
SQL: SELECT * FROM `admin_user` WHERE `username` = 'tianxunhulian' LIMIT 1   [ RunTime:0.008000s ]
SQL: SHOW COLUMNS FROM `orders` [ RunTime:0.011001s ]
SQL: SELECT * FROM `orders` WHERE ( orders_id=228 ) LIMIT 1   [ RunTime:0.012000s ]
SQL: UPDATE `orders` SET `admin_operation`=2 WHERE ( orders_id=228 ) [ RunTime:0.008001s ]
SQL: SHOW COLUMNS FROM `user` [ RunTime:0.008000s ]
SQL: SELECT `username` FROM `user` WHERE ( id=11 ) LIMIT 1   [ RunTime:0.010001s ]
INFO: [ view_parse ] --START--
INFO: [ template_filter ] --START--
INFO: Run Behavior\ContentReplaceBehavior [ RunTime:0.000000s ]
INFO: [ template_filter ] --END-- [ RunTime:0.001000s ]
INFO: Run Behavior\ParseTemplateBehavior [ RunTime:0.035002s ]
INFO: [ view_parse ] --END-- [ RunTime:0.035002s ]
INFO: [ view_filter ] --START--
INFO: Run Behavior\WriteHtmlCacheBehavior [ RunTime:0.001000s ]
INFO: [ view_filter ] --END-- [ RunTime:0.001000s ]
INFO: [ app_end ] --START--
INFO: Run Behavior\ShowPageTraceBehavior [ RunTime:0.001000s ]
INFO: [ app_end ] --END-- [ RunTime:0.002000s ]

[ 2017-07-18T20:07:45+08:00 ] 127.0.0.1 /admin.php/Home/Orders/OrdersIdInfo/id/228
INFO: [ app_init ] --START--
INFO: Run Behavior\BuildLiteBehavior [ RunTime:0.000000s ]
INFO: [ app_init ] --END-- [ RunTime:0.001000s ]
INFO: [ app_begin ] --START--
INFO: Run Behavior\ReadHtmlCacheBehavior [ RunTime:0.001000s ]
INFO: [ app_begin ] --END-- [ RunTime:0.001000s ]
NOTIC: [8192] mysql_connect(): The mysql extension is deprecated and will be removed in the future: use mysqli or PDO instead E:\PetAdmin\PetAdminShop\ThinkPHP\Library\Think\Db\Driver\Mysql.class.php 第 52 行.
SQL: SHOW COLUMNS FROM `admin_user` [ RunTime:0.007000s ]
SQL: SELECT * FROM `admin_user` WHERE `username` = 'tianxunhulian' LIMIT 1   [ RunTime:0.007001s ]
SQL: SHOW COLUMNS FROM `orders` [ RunTime:0.009000s ]
SQL: SELECT * FROM `orders` WHERE ( orders_id=228 ) LIMIT 1   [ RunTime:0.007001s ]
SQL: UPDATE `orders` SET `admin_operation`=2 WHERE ( orders_id=228 ) [ RunTime:0.008000s ]
SQL: SHOW COLUMNS FROM `user` [ RunTime:0.013001s ]
SQL: SELECT `username` FROM `user` WHERE ( id=11 ) LIMIT 1   [ RunTime:0.004000s ]
INFO: [ view_parse ] --START--
INFO: [ template_filter ] --START--
INFO: Run Behavior\ContentReplaceBehavior [ RunTime:0.001000s ]
INFO: [ template_filter ] --END-- [ RunTime:0.001000s ]
INFO: Run Behavior\ParseTemplateBehavior [ RunTime:0.064004s ]
INFO: [ view_parse ] --END-- [ RunTime:0.064004s ]
INFO: [ view_filter ] --START--
INFO: Run Behavior\WriteHtmlCacheBehavior [ RunTime:0.001000s ]
INFO: [ view_filter ] --END-- [ RunTime:0.001000s ]
INFO: [ app_end ] --START--
INFO: Run Behavior\ShowPageTraceBehavior [ RunTime:0.002000s ]
INFO: [ app_end ] --END-- [ RunTime:0.002000s ]

[ 2017-07-18T20:07:45+08:00 ] 127.0.0.1 /admin.php/Home/Orders/MenuLists
INFO: [ app_init ] --START--
INFO: Run Behavior\BuildLiteBehavior [ RunTime:0.000000s ]
INFO: [ app_init ] --END-- [ RunTime:0.001000s ]
INFO: [ app_begin ] --START--
INFO: Run Behavior\ReadHtmlCacheBehavior [ RunTime:0.000000s ]
INFO: [ app_begin ] --END-- [ RunTime:0.000000s ]
NOTIC: [8192] mysql_connect(): The mysql extension is deprecated and will be removed in the future: use mysqli or PDO instead E:\PetAdmin\PetAdminShop\ThinkPHP\Library\Think\Db\Driver\Mysql.class.php 第 52 行.
SQL: SHOW COLUMNS FROM `admin_user` [ RunTime:0.008000s ]
SQL: SELECT * FROM `admin_user` WHERE `username` = 'tianxunhulian' LIMIT 1   [ RunTime:0.006000s ]
SQL: select admin_jurisdiction.* from admin_user,admin_user_role,admin_role_jurisdiction,admin_jurisdiction
                where admin_user.id=admin_user_role.user_id
                and admin_user_role.role_id=admin_role_jurisdiction.role_id
                and admin_role_jurisdiction.jurisdiction_id=admin_jurisdiction.j_id
                and admin_user.username='tianxunhulian' [ RunTime:0.005001s ]
SQL: SELECT * FROM admin_jurisdiction WHERE pid = 1 [ RunTime:0.005000s ]
SQL: SELECT * FROM admin_jurisdiction WHERE pid = 2 [ RunTime:0.005000s ]
SQL: SELECT * FROM admin_jurisdiction WHERE pid = 3 [ RunTime:0.007001s ]
SQL: SELECT * FROM admin_jurisdiction WHERE pid = 4 [ RunTime:0.005000s ]
SQL: SELECT * FROM admin_jurisdiction WHERE pid = 5 [ RunTime:0.006000s ]
SQL: SELECT * FROM admin_jurisdiction WHERE pid = 6 [ RunTime:0.011001s ]
SQL: SELECT * FROM admin_jurisdiction WHERE pid = 7 [ RunTime:0.022001s ]
SQL: SELECT * FROM admin_jurisdiction WHERE pid = 8 [ RunTime:0.013001s ]
SQL: SELECT * FROM admin_jurisdiction WHERE pid = 9 [ RunTime:0.005000s ]
SQL: SELECT * FROM admin_jurisdiction WHERE pid = 10 [ RunTime:0.006001s ]
SQL: SELECT * FROM admin_jurisdiction WHERE pid = 42 [ RunTime:0.005000s ]
SQL: SELECT * FROM admin_jurisdiction WHERE pid = 46 [ RunTime:0.007000s ]
INFO: [ app_end ] --START--
INFO: Run Behavior\ShowPageTraceBehavior [ RunTime:0.000000s ]
INFO: [ app_end ] --END-- [ RunTime:0.000000s ]

[ 2017-07-18T20:08:17+08:00 ] 127.0.0.1 /admin.php/Home/Question/QuestionInfo
INFO: [ app_init ] --START--
INFO: Run Behavior\BuildLiteBehavior [ RunTime:0.000000s ]
INFO: [ app_init ] --END-- [ RunTime:0.001000s ]
INFO: [ app_begin ] --START--
INFO: Run Behavior\ReadHtmlCacheBehavior [ RunTime:0.001000s ]
INFO: [ app_begin ] --END-- [ RunTime:0.001000s ]
NOTIC: [8192] mysql_connect(): The mysql extension is deprecated and will be removed in the future: use mysqli or PDO instead E:\PetAdmin\PetAdminShop\ThinkPHP\Library\Think\Db\Driver\Mysql.class.php 第 52 行.
SQL: SHOW COLUMNS FROM `admin_user` [ RunTime:0.005000s ]
SQL: SELECT * FROM `admin_user` WHERE `username` = 'tianxunhulian' LIMIT 1   [ RunTime:0.007001s ]
NOTIC: [8] Undefined index: page E:\PetAdmin\PetAdminShop\Admin\Home\Controller\QuestionController.class.php 第 101 行.
SQL: SHOW COLUMNS FROM `question` [ RunTime:0.009000s ]
SQL: SELECT * FROM `question` WHERE ( is_pet=1 )  [ RunTime:0.059004s ]
INFO: [ view_parse ] --START--
INFO: [ template_filter ] --START--
INFO: Run Behavior\ContentReplaceBehavior [ RunTime:0.000000s ]
INFO: [ template_filter ] --END-- [ RunTime:0.000000s ]
NOTIC: [8] Undefined variable: word E:\PetAdmin\PetAdminShop\Admin\Runtime\Cache\Home\60f1b2294c45fc1341122c876c6ae4c0.php 第 215 行.
INFO: Run Behavior\ParseTemplateBehavior [ RunTime:0.030002s ]
INFO: [ view_parse ] --END-- [ RunTime:0.030002s ]
INFO: [ view_filter ] --START--
INFO: Run Behavior\WriteHtmlCacheBehavior [ RunTime:0.000000s ]
INFO: [ view_filter ] --END-- [ RunTime:0.000000s ]
INFO: [ app_end ] --START--
INFO: Run Behavior\ShowPageTraceBehavior [ RunTime:0.001000s ]
INFO: [ app_end ] --END-- [ RunTime:0.001000s ]

[ 2017-07-18T20:08:18+08:00 ] 127.0.0.1 /admin.php/Home/Question/MenuLists
INFO: [ app_init ] --START--
INFO: Run Behavior\BuildLiteBehavior [ RunTime:0.000000s ]
INFO: [ app_init ] --END-- [ RunTime:0.001000s ]
INFO: [ app_begin ] --START--
INFO: Run Behavior\ReadHtmlCacheBehavior [ RunTime:0.001000s ]
INFO: [ app_begin ] --END-- [ RunTime:0.001000s ]
NOTIC: [8192] mysql_connect(): The mysql extension is deprecated and will be removed in the future: use mysqli or PDO instead E:\PetAdmin\PetAdminShop\ThinkPHP\Library\Think\Db\Driver\Mysql.class.php 第 52 行.
SQL: SHOW COLUMNS FROM `admin_user` [ RunTime:0.006001s ]
SQL: SELECT * FROM `admin_user` WHERE `username` = 'tianxunhulian' LIMIT 1   [ RunTime:0.004000s ]
SQL: select admin_jurisdiction.* from admin_user,admin_user_role,admin_role_jurisdiction,admin_jurisdiction
                where admin_user.id=admin_user_role.user_id
                and admin_user_role.role_id=admin_role_jurisdiction.role_id
                and admin_role_jurisdiction.jurisdiction_id=admin_jurisdiction.j_id
                and admin_user.username='tianxunhulian' [ RunTime:0.008000s ]
SQL: SELECT * FROM admin_jurisdiction WHERE pid = 1 [ RunTime:0.018001s ]
SQL: SELECT * FROM admin_jurisdiction WHERE pid = 2 [ RunTime:0.019002s ]
SQL: SELECT * FROM admin_jurisdiction WHERE pid = 3 [ RunTime:0.023001s ]
SQL: SELECT * FROM admin_jurisdiction WHERE pid = 4 [ RunTime:0.031002s ]
SQL: SELECT * FROM admin_jurisdiction WHERE pid = 5 [ RunTime:0.296017s ]
SQL: SELECT * FROM admin_jurisdiction WHERE pid = 6 [ RunTime:0.007000s ]
SQL: SELECT * FROM admin_jurisdiction WHERE pid = 7 [ RunTime:0.006000s ]
SQL: SELECT * FROM admin_jurisdiction WHERE pid = 8 [ RunTime:0.006001s ]
SQL: SELECT * FROM admin_jurisdiction WHERE pid = 9 [ RunTime:0.006000s ]
SQL: SELECT * FROM admin_jurisdiction WHERE pid = 10 [ RunTime:0.017001s ]
SQL: SELECT * FROM admin_jurisdiction WHERE pid = 42 [ RunTime:0.027002s ]
SQL: SELECT * FROM admin_jurisdiction WHERE pid = 46 [ RunTime:0.004000s ]
INFO: [ app_end ] --START--
INFO: Run Behavior\ShowPageTraceBehavior [ RunTime:0.001000s ]
INFO: [ app_end ] --END-- [ RunTime:0.001000s ]

[ 2017-07-18T20:08:26+08:00 ] 127.0.0.1 /admin.php/Home/Question/QuestionIdInfo/id/113
INFO: [ app_init ] --START--
INFO: Run Behavior\BuildLiteBehavior [ RunTime:0.000000s ]
INFO: [ app_init ] --END-- [ RunTime:0.000000s ]
INFO: [ app_begin ] --START--
INFO: Run Behavior\ReadHtmlCacheBehavior [ RunTime:0.000000s ]
INFO: [ app_begin ] --END-- [ RunTime:0.001000s ]
NOTIC: [8192] mysql_connect(): The mysql extension is deprecated and will be removed in the future: use mysqli or PDO instead E:\PetAdmin\PetAdminShop\ThinkPHP\Library\Think\Db\Driver\Mysql.class.php 第 52 行.
SQL: SHOW COLUMNS FROM `admin_user` [ RunTime:0.165010s ]
SQL: SELECT * FROM `admin_user` WHERE `username` = 'tianxunhulian' LIMIT 1   [ RunTime:0.174010s ]
SQL: SHOW COLUMNS FROM `question` [ RunTime:0.016001s ]
SQL: SELECT * FROM `question` WHERE ( id=113 ) LIMIT 1   [ RunTime:0.043002s ]
INFO: [ view_parse ] --START--
INFO: [ template_filter ] --START--
INFO: Run Behavior\ContentReplaceBehavior [ RunTime:0.001000s ]
INFO: [ template_filter ] --END-- [ RunTime:0.001000s ]
NOTIC: [8] Undefined variable: num E:\PetAdmin\PetAdminShop\Admin\Runtime\Cache\Home\79c12d8560b67a26639335455effb9f0.php 第 186 行.
NOTIC: [8] Undefined variable: num E:\PetAdmin\PetAdminShop\Admin\Runtime\Cache\Home\79c12d8560b67a26639335455effb9f0.php 第 192 行.
NOTIC: [8] Undefined variable: num E:\PetAdmin\PetAdminShop\Admin\Runtime\Cache\Home\79c12d8560b67a26639335455effb9f0.php 第 196 行.
NOTIC: [8] Undefined variable: num E:\PetAdmin\PetAdminShop\Admin\Runtime\Cache\Home\79c12d8560b67a26639335455effb9f0.php 第 200 行.
INFO: Run Behavior\ParseTemplateBehavior [ RunTime:0.036002s ]
INFO: [ view_parse ] --END-- [ RunTime:0.036002s ]
INFO: [ view_filter ] --START--
INFO: Run Behavior\WriteHtmlCacheBehavior [ RunTime:0.002001s ]
INFO: [ view_filter ] --END-- [ RunTime:0.002001s ]
INFO: [ app_end ] --START--
INFO: Run Behavior\ShowPageTraceBehavior [ RunTime:0.003000s ]
INFO: [ app_end ] --END-- [ RunTime:0.003000s ]

[ 2017-07-18T20:08:26+08:00 ] 127.0.0.1 /admin.php/Home/Question/MenuLists
INFO: [ app_init ] --START--
INFO: Run Behavior\BuildLiteBehavior [ RunTime:0.000000s ]
INFO: [ app_init ] --END-- [ RunTime:0.000000s ]
INFO: [ app_begin ] --START--
INFO: Run Behavior\ReadHtmlCacheBehavior [ RunTime:0.000000s ]
INFO: [ app_begin ] --END-- [ RunTime:0.000000s ]
NOTIC: [8192] mysql_connect(): The mysql extension is deprecated and will be removed in the future: use mysqli or PDO instead E:\PetAdmin\PetAdminShop\ThinkPHP\Library\Think\Db\Driver\Mysql.class.php 第 52 行.
SQL: SHOW COLUMNS FROM `admin_user` [ RunTime:0.009001s ]
SQL: SELECT * FROM `admin_user` WHERE `username` = 'tianxunhulian' LIMIT 1   [ RunTime:0.007000s ]
SQL: select admin_jurisdiction.* from admin_user,admin_user_role,admin_role_jurisdiction,admin_jurisdiction
                where admin_user.id=admin_user_role.user_id
                and admin_user_role.role_id=admin_role_jurisdiction.role_id
                and admin_role_jurisdiction.jurisdiction_id=admin_jurisdiction.j_id
                and admin_user.username='tianxunhulian' [ RunTime:0.007001s ]
SQL: SELECT * FROM admin_jurisdiction WHERE pid = 1 [ RunTime:0.008000s ]
SQL: SELECT * FROM admin_jurisdiction WHERE pid = 2 [ RunTime:0.004000s ]
SQL: SELECT * FROM admin_jurisdiction WHERE pid = 3 [ RunTime:0.006001s ]
SQL: SELECT * FROM admin_jurisdiction WHERE pid = 4 [ RunTime:0.006000s ]
SQL: SELECT * FROM admin_jurisdiction WHERE pid = 5 [ RunTime:0.005000s ]
SQL: SELECT * FROM admin_jurisdiction WHERE pid = 6 [ RunTime:0.006001s ]
SQL: SELECT * FROM admin_jurisdiction WHERE pid = 7 [ RunTime:0.008000s ]
SQL: SELECT * FROM admin_jurisdiction WHERE pid = 8 [ RunTime:0.006001s ]
SQL: SELECT * FROM admin_jurisdiction WHERE pid = 9 [ RunTime:0.007000s ]
SQL: SELECT * FROM admin_jurisdiction WHERE pid = 10 [ RunTime:0.005000s ]
SQL: SELECT * FROM admin_jurisdiction WHERE pid = 42 [ RunTime:0.008001s ]
SQL: SELECT * FROM admin_jurisdiction WHERE pid = 46 [ RunTime:0.008000s ]
INFO: [ app_end ] --START--
INFO: Run Behavior\ShowPageTraceBehavior [ RunTime:0.000000s ]
INFO: [ app_end ] --END-- [ RunTime:0.000000s ]

[ 2017-07-18T20:08:30+08:00 ] 127.0.0.1 /admin.php/Home/Question/MenuLists
INFO: [ app_init ] --START--
INFO: Run Behavior\BuildLiteBehavior [ RunTime:0.000000s ]
INFO: [ app_init ] --END-- [ RunTime:0.000000s ]
INFO: [ app_begin ] --START--
INFO: Run Behavior\ReadHtmlCacheBehavior [ RunTime:0.000000s ]
INFO: [ app_begin ] --END-- [ RunTime:0.000000s ]
NOTIC: [8192] mysql_connect(): The mysql extension is deprecated and will be removed in the future: use mysqli or PDO instead E:\PetAdmin\PetAdminShop\ThinkPHP\Library\Think\Db\Driver\Mysql.class.php 第 52 行.
SQL: SHOW COLUMNS FROM `admin_user` [ RunTime:0.007000s ]
SQL: SELECT * FROM `admin_user` WHERE `username` = 'tianxunhulian' LIMIT 1   [ RunTime:0.006000s ]
SQL: select admin_jurisdiction.* from admin_user,admin_user_role,admin_role_jurisdiction,admin_jurisdiction
                where admin_user.id=admin_user_role.user_id
                and admin_user_role.role_id=admin_role_jurisdiction.role_id
                and admin_role_jurisdiction.jurisdiction_id=admin_jurisdiction.j_id
                and admin_user.username='tianxunhulian' [ RunTime:0.005001s ]
SQL: SELECT * FROM admin_jurisdiction WHERE pid = 1 [ RunTime:0.006000s ]
SQL: SELECT * FROM admin_jurisdiction WHERE pid = 2 [ RunTime:0.007000s ]
SQL: SELECT * FROM admin_jurisdiction WHERE pid = 3 [ RunTime:0.007001s ]
SQL: SELECT * FROM admin_jurisdiction WHERE pid = 4 [ RunTime:0.006000s ]
SQL: SELECT * FROM admin_jurisdiction WHERE pid = 5 [ RunTime:0.007001s ]
SQL: SELECT * FROM admin_jurisdiction WHERE pid = 6 [ RunTime:0.007000s ]
SQL: SELECT * FROM admin_jurisdiction WHERE pid = 7 [ RunTime:0.008001s ]
SQL: SELECT * FROM admin_jurisdiction WHERE pid = 8 [ RunTime:0.007000s ]
SQL: SELECT * FROM admin_jurisdiction WHERE pid = 9 [ RunTime:0.008000s ]
SQL: SELECT * FROM admin_jurisdiction WHERE pid = 10 [ RunTime:0.008001s ]
SQL: SELECT * FROM admin_jurisdiction WHERE pid = 42 [ RunTime:0.008000s ]
SQL: SELECT * FROM admin_jurisdiction WHERE pid = 46 [ RunTime:0.007001s ]
INFO: [ app_end ] --START--
INFO: Run Behavior\ShowPageTraceBehavior [ RunTime:0.002000s ]
INFO: [ app_end ] --END-- [ RunTime:0.002000s ]

[ 2017-07-18T20:08:44+08:00 ] 127.0.0.1 /admin.php/Home/Question/PetFriendQuestionInfo
INFO: [ app_init ] --START--
INFO: Run Behavior\BuildLiteBehavior [ RunTime:0.000000s ]
INFO: [ app_init ] --END-- [ RunTime:0.000000s ]
INFO: [ app_begin ] --START--
INFO: Run Behavior\ReadHtmlCacheBehavior [ RunTime:0.000000s ]
INFO: [ app_begin ] --END-- [ RunTime:0.000000s ]
NOTIC: [8192] mysql_connect(): The mysql extension is deprecated and will be removed in the future: use mysqli or PDO instead E:\PetAdmin\PetAdminShop\ThinkPHP\Library\Think\Db\Driver\Mysql.class.php 第 52 行.
SQL: SHOW COLUMNS FROM `admin_user` [ RunTime:0.008000s ]
SQL: SELECT * FROM `admin_user` WHERE `username` = 'tianxunhulian' LIMIT 1   [ RunTime:0.009000s ]
NOTIC: [8] Undefined index: page E:\PetAdmin\PetAdminShop\Admin\Home\Controller\QuestionController.class.php 第 197 行.
SQL: SHOW COLUMNS FROM `question` [ RunTime:0.009001s ]
SQL: SELECT * FROM `question` WHERE ( is_pet=2 )  [ RunTime:0.018001s ]
INFO: [ view_parse ] --START--
INFO: [ template_filter ] --START--
INFO: Run Behavior\ContentReplaceBehavior [ RunTime:0.000000s ]
INFO: [ template_filter ] --END-- [ RunTime:0.001001s ]
INFO: Run Behavior\ParseTemplateBehavior [ RunTime:0.035002s ]
INFO: [ view_parse ] --END-- [ RunTime:0.035002s ]
INFO: [ view_filter ] --START--
INFO: Run Behavior\WriteHtmlCacheBehavior [ RunTime:0.000000s ]
INFO: [ view_filter ] --END-- [ RunTime:0.000000s ]
INFO: [ app_end ] --START--
INFO: Run Behavior\ShowPageTraceBehavior [ RunTime:0.001000s ]
INFO: [ app_end ] --END-- [ RunTime:0.002000s ]

[ 2017-07-18T20:08:45+08:00 ] 127.0.0.1 /admin.php/Home/Question/MenuLists
INFO: [ app_init ] --START--
INFO: Run Behavior\BuildLiteBehavior [ RunTime:0.000000s ]
INFO: [ app_init ] --END-- [ RunTime:0.001000s ]
INFO: [ app_begin ] --START--
INFO: Run Behavior\ReadHtmlCacheBehavior [ RunTime:0.001000s ]
INFO: [ app_begin ] --END-- [ RunTime:0.001000s ]
NOTIC: [8192] mysql_connect(): The mysql extension is deprecated and will be removed in the future: use mysqli or PDO instead E:\PetAdmin\PetAdminShop\ThinkPHP\Library\Think\Db\Driver\Mysql.class.php 第 52 行.
SQL: SHOW COLUMNS FROM `admin_user` [ RunTime:0.020002s ]
SQL: SELECT * FROM `admin_user` WHERE `username` = 'tianxunhulian' LIMIT 1   [ RunTime:0.003000s ]
SQL: select admin_jurisdiction.* from admin_user,admin_user_role,admin_role_jurisdiction,admin_jurisdiction
                where admin_user.id=admin_user_role.user_id
                and admin_user_role.role_id=admin_role_jurisdiction.role_id
                and admin_role_jurisdiction.jurisdiction_id=admin_jurisdiction.j_id
                and admin_user.username='tianxunhulian' [ RunTime:0.006000s ]
SQL: SELECT * FROM admin_jurisdiction WHERE pid = 1 [ RunTime:0.006001s ]
SQL: SELECT * FROM admin_jurisdiction WHERE pid = 2 [ RunTime:0.006000s ]
SQL: SELECT * FROM admin_jurisdiction WHERE pid = 3 [ RunTime:0.006000s ]
SQL: SELECT * FROM admin_jurisdiction WHERE pid = 4 [ RunTime:0.006001s ]
SQL: SELECT * FROM admin_jurisdiction WHERE pid = 5 [ RunTime:0.006000s ]
SQL: SELECT * FROM admin_jurisdiction WHERE pid = 6 [ RunTime:0.006000s ]
SQL: SELECT * FROM admin_jurisdiction WHERE pid = 7 [ RunTime:0.006001s ]
SQL: SELECT * FROM admin_jurisdiction WHERE pid = 8 [ RunTime:0.006000s ]
SQL: SELECT * FROM admin_jurisdiction WHERE pid = 9 [ RunTime:0.007000s ]
SQL: SELECT * FROM admin_jurisdiction WHERE pid = 10 [ RunTime:0.006001s ]
SQL: SELECT * FROM admin_jurisdiction WHERE pid = 42 [ RunTime:0.019001s ]
SQL: SELECT * FROM admin_jurisdiction WHERE pid = 46 [ RunTime:0.022001s ]
INFO: [ app_end ] --START--
INFO: Run Behavior\ShowPageTraceBehavior [ RunTime:0.002000s ]
INFO: [ app_end ] --END-- [ RunTime:0.002000s ]

[ 2017-07-18T20:08:56+08:00 ] 127.0.0.1 /admin.php/Home/Question/QuestionReportInfo
INFO: [ app_init ] --START--
INFO: Run Behavior\BuildLiteBehavior [ RunTime:0.000000s ]
INFO: [ app_init ] --END-- [ RunTime:0.001000s ]
INFO: [ app_begin ] --START--
INFO: Run Behavior\ReadHtmlCacheBehavior [ RunTime:0.001000s ]
INFO: [ app_begin ] --END-- [ RunTime:0.001000s ]
NOTIC: [8192] mysql_connect(): The mysql extension is deprecated and will be removed in the future: use mysqli or PDO instead E:\PetAdmin\PetAdminShop\ThinkPHP\Library\Think\Db\Driver\Mysql.class.php 第 52 行.
SQL: SHOW COLUMNS FROM `admin_user` [ RunTime:0.008000s ]
SQL: SELECT * FROM `admin_user` WHERE `username` = 'tianxunhulian' LIMIT 1   [ RunTime:0.009001s ]
NOTIC: [8] Undefined index: page E:\PetAdmin\PetAdminShop\Admin\Home\Controller\QuestionController.class.php 第 230 行.
SQL: SHOW COLUMNS FROM `report` [ RunTime:0.006000s ]
SQL: SELECT * FROM `report`  [ RunTime:0.010001s ]
INFO: [ view_parse ] --START--
INFO: [ template_filter ] --START--
INFO: Run Behavior\ContentReplaceBehavior [ RunTime:0.000000s ]
INFO: [ template_filter ] --END-- [ RunTime:0.000000s ]
INFO: Run Behavior\ParseTemplateBehavior [ RunTime:0.035002s ]
INFO: [ view_parse ] --END-- [ RunTime:0.035002s ]
INFO: [ view_filter ] --START--
INFO: Run Behavior\WriteHtmlCacheBehavior [ RunTime:0.001000s ]
INFO: [ view_filter ] --END-- [ RunTime:0.001000s ]
INFO: [ app_end ] --START--
INFO: Run Behavior\ShowPageTraceBehavior [ RunTime:0.002000s ]
INFO: [ app_end ] --END-- [ RunTime:0.002000s ]

[ 2017-07-18T20:08:57+08:00 ] 127.0.0.1 /admin.php/Home/Question/MenuLists
INFO: [ app_init ] --START--
INFO: Run Behavior\BuildLiteBehavior [ RunTime:0.000000s ]
INFO: [ app_init ] --END-- [ RunTime:0.000000s ]
INFO: [ app_begin ] --START--
INFO: Run Behavior\ReadHtmlCacheBehavior [ RunTime:0.000000s ]
INFO: [ app_begin ] --END-- [ RunTime:0.000000s ]
NOTIC: [8192] mysql_connect(): The mysql extension is deprecated and will be removed in the future: use mysqli or PDO instead E:\PetAdmin\PetAdminShop\ThinkPHP\Library\Think\Db\Driver\Mysql.class.php 第 52 行.
SQL: SHOW COLUMNS FROM `admin_user` [ RunTime:0.007000s ]
SQL: SELECT * FROM `admin_user` WHERE `username` = 'tianxunhulian' LIMIT 1   [ RunTime:0.006001s ]
SQL: select admin_jurisdiction.* from admin_user,admin_user_role,admin_role_jurisdiction,admin_jurisdiction
                where admin_user.id=admin_user_role.user_id
                and admin_user_role.role_id=admin_role_jurisdiction.role_id
                and admin_role_jurisdiction.jurisdiction_id=admin_jurisdiction.j_id
                and admin_user.username='tianxunhulian' [ RunTime:0.006000s ]
SQL: SELECT * FROM admin_jurisdiction WHERE pid = 1 [ RunTime:0.006001s ]
SQL: SELECT * FROM admin_jurisdiction WHERE pid = 2 [ RunTime:0.006000s ]
SQL: SELECT * FROM admin_jurisdiction WHERE pid = 3 [ RunTime:0.006000s ]
SQL: SELECT * FROM admin_jurisdiction WHERE pid = 4 [ RunTime:0.008001s ]
SQL: SELECT * FROM admin_jurisdiction WHERE pid = 5 [ RunTime:0.006000s ]
SQL: SELECT * FROM admin_jurisdiction WHERE pid = 6 [ RunTime:0.004000s ]
SQL: SELECT * FROM admin_jurisdiction WHERE pid = 7 [ RunTime:0.007001s ]
SQL: SELECT * FROM admin_jurisdiction WHERE pid = 8 [ RunTime:0.006000s ]
SQL: SELECT * FROM admin_jurisdiction WHERE pid = 9 [ RunTime:0.006000s ]
SQL: SELECT * FROM admin_jurisdiction WHERE pid = 10 [ RunTime:0.006001s ]
SQL: SELECT * FROM admin_jurisdiction WHERE pid = 42 [ RunTime:0.010000s ]
SQL: SELECT * FROM admin_jurisdiction WHERE pid = 46 [ RunTime:0.006001s ]
INFO: [ app_end ] --START--
INFO: Run Behavior\ShowPageTraceBehavior [ RunTime:0.000000s ]
INFO: [ app_end ] --END-- [ RunTime:0.000000s ]

[ 2017-07-18T20:08:59+08:00 ] 127.0.0.1 /admin.php/Home/Question/ReportEmailAnswer/id/4
INFO: [ app_init ] --START--
INFO: Run Behavior\BuildLiteBehavior [ RunTime:0.000000s ]
INFO: [ app_init ] --END-- [ RunTime:0.001000s ]
INFO: [ app_begin ] --START--
INFO: Run Behavior\ReadHtmlCacheBehavior [ RunTime:0.001000s ]
INFO: [ app_begin ] --END-- [ RunTime:0.001000s ]
NOTIC: [8192] mysql_connect(): The mysql extension is deprecated and will be removed in the future: use mysqli or PDO instead E:\PetAdmin\PetAdminShop\ThinkPHP\Library\Think\Db\Driver\Mysql.class.php 第 52 行.
SQL: SHOW COLUMNS FROM `admin_user` [ RunTime:0.007000s ]
SQL: SELECT * FROM `admin_user` WHERE `username` = 'tianxunhulian' LIMIT 1   [ RunTime:0.007001s ]
SQL: SHOW COLUMNS FROM `report` [ RunTime:0.008000s ]
SQL: SELECT * FROM `report` INNER JOIN question ON report.question_id = question.id INNER JOIN user ON report.user_id = user.id  WHERE ( report.id=4 ) LIMIT 1   [ RunTime:0.009001s ]
INFO: [ view_parse ] --START--
INFO: [ template_filter ] --START--
INFO: Run Behavior\ContentReplaceBehavior [ RunTime:0.000000s ]
INFO: [ template_filter ] --END-- [ RunTime:0.000000s ]
INFO: Run Behavior\ParseTemplateBehavior [ RunTime:0.028002s ]
INFO: [ view_parse ] --END-- [ RunTime:0.028002s ]
INFO: [ view_filter ] --START--
INFO: Run Behavior\WriteHtmlCacheBehavior [ RunTime:0.000000s ]
INFO: [ view_filter ] --END-- [ RunTime:0.000000s ]
INFO: [ app_end ] --START--
INFO: Run Behavior\ShowPageTraceBehavior [ RunTime:0.001000s ]
INFO: [ app_end ] --END-- [ RunTime:0.001000s ]

[ 2017-07-18T20:09:00+08:00 ] 127.0.0.1 /admin.php/Home/Question/MenuLists
INFO: [ app_init ] --START--
INFO: Run Behavior\BuildLiteBehavior [ RunTime:0.000000s ]
INFO: [ app_init ] --END-- [ RunTime:0.000000s ]
INFO: [ app_begin ] --START--
INFO: Run Behavior\ReadHtmlCacheBehavior [ RunTime:0.001000s ]
INFO: [ app_begin ] --END-- [ RunTime:0.001000s ]
NOTIC: [8192] mysql_connect(): The mysql extension is deprecated and will be removed in the future: use mysqli or PDO instead E:\PetAdmin\PetAdminShop\ThinkPHP\Library\Think\Db\Driver\Mysql.class.php 第 52 行.
SQL: SHOW COLUMNS FROM `admin_user` [ RunTime:0.008000s ]
SQL: SELECT * FROM `admin_user` WHERE `username` = 'tianxunhulian' LIMIT 1   [ RunTime:0.008000s ]
SQL: select admin_jurisdiction.* from admin_user,admin_user_role,admin_role_jurisdiction,admin_jurisdiction
                where admin_user.id=admin_user_role.user_id
                and admin_user_role.role_id=admin_role_jurisdiction.role_id
                and admin_role_jurisdiction.jurisdiction_id=admin_jurisdiction.j_id
                and admin_user.username='tianxunhulian' [ RunTime:0.006001s ]
SQL: SELECT * FROM admin_jurisdiction WHERE pid = 1 [ RunTime:0.008000s ]
SQL: SELECT * FROM admin_jurisdiction WHERE pid = 2 [ RunTime:0.006001s ]
SQL: SELECT * FROM admin_jurisdiction WHERE pid = 3 [ RunTime:0.006000s ]
SQL: SELECT * FROM admin_jurisdiction WHERE pid = 4 [ RunTime:0.006000s ]
SQL: SELECT * FROM admin_jurisdiction WHERE pid = 5 [ RunTime:0.006001s ]
SQL: SELECT * FROM admin_jurisdiction WHERE pid = 6 [ RunTime:0.006000s ]
SQL: SELECT * FROM admin_jurisdiction WHERE pid = 7 [ RunTime:0.005000s ]
SQL: SELECT * FROM admin_jurisdiction WHERE pid = 8 [ RunTime:0.007001s ]
SQL: SELECT * FROM admin_jurisdiction WHERE pid = 9 [ RunTime:0.006000s ]
SQL: SELECT * FROM admin_jurisdiction WHERE pid = 10 [ RunTime:0.006000s ]
SQL: SELECT * FROM admin_jurisdiction WHERE pid = 42 [ RunTime:0.006001s ]
SQL: SELECT * FROM admin_jurisdiction WHERE pid = 46 [ RunTime:0.006000s ]
INFO: [ app_end ] --START--
INFO: Run Behavior\ShowPageTraceBehavior [ RunTime:0.001000s ]
INFO: [ app_end ] --END-- [ RunTime:0.001000s ]

[ 2017-07-18T20:09:05+08:00 ] 127.0.0.1 /admin.php/Home/Question/MenuLists
INFO: [ app_init ] --START--
INFO: Run Behavior\BuildLiteBehavior [ RunTime:0.000000s ]
INFO: [ app_init ] --END-- [ RunTime:0.000000s ]
INFO: [ app_begin ] --START--
INFO: Run Behavior\ReadHtmlCacheBehavior [ RunTime:0.001000s ]
INFO: [ app_begin ] --END-- [ RunTime:0.001000s ]
NOTIC: [8192] mysql_connect(): The mysql extension is deprecated and will be removed in the future: use mysqli or PDO instead E:\PetAdmin\PetAdminShop\ThinkPHP\Library\Think\Db\Driver\Mysql.class.php 第 52 行.
SQL: SHOW COLUMNS FROM `admin_user` [ RunTime:0.006000s ]
SQL: SELECT * FROM `admin_user` WHERE `username` = 'tianxunhulian' LIMIT 1   [ RunTime:0.007000s ]
SQL: select admin_jurisdiction.* from admin_user,admin_user_role,admin_role_jurisdiction,admin_jurisdiction
                where admin_user.id=admin_user_role.user_id
                and admin_user_role.role_id=admin_role_jurisdiction.role_id
                and admin_role_jurisdiction.jurisdiction_id=admin_jurisdiction.j_id
                and admin_user.username='tianxunhulian' [ RunTime:0.007001s ]
SQL: SELECT * FROM admin_jurisdiction WHERE pid = 1 [ RunTime:0.006000s ]
SQL: SELECT * FROM admin_jurisdiction WHERE pid = 2 [ RunTime:0.003000s ]
SQL: SELECT * FROM admin_jurisdiction WHERE pid = 3 [ RunTime:0.006001s ]
SQL: SELECT * FROM admin_jurisdiction WHERE pid = 4 [ RunTime:0.005000s ]
SQL: SELECT * FROM admin_jurisdiction WHERE pid = 5 [ RunTime:0.007001s ]
SQL: SELECT * FROM admin_jurisdiction WHERE pid = 6 [ RunTime:0.003000s ]
SQL: SELECT * FROM admin_jurisdiction WHERE pid = 7 [ RunTime:0.006000s ]
SQL: SELECT * FROM admin_jurisdiction WHERE pid = 8 [ RunTime:0.006001s ]
SQL: SELECT * FROM admin_jurisdiction WHERE pid = 9 [ RunTime:0.008000s ]
SQL: SELECT * FROM admin_jurisdiction WHERE pid = 10 [ RunTime:0.027002s ]
SQL: SELECT * FROM admin_jurisdiction WHERE pid = 42 [ RunTime:0.070004s ]
SQL: SELECT * FROM admin_jurisdiction WHERE pid = 46 [ RunTime:0.008000s ]
INFO: [ app_end ] --START--
INFO: Run Behavior\ShowPageTraceBehavior [ RunTime:0.001000s ]
INFO: [ app_end ] --END-- [ RunTime:0.001000s ]

[ 2017-07-18T20:12:59+08:00 ] 127.0.0.1 /admin.php/Home/AdminUser/AddPositionInfo
INFO: [ app_init ] --START--
INFO: Run Behavior\BuildLiteBehavior [ RunTime:0.000000s ]
INFO: [ app_init ] --END-- [ RunTime:0.001000s ]
INFO: [ app_begin ] --START--
INFO: Run Behavior\ReadHtmlCacheBehavior [ RunTime:0.000000s ]
INFO: [ app_begin ] --END-- [ RunTime:0.000000s ]
NOTIC: [8192] mysql_connect(): The mysql extension is deprecated and will be removed in the future: use mysqli or PDO instead E:\PetAdmin\PetAdminShop\ThinkPHP\Library\Think\Db\Driver\Mysql.class.php 第 52 行.
SQL: SHOW COLUMNS FROM `admin_user` [ RunTime:0.007000s ]
SQL: SELECT * FROM `admin_user` WHERE `username` = 'tianxunhulian' LIMIT 1   [ RunTime:0.008001s ]
NOTIC: [8] Undefined index: page E:\PetAdmin\PetAdminShop\Admin\Home\Controller\AdminUserController.class.php 第 261 行.
SQL: SHOW COLUMNS FROM `admin_role` [ RunTime:0.007000s ]
SQL: SHOW COLUMNS FROM `admin_role_jurisdiction` [ RunTime:0.008001s ]
SQL: SELECT * FROM `admin_role`  [ RunTime:0.005000s ]
SQL: SELECT * FROM `admin_role_jurisdiction` INNER JOIN admin_jurisdiction ON admin_role_jurisdiction.jurisdiction_id = admin_jurisdiction.j_id  WHERE ( role_id=1 )  [ RunTime:0.007001s ]
SQL: SELECT * FROM `admin_role_jurisdiction` INNER JOIN admin_jurisdiction ON admin_role_jurisdiction.jurisdiction_id = admin_jurisdiction.j_id  WHERE ( role_id=35 )  [ RunTime:0.009000s ]
SQL: SELECT * FROM `admin_role_jurisdiction` INNER JOIN admin_jurisdiction ON admin_role_jurisdiction.jurisdiction_id = admin_jurisdiction.j_id  WHERE ( role_id=50 )  [ RunTime:0.007000s ]
SQL: SELECT * FROM `admin_role_jurisdiction` INNER JOIN admin_jurisdiction ON admin_role_jurisdiction.jurisdiction_id = admin_jurisdiction.j_id  WHERE ( role_id=51 )  [ RunTime:0.008001s ]
SQL: SELECT * FROM `admin_role_jurisdiction` INNER JOIN admin_jurisdiction ON admin_role_jurisdiction.jurisdiction_id = admin_jurisdiction.j_id  WHERE ( role_id=52 )  [ RunTime:0.008000s ]
INFO: [ view_parse ] --START--
INFO: [ template_filter ] --START--
INFO: Run Behavior\ContentReplaceBehavior [ RunTime:0.001000s ]
INFO: [ template_filter ] --END-- [ RunTime:0.001000s ]
INFO: Run Behavior\ParseTemplateBehavior [ RunTime:0.041002s ]
INFO: [ view_parse ] --END-- [ RunTime:0.041002s ]
INFO: [ view_filter ] --START--
INFO: Run Behavior\WriteHtmlCacheBehavior [ RunTime:0.001000s ]
INFO: [ view_filter ] --END-- [ RunTime:0.001000s ]
INFO: [ app_end ] --START--
INFO: Run Behavior\ShowPageTraceBehavior [ RunTime:0.001000s ]
INFO: [ app_end ] --END-- [ RunTime:0.001000s ]

[ 2017-07-18T20:13:00+08:00 ] 127.0.0.1 /admin.php/Home/AdminUser/MenuLists
INFO: [ app_init ] --START--
INFO: Run Behavior\BuildLiteBehavior [ RunTime:0.000000s ]
INFO: [ app_init ] --END-- [ RunTime:0.001000s ]
INFO: [ app_begin ] --START--
INFO: Run Behavior\ReadHtmlCacheBehavior [ RunTime:0.000000s ]
INFO: [ app_begin ] --END-- [ RunTime:0.000000s ]
NOTIC: [8192] mysql_connect(): The mysql extension is deprecated and will be removed in the future: use mysqli or PDO instead E:\PetAdmin\PetAdminShop\ThinkPHP\Library\Think\Db\Driver\Mysql.class.php 第 52 行.
SQL: SHOW COLUMNS FROM `admin_user` [ RunTime:0.007000s ]
SQL: SELECT * FROM `admin_user` WHERE `username` = 'tianxunhulian' LIMIT 1   [ RunTime:0.007000s ]
SQL: select admin_jurisdiction.* from admin_user,admin_user_role,admin_role_jurisdiction,admin_jurisdiction
                where admin_user.id=admin_user_role.user_id
                and admin_user_role.role_id=admin_role_jurisdiction.role_id
                and admin_role_jurisdiction.jurisdiction_id=admin_jurisdiction.j_id
                and admin_user.username='tianxunhulian' [ RunTime:0.008001s ]
SQL: SELECT * FROM admin_jurisdiction WHERE pid = 1 [ RunTime:0.010001s ]
SQL: SELECT * FROM admin_jurisdiction WHERE pid = 2 [ RunTime:0.007000s ]
SQL: SELECT * FROM admin_jurisdiction WHERE pid = 3 [ RunTime:0.007000s ]
SQL: SELECT * FROM admin_jurisdiction WHERE pid = 4 [ RunTime:0.006001s ]
SQL: SELECT * FROM admin_jurisdiction WHERE pid = 5 [ RunTime:0.007000s ]
SQL: SELECT * FROM admin_jurisdiction WHERE pid = 6 [ RunTime:0.007000s ]
SQL: SELECT * FROM admin_jurisdiction WHERE pid = 7 [ RunTime:0.008001s ]
SQL: SELECT * FROM admin_jurisdiction WHERE pid = 8 [ RunTime:0.006000s ]
SQL: SELECT * FROM admin_jurisdiction WHERE pid = 9 [ RunTime:0.007001s ]
SQL: SELECT * FROM admin_jurisdiction WHERE pid = 10 [ RunTime:0.008000s ]
SQL: SELECT * FROM admin_jurisdiction WHERE pid = 42 [ RunTime:0.007001s ]
SQL: SELECT * FROM admin_jurisdiction WHERE pid = 46 [ RunTime:0.009000s ]
INFO: [ app_end ] --START--
INFO: Run Behavior\ShowPageTraceBehavior [ RunTime:0.001000s ]
INFO: [ app_end ] --END-- [ RunTime:0.001000s ]

