[ 2017-06-02T11:34:02+08:00 ] 127.0.0.1 /admin.php/Home/Journalism/AddNewJournalismForm
INFO: [ app_init ] --START--
INFO: Run Behavior\BuildLiteBehavior [ RunTime:0.000000s ]
INFO: [ app_init ] --END-- [ RunTime:0.001000s ]
INFO: [ app_begin ] --START--
INFO: Run Behavior\ReadHtmlCacheBehavior [ RunTime:0.002000s ]
INFO: [ app_begin ] --END-- [ RunTime:0.002000s ]
NOTIC: [8192] mysql_connect(): The mysql extension is deprecated and will be removed in the future: use mysqli or PDO instead E:\PetAdmin\PetAdminShop\ThinkPHP\Library\Think\Db\Driver\Mysql.class.php 第 52 行.
SQL: SHOW COLUMNS FROM `admin_user` [ RunTime:0.007000s ]
SQL: SELECT * FROM `admin_user` WHERE `username` = 'tianxunhulian' LIMIT 1   [ RunTime:0.006001s ]
INFO: [ view_parse ] --START--
INFO: [ template_filter ] --START--
INFO: Run Behavior\ContentReplaceBehavior [ RunTime:0.000000s ]
INFO: [ template_filter ] --END-- [ RunTime:0.000000s ]
NOTIC: [8] Undefined variable: num E:\PetAdmin\PetAdminShop\Admin\Runtime\Cache\Home\907c3a57224bd79bd98947043b53f188.php 第 193 行.
NOTIC: [8] Undefined variable: num E:\PetAdmin\PetAdminShop\Admin\Runtime\Cache\Home\907c3a57224bd79bd98947043b53f188.php 第 199 行.
NOTIC: [8] Undefined variable: num E:\PetAdmin\PetAdminShop\Admin\Runtime\Cache\Home\907c3a57224bd79bd98947043b53f188.php 第 203 行.
NOTIC: [8] Undefined variable: num E:\PetAdmin\PetAdminShop\Admin\Runtime\Cache\Home\907c3a57224bd79bd98947043b53f188.php 第 207 行.
INFO: Run Behavior\ParseTemplateBehavior [ RunTime:0.027001s ]
INFO: [ view_parse ] --END-- [ RunTime:0.027001s ]
INFO: [ view_filter ] --START--
INFO: Run Behavior\WriteHtmlCacheBehavior [ RunTime:0.001000s ]
INFO: [ view_filter ] --END-- [ RunTime:0.001000s ]
INFO: [ app_end ] --START--
INFO: Run Behavior\ShowPageTraceBehavior [ RunTime:0.001000s ]
INFO: [ app_end ] --END-- [ RunTime:0.001000s ]

[ 2017-06-02T11:34:02+08:00 ] 127.0.0.1 /admin.php/Home/Journalism/MenuLists
INFO: [ app_init ] --START--
INFO: Run Behavior\BuildLiteBehavior [ RunTime:0.000000s ]
INFO: [ app_init ] --END-- [ RunTime:0.001000s ]
INFO: [ app_begin ] --START--
INFO: Run Behavior\ReadHtmlCacheBehavior [ RunTime:0.000000s ]
INFO: [ app_begin ] --END-- [ RunTime:0.000000s ]
NOTIC: [8192] mysql_connect(): The mysql extension is deprecated and will be removed in the future: use mysqli or PDO instead E:\PetAdmin\PetAdminShop\ThinkPHP\Library\Think\Db\Driver\Mysql.class.php 第 52 行.
SQL: SHOW COLUMNS FROM `admin_user` [ RunTime:0.006000s ]
SQL: SELECT * FROM `admin_user` WHERE `username` = 'tianxunhulian' LIMIT 1   [ RunTime:0.006001s ]
SQL: select admin_jurisdiction.* from admin_user,admin_user_role,admin_role_jurisdiction,admin_jurisdiction
                where admin_user.id=admin_user_role.user_id
                and admin_user_role.role_id=admin_role_jurisdiction.role_id
                and admin_role_jurisdiction.jurisdiction_id=admin_jurisdiction.j_id
                and admin_user.username='tianxunhulian' [ RunTime:0.007000s ]
SQL: SELECT * FROM admin_jurisdiction WHERE pid = 1 [ RunTime:0.006000s ]
SQL: SELECT * FROM admin_jurisdiction WHERE pid = 2 [ RunTime:0.004000s ]
SQL: SELECT * FROM admin_jurisdiction WHERE pid = 3 [ RunTime:0.007001s ]
SQL: SELECT * FROM admin_jurisdiction WHERE pid = 4 [ RunTime:0.005000s ]
SQL: SELECT * FROM admin_jurisdiction WHERE pid = 5 [ RunTime:0.006001s ]
SQL: SELECT * FROM admin_jurisdiction WHERE pid = 6 [ RunTime:0.005000s ]
SQL: SELECT * FROM admin_jurisdiction WHERE pid = 7 [ RunTime:0.005000s ]
SQL: SELECT * FROM admin_jurisdiction WHERE pid = 8 [ RunTime:0.005000s ]
SQL: SELECT * FROM admin_jurisdiction WHERE pid = 9 [ RunTime:0.004001s ]
SQL: SELECT * FROM admin_jurisdiction WHERE pid = 10 [ RunTime:0.007000s ]
SQL: SELECT * FROM admin_jurisdiction WHERE pid = 42 [ RunTime:0.006000s ]
INFO: [ app_end ] --START--
INFO: Run Behavior\ShowPageTraceBehavior [ RunTime:0.000000s ]
INFO: [ app_end ] --END-- [ RunTime:0.000000s ]

[ 2017-06-02T13:51:04+08:00 ] 127.0.0.1 /admin.php/Home/Journalism/AddNewJournalismForm
INFO: [ app_init ] --START--
INFO: Run Behavior\BuildLiteBehavior [ RunTime:0.000000s ]
INFO: [ app_init ] --END-- [ RunTime:0.001000s ]
INFO: [ app_begin ] --START--
INFO: Run Behavior\ReadHtmlCacheBehavior [ RunTime:0.000000s ]
INFO: [ app_begin ] --END-- [ RunTime:0.000000s ]
NOTIC: [8192] mysql_connect(): The mysql extension is deprecated and will be removed in the future: use mysqli or PDO instead E:\PetAdmin\PetAdminShop\ThinkPHP\Library\Think\Db\Driver\Mysql.class.php 第 52 行.
SQL: SHOW COLUMNS FROM `admin_user` [ RunTime:0.006000s ]
SQL: SELECT * FROM `admin_user` WHERE `username` = 'tianxunhulian' LIMIT 1   [ RunTime:0.005000s ]
INFO: [ view_parse ] --START--
INFO: [ template_filter ] --START--
INFO: Run Behavior\ContentReplaceBehavior [ RunTime:0.000000s ]
INFO: [ template_filter ] --END-- [ RunTime:0.000000s ]
NOTIC: [8] Undefined variable: num E:\PetAdmin\PetAdminShop\Admin\Runtime\Cache\Home\907c3a57224bd79bd98947043b53f188.php 第 193 行.
NOTIC: [8] Undefined variable: num E:\PetAdmin\PetAdminShop\Admin\Runtime\Cache\Home\907c3a57224bd79bd98947043b53f188.php 第 199 行.
NOTIC: [8] Undefined variable: num E:\PetAdmin\PetAdminShop\Admin\Runtime\Cache\Home\907c3a57224bd79bd98947043b53f188.php 第 203 行.
NOTIC: [8] Undefined variable: num E:\PetAdmin\PetAdminShop\Admin\Runtime\Cache\Home\907c3a57224bd79bd98947043b53f188.php 第 207 行.
INFO: Run Behavior\ParseTemplateBehavior [ RunTime:0.023002s ]
INFO: [ view_parse ] --END-- [ RunTime:0.023002s ]
INFO: [ view_filter ] --START--
INFO: Run Behavior\WriteHtmlCacheBehavior [ RunTime:0.000000s ]
INFO: [ view_filter ] --END-- [ RunTime:0.000000s ]
INFO: [ app_end ] --START--
INFO: Run Behavior\ShowPageTraceBehavior [ RunTime:0.001000s ]
INFO: [ app_end ] --END-- [ RunTime:0.001000s ]

[ 2017-06-02T13:51:04+08:00 ] 127.0.0.1 /admin.php/Home/Journalism/MenuLists
INFO: [ app_init ] --START--
INFO: Run Behavior\BuildLiteBehavior [ RunTime:0.000000s ]
INFO: [ app_init ] --END-- [ RunTime:0.001000s ]
INFO: [ app_begin ] --START--
INFO: Run Behavior\ReadHtmlCacheBehavior [ RunTime:0.001000s ]
INFO: [ app_begin ] --END-- [ RunTime:0.001000s ]
NOTIC: [8192] mysql_connect(): The mysql extension is deprecated and will be removed in the future: use mysqli or PDO instead E:\PetAdmin\PetAdminShop\ThinkPHP\Library\Think\Db\Driver\Mysql.class.php 第 52 行.
SQL: SHOW COLUMNS FROM `admin_user` [ RunTime:0.006001s ]
SQL: SELECT * FROM `admin_user` WHERE `username` = 'tianxunhulian' LIMIT 1   [ RunTime:0.007000s ]
SQL: select admin_jurisdiction.* from admin_user,admin_user_role,admin_role_jurisdiction,admin_jurisdiction
                where admin_user.id=admin_user_role.user_id
                and admin_user_role.role_id=admin_role_jurisdiction.role_id
                and admin_role_jurisdiction.jurisdiction_id=admin_jurisdiction.j_id
                and admin_user.username='tianxunhulian' [ RunTime:0.005000s ]
SQL: SELECT * FROM admin_jurisdiction WHERE pid = 1 [ RunTime:0.006001s ]
SQL: SELECT * FROM admin_jurisdiction WHERE pid = 2 [ RunTime:0.006000s ]
SQL: SELECT * FROM admin_jurisdiction WHERE pid = 3 [ RunTime:0.005000s ]
SQL: SELECT * FROM admin_jurisdiction WHERE pid = 4 [ RunTime:0.004000s ]
SQL: SELECT * FROM admin_jurisdiction WHERE pid = 5 [ RunTime:0.004001s ]
SQL: SELECT * FROM admin_jurisdiction WHERE pid = 6 [ RunTime:0.004000s ]
SQL: SELECT * FROM admin_jurisdiction WHERE pid = 7 [ RunTime:0.004000s ]
SQL: SELECT * FROM admin_jurisdiction WHERE pid = 8 [ RunTime:0.004000s ]
SQL: SELECT * FROM admin_jurisdiction WHERE pid = 9 [ RunTime:0.005001s ]
SQL: SELECT * FROM admin_jurisdiction WHERE pid = 10 [ RunTime:0.004000s ]
SQL: SELECT * FROM admin_jurisdiction WHERE pid = 42 [ RunTime:0.004000s ]
INFO: [ app_end ] --START--
INFO: Run Behavior\ShowPageTraceBehavior [ RunTime:0.001000s ]
INFO: [ app_end ] --END-- [ RunTime:0.001000s ]

[ 2017-06-02T13:51:10+08:00 ] 127.0.0.1 /admin.php/Home/Journalism/AddNewJournalismForm
INFO: [ app_init ] --START--
INFO: Run Behavior\BuildLiteBehavior [ RunTime:0.000000s ]
INFO: [ app_init ] --END-- [ RunTime:0.000000s ]
INFO: [ app_begin ] --START--
INFO: Run Behavior\ReadHtmlCacheBehavior [ RunTime:0.000000s ]
INFO: [ app_begin ] --END-- [ RunTime:0.001001s ]
NOTIC: [8192] mysql_connect(): The mysql extension is deprecated and will be removed in the future: use mysqli or PDO instead E:\PetAdmin\PetAdminShop\ThinkPHP\Library\Think\Db\Driver\Mysql.class.php 第 52 行.
SQL: SHOW COLUMNS FROM `admin_user` [ RunTime:0.005000s ]
SQL: SELECT * FROM `admin_user` WHERE `username` = 'tianxunhulian' LIMIT 1   [ RunTime:0.005001s ]
INFO: [ view_parse ] --START--
INFO: [ template_filter ] --START--
INFO: Run Behavior\ContentReplaceBehavior [ RunTime:0.001000s ]
INFO: [ template_filter ] --END-- [ RunTime:0.001000s ]
NOTIC: [8] Undefined variable: num E:\PetAdmin\PetAdminShop\Admin\Runtime\Cache\Home\907c3a57224bd79bd98947043b53f188.php 第 193 行.
NOTIC: [8] Undefined variable: num E:\PetAdmin\PetAdminShop\Admin\Runtime\Cache\Home\907c3a57224bd79bd98947043b53f188.php 第 199 行.
NOTIC: [8] Undefined variable: num E:\PetAdmin\PetAdminShop\Admin\Runtime\Cache\Home\907c3a57224bd79bd98947043b53f188.php 第 203 行.
NOTIC: [8] Undefined variable: num E:\PetAdmin\PetAdminShop\Admin\Runtime\Cache\Home\907c3a57224bd79bd98947043b53f188.php 第 207 行.
INFO: Run Behavior\ParseTemplateBehavior [ RunTime:0.015001s ]
INFO: [ view_parse ] --END-- [ RunTime:0.015001s ]
INFO: [ view_filter ] --START--
INFO: Run Behavior\WriteHtmlCacheBehavior [ RunTime:0.000000s ]
INFO: [ view_filter ] --END-- [ RunTime:0.000000s ]
INFO: [ app_end ] --START--
INFO: Run Behavior\ShowPageTraceBehavior [ RunTime:0.001000s ]
INFO: [ app_end ] --END-- [ RunTime:0.001000s ]

[ 2017-06-02T13:51:11+08:00 ] 127.0.0.1 /admin.php/Home/Journalism/MenuLists
INFO: [ app_init ] --START--
INFO: Run Behavior\BuildLiteBehavior [ RunTime:0.000000s ]
INFO: [ app_init ] --END-- [ RunTime:0.000000s ]
INFO: [ app_begin ] --START--
INFO: Run Behavior\ReadHtmlCacheBehavior [ RunTime:0.000000s ]
INFO: [ app_begin ] --END-- [ RunTime:0.000000s ]
NOTIC: [8192] mysql_connect(): The mysql extension is deprecated and will be removed in the future: use mysqli or PDO instead E:\PetAdmin\PetAdminShop\ThinkPHP\Library\Think\Db\Driver\Mysql.class.php 第 52 行.
SQL: SHOW COLUMNS FROM `admin_user` [ RunTime:0.005000s ]
SQL: SELECT * FROM `admin_user` WHERE `username` = 'tianxunhulian' LIMIT 1   [ RunTime:0.006000s ]
SQL: select admin_jurisdiction.* from admin_user,admin_user_role,admin_role_jurisdiction,admin_jurisdiction
                where admin_user.id=admin_user_role.user_id
                and admin_user_role.role_id=admin_role_jurisdiction.role_id
                and admin_role_jurisdiction.jurisdiction_id=admin_jurisdiction.j_id
                and admin_user.username='tianxunhulian' [ RunTime:0.004000s ]
SQL: SELECT * FROM admin_jurisdiction WHERE pid = 1 [ RunTime:0.004000s ]
SQL: SELECT * FROM admin_jurisdiction WHERE pid = 2 [ RunTime:0.004000s ]
SQL: SELECT * FROM admin_jurisdiction WHERE pid = 3 [ RunTime:0.005000s ]
SQL: SELECT * FROM admin_jurisdiction WHERE pid = 4 [ RunTime:0.004001s ]
SQL: SELECT * FROM admin_jurisdiction WHERE pid = 5 [ RunTime:0.006000s ]
SQL: SELECT * FROM admin_jurisdiction WHERE pid = 6 [ RunTime:0.006000s ]
SQL: SELECT * FROM admin_jurisdiction WHERE pid = 7 [ RunTime:0.004000s ]
SQL: SELECT * FROM admin_jurisdiction WHERE pid = 8 [ RunTime:0.004001s ]
SQL: SELECT * FROM admin_jurisdiction WHERE pid = 9 [ RunTime:0.006000s ]
SQL: SELECT * FROM admin_jurisdiction WHERE pid = 10 [ RunTime:0.004000s ]
SQL: SELECT * FROM admin_jurisdiction WHERE pid = 42 [ RunTime:0.005001s ]
INFO: [ app_end ] --START--
INFO: Run Behavior\ShowPageTraceBehavior [ RunTime:0.001000s ]
INFO: [ app_end ] --END-- [ RunTime:0.001000s ]

