[ 2017-08-04T05:07:53+08:00 ] 14.215.176.13 /admin.php/Home/Login/Home
INFO: [ app_init ] --START--
INFO: Run Behavior\BuildLiteBehavior [ RunTime:0.000011s ]
INFO: [ app_init ] --END-- [ RunTime:0.000082s ]
INFO: [ app_begin ] --START--
INFO: Run Behavior\ReadHtmlCacheBehavior [ RunTime:0.000031s ]
INFO: [ app_begin ] --END-- [ RunTime:0.000072s ]
NOTIC: [8] Undefined index: username /data/wwwroot/PetAdmin/PetAdminShop/Admin/Home/Controller/LoginController.class.php 第 38 行.
NOTIC: [8192] mysql_connect(): The mysql extension is deprecated and will be removed in the future: use mysqli or PDO instead /data/wwwroot/PetAdmin/PetAdminShop/ThinkPHP/Library/Think/Db/Driver/Mysql.class.php 第 52 行.
SQL: SHOW COLUMNS FROM `admin_user` [ RunTime:0.000449s ]
SQL: SELECT * FROM `admin_user` WHERE `username` = null LIMIT 1   [ RunTime:0.000068s ]

[ 2017-08-04T05:07:53+08:00 ] 14.215.176.13 /admin.php/Home/Login/index
INFO: [ app_init ] --START--
INFO: Run Behavior\BuildLiteBehavior [ RunTime:0.000009s ]
INFO: [ app_init ] --END-- [ RunTime:0.000061s ]
INFO: [ app_begin ] --START--
INFO: Run Behavior\ReadHtmlCacheBehavior [ RunTime:0.000026s ]
INFO: [ app_begin ] --END-- [ RunTime:0.000051s ]
INFO: [ view_parse ] --START--
INFO: [ template_filter ] --START--
INFO: Run Behavior\ContentReplaceBehavior [ RunTime:0.000061s ]
INFO: [ template_filter ] --END-- [ RunTime:0.000093s ]
INFO: Run Behavior\ParseTemplateBehavior [ RunTime:0.002181s ]
INFO: [ view_parse ] --END-- [ RunTime:0.002213s ]
INFO: [ view_filter ] --START--
INFO: Run Behavior\WriteHtmlCacheBehavior [ RunTime:0.000034s ]
INFO: [ view_filter ] --END-- [ RunTime:0.000054s ]
INFO: [ app_end ] --START--
INFO: Run Behavior\ShowPageTraceBehavior [ RunTime:0.000034s ]
INFO: [ app_end ] --END-- [ RunTime:0.000060s ]

[ 2017-08-04T09:27:56+08:00 ] 113.45.55.65 /admin.php/Home/Encyclopedias/EncyclopediasInfoIsOkList
INFO: [ app_init ] --START--
INFO: Run Behavior\BuildLiteBehavior [ RunTime:0.000011s ]
INFO: [ app_init ] --END-- [ RunTime:0.000074s ]
INFO: [ app_begin ] --START--
INFO: Run Behavior\ReadHtmlCacheBehavior [ RunTime:0.000040s ]
INFO: [ app_begin ] --END-- [ RunTime:0.000068s ]
NOTIC: [8] Undefined index: username /data/wwwroot/PetAdmin/PetAdminShop/Admin/Home/Controller/EncyclopediasController.class.php 第 11 行.
NOTIC: [8192] mysql_connect(): The mysql extension is deprecated and will be removed in the future: use mysqli or PDO instead /data/wwwroot/PetAdmin/PetAdminShop/ThinkPHP/Library/Think/Db/Driver/Mysql.class.php 第 52 行.
SQL: SHOW COLUMNS FROM `admin_user` [ RunTime:0.000442s ]
SQL: SELECT * FROM `admin_user` WHERE `username` = null LIMIT 1   [ RunTime:0.000067s ]
NOTIC: [8] Undefined index: page /data/wwwroot/PetAdmin/PetAdminShop/Admin/Home/Controller/EncyclopediasController.class.php 第 120 行.
SQL: SHOW COLUMNS FROM `encyclopedias` [ RunTime:0.000374s ]
SQL: SELECT * FROM `encyclopedias` WHERE ( content_status = 2 )  [ RunTime:0.001423s ]
INFO: [ view_parse ] --START--
INFO: [ template_filter ] --START--
INFO: Run Behavior\ContentReplaceBehavior [ RunTime:0.000103s ]
INFO: [ template_filter ] --END-- [ RunTime:0.000142s ]
INFO: Run Behavior\ParseTemplateBehavior [ RunTime:0.023261s ]
INFO: [ view_parse ] --END-- [ RunTime:0.023300s ]
INFO: [ view_filter ] --START--
INFO: Run Behavior\WriteHtmlCacheBehavior [ RunTime:0.000043s ]
INFO: [ view_filter ] --END-- [ RunTime:0.000065s ]
INFO: [ app_end ] --START--
INFO: Run Behavior\ShowPageTraceBehavior [ RunTime:0.000053s ]
INFO: [ app_end ] --END-- [ RunTime:0.000083s ]

[ 2017-08-04T09:28:25+08:00 ] 113.45.55.65 /admin.php/Home/Login/index
INFO: [ app_init ] --START--
INFO: Run Behavior\BuildLiteBehavior [ RunTime:0.000011s ]
INFO: [ app_init ] --END-- [ RunTime:0.000069s ]
INFO: [ app_begin ] --START--
INFO: Run Behavior\ReadHtmlCacheBehavior [ RunTime:0.000030s ]
INFO: [ app_begin ] --END-- [ RunTime:0.000062s ]
INFO: [ view_parse ] --START--
INFO: [ template_filter ] --START--
INFO: Run Behavior\ContentReplaceBehavior [ RunTime:0.000064s ]
INFO: [ template_filter ] --END-- [ RunTime:0.000098s ]
INFO: Run Behavior\ParseTemplateBehavior [ RunTime:0.004736s ]
INFO: [ view_parse ] --END-- [ RunTime:0.004777s ]
INFO: [ view_filter ] --START--
INFO: Run Behavior\WriteHtmlCacheBehavior [ RunTime:0.000029s ]
INFO: [ view_filter ] --END-- [ RunTime:0.000048s ]
INFO: [ app_end ] --START--
INFO: Run Behavior\ShowPageTraceBehavior [ RunTime:0.000050s ]
INFO: [ app_end ] --END-- [ RunTime:0.000080s ]

[ 2017-08-04T09:28:37+08:00 ] 113.45.55.65 /admin.php/Home/Login/LoginVerification
INFO: [ app_init ] --START--
INFO: Run Behavior\BuildLiteBehavior [ RunTime:0.000011s ]
INFO: [ app_init ] --END-- [ RunTime:0.000069s ]
INFO: [ app_begin ] --START--
INFO: Run Behavior\ReadHtmlCacheBehavior [ RunTime:0.000027s ]
INFO: [ app_begin ] --END-- [ RunTime:0.000054s ]
NOTIC: [8192] mysql_connect(): The mysql extension is deprecated and will be removed in the future: use mysqli or PDO instead /data/wwwroot/PetAdmin/PetAdminShop/ThinkPHP/Library/Think/Db/Driver/Mysql.class.php 第 52 行.
SQL: SHOW COLUMNS FROM `admin_user` [ RunTime:0.000543s ]
SQL: SELECT COUNT(*) AS tp_count FROM `admin_user` WHERE `username` = 'tianxunhulian' AND `password` = 'dGlhbnh1bmh1bGlhbg==' LIMIT 1   [ RunTime:0.000065s ]
INFO: [ app_end ] --START--
INFO: Run Behavior\ShowPageTraceBehavior [ RunTime:0.000030s ]
INFO: [ app_end ] --END-- [ RunTime:0.000054s ]

[ 2017-08-04T09:28:37+08:00 ] 113.45.55.65 /admin.php/Home/Login/Home
INFO: [ app_init ] --START--
INFO: Run Behavior\BuildLiteBehavior [ RunTime:0.000010s ]
INFO: [ app_init ] --END-- [ RunTime:0.000077s ]
INFO: [ app_begin ] --START--
INFO: Run Behavior\ReadHtmlCacheBehavior [ RunTime:0.000028s ]
INFO: [ app_begin ] --END-- [ RunTime:0.000056s ]
NOTIC: [8192] mysql_connect(): The mysql extension is deprecated and will be removed in the future: use mysqli or PDO instead /data/wwwroot/PetAdmin/PetAdminShop/ThinkPHP/Library/Think/Db/Driver/Mysql.class.php 第 52 行.
SQL: SHOW COLUMNS FROM `admin_user` [ RunTime:0.000565s ]
SQL: SELECT * FROM `admin_user` WHERE `username` = 'tianxunhulian' LIMIT 1   [ RunTime:0.000092s ]
SQL: SHOW COLUMNS FROM `orders` [ RunTime:0.000540s ]
SQL: SELECT COUNT(*) AS tp_count FROM `orders` WHERE `create_time` BETWEEN '1501776000' AND '1501862400' LIMIT 1   [ RunTime:0.000313s ]
SQL: SELECT COUNT(*) AS tp_count FROM `orders` WHERE `create_time` BETWEEN '1501776000' AND '1501862400' AND `status` = 2 LIMIT 1   [ RunTime:0.000245s ]
SQL: SELECT COUNT(*) AS tp_count FROM `orders` WHERE `create_time` BETWEEN '1501776000' AND '1501862400' AND `status` = 3 LIMIT 1   [ RunTime:0.000212s ]
INFO: [ view_parse ] --START--
INFO: [ template_filter ] --START--
INFO: Run Behavior\ContentReplaceBehavior [ RunTime:0.000136s ]
INFO: [ template_filter ] --END-- [ RunTime:0.000179s ]
INFO: Run Behavior\ParseTemplateBehavior [ RunTime:0.023791s ]
INFO: [ view_parse ] --END-- [ RunTime:0.023832s ]
INFO: [ view_filter ] --START--
INFO: Run Behavior\WriteHtmlCacheBehavior [ RunTime:0.000031s ]
INFO: [ view_filter ] --END-- [ RunTime:0.000052s ]
INFO: [ app_end ] --START--
INFO: Run Behavior\ShowPageTraceBehavior [ RunTime:0.000032s ]
INFO: [ app_end ] --END-- [ RunTime:0.000059s ]

[ 2017-08-04T09:28:38+08:00 ] 113.45.55.65 /admin.php/Home/Login/MenuLists
INFO: [ app_init ] --START--
INFO: Run Behavior\BuildLiteBehavior [ RunTime:0.000015s ]
INFO: [ app_init ] --END-- [ RunTime:0.000085s ]
INFO: [ app_begin ] --START--
INFO: Run Behavior\ReadHtmlCacheBehavior [ RunTime:0.000026s ]
INFO: [ app_begin ] --END-- [ RunTime:0.000052s ]
NOTIC: [8192] mysql_connect(): The mysql extension is deprecated and will be removed in the future: use mysqli or PDO instead /data/wwwroot/PetAdmin/PetAdminShop/ThinkPHP/Library/Think/Db/Driver/Mysql.class.php 第 52 行.
SQL: select admin_jurisdiction.* from admin_user,admin_user_role,admin_role_jurisdiction,admin_jurisdiction
                where admin_user.id=admin_user_role.user_id
                and admin_user_role.role_id=admin_role_jurisdiction.role_id
                and admin_role_jurisdiction.jurisdiction_id=admin_jurisdiction.j_id
                and admin_user.username='tianxunhulian' [ RunTime:0.000103s ]
SQL: SELECT * FROM admin_jurisdiction WHERE pid = 1 [ RunTime:0.000060s ]
SQL: SELECT * FROM admin_jurisdiction WHERE pid = 2 [ RunTime:0.000054s ]
SQL: SELECT * FROM admin_jurisdiction WHERE pid = 3 [ RunTime:0.000054s ]
SQL: SELECT * FROM admin_jurisdiction WHERE pid = 4 [ RunTime:0.000068s ]
SQL: SELECT * FROM admin_jurisdiction WHERE pid = 5 [ RunTime:0.000067s ]
SQL: SELECT * FROM admin_jurisdiction WHERE pid = 6 [ RunTime:0.000054s ]
SQL: SELECT * FROM admin_jurisdiction WHERE pid = 7 [ RunTime:0.000068s ]
SQL: SELECT * FROM admin_jurisdiction WHERE pid = 8 [ RunTime:0.000066s ]
SQL: SELECT * FROM admin_jurisdiction WHERE pid = 9 [ RunTime:0.000053s ]
SQL: SELECT * FROM admin_jurisdiction WHERE pid = 10 [ RunTime:0.000053s ]
SQL: SELECT * FROM admin_jurisdiction WHERE pid = 42 [ RunTime:0.000054s ]
SQL: SELECT * FROM admin_jurisdiction WHERE pid = 46 [ RunTime:0.000067s ]
INFO: [ app_end ] --START--
INFO: Run Behavior\ShowPageTraceBehavior [ RunTime:0.000028s ]
INFO: [ app_end ] --END-- [ RunTime:0.000052s ]

[ 2017-08-04T09:28:38+08:00 ] 113.45.55.65 /admin.php
INFO: [ app_init ] --START--
INFO: Run Behavior\BuildLiteBehavior [ RunTime:0.000010s ]
INFO: [ app_init ] --END-- [ RunTime:0.000069s ]
INFO: [ app_begin ] --START--
INFO: Run Behavior\ReadHtmlCacheBehavior [ RunTime:0.000050s ]
INFO: [ app_begin ] --END-- [ RunTime:0.000082s ]
INFO: [ view_parse ] --START--
INFO: [ template_filter ] --START--
INFO: Run Behavior\ContentReplaceBehavior [ RunTime:0.000064s ]
INFO: [ template_filter ] --END-- [ RunTime:0.000097s ]
INFO: Run Behavior\ParseTemplateBehavior [ RunTime:0.002227s ]
INFO: [ view_parse ] --END-- [ RunTime:0.002259s ]
INFO: [ view_filter ] --START--
INFO: Run Behavior\WriteHtmlCacheBehavior [ RunTime:0.000027s ]
INFO: [ view_filter ] --END-- [ RunTime:0.000045s ]
INFO: [ app_end ] --START--
INFO: Run Behavior\ShowPageTraceBehavior [ RunTime:0.000027s ]
INFO: [ app_end ] --END-- [ RunTime:0.000054s ]

[ 2017-08-04T09:28:43+08:00 ] 113.45.55.65 /admin.php/Home/Encyclopedias/AddNewEncyclopediasForm
INFO: [ app_init ] --START--
INFO: Run Behavior\BuildLiteBehavior [ RunTime:0.000010s ]
INFO: [ app_init ] --END-- [ RunTime:0.000069s ]
INFO: [ app_begin ] --START--
INFO: Run Behavior\ReadHtmlCacheBehavior [ RunTime:0.000027s ]
INFO: [ app_begin ] --END-- [ RunTime:0.000053s ]
NOTIC: [8192] mysql_connect(): The mysql extension is deprecated and will be removed in the future: use mysqli or PDO instead /data/wwwroot/PetAdmin/PetAdminShop/ThinkPHP/Library/Think/Db/Driver/Mysql.class.php 第 52 行.
SQL: SHOW COLUMNS FROM `admin_user` [ RunTime:0.000497s ]
SQL: SELECT * FROM `admin_user` WHERE `username` = 'tianxunhulian' LIMIT 1   [ RunTime:0.000069s ]
INFO: [ view_parse ] --START--
INFO: [ template_filter ] --START--
INFO: Run Behavior\ContentReplaceBehavior [ RunTime:0.000102s ]
INFO: [ template_filter ] --END-- [ RunTime:0.000138s ]
NOTIC: [8] Undefined variable: num /data/wwwroot/PetAdmin/PetAdminShop/Admin/Runtime/Cache/Home/9e84bb7002e2d11d735fe7a9d6c98c80.php 第 226 行.
NOTIC: [8] Undefined variable: num /data/wwwroot/PetAdmin/PetAdminShop/Admin/Runtime/Cache/Home/9e84bb7002e2d11d735fe7a9d6c98c80.php 第 232 行.
NOTIC: [8] Undefined variable: num /data/wwwroot/PetAdmin/PetAdminShop/Admin/Runtime/Cache/Home/9e84bb7002e2d11d735fe7a9d6c98c80.php 第 236 行.
NOTIC: [8] Undefined variable: num /data/wwwroot/PetAdmin/PetAdminShop/Admin/Runtime/Cache/Home/9e84bb7002e2d11d735fe7a9d6c98c80.php 第 240 行.
INFO: Run Behavior\ParseTemplateBehavior [ RunTime:0.007494s ]
INFO: [ view_parse ] --END-- [ RunTime:0.007522s ]
INFO: [ view_filter ] --START--
INFO: Run Behavior\WriteHtmlCacheBehavior [ RunTime:0.000054s ]
INFO: [ view_filter ] --END-- [ RunTime:0.000077s ]
INFO: [ app_end ] --START--
INFO: Run Behavior\ShowPageTraceBehavior [ RunTime:0.000030s ]
INFO: [ app_end ] --END-- [ RunTime:0.000054s ]

[ 2017-08-04T09:28:43+08:00 ] 113.45.55.65 /admin.php/Home/Encyclopedias/MenuLists
INFO: [ app_init ] --START--
INFO: Run Behavior\BuildLiteBehavior [ RunTime:0.000010s ]
INFO: [ app_init ] --END-- [ RunTime:0.000067s ]
INFO: [ app_begin ] --START--
INFO: Run Behavior\ReadHtmlCacheBehavior [ RunTime:0.000028s ]
INFO: [ app_begin ] --END-- [ RunTime:0.000051s ]
NOTIC: [8192] mysql_connect(): The mysql extension is deprecated and will be removed in the future: use mysqli or PDO instead /data/wwwroot/PetAdmin/PetAdminShop/ThinkPHP/Library/Think/Db/Driver/Mysql.class.php 第 52 行.
SQL: SHOW COLUMNS FROM `admin_user` [ RunTime:0.000467s ]
SQL: SELECT * FROM `admin_user` WHERE `username` = 'tianxunhulian' LIMIT 1   [ RunTime:0.000068s ]
SQL: select admin_jurisdiction.* from admin_user,admin_user_role,admin_role_jurisdiction,admin_jurisdiction
                where admin_user.id=admin_user_role.user_id
                and admin_user_role.role_id=admin_role_jurisdiction.role_id
                and admin_role_jurisdiction.jurisdiction_id=admin_jurisdiction.j_id
                and admin_user.username='tianxunhulian' [ RunTime:0.000073s ]
SQL: SELECT * FROM admin_jurisdiction WHERE pid = 1 [ RunTime:0.000054s ]
SQL: SELECT * FROM admin_jurisdiction WHERE pid = 2 [ RunTime:0.000053s ]
SQL: SELECT * FROM admin_jurisdiction WHERE pid = 3 [ RunTime:0.000057s ]
SQL: SELECT * FROM admin_jurisdiction WHERE pid = 4 [ RunTime:0.000062s ]
SQL: SELECT * FROM admin_jurisdiction WHERE pid = 5 [ RunTime:0.000084s ]
SQL: SELECT * FROM admin_jurisdiction WHERE pid = 6 [ RunTime:0.000055s ]
SQL: SELECT * FROM admin_jurisdiction WHERE pid = 7 [ RunTime:0.000052s ]
SQL: SELECT * FROM admin_jurisdiction WHERE pid = 8 [ RunTime:0.000052s ]
SQL: SELECT * FROM admin_jurisdiction WHERE pid = 9 [ RunTime:0.000051s ]
SQL: SELECT * FROM admin_jurisdiction WHERE pid = 10 [ RunTime:0.000052s ]
SQL: SELECT * FROM admin_jurisdiction WHERE pid = 42 [ RunTime:0.000065s ]
SQL: SELECT * FROM admin_jurisdiction WHERE pid = 46 [ RunTime:0.000054s ]
INFO: [ app_end ] --START--
INFO: Run Behavior\ShowPageTraceBehavior [ RunTime:0.000045s ]
INFO: [ app_end ] --END-- [ RunTime:0.000069s ]

[ 2017-08-04T09:28:45+08:00 ] 113.45.55.65 /admin.php/Home/Encyclopedias/AddNewEncyclopediasInfo
INFO: [ app_init ] --START--
INFO: Run Behavior\BuildLiteBehavior [ RunTime:0.000010s ]
INFO: [ app_init ] --END-- [ RunTime:0.000067s ]
INFO: [ app_begin ] --START--
INFO: Run Behavior\ReadHtmlCacheBehavior [ RunTime:0.000027s ]
INFO: [ app_begin ] --END-- [ RunTime:0.000052s ]
NOTIC: [8192] mysql_connect(): The mysql extension is deprecated and will be removed in the future: use mysqli or PDO instead /data/wwwroot/PetAdmin/PetAdminShop/ThinkPHP/Library/Think/Db/Driver/Mysql.class.php 第 52 行.
SQL: SHOW COLUMNS FROM `admin_user` [ RunTime:0.000503s ]
SQL: SELECT * FROM `admin_user` WHERE `username` = 'tianxunhulian' LIMIT 1   [ RunTime:0.000068s ]
NOTIC: [8] Undefined index: page /data/wwwroot/PetAdmin/PetAdminShop/Admin/Home/Controller/EncyclopediasController.class.php 第 93 行.
SQL: SHOW COLUMNS FROM `encyclopedias` [ RunTime:0.000459s ]
SQL: SELECT * FROM `encyclopedias` WHERE ( content_status = 1 )  [ RunTime:0.004320s ]
INFO: [ view_parse ] --START--
INFO: [ template_filter ] --START--
INFO: Run Behavior\ContentReplaceBehavior [ RunTime:0.000130s ]
INFO: [ template_filter ] --END-- [ RunTime:0.000168s ]
INFO: Run Behavior\ParseTemplateBehavior [ RunTime:0.008450s ]
INFO: [ view_parse ] --END-- [ RunTime:0.008490s ]
INFO: [ view_filter ] --START--
INFO: Run Behavior\WriteHtmlCacheBehavior [ RunTime:0.000029s ]
INFO: [ view_filter ] --END-- [ RunTime:0.000049s ]
INFO: [ app_end ] --START--
INFO: Run Behavior\ShowPageTraceBehavior [ RunTime:0.000032s ]
INFO: [ app_end ] --END-- [ RunTime:0.000060s ]

[ 2017-08-04T09:28:45+08:00 ] 113.45.55.65 /admin.php/Home/Encyclopedias/MenuLists
INFO: [ app_init ] --START--
INFO: Run Behavior\BuildLiteBehavior [ RunTime:0.000009s ]
INFO: [ app_init ] --END-- [ RunTime:0.000067s ]
INFO: [ app_begin ] --START--
INFO: Run Behavior\ReadHtmlCacheBehavior [ RunTime:0.000039s ]
INFO: [ app_begin ] --END-- [ RunTime:0.000071s ]
NOTIC: [8192] mysql_connect(): The mysql extension is deprecated and will be removed in the future: use mysqli or PDO instead /data/wwwroot/PetAdmin/PetAdminShop/ThinkPHP/Library/Think/Db/Driver/Mysql.class.php 第 52 行.
SQL: SHOW COLUMNS FROM `admin_user` [ RunTime:0.000488s ]
SQL: SELECT * FROM `admin_user` WHERE `username` = 'tianxunhulian' LIMIT 1   [ RunTime:0.000069s ]
SQL: select admin_jurisdiction.* from admin_user,admin_user_role,admin_role_jurisdiction,admin_jurisdiction
                where admin_user.id=admin_user_role.user_id
                and admin_user_role.role_id=admin_role_jurisdiction.role_id
                and admin_role_jurisdiction.jurisdiction_id=admin_jurisdiction.j_id
                and admin_user.username='tianxunhulian' [ RunTime:0.000072s ]
SQL: SELECT * FROM admin_jurisdiction WHERE pid = 1 [ RunTime:0.000053s ]
SQL: SELECT * FROM admin_jurisdiction WHERE pid = 2 [ RunTime:0.000055s ]
SQL: SELECT * FROM admin_jurisdiction WHERE pid = 3 [ RunTime:0.000062s ]
SQL: SELECT * FROM admin_jurisdiction WHERE pid = 4 [ RunTime:0.000056s ]
SQL: SELECT * FROM admin_jurisdiction WHERE pid = 5 [ RunTime:0.000053s ]
SQL: SELECT * FROM admin_jurisdiction WHERE pid = 6 [ RunTime:0.000165s ]
SQL: SELECT * FROM admin_jurisdiction WHERE pid = 7 [ RunTime:0.000057s ]
SQL: SELECT * FROM admin_jurisdiction WHERE pid = 8 [ RunTime:0.000052s ]
SQL: SELECT * FROM admin_jurisdiction WHERE pid = 9 [ RunTime:0.000064s ]
SQL: SELECT * FROM admin_jurisdiction WHERE pid = 10 [ RunTime:0.000054s ]
SQL: SELECT * FROM admin_jurisdiction WHERE pid = 42 [ RunTime:0.000071s ]
SQL: SELECT * FROM admin_jurisdiction WHERE pid = 46 [ RunTime:0.000055s ]
INFO: [ app_end ] --START--
INFO: Run Behavior\ShowPageTraceBehavior [ RunTime:0.000029s ]
INFO: [ app_end ] --END-- [ RunTime:0.000076s ]

[ 2017-08-04T09:28:48+08:00 ] 113.45.55.65 /admin.php/Home/Encyclopedias/EncyclopediasInfoIsOkList
INFO: [ app_init ] --START--
INFO: Run Behavior\BuildLiteBehavior [ RunTime:0.000010s ]
INFO: [ app_init ] --END-- [ RunTime:0.000068s ]
INFO: [ app_begin ] --START--
INFO: Run Behavior\ReadHtmlCacheBehavior [ RunTime:0.000036s ]
INFO: [ app_begin ] --END-- [ RunTime:0.000062s ]
NOTIC: [8192] mysql_connect(): The mysql extension is deprecated and will be removed in the future: use mysqli or PDO instead /data/wwwroot/PetAdmin/PetAdminShop/ThinkPHP/Library/Think/Db/Driver/Mysql.class.php 第 52 行.
SQL: SHOW COLUMNS FROM `admin_user` [ RunTime:0.000528s ]
SQL: SELECT * FROM `admin_user` WHERE `username` = 'tianxunhulian' LIMIT 1   [ RunTime:0.000107s ]
NOTIC: [8] Undefined index: page /data/wwwroot/PetAdmin/PetAdminShop/Admin/Home/Controller/EncyclopediasController.class.php 第 120 行.
SQL: SHOW COLUMNS FROM `encyclopedias` [ RunTime:0.000392s ]
SQL: SELECT * FROM `encyclopedias` WHERE ( content_status = 2 )  [ RunTime:0.000080s ]
INFO: [ view_parse ] --START--
INFO: [ template_filter ] --START--
INFO: Run Behavior\ContentReplaceBehavior [ RunTime:0.000104s ]
INFO: [ template_filter ] --END-- [ RunTime:0.000139s ]
INFO: Run Behavior\ParseTemplateBehavior [ RunTime:0.008924s ]
INFO: [ view_parse ] --END-- [ RunTime:0.008964s ]
INFO: [ view_filter ] --START--
INFO: Run Behavior\WriteHtmlCacheBehavior [ RunTime:0.000030s ]
INFO: [ view_filter ] --END-- [ RunTime:0.000049s ]
INFO: [ app_end ] --START--
INFO: Run Behavior\ShowPageTraceBehavior [ RunTime:0.000028s ]
INFO: [ app_end ] --END-- [ RunTime:0.000054s ]

[ 2017-08-04T09:28:48+08:00 ] 113.45.55.65 /admin.php/Home/Encyclopedias/MenuLists
INFO: [ app_init ] --START--
INFO: Run Behavior\BuildLiteBehavior [ RunTime:0.000010s ]
INFO: [ app_init ] --END-- [ RunTime:0.000074s ]
INFO: [ app_begin ] --START--
INFO: Run Behavior\ReadHtmlCacheBehavior [ RunTime:0.000042s ]
INFO: [ app_begin ] --END-- [ RunTime:0.000068s ]
NOTIC: [8192] mysql_connect(): The mysql extension is deprecated and will be removed in the future: use mysqli or PDO instead /data/wwwroot/PetAdmin/PetAdminShop/ThinkPHP/Library/Think/Db/Driver/Mysql.class.php 第 52 行.
SQL: SHOW COLUMNS FROM `admin_user` [ RunTime:0.001327s ]
SQL: SELECT * FROM `admin_user` WHERE `username` = 'tianxunhulian' LIMIT 1   [ RunTime:0.000073s ]
SQL: select admin_jurisdiction.* from admin_user,admin_user_role,admin_role_jurisdiction,admin_jurisdiction
                where admin_user.id=admin_user_role.user_id
                and admin_user_role.role_id=admin_role_jurisdiction.role_id
                and admin_role_jurisdiction.jurisdiction_id=admin_jurisdiction.j_id
                and admin_user.username='tianxunhulian' [ RunTime:0.000100s ]
SQL: SELECT * FROM admin_jurisdiction WHERE pid = 1 [ RunTime:0.000059s ]
SQL: SELECT * FROM admin_jurisdiction WHERE pid = 2 [ RunTime:0.000054s ]
SQL: SELECT * FROM admin_jurisdiction WHERE pid = 3 [ RunTime:0.000054s ]
SQL: SELECT * FROM admin_jurisdiction WHERE pid = 4 [ RunTime:0.000055s ]
SQL: SELECT * FROM admin_jurisdiction WHERE pid = 5 [ RunTime:0.000053s ]
SQL: SELECT * FROM admin_jurisdiction WHERE pid = 6 [ RunTime:0.000056s ]
SQL: SELECT * FROM admin_jurisdiction WHERE pid = 7 [ RunTime:0.000051s ]
SQL: SELECT * FROM admin_jurisdiction WHERE pid = 8 [ RunTime:0.000067s ]
SQL: SELECT * FROM admin_jurisdiction WHERE pid = 9 [ RunTime:0.000054s ]
SQL: SELECT * FROM admin_jurisdiction WHERE pid = 10 [ RunTime:0.000054s ]
SQL: SELECT * FROM admin_jurisdiction WHERE pid = 42 [ RunTime:0.000055s ]
SQL: SELECT * FROM admin_jurisdiction WHERE pid = 46 [ RunTime:0.000054s ]
INFO: [ app_end ] --START--
INFO: Run Behavior\ShowPageTraceBehavior [ RunTime:0.000030s ]
INFO: [ app_end ] --END-- [ RunTime:0.000053s ]

[ 2017-08-04T09:29:07+08:00 ] 113.45.55.65 /admin.php/Home/Login/LoginVerification
INFO: [ app_init ] --START--
INFO: Run Behavior\BuildLiteBehavior [ RunTime:0.000011s ]
INFO: [ app_init ] --END-- [ RunTime:0.000091s ]
INFO: [ app_begin ] --START--
INFO: Run Behavior\ReadHtmlCacheBehavior [ RunTime:0.000028s ]
INFO: [ app_begin ] --END-- [ RunTime:0.000052s ]
NOTIC: [8192] mysql_connect(): The mysql extension is deprecated and will be removed in the future: use mysqli or PDO instead /data/wwwroot/PetAdmin/PetAdminShop/ThinkPHP/Library/Think/Db/Driver/Mysql.class.php 第 52 行.
SQL: SHOW COLUMNS FROM `admin_user` [ RunTime:0.000552s ]
SQL: SELECT COUNT(*) AS tp_count FROM `admin_user` WHERE `username` = 'tianxunhulian' AND `password` = 'dGlhbnh1bmh1bGlu' LIMIT 1   [ RunTime:0.000270s ]
INFO: [ app_end ] --START--
INFO: Run Behavior\ShowPageTraceBehavior [ RunTime:0.000036s ]
INFO: [ app_end ] --END-- [ RunTime:0.000084s ]

[ 2017-08-04T09:29:07+08:00 ] 113.45.55.65 /admin.php
INFO: [ app_init ] --START--
INFO: Run Behavior\BuildLiteBehavior [ RunTime:0.000011s ]
INFO: [ app_init ] --END-- [ RunTime:0.000070s ]
INFO: [ app_begin ] --START--
INFO: Run Behavior\ReadHtmlCacheBehavior [ RunTime:0.000029s ]
INFO: [ app_begin ] --END-- [ RunTime:0.000073s ]
INFO: [ view_parse ] --START--
INFO: [ template_filter ] --START--
INFO: Run Behavior\ContentReplaceBehavior [ RunTime:0.000063s ]
INFO: [ template_filter ] --END-- [ RunTime:0.000095s ]
INFO: Run Behavior\ParseTemplateBehavior [ RunTime:0.003055s ]
INFO: [ view_parse ] --END-- [ RunTime:0.003087s ]
INFO: [ view_filter ] --START--
INFO: Run Behavior\WriteHtmlCacheBehavior [ RunTime:0.000034s ]
INFO: [ view_filter ] --END-- [ RunTime:0.000053s ]
INFO: [ app_end ] --START--
INFO: Run Behavior\ShowPageTraceBehavior [ RunTime:0.000027s ]
INFO: [ app_end ] --END-- [ RunTime:0.000052s ]

[ 2017-08-04T09:29:28+08:00 ] 113.45.55.65 /admin.php/Home/Login/LoginVerification
INFO: [ app_init ] --START--
INFO: Run Behavior\BuildLiteBehavior [ RunTime:0.000011s ]
INFO: [ app_init ] --END-- [ RunTime:0.000068s ]
INFO: [ app_begin ] --START--
INFO: Run Behavior\ReadHtmlCacheBehavior [ RunTime:0.000041s ]
INFO: [ app_begin ] --END-- [ RunTime:0.000083s ]
NOTIC: [8192] mysql_connect(): The mysql extension is deprecated and will be removed in the future: use mysqli or PDO instead /data/wwwroot/PetAdmin/PetAdminShop/ThinkPHP/Library/Think/Db/Driver/Mysql.class.php 第 52 行.
SQL: SHOW COLUMNS FROM `admin_user` [ RunTime:0.000532s ]
SQL: SELECT COUNT(*) AS tp_count FROM `admin_user` WHERE `username` = 'tianxunhulian' AND `password` = 'dGlhbnh1bmh1bGlhbg==' LIMIT 1   [ RunTime:0.000068s ]
INFO: [ app_end ] --START--
INFO: Run Behavior\ShowPageTraceBehavior [ RunTime:0.000029s ]
INFO: [ app_end ] --END-- [ RunTime:0.000051s ]

[ 2017-08-04T09:29:29+08:00 ] 113.45.55.65 /admin.php/Home/Login/Home
INFO: [ app_init ] --START--
INFO: Run Behavior\BuildLiteBehavior [ RunTime:0.000010s ]
INFO: [ app_init ] --END-- [ RunTime:0.000060s ]
INFO: [ app_begin ] --START--
INFO: Run Behavior\ReadHtmlCacheBehavior [ RunTime:0.000035s ]
INFO: [ app_begin ] --END-- [ RunTime:0.000068s ]
NOTIC: [8192] mysql_connect(): The mysql extension is deprecated and will be removed in the future: use mysqli or PDO instead /data/wwwroot/PetAdmin/PetAdminShop/ThinkPHP/Library/Think/Db/Driver/Mysql.class.php 第 52 行.
SQL: SHOW COLUMNS FROM `admin_user` [ RunTime:0.000449s ]
SQL: SELECT * FROM `admin_user` WHERE `username` = 'tianxunhulian' LIMIT 1   [ RunTime:0.000070s ]
SQL: SHOW COLUMNS FROM `orders` [ RunTime:0.000453s ]
SQL: SELECT COUNT(*) AS tp_count FROM `orders` WHERE `create_time` BETWEEN '1501776000' AND '1501862400' LIMIT 1   [ RunTime:0.000066s ]
SQL: SELECT COUNT(*) AS tp_count FROM `orders` WHERE `create_time` BETWEEN '1501776000' AND '1501862400' AND `status` = 2 LIMIT 1   [ RunTime:0.000057s ]
SQL: SELECT COUNT(*) AS tp_count FROM `orders` WHERE `create_time` BETWEEN '1501776000' AND '1501862400' AND `status` = 3 LIMIT 1   [ RunTime:0.000055s ]
INFO: [ view_parse ] --START--
INFO: [ template_filter ] --START--
INFO: Run Behavior\ContentReplaceBehavior [ RunTime:0.000088s ]
INFO: [ template_filter ] --END-- [ RunTime:0.000135s ]
INFO: Run Behavior\ParseTemplateBehavior [ RunTime:0.005943s ]
INFO: [ view_parse ] --END-- [ RunTime:0.005974s ]
INFO: [ view_filter ] --START--
INFO: Run Behavior\WriteHtmlCacheBehavior [ RunTime:0.000027s ]
INFO: [ view_filter ] --END-- [ RunTime:0.000047s ]
INFO: [ app_end ] --START--
INFO: Run Behavior\ShowPageTraceBehavior [ RunTime:0.000030s ]
INFO: [ app_end ] --END-- [ RunTime:0.000063s ]

[ 2017-08-04T09:29:29+08:00 ] 113.45.55.65 /admin.php/Home/Login/MenuLists
INFO: [ app_init ] --START--
INFO: Run Behavior\BuildLiteBehavior [ RunTime:0.000010s ]
INFO: [ app_init ] --END-- [ RunTime:0.000086s ]
INFO: [ app_begin ] --START--
INFO: Run Behavior\ReadHtmlCacheBehavior [ RunTime:0.000032s ]
INFO: [ app_begin ] --END-- [ RunTime:0.000063s ]
NOTIC: [8192] mysql_connect(): The mysql extension is deprecated and will be removed in the future: use mysqli or PDO instead /data/wwwroot/PetAdmin/PetAdminShop/ThinkPHP/Library/Think/Db/Driver/Mysql.class.php 第 52 行.
SQL: select admin_jurisdiction.* from admin_user,admin_user_role,admin_role_jurisdiction,admin_jurisdiction
                where admin_user.id=admin_user_role.user_id
                and admin_user_role.role_id=admin_role_jurisdiction.role_id
                and admin_role_jurisdiction.jurisdiction_id=admin_jurisdiction.j_id
                and admin_user.username='tianxunhulian' [ RunTime:0.000085s ]
SQL: SELECT * FROM admin_jurisdiction WHERE pid = 1 [ RunTime:0.000058s ]
SQL: SELECT * FROM admin_jurisdiction WHERE pid = 2 [ RunTime:0.000055s ]
SQL: SELECT * FROM admin_jurisdiction WHERE pid = 3 [ RunTime:0.000057s ]
SQL: SELECT * FROM admin_jurisdiction WHERE pid = 4 [ RunTime:0.000060s ]
SQL: SELECT * FROM admin_jurisdiction WHERE pid = 5 [ RunTime:0.000058s ]
SQL: SELECT * FROM admin_jurisdiction WHERE pid = 6 [ RunTime:0.000056s ]
SQL: SELECT * FROM admin_jurisdiction WHERE pid = 7 [ RunTime:0.000153s ]
SQL: SELECT * FROM admin_jurisdiction WHERE pid = 8 [ RunTime:0.000056s ]
SQL: SELECT * FROM admin_jurisdiction WHERE pid = 9 [ RunTime:0.000054s ]
SQL: SELECT * FROM admin_jurisdiction WHERE pid = 10 [ RunTime:0.000067s ]
SQL: SELECT * FROM admin_jurisdiction WHERE pid = 42 [ RunTime:0.000061s ]
SQL: SELECT * FROM admin_jurisdiction WHERE pid = 46 [ RunTime:0.000093s ]
INFO: [ app_end ] --START--
INFO: Run Behavior\ShowPageTraceBehavior [ RunTime:0.000030s ]
INFO: [ app_end ] --END-- [ RunTime:0.000053s ]

[ 2017-08-04T09:29:35+08:00 ] 113.45.55.65 /admin.php/Home/Login/HomeGoodsInfo
INFO: [ app_init ] --START--
INFO: Run Behavior\BuildLiteBehavior [ RunTime:0.000011s ]
INFO: [ app_init ] --END-- [ RunTime:0.000088s ]
INFO: [ app_begin ] --START--
INFO: Run Behavior\ReadHtmlCacheBehavior [ RunTime:0.000027s ]
INFO: [ app_begin ] --END-- [ RunTime:0.000052s ]
NOTIC: [8192] mysql_connect(): The mysql extension is deprecated and will be removed in the future: use mysqli or PDO instead /data/wwwroot/PetAdmin/PetAdminShop/ThinkPHP/Library/Think/Db/Driver/Mysql.class.php 第 52 行.
SQL: SHOW COLUMNS FROM `orders` [ RunTime:0.000905s ]
SQL: SELECT COUNT(*) AS tp_count FROM `orders` WHERE `create_time` BETWEEN '1501776000' AND '1501862400' AND `status` = 2 LIMIT 1   [ RunTime:0.000068s ]
INFO: [ app_end ] --START--
INFO: Run Behavior\ShowPageTraceBehavior [ RunTime:0.000030s ]
INFO: [ app_end ] --END-- [ RunTime:0.000053s ]

[ 2017-08-04T09:29:40+08:00 ] 113.45.55.65 /admin.php/Home/Login/HomeGoodsInfo
INFO: [ app_init ] --START--
INFO: Run Behavior\BuildLiteBehavior [ RunTime:0.000010s ]
INFO: [ app_init ] --END-- [ RunTime:0.000066s ]
INFO: [ app_begin ] --START--
INFO: Run Behavior\ReadHtmlCacheBehavior [ RunTime:0.000026s ]
INFO: [ app_begin ] --END-- [ RunTime:0.000050s ]
NOTIC: [8192] mysql_connect(): The mysql extension is deprecated and will be removed in the future: use mysqli or PDO instead /data/wwwroot/PetAdmin/PetAdminShop/ThinkPHP/Library/Think/Db/Driver/Mysql.class.php 第 52 行.
SQL: SHOW COLUMNS FROM `orders` [ RunTime:0.000570s ]
SQL: SELECT COUNT(*) AS tp_count FROM `orders` WHERE `create_time` BETWEEN '1501776000' AND '1501862400' AND `status` = 2 LIMIT 1   [ RunTime:0.000064s ]
INFO: [ app_end ] --START--
INFO: Run Behavior\ShowPageTraceBehavior [ RunTime:0.000028s ]
INFO: [ app_end ] --END-- [ RunTime:0.000050s ]

[ 2017-08-04T09:29:45+08:00 ] 113.45.55.65 /admin.php/Home/Login/HomeGoodsInfo
INFO: [ app_init ] --START--
INFO: Run Behavior\BuildLiteBehavior [ RunTime:0.000011s ]
INFO: [ app_init ] --END-- [ RunTime:0.000068s ]
INFO: [ app_begin ] --START--
INFO: Run Behavior\ReadHtmlCacheBehavior [ RunTime:0.000043s ]
INFO: [ app_begin ] --END-- [ RunTime:0.000068s ]
NOTIC: [8192] mysql_connect(): The mysql extension is deprecated and will be removed in the future: use mysqli or PDO instead /data/wwwroot/PetAdmin/PetAdminShop/ThinkPHP/Library/Think/Db/Driver/Mysql.class.php 第 52 行.
SQL: SHOW COLUMNS FROM `orders` [ RunTime:0.000624s ]
SQL: SELECT COUNT(*) AS tp_count FROM `orders` WHERE `create_time` BETWEEN '1501776000' AND '1501862400' AND `status` = 2 LIMIT 1   [ RunTime:0.000089s ]
INFO: [ app_end ] --START--
INFO: Run Behavior\ShowPageTraceBehavior [ RunTime:0.000028s ]
INFO: [ app_end ] --END-- [ RunTime:0.000050s ]

[ 2017-08-04T09:29:50+08:00 ] 113.45.55.65 /admin.php/Home/Login/HomeGoodsInfo
INFO: [ app_init ] --START--
INFO: Run Behavior\BuildLiteBehavior [ RunTime:0.000012s ]
INFO: [ app_init ] --END-- [ RunTime:0.000111s ]
INFO: [ app_begin ] --START--
INFO: Run Behavior\ReadHtmlCacheBehavior [ RunTime:0.000028s ]
INFO: [ app_begin ] --END-- [ RunTime:0.000051s ]
NOTIC: [8192] mysql_connect(): The mysql extension is deprecated and will be removed in the future: use mysqli or PDO instead /data/wwwroot/PetAdmin/PetAdminShop/ThinkPHP/Library/Think/Db/Driver/Mysql.class.php 第 52 行.
SQL: SHOW COLUMNS FROM `orders` [ RunTime:0.001215s ]
SQL: SELECT COUNT(*) AS tp_count FROM `orders` WHERE `create_time` BETWEEN '1501776000' AND '1501862400' AND `status` = 2 LIMIT 1   [ RunTime:0.000069s ]
INFO: [ app_end ] --START--
INFO: Run Behavior\ShowPageTraceBehavior [ RunTime:0.000034s ]
INFO: [ app_end ] --END-- [ RunTime:0.000063s ]

[ 2017-08-04T09:29:55+08:00 ] 113.45.55.65 /admin.php/Home/Login/HomeGoodsInfo
INFO: [ app_init ] --START--
INFO: Run Behavior\BuildLiteBehavior [ RunTime:0.000011s ]
INFO: [ app_init ] --END-- [ RunTime:0.000067s ]
INFO: [ app_begin ] --START--
INFO: Run Behavior\ReadHtmlCacheBehavior [ RunTime:0.000037s ]
INFO: [ app_begin ] --END-- [ RunTime:0.000062s ]
NOTIC: [8192] mysql_connect(): The mysql extension is deprecated and will be removed in the future: use mysqli or PDO instead /data/wwwroot/PetAdmin/PetAdminShop/ThinkPHP/Library/Think/Db/Driver/Mysql.class.php 第 52 行.
SQL: SHOW COLUMNS FROM `orders` [ RunTime:0.001210s ]
SQL: SELECT COUNT(*) AS tp_count FROM `orders` WHERE `create_time` BETWEEN '1501776000' AND '1501862400' AND `status` = 2 LIMIT 1   [ RunTime:0.000072s ]
INFO: [ app_end ] --START--
INFO: Run Behavior\ShowPageTraceBehavior [ RunTime:0.000033s ]
INFO: [ app_end ] --END-- [ RunTime:0.000058s ]

[ 2017-08-04T09:30:00+08:00 ] 113.45.55.65 /admin.php/Home/Login/HomeGoodsInfo
INFO: [ app_init ] --START--
INFO: Run Behavior\BuildLiteBehavior [ RunTime:0.000014s ]
INFO: [ app_init ] --END-- [ RunTime:0.000092s ]
INFO: [ app_begin ] --START--
INFO: Run Behavior\ReadHtmlCacheBehavior [ RunTime:0.000032s ]
INFO: [ app_begin ] --END-- [ RunTime:0.000060s ]
NOTIC: [8192] mysql_connect(): The mysql extension is deprecated and will be removed in the future: use mysqli or PDO instead /data/wwwroot/PetAdmin/PetAdminShop/ThinkPHP/Library/Think/Db/Driver/Mysql.class.php 第 52 行.
SQL: SHOW COLUMNS FROM `orders` [ RunTime:0.000603s ]
SQL: SELECT COUNT(*) AS tp_count FROM `orders` WHERE `create_time` BETWEEN '1501776000' AND '1501862400' AND `status` = 2 LIMIT 1   [ RunTime:0.000065s ]
INFO: [ app_end ] --START--
INFO: Run Behavior\ShowPageTraceBehavior [ RunTime:0.000028s ]
INFO: [ app_end ] --END-- [ RunTime:0.000053s ]

[ 2017-08-04T09:30:05+08:00 ] 113.45.55.65 /admin.php/Home/Login/HomeGoodsInfo
INFO: [ app_init ] --START--
INFO: Run Behavior\BuildLiteBehavior [ RunTime:0.000011s ]
INFO: [ app_init ] --END-- [ RunTime:0.000073s ]
INFO: [ app_begin ] --START--
INFO: Run Behavior\ReadHtmlCacheBehavior [ RunTime:0.000043s ]
INFO: [ app_begin ] --END-- [ RunTime:0.000079s ]
NOTIC: [8192] mysql_connect(): The mysql extension is deprecated and will be removed in the future: use mysqli or PDO instead /data/wwwroot/PetAdmin/PetAdminShop/ThinkPHP/Library/Think/Db/Driver/Mysql.class.php 第 52 行.
SQL: SHOW COLUMNS FROM `orders` [ RunTime:0.000652s ]
SQL: SELECT COUNT(*) AS tp_count FROM `orders` WHERE `create_time` BETWEEN '1501776000' AND '1501862400' AND `status` = 2 LIMIT 1   [ RunTime:0.000087s ]
INFO: [ app_end ] --START--
INFO: Run Behavior\ShowPageTraceBehavior [ RunTime:0.000030s ]
INFO: [ app_end ] --END-- [ RunTime:0.000056s ]

[ 2017-08-04T09:30:10+08:00 ] 113.45.55.65 /admin.php/Home/Login/HomeGoodsInfo
INFO: [ app_init ] --START--
INFO: Run Behavior\BuildLiteBehavior [ RunTime:0.000010s ]
INFO: [ app_init ] --END-- [ RunTime:0.000073s ]
INFO: [ app_begin ] --START--
INFO: Run Behavior\ReadHtmlCacheBehavior [ RunTime:0.000033s ]
INFO: [ app_begin ] --END-- [ RunTime:0.000059s ]
NOTIC: [8192] mysql_connect(): The mysql extension is deprecated and will be removed in the future: use mysqli or PDO instead /data/wwwroot/PetAdmin/PetAdminShop/ThinkPHP/Library/Think/Db/Driver/Mysql.class.php 第 52 行.
SQL: SHOW COLUMNS FROM `orders` [ RunTime:0.000642s ]
SQL: SELECT COUNT(*) AS tp_count FROM `orders` WHERE `create_time` BETWEEN '1501776000' AND '1501862400' AND `status` = 2 LIMIT 1   [ RunTime:0.000069s ]
INFO: [ app_end ] --START--
INFO: Run Behavior\ShowPageTraceBehavior [ RunTime:0.000036s ]
INFO: [ app_end ] --END-- [ RunTime:0.000062s ]

[ 2017-08-04T09:30:16+08:00 ] 113.45.55.65 /admin.php/Home/Login/HomeGoodsInfo
INFO: [ app_init ] --START--
INFO: Run Behavior\BuildLiteBehavior [ RunTime:0.000012s ]
INFO: [ app_init ] --END-- [ RunTime:0.000069s ]
INFO: [ app_begin ] --START--
INFO: Run Behavior\ReadHtmlCacheBehavior [ RunTime:0.000030s ]
INFO: [ app_begin ] --END-- [ RunTime:0.000054s ]
NOTIC: [8192] mysql_connect(): The mysql extension is deprecated and will be removed in the future: use mysqli or PDO instead /data/wwwroot/PetAdmin/PetAdminShop/ThinkPHP/Library/Think/Db/Driver/Mysql.class.php 第 52 行.
SQL: SHOW COLUMNS FROM `orders` [ RunTime:0.000644s ]
SQL: SELECT COUNT(*) AS tp_count FROM `orders` WHERE `create_time` BETWEEN '1501776000' AND '1501862400' AND `status` = 2 LIMIT 1   [ RunTime:0.000070s ]
INFO: [ app_end ] --START--
INFO: Run Behavior\ShowPageTraceBehavior [ RunTime:0.000030s ]
INFO: [ app_end ] --END-- [ RunTime:0.000054s ]

[ 2017-08-04T09:30:21+08:00 ] 113.45.55.65 /admin.php/Home/Login/HomeGoodsInfo
INFO: [ app_init ] --START--
INFO: Run Behavior\BuildLiteBehavior [ RunTime:0.000010s ]
INFO: [ app_init ] --END-- [ RunTime:0.000068s ]
INFO: [ app_begin ] --START--
INFO: Run Behavior\ReadHtmlCacheBehavior [ RunTime:0.000027s ]
INFO: [ app_begin ] --END-- [ RunTime:0.000052s ]
NOTIC: [8192] mysql_connect(): The mysql extension is deprecated and will be removed in the future: use mysqli or PDO instead /data/wwwroot/PetAdmin/PetAdminShop/ThinkPHP/Library/Think/Db/Driver/Mysql.class.php 第 52 行.
SQL: SHOW COLUMNS FROM `orders` [ RunTime:0.000640s ]
SQL: SELECT COUNT(*) AS tp_count FROM `orders` WHERE `create_time` BETWEEN '1501776000' AND '1501862400' AND `status` = 2 LIMIT 1   [ RunTime:0.000089s ]
INFO: [ app_end ] --START--
INFO: Run Behavior\ShowPageTraceBehavior [ RunTime:0.000029s ]
INFO: [ app_end ] --END-- [ RunTime:0.000053s ]

[ 2017-08-04T09:30:26+08:00 ] 113.45.55.65 /admin.php/Home/Login/HomeGoodsInfo
INFO: [ app_init ] --START--
INFO: Run Behavior\BuildLiteBehavior [ RunTime:0.000014s ]
INFO: [ app_init ] --END-- [ RunTime:0.000096s ]
INFO: [ app_begin ] --START--
INFO: Run Behavior\ReadHtmlCacheBehavior [ RunTime:0.000029s ]
INFO: [ app_begin ] --END-- [ RunTime:0.000056s ]
NOTIC: [8192] mysql_connect(): The mysql extension is deprecated and will be removed in the future: use mysqli or PDO instead /data/wwwroot/PetAdmin/PetAdminShop/ThinkPHP/Library/Think/Db/Driver/Mysql.class.php 第 52 行.
SQL: SHOW COLUMNS FROM `orders` [ RunTime:0.001428s ]
SQL: SELECT COUNT(*) AS tp_count FROM `orders` WHERE `create_time` BETWEEN '1501776000' AND '1501862400' AND `status` = 2 LIMIT 1   [ RunTime:0.000071s ]
INFO: [ app_end ] --START--
INFO: Run Behavior\ShowPageTraceBehavior [ RunTime:0.000030s ]
INFO: [ app_end ] --END-- [ RunTime:0.000056s ]

[ 2017-08-04T09:30:31+08:00 ] 113.45.55.65 /admin.php/Home/Login/HomeGoodsInfo
INFO: [ app_init ] --START--
INFO: Run Behavior\BuildLiteBehavior [ RunTime:0.000010s ]
INFO: [ app_init ] --END-- [ RunTime:0.000081s ]
INFO: [ app_begin ] --START--
INFO: Run Behavior\ReadHtmlCacheBehavior [ RunTime:0.000037s ]
INFO: [ app_begin ] --END-- [ RunTime:0.000067s ]
NOTIC: [8192] mysql_connect(): The mysql extension is deprecated and will be removed in the future: use mysqli or PDO instead /data/wwwroot/PetAdmin/PetAdminShop/ThinkPHP/Library/Think/Db/Driver/Mysql.class.php 第 52 行.
SQL: SHOW COLUMNS FROM `orders` [ RunTime:0.000632s ]
SQL: SELECT COUNT(*) AS tp_count FROM `orders` WHERE `create_time` BETWEEN '1501776000' AND '1501862400' AND `status` = 2 LIMIT 1   [ RunTime:0.000067s ]
INFO: [ app_end ] --START--
INFO: Run Behavior\ShowPageTraceBehavior [ RunTime:0.000030s ]
INFO: [ app_end ] --END-- [ RunTime:0.000058s ]

[ 2017-08-04T09:30:36+08:00 ] 113.45.55.65 /admin.php/Home/Login/HomeGoodsInfo
INFO: [ app_init ] --START--
INFO: Run Behavior\BuildLiteBehavior [ RunTime:0.000012s ]
INFO: [ app_init ] --END-- [ RunTime:0.000070s ]
INFO: [ app_begin ] --START--
INFO: Run Behavior\ReadHtmlCacheBehavior [ RunTime:0.000030s ]
INFO: [ app_begin ] --END-- [ RunTime:0.000063s ]
NOTIC: [8192] mysql_connect(): The mysql extension is deprecated and will be removed in the future: use mysqli or PDO instead /data/wwwroot/PetAdmin/PetAdminShop/ThinkPHP/Library/Think/Db/Driver/Mysql.class.php 第 52 行.
SQL: SHOW COLUMNS FROM `orders` [ RunTime:0.000745s ]
SQL: SELECT COUNT(*) AS tp_count FROM `orders` WHERE `create_time` BETWEEN '1501776000' AND '1501862400' AND `status` = 2 LIMIT 1   [ RunTime:0.000102s ]
INFO: [ app_end ] --START--
INFO: Run Behavior\ShowPageTraceBehavior [ RunTime:0.000031s ]
INFO: [ app_end ] --END-- [ RunTime:0.000055s ]

[ 2017-08-04T09:30:41+08:00 ] 113.45.55.65 /admin.php/Home/Login/HomeGoodsInfo
INFO: [ app_init ] --START--
INFO: Run Behavior\BuildLiteBehavior [ RunTime:0.000011s ]
INFO: [ app_init ] --END-- [ RunTime:0.000067s ]
INFO: [ app_begin ] --START--
INFO: Run Behavior\ReadHtmlCacheBehavior [ RunTime:0.000027s ]
INFO: [ app_begin ] --END-- [ RunTime:0.000051s ]
NOTIC: [8192] mysql_connect(): The mysql extension is deprecated and will be removed in the future: use mysqli or PDO instead /data/wwwroot/PetAdmin/PetAdminShop/ThinkPHP/Library/Think/Db/Driver/Mysql.class.php 第 52 行.
SQL: SHOW COLUMNS FROM `orders` [ RunTime:0.001085s ]
SQL: SELECT COUNT(*) AS tp_count FROM `orders` WHERE `create_time` BETWEEN '1501776000' AND '1501862400' AND `status` = 2 LIMIT 1   [ RunTime:0.000065s ]
INFO: [ app_end ] --START--
INFO: Run Behavior\ShowPageTraceBehavior [ RunTime:0.000028s ]
INFO: [ app_end ] --END-- [ RunTime:0.000051s ]

[ 2017-08-04T09:30:46+08:00 ] 113.45.55.65 /admin.php/Home/Login/HomeGoodsInfo
INFO: [ app_init ] --START--
INFO: Run Behavior\BuildLiteBehavior [ RunTime:0.000011s ]
INFO: [ app_init ] --END-- [ RunTime:0.000071s ]
INFO: [ app_begin ] --START--
INFO: Run Behavior\ReadHtmlCacheBehavior [ RunTime:0.000033s ]
INFO: [ app_begin ] --END-- [ RunTime:0.000064s ]
NOTIC: [8192] mysql_connect(): The mysql extension is deprecated and will be removed in the future: use mysqli or PDO instead /data/wwwroot/PetAdmin/PetAdminShop/ThinkPHP/Library/Think/Db/Driver/Mysql.class.php 第 52 行.
SQL: SHOW COLUMNS FROM `orders` [ RunTime:0.001220s ]
SQL: SELECT COUNT(*) AS tp_count FROM `orders` WHERE `create_time` BETWEEN '1501776000' AND '1501862400' AND `status` = 2 LIMIT 1   [ RunTime:0.000077s ]
INFO: [ app_end ] --START--
INFO: Run Behavior\ShowPageTraceBehavior [ RunTime:0.000067s ]
INFO: [ app_end ] --END-- [ RunTime:0.000101s ]

[ 2017-08-04T09:30:51+08:00 ] 113.45.55.65 /admin.php/Home/Login/HomeGoodsInfo
INFO: [ app_init ] --START--
INFO: Run Behavior\BuildLiteBehavior [ RunTime:0.000010s ]
INFO: [ app_init ] --END-- [ RunTime:0.000066s ]
INFO: [ app_begin ] --START--
INFO: Run Behavior\ReadHtmlCacheBehavior [ RunTime:0.000027s ]
INFO: [ app_begin ] --END-- [ RunTime:0.000053s ]
NOTIC: [8192] mysql_connect(): The mysql extension is deprecated and will be removed in the future: use mysqli or PDO instead /data/wwwroot/PetAdmin/PetAdminShop/ThinkPHP/Library/Think/Db/Driver/Mysql.class.php 第 52 行.
SQL: SHOW COLUMNS FROM `orders` [ RunTime:0.000561s ]
SQL: SELECT COUNT(*) AS tp_count FROM `orders` WHERE `create_time` BETWEEN '1501776000' AND '1501862400' AND `status` = 2 LIMIT 1   [ RunTime:0.000066s ]
INFO: [ app_end ] --START--
INFO: Run Behavior\ShowPageTraceBehavior [ RunTime:0.000036s ]
INFO: [ app_end ] --END-- [ RunTime:0.000064s ]

[ 2017-08-04T09:30:56+08:00 ] 113.45.55.65 /admin.php/Home/Login/HomeGoodsInfo
INFO: [ app_init ] --START--
INFO: Run Behavior\BuildLiteBehavior [ RunTime:0.000010s ]
INFO: [ app_init ] --END-- [ RunTime:0.000067s ]
INFO: [ app_begin ] --START--
INFO: Run Behavior\ReadHtmlCacheBehavior [ RunTime:0.000026s ]
INFO: [ app_begin ] --END-- [ RunTime:0.000049s ]
NOTIC: [8192] mysql_connect(): The mysql extension is deprecated and will be removed in the future: use mysqli or PDO instead /data/wwwroot/PetAdmin/PetAdminShop/ThinkPHP/Library/Think/Db/Driver/Mysql.class.php 第 52 行.
SQL: SHOW COLUMNS FROM `orders` [ RunTime:0.000631s ]
SQL: SELECT COUNT(*) AS tp_count FROM `orders` WHERE `create_time` BETWEEN '1501776000' AND '1501862400' AND `status` = 2 LIMIT 1   [ RunTime:0.000084s ]
INFO: [ app_end ] --START--
INFO: Run Behavior\ShowPageTraceBehavior [ RunTime:0.000040s ]
INFO: [ app_end ] --END-- [ RunTime:0.000065s ]

[ 2017-08-04T09:31:01+08:00 ] 113.45.55.65 /admin.php/Home/Login/HomeGoodsInfo
INFO: [ app_init ] --START--
INFO: Run Behavior\BuildLiteBehavior [ RunTime:0.000010s ]
INFO: [ app_init ] --END-- [ RunTime:0.000067s ]
INFO: [ app_begin ] --START--
INFO: Run Behavior\ReadHtmlCacheBehavior [ RunTime:0.000028s ]
INFO: [ app_begin ] --END-- [ RunTime:0.000055s ]
NOTIC: [8192] mysql_connect(): The mysql extension is deprecated and will be removed in the future: use mysqli or PDO instead /data/wwwroot/PetAdmin/PetAdminShop/ThinkPHP/Library/Think/Db/Driver/Mysql.class.php 第 52 行.
SQL: SHOW COLUMNS FROM `orders` [ RunTime:0.000645s ]
SQL: SELECT COUNT(*) AS tp_count FROM `orders` WHERE `create_time` BETWEEN '1501776000' AND '1501862400' AND `status` = 2 LIMIT 1   [ RunTime:0.000068s ]
INFO: [ app_end ] --START--
INFO: Run Behavior\ShowPageTraceBehavior [ RunTime:0.000029s ]
INFO: [ app_end ] --END-- [ RunTime:0.000053s ]

[ 2017-08-04T09:31:06+08:00 ] 113.45.55.65 /admin.php/Home/Login/HomeGoodsInfo
INFO: [ app_init ] --START--
INFO: Run Behavior\BuildLiteBehavior [ RunTime:0.000010s ]
INFO: [ app_init ] --END-- [ RunTime:0.000067s ]
INFO: [ app_begin ] --START--
INFO: Run Behavior\ReadHtmlCacheBehavior [ RunTime:0.000026s ]
INFO: [ app_begin ] --END-- [ RunTime:0.000049s ]
NOTIC: [8192] mysql_connect(): The mysql extension is deprecated and will be removed in the future: use mysqli or PDO instead /data/wwwroot/PetAdmin/PetAdminShop/ThinkPHP/Library/Think/Db/Driver/Mysql.class.php 第 52 行.
SQL: SHOW COLUMNS FROM `orders` [ RunTime:0.000567s ]
SQL: SELECT COUNT(*) AS tp_count FROM `orders` WHERE `create_time` BETWEEN '1501776000' AND '1501862400' AND `status` = 2 LIMIT 1   [ RunTime:0.000063s ]
INFO: [ app_end ] --START--
INFO: Run Behavior\ShowPageTraceBehavior [ RunTime:0.000029s ]
INFO: [ app_end ] --END-- [ RunTime:0.000056s ]

[ 2017-08-04T09:31:11+08:00 ] 113.45.55.65 /admin.php/Home/Login/HomeGoodsInfo
INFO: [ app_init ] --START--
INFO: Run Behavior\BuildLiteBehavior [ RunTime:0.000015s ]
INFO: [ app_init ] --END-- [ RunTime:0.000113s ]
INFO: [ app_begin ] --START--
INFO: Run Behavior\ReadHtmlCacheBehavior [ RunTime:0.000049s ]
INFO: [ app_begin ] --END-- [ RunTime:0.000076s ]
NOTIC: [8192] mysql_connect(): The mysql extension is deprecated and will be removed in the future: use mysqli or PDO instead /data/wwwroot/PetAdmin/PetAdminShop/ThinkPHP/Library/Think/Db/Driver/Mysql.class.php 第 52 行.
SQL: SHOW COLUMNS FROM `orders` [ RunTime:0.000958s ]
SQL: SELECT COUNT(*) AS tp_count FROM `orders` WHERE `create_time` BETWEEN '1501776000' AND '1501862400' AND `status` = 2 LIMIT 1   [ RunTime:0.000075s ]
INFO: [ app_end ] --START--
INFO: Run Behavior\ShowPageTraceBehavior [ RunTime:0.000045s ]
INFO: [ app_end ] --END-- [ RunTime:0.000077s ]

[ 2017-08-04T09:31:16+08:00 ] 113.45.55.65 /admin.php/Home/Login/HomeGoodsInfo
INFO: [ app_init ] --START--
INFO: Run Behavior\BuildLiteBehavior [ RunTime:0.000010s ]
INFO: [ app_init ] --END-- [ RunTime:0.000068s ]
INFO: [ app_begin ] --START--
INFO: Run Behavior\ReadHtmlCacheBehavior [ RunTime:0.000027s ]
INFO: [ app_begin ] --END-- [ RunTime:0.000052s ]
NOTIC: [8192] mysql_connect(): The mysql extension is deprecated and will be removed in the future: use mysqli or PDO instead /data/wwwroot/PetAdmin/PetAdminShop/ThinkPHP/Library/Think/Db/Driver/Mysql.class.php 第 52 行.
SQL: SHOW COLUMNS FROM `orders` [ RunTime:0.000586s ]
SQL: SELECT COUNT(*) AS tp_count FROM `orders` WHERE `create_time` BETWEEN '1501776000' AND '1501862400' AND `status` = 2 LIMIT 1   [ RunTime:0.000089s ]
INFO: [ app_end ] --START--
INFO: Run Behavior\ShowPageTraceBehavior [ RunTime:0.000029s ]
INFO: [ app_end ] --END-- [ RunTime:0.000053s ]

[ 2017-08-04T09:31:21+08:00 ] 113.45.55.65 /admin.php/Home/Login/HomeGoodsInfo
INFO: [ app_init ] --START--
INFO: Run Behavior\BuildLiteBehavior [ RunTime:0.000011s ]
INFO: [ app_init ] --END-- [ RunTime:0.000070s ]
INFO: [ app_begin ] --START--
INFO: Run Behavior\ReadHtmlCacheBehavior [ RunTime:0.000029s ]
INFO: [ app_begin ] --END-- [ RunTime:0.000054s ]
NOTIC: [8192] mysql_connect(): The mysql extension is deprecated and will be removed in the future: use mysqli or PDO instead /data/wwwroot/PetAdmin/PetAdminShop/ThinkPHP/Library/Think/Db/Driver/Mysql.class.php 第 52 行.
SQL: SHOW COLUMNS FROM `orders` [ RunTime:0.000623s ]
SQL: SELECT COUNT(*) AS tp_count FROM `orders` WHERE `create_time` BETWEEN '1501776000' AND '1501862400' AND `status` = 2 LIMIT 1   [ RunTime:0.000069s ]
INFO: [ app_end ] --START--
INFO: Run Behavior\ShowPageTraceBehavior [ RunTime:0.000029s ]
INFO: [ app_end ] --END-- [ RunTime:0.000053s ]

[ 2017-08-04T09:31:27+08:00 ] 113.45.55.65 /admin.php/Home/Login/HomeGoodsInfo
INFO: [ app_init ] --START--
INFO: Run Behavior\BuildLiteBehavior [ RunTime:0.000010s ]
INFO: [ app_init ] --END-- [ RunTime:0.000066s ]
INFO: [ app_begin ] --START--
INFO: Run Behavior\ReadHtmlCacheBehavior [ RunTime:0.000026s ]
INFO: [ app_begin ] --END-- [ RunTime:0.000050s ]
NOTIC: [8192] mysql_connect(): The mysql extension is deprecated and will be removed in the future: use mysqli or PDO instead /data/wwwroot/PetAdmin/PetAdminShop/ThinkPHP/Library/Think/Db/Driver/Mysql.class.php 第 52 行.
SQL: SHOW COLUMNS FROM `orders` [ RunTime:0.000607s ]
SQL: SELECT COUNT(*) AS tp_count FROM `orders` WHERE `create_time` BETWEEN '1501776000' AND '1501862400' AND `status` = 2 LIMIT 1   [ RunTime:0.000066s ]
INFO: [ app_end ] --START--
INFO: Run Behavior\ShowPageTraceBehavior [ RunTime:0.000029s ]
INFO: [ app_end ] --END-- [ RunTime:0.000063s ]

[ 2017-08-04T09:31:32+08:00 ] 113.45.55.65 /admin.php/Home/Login/HomeGoodsInfo
INFO: [ app_init ] --START--
INFO: Run Behavior\BuildLiteBehavior [ RunTime:0.000010s ]
INFO: [ app_init ] --END-- [ RunTime:0.000067s ]
INFO: [ app_begin ] --START--
INFO: Run Behavior\ReadHtmlCacheBehavior [ RunTime:0.000027s ]
INFO: [ app_begin ] --END-- [ RunTime:0.000057s ]
NOTIC: [8192] mysql_connect(): The mysql extension is deprecated and will be removed in the future: use mysqli or PDO instead /data/wwwroot/PetAdmin/PetAdminShop/ThinkPHP/Library/Think/Db/Driver/Mysql.class.php 第 52 行.
SQL: SHOW COLUMNS FROM `orders` [ RunTime:0.000609s ]
SQL: SELECT COUNT(*) AS tp_count FROM `orders` WHERE `create_time` BETWEEN '1501776000' AND '1501862400' AND `status` = 2 LIMIT 1   [ RunTime:0.000082s ]
INFO: [ app_end ] --START--
INFO: Run Behavior\ShowPageTraceBehavior [ RunTime:0.000066s ]
INFO: [ app_end ] --END-- [ RunTime:0.000099s ]

[ 2017-08-04T09:31:37+08:00 ] 113.45.55.65 /admin.php/Home/Login/HomeGoodsInfo
INFO: [ app_init ] --START--
INFO: Run Behavior\BuildLiteBehavior [ RunTime:0.000009s ]
INFO: [ app_init ] --END-- [ RunTime:0.000066s ]
INFO: [ app_begin ] --START--
INFO: Run Behavior\ReadHtmlCacheBehavior [ RunTime:0.000025s ]
INFO: [ app_begin ] --END-- [ RunTime:0.000065s ]
NOTIC: [8192] mysql_connect(): The mysql extension is deprecated and will be removed in the future: use mysqli or PDO instead /data/wwwroot/PetAdmin/PetAdminShop/ThinkPHP/Library/Think/Db/Driver/Mysql.class.php 第 52 行.
SQL: SHOW COLUMNS FROM `orders` [ RunTime:0.001260s ]
SQL: SELECT COUNT(*) AS tp_count FROM `orders` WHERE `create_time` BETWEEN '1501776000' AND '1501862400' AND `status` = 2 LIMIT 1   [ RunTime:0.000063s ]
INFO: [ app_end ] --START--
INFO: Run Behavior\ShowPageTraceBehavior [ RunTime:0.000028s ]
INFO: [ app_end ] --END-- [ RunTime:0.000050s ]

[ 2017-08-04T09:31:42+08:00 ] 113.45.55.65 /admin.php/Home/Login/HomeGoodsInfo
INFO: [ app_init ] --START--
INFO: Run Behavior\BuildLiteBehavior [ RunTime:0.000010s ]
INFO: [ app_init ] --END-- [ RunTime:0.000067s ]
INFO: [ app_begin ] --START--
INFO: Run Behavior\ReadHtmlCacheBehavior [ RunTime:0.000029s ]
INFO: [ app_begin ] --END-- [ RunTime:0.000054s ]
NOTIC: [8192] mysql_connect(): The mysql extension is deprecated and will be removed in the future: use mysqli or PDO instead /data/wwwroot/PetAdmin/PetAdminShop/ThinkPHP/Library/Think/Db/Driver/Mysql.class.php 第 52 行.
SQL: SHOW COLUMNS FROM `orders` [ RunTime:0.001562s ]
SQL: SELECT COUNT(*) AS tp_count FROM `orders` WHERE `create_time` BETWEEN '1501776000' AND '1501862400' AND `status` = 2 LIMIT 1   [ RunTime:0.000100s ]
INFO: [ app_end ] --START--
INFO: Run Behavior\ShowPageTraceBehavior [ RunTime:0.000031s ]
INFO: [ app_end ] --END-- [ RunTime:0.000058s ]

[ 2017-08-04T09:31:47+08:00 ] 113.45.55.65 /admin.php/Home/Login/HomeGoodsInfo
INFO: [ app_init ] --START--
INFO: Run Behavior\BuildLiteBehavior [ RunTime:0.000010s ]
INFO: [ app_init ] --END-- [ RunTime:0.000067s ]
INFO: [ app_begin ] --START--
INFO: Run Behavior\ReadHtmlCacheBehavior [ RunTime:0.000029s ]
INFO: [ app_begin ] --END-- [ RunTime:0.000054s ]
NOTIC: [8192] mysql_connect(): The mysql extension is deprecated and will be removed in the future: use mysqli or PDO instead /data/wwwroot/PetAdmin/PetAdminShop/ThinkPHP/Library/Think/Db/Driver/Mysql.class.php 第 52 行.
SQL: SHOW COLUMNS FROM `orders` [ RunTime:0.000630s ]
SQL: SELECT COUNT(*) AS tp_count FROM `orders` WHERE `create_time` BETWEEN '1501776000' AND '1501862400' AND `status` = 2 LIMIT 1   [ RunTime:0.000098s ]
INFO: [ app_end ] --START--
INFO: Run Behavior\ShowPageTraceBehavior [ RunTime:0.000030s ]
INFO: [ app_end ] --END-- [ RunTime:0.000053s ]

[ 2017-08-04T09:31:52+08:00 ] 113.45.55.65 /admin.php/Home/Login/HomeGoodsInfo
INFO: [ app_init ] --START--
INFO: Run Behavior\BuildLiteBehavior [ RunTime:0.000010s ]
INFO: [ app_init ] --END-- [ RunTime:0.000066s ]
INFO: [ app_begin ] --START--
INFO: Run Behavior\ReadHtmlCacheBehavior [ RunTime:0.000026s ]
INFO: [ app_begin ] --END-- [ RunTime:0.000049s ]
NOTIC: [8192] mysql_connect(): The mysql extension is deprecated and will be removed in the future: use mysqli or PDO instead /data/wwwroot/PetAdmin/PetAdminShop/ThinkPHP/Library/Think/Db/Driver/Mysql.class.php 第 52 行.
SQL: SHOW COLUMNS FROM `orders` [ RunTime:0.000685s ]
SQL: SELECT COUNT(*) AS tp_count FROM `orders` WHERE `create_time` BETWEEN '1501776000' AND '1501862400' AND `status` = 2 LIMIT 1   [ RunTime:0.000063s ]
INFO: [ app_end ] --START--
INFO: Run Behavior\ShowPageTraceBehavior [ RunTime:0.000029s ]
INFO: [ app_end ] --END-- [ RunTime:0.000050s ]

[ 2017-08-04T09:31:57+08:00 ] 113.45.55.65 /admin.php/Home/Login/HomeGoodsInfo
INFO: [ app_init ] --START--
INFO: Run Behavior\BuildLiteBehavior [ RunTime:0.000010s ]
INFO: [ app_init ] --END-- [ RunTime:0.000067s ]
INFO: [ app_begin ] --START--
INFO: Run Behavior\ReadHtmlCacheBehavior [ RunTime:0.000028s ]
INFO: [ app_begin ] --END-- [ RunTime:0.000053s ]
NOTIC: [8192] mysql_connect(): The mysql extension is deprecated and will be removed in the future: use mysqli or PDO instead /data/wwwroot/PetAdmin/PetAdminShop/ThinkPHP/Library/Think/Db/Driver/Mysql.class.php 第 52 行.
SQL: SHOW COLUMNS FROM `orders` [ RunTime:0.000582s ]
SQL: SELECT COUNT(*) AS tp_count FROM `orders` WHERE `create_time` BETWEEN '1501776000' AND '1501862400' AND `status` = 2 LIMIT 1   [ RunTime:0.000089s ]
INFO: [ app_end ] --START--
INFO: Run Behavior\ShowPageTraceBehavior [ RunTime:0.000040s ]
INFO: [ app_end ] --END-- [ RunTime:0.000070s ]

[ 2017-08-04T09:32:02+08:00 ] 113.45.55.65 /admin.php/Home/Login/HomeGoodsInfo
INFO: [ app_init ] --START--
INFO: Run Behavior\BuildLiteBehavior [ RunTime:0.000010s ]
INFO: [ app_init ] --END-- [ RunTime:0.000067s ]
INFO: [ app_begin ] --START--
INFO: Run Behavior\ReadHtmlCacheBehavior [ RunTime:0.000028s ]
INFO: [ app_begin ] --END-- [ RunTime:0.000053s ]
NOTIC: [8192] mysql_connect(): The mysql extension is deprecated and will be removed in the future: use mysqli or PDO instead /data/wwwroot/PetAdmin/PetAdminShop/ThinkPHP/Library/Think/Db/Driver/Mysql.class.php 第 52 行.
SQL: SHOW COLUMNS FROM `orders` [ RunTime:0.001635s ]
SQL: SELECT COUNT(*) AS tp_count FROM `orders` WHERE `create_time` BETWEEN '1501776000' AND '1501862400' AND `status` = 2 LIMIT 1   [ RunTime:0.000068s ]
INFO: [ app_end ] --START--
INFO: Run Behavior\ShowPageTraceBehavior [ RunTime:0.000030s ]
INFO: [ app_end ] --END-- [ RunTime:0.000055s ]

[ 2017-08-04T09:32:07+08:00 ] 113.45.55.65 /admin.php/Home/Login/HomeGoodsInfo
INFO: [ app_init ] --START--
INFO: Run Behavior\BuildLiteBehavior [ RunTime:0.000010s ]
INFO: [ app_init ] --END-- [ RunTime:0.000067s ]
INFO: [ app_begin ] --START--
INFO: Run Behavior\ReadHtmlCacheBehavior [ RunTime:0.000039s ]
INFO: [ app_begin ] --END-- [ RunTime:0.000064s ]
NOTIC: [8192] mysql_connect(): The mysql extension is deprecated and will be removed in the future: use mysqli or PDO instead /data/wwwroot/PetAdmin/PetAdminShop/ThinkPHP/Library/Think/Db/Driver/Mysql.class.php 第 52 行.
SQL: SHOW COLUMNS FROM `orders` [ RunTime:0.000616s ]
SQL: SELECT COUNT(*) AS tp_count FROM `orders` WHERE `create_time` BETWEEN '1501776000' AND '1501862400' AND `status` = 2 LIMIT 1   [ RunTime:0.000066s ]
INFO: [ app_end ] --START--
INFO: Run Behavior\ShowPageTraceBehavior [ RunTime:0.000030s ]
INFO: [ app_end ] --END-- [ RunTime:0.000057s ]

[ 2017-08-04T09:32:12+08:00 ] 113.45.55.65 /admin.php/Home/Login/HomeGoodsInfo
INFO: [ app_init ] --START--
INFO: Run Behavior\BuildLiteBehavior [ RunTime:0.000011s ]
INFO: [ app_init ] --END-- [ RunTime:0.000076s ]
INFO: [ app_begin ] --START--
INFO: Run Behavior\ReadHtmlCacheBehavior [ RunTime:0.000036s ]
INFO: [ app_begin ] --END-- [ RunTime:0.000062s ]
NOTIC: [8192] mysql_connect(): The mysql extension is deprecated and will be removed in the future: use mysqli or PDO instead /data/wwwroot/PetAdmin/PetAdminShop/ThinkPHP/Library/Think/Db/Driver/Mysql.class.php 第 52 行.
SQL: SHOW COLUMNS FROM `orders` [ RunTime:0.000659s ]
SQL: SELECT COUNT(*) AS tp_count FROM `orders` WHERE `create_time` BETWEEN '1501776000' AND '1501862400' AND `status` = 2 LIMIT 1   [ RunTime:0.000069s ]
INFO: [ app_end ] --START--
INFO: Run Behavior\ShowPageTraceBehavior [ RunTime:0.000035s ]
INFO: [ app_end ] --END-- [ RunTime:0.000113s ]

[ 2017-08-04T09:32:17+08:00 ] 113.45.55.65 /admin.php/Home/Login/HomeGoodsInfo
INFO: [ app_init ] --START--
INFO: Run Behavior\BuildLiteBehavior [ RunTime:0.000010s ]
INFO: [ app_init ] --END-- [ RunTime:0.000067s ]
INFO: [ app_begin ] --START--
INFO: Run Behavior\ReadHtmlCacheBehavior [ RunTime:0.000027s ]
INFO: [ app_begin ] --END-- [ RunTime:0.000051s ]
NOTIC: [8192] mysql_connect(): The mysql extension is deprecated and will be removed in the future: use mysqli or PDO instead /data/wwwroot/PetAdmin/PetAdminShop/ThinkPHP/Library/Think/Db/Driver/Mysql.class.php 第 52 行.
SQL: SHOW COLUMNS FROM `orders` [ RunTime:0.000675s ]
SQL: SELECT COUNT(*) AS tp_count FROM `orders` WHERE `create_time` BETWEEN '1501776000' AND '1501862400' AND `status` = 2 LIMIT 1   [ RunTime:0.000066s ]
INFO: [ app_end ] --START--
INFO: Run Behavior\ShowPageTraceBehavior [ RunTime:0.000029s ]
INFO: [ app_end ] --END-- [ RunTime:0.000055s ]

[ 2017-08-04T09:32:23+08:00 ] 113.45.55.65 /admin.php/Home/Login/HomeGoodsInfo
INFO: [ app_init ] --START--
INFO: Run Behavior\BuildLiteBehavior [ RunTime:0.000010s ]
INFO: [ app_init ] --END-- [ RunTime:0.000077s ]
INFO: [ app_begin ] --START--
INFO: Run Behavior\ReadHtmlCacheBehavior [ RunTime:0.000028s ]
INFO: [ app_begin ] --END-- [ RunTime:0.000052s ]
NOTIC: [8192] mysql_connect(): The mysql extension is deprecated and will be removed in the future: use mysqli or PDO instead /data/wwwroot/PetAdmin/PetAdminShop/ThinkPHP/Library/Think/Db/Driver/Mysql.class.php 第 52 行.
SQL: SHOW COLUMNS FROM `orders` [ RunTime:0.000577s ]
SQL: SELECT COUNT(*) AS tp_count FROM `orders` WHERE `create_time` BETWEEN '1501776000' AND '1501862400' AND `status` = 2 LIMIT 1   [ RunTime:0.000068s ]
INFO: [ app_end ] --START--
INFO: Run Behavior\ShowPageTraceBehavior [ RunTime:0.000029s ]
INFO: [ app_end ] --END-- [ RunTime:0.000053s ]

[ 2017-08-04T09:32:28+08:00 ] 113.45.55.65 /admin.php/Home/Login/HomeGoodsInfo
INFO: [ app_init ] --START--
INFO: Run Behavior\BuildLiteBehavior [ RunTime:0.000010s ]
INFO: [ app_init ] --END-- [ RunTime:0.000075s ]
INFO: [ app_begin ] --START--
INFO: Run Behavior\ReadHtmlCacheBehavior [ RunTime:0.000027s ]
INFO: [ app_begin ] --END-- [ RunTime:0.000052s ]
NOTIC: [8192] mysql_connect(): The mysql extension is deprecated and will be removed in the future: use mysqli or PDO instead /data/wwwroot/PetAdmin/PetAdminShop/ThinkPHP/Library/Think/Db/Driver/Mysql.class.php 第 52 行.
SQL: SHOW COLUMNS FROM `orders` [ RunTime:0.001315s ]
SQL: SELECT COUNT(*) AS tp_count FROM `orders` WHERE `create_time` BETWEEN '1501776000' AND '1501862400' AND `status` = 2 LIMIT 1   [ RunTime:0.000067s ]
INFO: [ app_end ] --START--
INFO: Run Behavior\ShowPageTraceBehavior [ RunTime:0.000029s ]
INFO: [ app_end ] --END-- [ RunTime:0.000052s ]

[ 2017-08-04T09:32:33+08:00 ] 113.45.55.65 /admin.php/Home/Login/HomeGoodsInfo
INFO: [ app_init ] --START--
INFO: Run Behavior\BuildLiteBehavior [ RunTime:0.000010s ]
INFO: [ app_init ] --END-- [ RunTime:0.000069s ]
INFO: [ app_begin ] --START--
INFO: Run Behavior\ReadHtmlCacheBehavior [ RunTime:0.000035s ]
INFO: [ app_begin ] --END-- [ RunTime:0.000062s ]
NOTIC: [8192] mysql_connect(): The mysql extension is deprecated and will be removed in the future: use mysqli or PDO instead /data/wwwroot/PetAdmin/PetAdminShop/ThinkPHP/Library/Think/Db/Driver/Mysql.class.php 第 52 行.
SQL: SHOW COLUMNS FROM `orders` [ RunTime:0.000860s ]
SQL: SELECT COUNT(*) AS tp_count FROM `orders` WHERE `create_time` BETWEEN '1501776000' AND '1501862400' AND `status` = 2 LIMIT 1   [ RunTime:0.000069s ]
INFO: [ app_end ] --START--
INFO: Run Behavior\ShowPageTraceBehavior [ RunTime:0.000029s ]
INFO: [ app_end ] --END-- [ RunTime:0.000053s ]

[ 2017-08-04T09:32:39+08:00 ] 113.45.55.65 /admin.php/Home/Login/HomeGoodsInfo
INFO: [ app_init ] --START--
INFO: Run Behavior\BuildLiteBehavior [ RunTime:0.000011s ]
INFO: [ app_init ] --END-- [ RunTime:0.000071s ]
INFO: [ app_begin ] --START--
INFO: Run Behavior\ReadHtmlCacheBehavior [ RunTime:0.000029s ]
INFO: [ app_begin ] --END-- [ RunTime:0.000054s ]
NOTIC: [8192] mysql_connect(): The mysql extension is deprecated and will be removed in the future: use mysqli or PDO instead /data/wwwroot/PetAdmin/PetAdminShop/ThinkPHP/Library/Think/Db/Driver/Mysql.class.php 第 52 行.
SQL: SHOW COLUMNS FROM `orders` [ RunTime:0.000594s ]
SQL: SELECT COUNT(*) AS tp_count FROM `orders` WHERE `create_time` BETWEEN '1501776000' AND '1501862400' AND `status` = 2 LIMIT 1   [ RunTime:0.000067s ]
INFO: [ app_end ] --START--
INFO: Run Behavior\ShowPageTraceBehavior [ RunTime:0.000029s ]
INFO: [ app_end ] --END-- [ RunTime:0.000053s ]

[ 2017-08-04T09:32:44+08:00 ] 113.45.55.65 /admin.php/Home/Login/HomeGoodsInfo
INFO: [ app_init ] --START--
INFO: Run Behavior\BuildLiteBehavior [ RunTime:0.000010s ]
INFO: [ app_init ] --END-- [ RunTime:0.000068s ]
INFO: [ app_begin ] --START--
INFO: Run Behavior\ReadHtmlCacheBehavior [ RunTime:0.000044s ]
INFO: [ app_begin ] --END-- [ RunTime:0.000069s ]
NOTIC: [8192] mysql_connect(): The mysql extension is deprecated and will be removed in the future: use mysqli or PDO instead /data/wwwroot/PetAdmin/PetAdminShop/ThinkPHP/Library/Think/Db/Driver/Mysql.class.php 第 52 行.
SQL: SHOW COLUMNS FROM `orders` [ RunTime:0.000643s ]
SQL: SELECT COUNT(*) AS tp_count FROM `orders` WHERE `create_time` BETWEEN '1501776000' AND '1501862400' AND `status` = 2 LIMIT 1   [ RunTime:0.000066s ]
INFO: [ app_end ] --START--
INFO: Run Behavior\ShowPageTraceBehavior [ RunTime:0.000029s ]
INFO: [ app_end ] --END-- [ RunTime:0.000052s ]

[ 2017-08-04T09:32:49+08:00 ] 113.45.55.65 /admin.php/Home/Login/HomeGoodsInfo
INFO: [ app_init ] --START--
INFO: Run Behavior\BuildLiteBehavior [ RunTime:0.000010s ]
INFO: [ app_init ] --END-- [ RunTime:0.000066s ]
INFO: [ app_begin ] --START--
INFO: Run Behavior\ReadHtmlCacheBehavior [ RunTime:0.000030s ]
INFO: [ app_begin ] --END-- [ RunTime:0.000059s ]
NOTIC: [8192] mysql_connect(): The mysql extension is deprecated and will be removed in the future: use mysqli or PDO instead /data/wwwroot/PetAdmin/PetAdminShop/ThinkPHP/Library/Think/Db/Driver/Mysql.class.php 第 52 行.
SQL: SHOW COLUMNS FROM `orders` [ RunTime:0.000628s ]
SQL: SELECT COUNT(*) AS tp_count FROM `orders` WHERE `create_time` BETWEEN '1501776000' AND '1501862400' AND `status` = 2 LIMIT 1   [ RunTime:0.000078s ]
INFO: [ app_end ] --START--
INFO: Run Behavior\ShowPageTraceBehavior [ RunTime:0.000030s ]
INFO: [ app_end ] --END-- [ RunTime:0.000082s ]

[ 2017-08-04T09:32:54+08:00 ] 113.45.55.65 /admin.php/Home/Login/HomeGoodsInfo
INFO: [ app_init ] --START--
INFO: Run Behavior\BuildLiteBehavior [ RunTime:0.000011s ]
INFO: [ app_init ] --END-- [ RunTime:0.000088s ]
INFO: [ app_begin ] --START--
INFO: Run Behavior\ReadHtmlCacheBehavior [ RunTime:0.000028s ]
INFO: [ app_begin ] --END-- [ RunTime:0.000056s ]
NOTIC: [8192] mysql_connect(): The mysql extension is deprecated and will be removed in the future: use mysqli or PDO instead /data/wwwroot/PetAdmin/PetAdminShop/ThinkPHP/Library/Think/Db/Driver/Mysql.class.php 第 52 行.
SQL: SHOW COLUMNS FROM `orders` [ RunTime:0.001359s ]
SQL: SELECT COUNT(*) AS tp_count FROM `orders` WHERE `create_time` BETWEEN '1501776000' AND '1501862400' AND `status` = 2 LIMIT 1   [ RunTime:0.000073s ]
INFO: [ app_end ] --START--
INFO: Run Behavior\ShowPageTraceBehavior [ RunTime:0.000030s ]
INFO: [ app_end ] --END-- [ RunTime:0.000051s ]

[ 2017-08-04T09:32:59+08:00 ] 113.45.55.65 /admin.php/Home/Login/HomeGoodsInfo
INFO: [ app_init ] --START--
INFO: Run Behavior\BuildLiteBehavior [ RunTime:0.000011s ]
INFO: [ app_init ] --END-- [ RunTime:0.000083s ]
INFO: [ app_begin ] --START--
INFO: Run Behavior\ReadHtmlCacheBehavior [ RunTime:0.000028s ]
INFO: [ app_begin ] --END-- [ RunTime:0.000052s ]
NOTIC: [8192] mysql_connect(): The mysql extension is deprecated and will be removed in the future: use mysqli or PDO instead /data/wwwroot/PetAdmin/PetAdminShop/ThinkPHP/Library/Think/Db/Driver/Mysql.class.php 第 52 行.
SQL: SHOW COLUMNS FROM `orders` [ RunTime:0.001209s ]
SQL: SELECT COUNT(*) AS tp_count FROM `orders` WHERE `create_time` BETWEEN '1501776000' AND '1501862400' AND `status` = 2 LIMIT 1   [ RunTime:0.000065s ]
INFO: [ app_end ] --START--
INFO: Run Behavior\ShowPageTraceBehavior [ RunTime:0.000031s ]
INFO: [ app_end ] --END-- [ RunTime:0.000084s ]

[ 2017-08-04T09:33:05+08:00 ] 113.45.55.65 /admin.php/Home/Login/HomeGoodsInfo
INFO: [ app_init ] --START--
INFO: Run Behavior\BuildLiteBehavior [ RunTime:0.000010s ]
INFO: [ app_init ] --END-- [ RunTime:0.000069s ]
INFO: [ app_begin ] --START--
INFO: Run Behavior\ReadHtmlCacheBehavior [ RunTime:0.000027s ]
INFO: [ app_begin ] --END-- [ RunTime:0.000052s ]
NOTIC: [8192] mysql_connect(): The mysql extension is deprecated and will be removed in the future: use mysqli or PDO instead /data/wwwroot/PetAdmin/PetAdminShop/ThinkPHP/Library/Think/Db/Driver/Mysql.class.php 第 52 行.
SQL: SHOW COLUMNS FROM `orders` [ RunTime:0.000645s ]
SQL: SELECT COUNT(*) AS tp_count FROM `orders` WHERE `create_time` BETWEEN '1501776000' AND '1501862400' AND `status` = 2 LIMIT 1   [ RunTime:0.000067s ]
INFO: [ app_end ] --START--
INFO: Run Behavior\ShowPageTraceBehavior [ RunTime:0.000030s ]
INFO: [ app_end ] --END-- [ RunTime:0.000060s ]

[ 2017-08-04T09:33:11+08:00 ] 113.45.55.65 /admin.php/Home/Login/HomeGoodsInfo
INFO: [ app_init ] --START--
INFO: Run Behavior\BuildLiteBehavior [ RunTime:0.000010s ]
INFO: [ app_init ] --END-- [ RunTime:0.000075s ]
INFO: [ app_begin ] --START--
INFO: Run Behavior\ReadHtmlCacheBehavior [ RunTime:0.000028s ]
INFO: [ app_begin ] --END-- [ RunTime:0.000054s ]
NOTIC: [8192] mysql_connect(): The mysql extension is deprecated and will be removed in the future: use mysqli or PDO instead /data/wwwroot/PetAdmin/PetAdminShop/ThinkPHP/Library/Think/Db/Driver/Mysql.class.php 第 52 行.
SQL: SHOW COLUMNS FROM `orders` [ RunTime:0.000584s ]
SQL: SELECT COUNT(*) AS tp_count FROM `orders` WHERE `create_time` BETWEEN '1501776000' AND '1501862400' AND `status` = 2 LIMIT 1   [ RunTime:0.000066s ]
INFO: [ app_end ] --START--
INFO: Run Behavior\ShowPageTraceBehavior [ RunTime:0.000028s ]
INFO: [ app_end ] --END-- [ RunTime:0.000052s ]

[ 2017-08-04T09:33:16+08:00 ] 113.45.55.65 /admin.php/Home/Login/HomeGoodsInfo
INFO: [ app_init ] --START--
INFO: Run Behavior\BuildLiteBehavior [ RunTime:0.000010s ]
INFO: [ app_init ] --END-- [ RunTime:0.000083s ]
INFO: [ app_begin ] --START--
INFO: Run Behavior\ReadHtmlCacheBehavior [ RunTime:0.000031s ]
INFO: [ app_begin ] --END-- [ RunTime:0.000057s ]
NOTIC: [8192] mysql_connect(): The mysql extension is deprecated and will be removed in the future: use mysqli or PDO instead /data/wwwroot/PetAdmin/PetAdminShop/ThinkPHP/Library/Think/Db/Driver/Mysql.class.php 第 52 行.
SQL: SHOW COLUMNS FROM `orders` [ RunTime:0.001120s ]
SQL: SELECT COUNT(*) AS tp_count FROM `orders` WHERE `create_time` BETWEEN '1501776000' AND '1501862400' AND `status` = 2 LIMIT 1   [ RunTime:0.000067s ]
INFO: [ app_end ] --START--
INFO: Run Behavior\ShowPageTraceBehavior [ RunTime:0.000044s ]
INFO: [ app_end ] --END-- [ RunTime:0.000069s ]

[ 2017-08-04T09:33:21+08:00 ] 113.45.55.65 /admin.php/Home/Login/HomeGoodsInfo
INFO: [ app_init ] --START--
INFO: Run Behavior\BuildLiteBehavior [ RunTime:0.000011s ]
INFO: [ app_init ] --END-- [ RunTime:0.000076s ]
INFO: [ app_begin ] --START--
INFO: Run Behavior\ReadHtmlCacheBehavior [ RunTime:0.000028s ]
INFO: [ app_begin ] --END-- [ RunTime:0.000053s ]
NOTIC: [8192] mysql_connect(): The mysql extension is deprecated and will be removed in the future: use mysqli or PDO instead /data/wwwroot/PetAdmin/PetAdminShop/ThinkPHP/Library/Think/Db/Driver/Mysql.class.php 第 52 行.
SQL: SHOW COLUMNS FROM `orders` [ RunTime:0.000572s ]
SQL: SELECT COUNT(*) AS tp_count FROM `orders` WHERE `create_time` BETWEEN '1501776000' AND '1501862400' AND `status` = 2 LIMIT 1   [ RunTime:0.000063s ]
INFO: [ app_end ] --START--
INFO: Run Behavior\ShowPageTraceBehavior [ RunTime:0.000030s ]
INFO: [ app_end ] --END-- [ RunTime:0.000053s ]

[ 2017-08-04T09:33:26+08:00 ] 113.45.55.65 /admin.php/Home/Login/HomeGoodsInfo
INFO: [ app_init ] --START--
INFO: Run Behavior\BuildLiteBehavior [ RunTime:0.000010s ]
INFO: [ app_init ] --END-- [ RunTime:0.000066s ]
INFO: [ app_begin ] --START--
INFO: Run Behavior\ReadHtmlCacheBehavior [ RunTime:0.000027s ]
INFO: [ app_begin ] --END-- [ RunTime:0.000059s ]
NOTIC: [8192] mysql_connect(): The mysql extension is deprecated and will be removed in the future: use mysqli or PDO instead /data/wwwroot/PetAdmin/PetAdminShop/ThinkPHP/Library/Think/Db/Driver/Mysql.class.php 第 52 行.
SQL: SHOW COLUMNS FROM `orders` [ RunTime:0.000589s ]
SQL: SELECT COUNT(*) AS tp_count FROM `orders` WHERE `create_time` BETWEEN '1501776000' AND '1501862400' AND `status` = 2 LIMIT 1   [ RunTime:0.000064s ]
INFO: [ app_end ] --START--
INFO: Run Behavior\ShowPageTraceBehavior [ RunTime:0.000027s ]
INFO: [ app_end ] --END-- [ RunTime:0.000050s ]

[ 2017-08-04T09:33:31+08:00 ] 113.45.55.65 /admin.php/Home/Login/HomeGoodsInfo
INFO: [ app_init ] --START--
INFO: Run Behavior\BuildLiteBehavior [ RunTime:0.000011s ]
INFO: [ app_init ] --END-- [ RunTime:0.000068s ]
INFO: [ app_begin ] --START--
INFO: Run Behavior\ReadHtmlCacheBehavior [ RunTime:0.000030s ]
INFO: [ app_begin ] --END-- [ RunTime:0.000056s ]
NOTIC: [8192] mysql_connect(): The mysql extension is deprecated and will be removed in the future: use mysqli or PDO instead /data/wwwroot/PetAdmin/PetAdminShop/ThinkPHP/Library/Think/Db/Driver/Mysql.class.php 第 52 行.
SQL: SHOW COLUMNS FROM `orders` [ RunTime:0.000597s ]
SQL: SELECT COUNT(*) AS tp_count FROM `orders` WHERE `create_time` BETWEEN '1501776000' AND '1501862400' AND `status` = 2 LIMIT 1   [ RunTime:0.000111s ]
INFO: [ app_end ] --START--
INFO: Run Behavior\ShowPageTraceBehavior [ RunTime:0.000044s ]
INFO: [ app_end ] --END-- [ RunTime:0.000075s ]

[ 2017-08-04T09:33:36+08:00 ] 113.45.55.65 /admin.php/Home/Login/HomeGoodsInfo
INFO: [ app_init ] --START--
INFO: Run Behavior\BuildLiteBehavior [ RunTime:0.000011s ]
INFO: [ app_init ] --END-- [ RunTime:0.000067s ]
INFO: [ app_begin ] --START--
INFO: Run Behavior\ReadHtmlCacheBehavior [ RunTime:0.000025s ]
INFO: [ app_begin ] --END-- [ RunTime:0.000048s ]
NOTIC: [8192] mysql_connect(): The mysql extension is deprecated and will be removed in the future: use mysqli or PDO instead /data/wwwroot/PetAdmin/PetAdminShop/ThinkPHP/Library/Think/Db/Driver/Mysql.class.php 第 52 行.
SQL: SHOW COLUMNS FROM `orders` [ RunTime:0.000569s ]
SQL: SELECT COUNT(*) AS tp_count FROM `orders` WHERE `create_time` BETWEEN '1501776000' AND '1501862400' AND `status` = 2 LIMIT 1   [ RunTime:0.000064s ]
INFO: [ app_end ] --START--
INFO: Run Behavior\ShowPageTraceBehavior [ RunTime:0.000029s ]
INFO: [ app_end ] --END-- [ RunTime:0.000051s ]

[ 2017-08-04T09:33:41+08:00 ] 113.45.55.65 /admin.php/Home/Login/HomeGoodsInfo
INFO: [ app_init ] --START--
INFO: Run Behavior\BuildLiteBehavior [ RunTime:0.000010s ]
INFO: [ app_init ] --END-- [ RunTime:0.000067s ]
INFO: [ app_begin ] --START--
INFO: Run Behavior\ReadHtmlCacheBehavior [ RunTime:0.000027s ]
INFO: [ app_begin ] --END-- [ RunTime:0.000050s ]
NOTIC: [8192] mysql_connect(): The mysql extension is deprecated and will be removed in the future: use mysqli or PDO instead /data/wwwroot/PetAdmin/PetAdminShop/ThinkPHP/Library/Think/Db/Driver/Mysql.class.php 第 52 行.
SQL: SHOW COLUMNS FROM `orders` [ RunTime:0.001262s ]
SQL: SELECT COUNT(*) AS tp_count FROM `orders` WHERE `create_time` BETWEEN '1501776000' AND '1501862400' AND `status` = 2 LIMIT 1   [ RunTime:0.000065s ]
INFO: [ app_end ] --START--
INFO: Run Behavior\ShowPageTraceBehavior [ RunTime:0.000029s ]
INFO: [ app_end ] --END-- [ RunTime:0.000052s ]

[ 2017-08-04T09:33:46+08:00 ] 113.45.55.65 /admin.php/Home/Login/HomeGoodsInfo
INFO: [ app_init ] --START--
INFO: Run Behavior\BuildLiteBehavior [ RunTime:0.000011s ]
INFO: [ app_init ] --END-- [ RunTime:0.000068s ]
INFO: [ app_begin ] --START--
INFO: Run Behavior\ReadHtmlCacheBehavior [ RunTime:0.000026s ]
INFO: [ app_begin ] --END-- [ RunTime:0.000050s ]
NOTIC: [8192] mysql_connect(): The mysql extension is deprecated and will be removed in the future: use mysqli or PDO instead /data/wwwroot/PetAdmin/PetAdminShop/ThinkPHP/Library/Think/Db/Driver/Mysql.class.php 第 52 行.
SQL: SHOW COLUMNS FROM `orders` [ RunTime:0.001253s ]
SQL: SELECT COUNT(*) AS tp_count FROM `orders` WHERE `create_time` BETWEEN '1501776000' AND '1501862400' AND `status` = 2 LIMIT 1   [ RunTime:0.000063s ]
INFO: [ app_end ] --START--
INFO: Run Behavior\ShowPageTraceBehavior [ RunTime:0.000029s ]
INFO: [ app_end ] --END-- [ RunTime:0.000052s ]

[ 2017-08-04T09:33:51+08:00 ] 113.45.55.65 /admin.php/Home/Login/HomeGoodsInfo
INFO: [ app_init ] --START--
INFO: Run Behavior\BuildLiteBehavior [ RunTime:0.000010s ]
INFO: [ app_init ] --END-- [ RunTime:0.000067s ]
INFO: [ app_begin ] --START--
INFO: Run Behavior\ReadHtmlCacheBehavior [ RunTime:0.000026s ]
INFO: [ app_begin ] --END-- [ RunTime:0.000050s ]
NOTIC: [8192] mysql_connect(): The mysql extension is deprecated and will be removed in the future: use mysqli or PDO instead /data/wwwroot/PetAdmin/PetAdminShop/ThinkPHP/Library/Think/Db/Driver/Mysql.class.php 第 52 行.
SQL: SHOW COLUMNS FROM `orders` [ RunTime:0.000604s ]
SQL: SELECT COUNT(*) AS tp_count FROM `orders` WHERE `create_time` BETWEEN '1501776000' AND '1501862400' AND `status` = 2 LIMIT 1   [ RunTime:0.000062s ]
INFO: [ app_end ] --START--
INFO: Run Behavior\ShowPageTraceBehavior [ RunTime:0.000028s ]
INFO: [ app_end ] --END-- [ RunTime:0.000052s ]

[ 2017-08-04T09:33:56+08:00 ] 113.45.55.65 /admin.php/Home/Journalism/AddNewJournalismForm
INFO: [ app_init ] --START--
INFO: Run Behavior\BuildLiteBehavior [ RunTime:0.000010s ]
INFO: [ app_init ] --END-- [ RunTime:0.000066s ]
INFO: [ app_begin ] --START--
INFO: Run Behavior\ReadHtmlCacheBehavior [ RunTime:0.000027s ]
INFO: [ app_begin ] --END-- [ RunTime:0.000053s ]
NOTIC: [8192] mysql_connect(): The mysql extension is deprecated and will be removed in the future: use mysqli or PDO instead /data/wwwroot/PetAdmin/PetAdminShop/ThinkPHP/Library/Think/Db/Driver/Mysql.class.php 第 52 行.
SQL: SHOW COLUMNS FROM `admin_user` [ RunTime:0.000493s ]
SQL: SELECT * FROM `admin_user` WHERE `username` = 'tianxunhulian' LIMIT 1   [ RunTime:0.000067s ]
INFO: [ view_parse ] --START--
INFO: [ template_filter ] --START--
INFO: Run Behavior\ContentReplaceBehavior [ RunTime:0.000132s ]
INFO: [ template_filter ] --END-- [ RunTime:0.000169s ]
NOTIC: [8] Undefined variable: num /data/wwwroot/PetAdmin/PetAdminShop/Admin/Runtime/Cache/Home/907c3a57224bd79bd98947043b53f188.php 第 227 行.
NOTIC: [8] Undefined variable: num /data/wwwroot/PetAdmin/PetAdminShop/Admin/Runtime/Cache/Home/907c3a57224bd79bd98947043b53f188.php 第 233 行.
NOTIC: [8] Undefined variable: num /data/wwwroot/PetAdmin/PetAdminShop/Admin/Runtime/Cache/Home/907c3a57224bd79bd98947043b53f188.php 第 237 行.
NOTIC: [8] Undefined variable: num /data/wwwroot/PetAdmin/PetAdminShop/Admin/Runtime/Cache/Home/907c3a57224bd79bd98947043b53f188.php 第 241 行.
INFO: Run Behavior\ParseTemplateBehavior [ RunTime:0.009000s ]
INFO: [ view_parse ] --END-- [ RunTime:0.009028s ]
INFO: [ view_filter ] --START--
INFO: Run Behavior\WriteHtmlCacheBehavior [ RunTime:0.000043s ]
INFO: [ view_filter ] --END-- [ RunTime:0.000064s ]
INFO: [ app_end ] --START--
INFO: Run Behavior\ShowPageTraceBehavior [ RunTime:0.000028s ]
INFO: [ app_end ] --END-- [ RunTime:0.000080s ]

[ 2017-08-04T09:33:56+08:00 ] 113.45.55.65 /admin.php/Home/Journalism/MenuLists
INFO: [ app_init ] --START--
INFO: Run Behavior\BuildLiteBehavior [ RunTime:0.000010s ]
INFO: [ app_init ] --END-- [ RunTime:0.000065s ]
INFO: [ app_begin ] --START--
INFO: Run Behavior\ReadHtmlCacheBehavior [ RunTime:0.000044s ]
INFO: [ app_begin ] --END-- [ RunTime:0.000068s ]
NOTIC: [8192] mysql_connect(): The mysql extension is deprecated and will be removed in the future: use mysqli or PDO instead /data/wwwroot/PetAdmin/PetAdminShop/ThinkPHP/Library/Think/Db/Driver/Mysql.class.php 第 52 行.
SQL: SHOW COLUMNS FROM `admin_user` [ RunTime:0.000487s ]
SQL: SELECT * FROM `admin_user` WHERE `username` = 'tianxunhulian' LIMIT 1   [ RunTime:0.000066s ]
SQL: select admin_jurisdiction.* from admin_user,admin_user_role,admin_role_jurisdiction,admin_jurisdiction
                where admin_user.id=admin_user_role.user_id
                and admin_user_role.role_id=admin_role_jurisdiction.role_id
                and admin_role_jurisdiction.jurisdiction_id=admin_jurisdiction.j_id
                and admin_user.username='tianxunhulian' [ RunTime:0.000072s ]
SQL: SELECT * FROM admin_jurisdiction WHERE pid = 1 [ RunTime:0.000055s ]
SQL: SELECT * FROM admin_jurisdiction WHERE pid = 2 [ RunTime:0.000051s ]
SQL: SELECT * FROM admin_jurisdiction WHERE pid = 3 [ RunTime:0.000053s ]
SQL: SELECT * FROM admin_jurisdiction WHERE pid = 4 [ RunTime:0.000053s ]
SQL: SELECT * FROM admin_jurisdiction WHERE pid = 5 [ RunTime:0.000051s ]
SQL: SELECT * FROM admin_jurisdiction WHERE pid = 6 [ RunTime:0.000051s ]
SQL: SELECT * FROM admin_jurisdiction WHERE pid = 7 [ RunTime:0.000049s ]
SQL: SELECT * FROM admin_jurisdiction WHERE pid = 8 [ RunTime:0.000053s ]
SQL: SELECT * FROM admin_jurisdiction WHERE pid = 9 [ RunTime:0.000050s ]
SQL: SELECT * FROM admin_jurisdiction WHERE pid = 10 [ RunTime:0.000055s ]
SQL: SELECT * FROM admin_jurisdiction WHERE pid = 42 [ RunTime:0.000052s ]
SQL: SELECT * FROM admin_jurisdiction WHERE pid = 46 [ RunTime:0.000052s ]
INFO: [ app_end ] --START--
INFO: Run Behavior\ShowPageTraceBehavior [ RunTime:0.000029s ]
INFO: [ app_end ] --END-- [ RunTime:0.000051s ]

