[ 2017-07-09T09:49:10+08:00 ] 127.0.0.1 /admin.php/Home/User/UserInfo
INFO: [ app_init ] --START--
INFO: Run Behavior\BuildLiteBehavior [ RunTime:0.000000s ]
INFO: [ app_init ] --END-- [ RunTime:0.003000s ]
INFO: [ app_begin ] --START--
INFO: Run Behavior\ReadHtmlCacheBehavior [ RunTime:0.001000s ]
INFO: [ app_begin ] --END-- [ RunTime:0.001000s ]
NOTIC: [8192] mysql_connect(): The mysql extension is deprecated and will be removed in the future: use mysqli or PDO instead E:\PetAdmin\PetAdminShop\ThinkPHP\Library\Think\Db\Driver\Mysql.class.php 第 52 行.
SQL: SHOW COLUMNS FROM `admin_user` [ RunTime:0.035002s ]
SQL: SELECT * FROM `admin_user` WHERE `username` = 'tianxunhulian' LIMIT 1   [ RunTime:0.034002s ]
NOTIC: [8] Undefined index: page E:\PetAdmin\PetAdminShop\Admin\Home\Controller\UserController.class.php 第 42 行.
SQL: SHOW COLUMNS FROM `user` [ RunTime:0.042003s ]
SQL: SELECT * FROM `user`  [ RunTime:0.070004s ]
INFO: [ view_parse ] --START--
INFO: [ template_filter ] --START--
INFO: Run Behavior\ContentReplaceBehavior [ RunTime:0.000000s ]
INFO: [ template_filter ] --END-- [ RunTime:0.000000s ]
INFO: Run Behavior\ParseTemplateBehavior [ RunTime:0.027001s ]
INFO: [ view_parse ] --END-- [ RunTime:0.027001s ]
INFO: [ view_filter ] --START--
INFO: Run Behavior\WriteHtmlCacheBehavior [ RunTime:0.000000s ]
INFO: [ view_filter ] --END-- [ RunTime:0.000000s ]
INFO: [ app_end ] --START--
INFO: Run Behavior\ShowPageTraceBehavior [ RunTime:0.001000s ]
INFO: [ app_end ] --END-- [ RunTime:0.001000s ]

[ 2017-07-09T09:49:11+08:00 ] 127.0.0.1 /admin.php/Home/User/MenuLists
INFO: [ app_init ] --START--
INFO: Run Behavior\BuildLiteBehavior [ RunTime:0.000000s ]
INFO: [ app_init ] --END-- [ RunTime:0.000000s ]
INFO: [ app_begin ] --START--
INFO: Run Behavior\ReadHtmlCacheBehavior [ RunTime:0.001000s ]
INFO: [ app_begin ] --END-- [ RunTime:0.001000s ]
NOTIC: [8192] mysql_connect(): The mysql extension is deprecated and will be removed in the future: use mysqli or PDO instead E:\PetAdmin\PetAdminShop\ThinkPHP\Library\Think\Db\Driver\Mysql.class.php 第 52 行.
SQL: SHOW COLUMNS FROM `admin_user` [ RunTime:0.039002s ]
SQL: SELECT * FROM `admin_user` WHERE `username` = 'tianxunhulian' LIMIT 1   [ RunTime:0.038002s ]
SQL: select admin_jurisdiction.* from admin_user,admin_user_role,admin_role_jurisdiction,admin_jurisdiction
                where admin_user.id=admin_user_role.user_id
                and admin_user_role.role_id=admin_role_jurisdiction.role_id
                and admin_role_jurisdiction.jurisdiction_id=admin_jurisdiction.j_id
                and admin_user.username='tianxunhulian' [ RunTime:0.038003s ]
SQL: SELECT * FROM admin_jurisdiction WHERE pid = 1 [ RunTime:0.036002s ]
SQL: SELECT * FROM admin_jurisdiction WHERE pid = 2 [ RunTime:0.036002s ]
SQL: SELECT * FROM admin_jurisdiction WHERE pid = 3 [ RunTime:0.037002s ]
SQL: SELECT * FROM admin_jurisdiction WHERE pid = 4 [ RunTime:0.036002s ]
SQL: SELECT * FROM admin_jurisdiction WHERE pid = 5 [ RunTime:0.038002s ]
SQL: SELECT * FROM admin_jurisdiction WHERE pid = 6 [ RunTime:0.037002s ]
SQL: SELECT * FROM admin_jurisdiction WHERE pid = 7 [ RunTime:0.037002s ]
SQL: SELECT * FROM admin_jurisdiction WHERE pid = 8 [ RunTime:0.035002s ]
SQL: SELECT * FROM admin_jurisdiction WHERE pid = 9 [ RunTime:0.036002s ]
SQL: SELECT * FROM admin_jurisdiction WHERE pid = 10 [ RunTime:0.037002s ]
SQL: SELECT * FROM admin_jurisdiction WHERE pid = 42 [ RunTime:0.036002s ]
SQL: SELECT * FROM admin_jurisdiction WHERE pid = 46 [ RunTime:0.037002s ]
INFO: [ app_end ] --START--
INFO: Run Behavior\ShowPageTraceBehavior [ RunTime:0.001000s ]
INFO: [ app_end ] --END-- [ RunTime:0.001000s ]

[ 2017-07-09T09:49:14+08:00 ] 127.0.0.1 /admin.php/Home/Orders/ShopExamine
INFO: [ app_init ] --START--
INFO: Run Behavior\BuildLiteBehavior [ RunTime:0.000000s ]
INFO: [ app_init ] --END-- [ RunTime:0.001000s ]
INFO: [ app_begin ] --START--
INFO: Run Behavior\ReadHtmlCacheBehavior [ RunTime:0.000000s ]
INFO: [ app_begin ] --END-- [ RunTime:0.001000s ]
NOTIC: [8192] mysql_connect(): The mysql extension is deprecated and will be removed in the future: use mysqli or PDO instead E:\PetAdmin\PetAdminShop\ThinkPHP\Library\Think\Db\Driver\Mysql.class.php 第 52 行.
SQL: SHOW COLUMNS FROM `admin_user` [ RunTime:0.038002s ]
SQL: SELECT * FROM `admin_user` WHERE `username` = 'tianxunhulian' LIMIT 1   [ RunTime:0.036003s ]
NOTIC: [8] Undefined index: page E:\PetAdmin\PetAdminShop\Admin\Home\Controller\OrdersController.class.php 第 221 行.
SQL: SHOW COLUMNS FROM `shop` [ RunTime:0.038002s ]
SQL: SELECT * FROM `shop`  [ RunTime:0.037002s ]
INFO: [ view_parse ] --START--
INFO: [ template_filter ] --START--
INFO: Run Behavior\ContentReplaceBehavior [ RunTime:0.000000s ]
INFO: [ template_filter ] --END-- [ RunTime:0.000000s ]
NOTIC: [8] Undefined index: id E:\PetAdmin\PetAdminShop\Admin\Runtime\Cache\Home\3483459e0e990c1a11c30ea2daa0aae4.php 第 242 行.
NOTIC: [8] Undefined index: id E:\PetAdmin\PetAdminShop\Admin\Runtime\Cache\Home\3483459e0e990c1a11c30ea2daa0aae4.php 第 242 行.
NOTIC: [8] Undefined index: id E:\PetAdmin\PetAdminShop\Admin\Runtime\Cache\Home\3483459e0e990c1a11c30ea2daa0aae4.php 第 242 行.
NOTIC: [8] Undefined index: id E:\PetAdmin\PetAdminShop\Admin\Runtime\Cache\Home\3483459e0e990c1a11c30ea2daa0aae4.php 第 242 行.
NOTIC: [8] Undefined index: id E:\PetAdmin\PetAdminShop\Admin\Runtime\Cache\Home\3483459e0e990c1a11c30ea2daa0aae4.php 第 242 行.
NOTIC: [8] Undefined index: id E:\PetAdmin\PetAdminShop\Admin\Runtime\Cache\Home\3483459e0e990c1a11c30ea2daa0aae4.php 第 242 行.
NOTIC: [8] Undefined index: id E:\PetAdmin\PetAdminShop\Admin\Runtime\Cache\Home\3483459e0e990c1a11c30ea2daa0aae4.php 第 242 行.
NOTIC: [8] Undefined index: id E:\PetAdmin\PetAdminShop\Admin\Runtime\Cache\Home\3483459e0e990c1a11c30ea2daa0aae4.php 第 242 行.
INFO: Run Behavior\ParseTemplateBehavior [ RunTime:0.018001s ]
INFO: [ view_parse ] --END-- [ RunTime:0.018001s ]
INFO: [ view_filter ] --START--
INFO: Run Behavior\WriteHtmlCacheBehavior [ RunTime:0.000000s ]
INFO: [ view_filter ] --END-- [ RunTime:0.000000s ]
INFO: [ app_end ] --START--
INFO: Run Behavior\ShowPageTraceBehavior [ RunTime:0.000000s ]
INFO: [ app_end ] --END-- [ RunTime:0.001000s ]

[ 2017-07-09T09:49:15+08:00 ] 127.0.0.1 /admin.php/Home/Orders/MenuLists
INFO: [ app_init ] --START--
INFO: Run Behavior\BuildLiteBehavior [ RunTime:0.000000s ]
INFO: [ app_init ] --END-- [ RunTime:0.001000s ]
INFO: [ app_begin ] --START--
INFO: Run Behavior\ReadHtmlCacheBehavior [ RunTime:0.001000s ]
INFO: [ app_begin ] --END-- [ RunTime:0.001000s ]
NOTIC: [8192] mysql_connect(): The mysql extension is deprecated and will be removed in the future: use mysqli or PDO instead E:\PetAdmin\PetAdminShop\ThinkPHP\Library\Think\Db\Driver\Mysql.class.php 第 52 行.
SQL: SHOW COLUMNS FROM `admin_user` [ RunTime:0.036002s ]
SQL: SELECT * FROM `admin_user` WHERE `username` = 'tianxunhulian' LIMIT 1   [ RunTime:0.036002s ]
SQL: select admin_jurisdiction.* from admin_user,admin_user_role,admin_role_jurisdiction,admin_jurisdiction
                where admin_user.id=admin_user_role.user_id
                and admin_user_role.role_id=admin_role_jurisdiction.role_id
                and admin_role_jurisdiction.jurisdiction_id=admin_jurisdiction.j_id
                and admin_user.username='tianxunhulian' [ RunTime:0.038002s ]
SQL: SELECT * FROM admin_jurisdiction WHERE pid = 1 [ RunTime:0.036002s ]
SQL: SELECT * FROM admin_jurisdiction WHERE pid = 2 [ RunTime:0.035002s ]
SQL: SELECT * FROM admin_jurisdiction WHERE pid = 3 [ RunTime:0.035002s ]
SQL: SELECT * FROM admin_jurisdiction WHERE pid = 4 [ RunTime:0.038003s ]
SQL: SELECT * FROM admin_jurisdiction WHERE pid = 5 [ RunTime:0.037002s ]
SQL: SELECT * FROM admin_jurisdiction WHERE pid = 6 [ RunTime:0.036002s ]
SQL: SELECT * FROM admin_jurisdiction WHERE pid = 7 [ RunTime:0.036002s ]
SQL: SELECT * FROM admin_jurisdiction WHERE pid = 8 [ RunTime:0.037002s ]
SQL: SELECT * FROM admin_jurisdiction WHERE pid = 9 [ RunTime:0.037002s ]
SQL: SELECT * FROM admin_jurisdiction WHERE pid = 10 [ RunTime:0.035002s ]
SQL: SELECT * FROM admin_jurisdiction WHERE pid = 42 [ RunTime:0.036002s ]
SQL: SELECT * FROM admin_jurisdiction WHERE pid = 46 [ RunTime:0.036002s ]
INFO: [ app_end ] --START--
INFO: Run Behavior\ShowPageTraceBehavior [ RunTime:0.001000s ]
INFO: [ app_end ] --END-- [ RunTime:0.001000s ]

[ 2017-07-09T09:49:16+08:00 ] 127.0.0.1 /admin.php/Home/Orders/ShopIdInfo/s_id/5
INFO: [ app_init ] --START--
INFO: Run Behavior\BuildLiteBehavior [ RunTime:0.000000s ]
INFO: [ app_init ] --END-- [ RunTime:0.001000s ]
INFO: [ app_begin ] --START--
INFO: Run Behavior\ReadHtmlCacheBehavior [ RunTime:0.001000s ]
INFO: [ app_begin ] --END-- [ RunTime:0.001000s ]
NOTIC: [8192] mysql_connect(): The mysql extension is deprecated and will be removed in the future: use mysqli or PDO instead E:\PetAdmin\PetAdminShop\ThinkPHP\Library\Think\Db\Driver\Mysql.class.php 第 52 行.
SQL: SHOW COLUMNS FROM `admin_user` [ RunTime:0.036002s ]
SQL: SELECT * FROM `admin_user` WHERE `username` = 'tianxunhulian' LIMIT 1   [ RunTime:0.036003s ]
SQL: SHOW COLUMNS FROM `shop` [ RunTime:0.036002s ]
SQL: SELECT * FROM `shop` WHERE ( s_id=5 ) LIMIT 1   [ RunTime:0.037002s ]
INFO: [ view_parse ] --START--
INFO: [ template_filter ] --START--
INFO: Run Behavior\ContentReplaceBehavior [ RunTime:0.000000s ]
INFO: [ template_filter ] --END-- [ RunTime:0.000000s ]
NOTIC: [8] Undefined variable: num E:\PetAdmin\PetAdminShop\Admin\Runtime\Cache\Home\413cfa98cad7829eb0836415e6512bb4.php 第 200 行.
NOTIC: [8] Undefined variable: num E:\PetAdmin\PetAdminShop\Admin\Runtime\Cache\Home\413cfa98cad7829eb0836415e6512bb4.php 第 206 行.
NOTIC: [8] Undefined variable: num E:\PetAdmin\PetAdminShop\Admin\Runtime\Cache\Home\413cfa98cad7829eb0836415e6512bb4.php 第 210 行.
NOTIC: [8] Undefined variable: num E:\PetAdmin\PetAdminShop\Admin\Runtime\Cache\Home\413cfa98cad7829eb0836415e6512bb4.php 第 214 行.
INFO: Run Behavior\ParseTemplateBehavior [ RunTime:0.020001s ]
INFO: [ view_parse ] --END-- [ RunTime:0.020001s ]
INFO: [ view_filter ] --START--
INFO: Run Behavior\WriteHtmlCacheBehavior [ RunTime:0.001000s ]
INFO: [ view_filter ] --END-- [ RunTime:0.001000s ]
INFO: [ app_end ] --START--
INFO: Run Behavior\ShowPageTraceBehavior [ RunTime:0.001000s ]
INFO: [ app_end ] --END-- [ RunTime:0.001000s ]

[ 2017-07-09T09:49:17+08:00 ] 127.0.0.1 /admin.php/Home/Orders/MenuLists
INFO: [ app_init ] --START--
INFO: Run Behavior\BuildLiteBehavior [ RunTime:0.000000s ]
INFO: [ app_init ] --END-- [ RunTime:0.001000s ]
INFO: [ app_begin ] --START--
INFO: Run Behavior\ReadHtmlCacheBehavior [ RunTime:0.001000s ]
INFO: [ app_begin ] --END-- [ RunTime:0.001000s ]
NOTIC: [8192] mysql_connect(): The mysql extension is deprecated and will be removed in the future: use mysqli or PDO instead E:\PetAdmin\PetAdminShop\ThinkPHP\Library\Think\Db\Driver\Mysql.class.php 第 52 行.
SQL: SHOW COLUMNS FROM `admin_user` [ RunTime:0.037002s ]
SQL: SELECT * FROM `admin_user` WHERE `username` = 'tianxunhulian' LIMIT 1   [ RunTime:0.036002s ]
SQL: select admin_jurisdiction.* from admin_user,admin_user_role,admin_role_jurisdiction,admin_jurisdiction
                where admin_user.id=admin_user_role.user_id
                and admin_user_role.role_id=admin_role_jurisdiction.role_id
                and admin_role_jurisdiction.jurisdiction_id=admin_jurisdiction.j_id
                and admin_user.username='tianxunhulian' [ RunTime:0.038003s ]
SQL: SELECT * FROM admin_jurisdiction WHERE pid = 1 [ RunTime:0.036002s ]
SQL: SELECT * FROM admin_jurisdiction WHERE pid = 2 [ RunTime:0.036002s ]
SQL: SELECT * FROM admin_jurisdiction WHERE pid = 3 [ RunTime:0.037002s ]
SQL: SELECT * FROM admin_jurisdiction WHERE pid = 4 [ RunTime:0.037002s ]
SQL: SELECT * FROM admin_jurisdiction WHERE pid = 5 [ RunTime:0.036002s ]
SQL: SELECT * FROM admin_jurisdiction WHERE pid = 6 [ RunTime:0.038002s ]
SQL: SELECT * FROM admin_jurisdiction WHERE pid = 7 [ RunTime:0.037002s ]
SQL: SELECT * FROM admin_jurisdiction WHERE pid = 8 [ RunTime:0.036002s ]
SQL: SELECT * FROM admin_jurisdiction WHERE pid = 9 [ RunTime:0.037003s ]
SQL: SELECT * FROM admin_jurisdiction WHERE pid = 10 [ RunTime:0.037002s ]
SQL: SELECT * FROM admin_jurisdiction WHERE pid = 42 [ RunTime:0.036002s ]
SQL: SELECT * FROM admin_jurisdiction WHERE pid = 46 [ RunTime:0.037002s ]
INFO: [ app_end ] --START--
INFO: Run Behavior\ShowPageTraceBehavior [ RunTime:0.001000s ]
INFO: [ app_end ] --END-- [ RunTime:0.001000s ]

[ 2017-07-09T09:51:44+08:00 ] 127.0.0.1 /admin.php/Home/Login/Home
INFO: [ app_init ] --START--
INFO: Run Behavior\BuildLiteBehavior [ RunTime:0.000000s ]
INFO: [ app_init ] --END-- [ RunTime:0.000000s ]
INFO: [ app_begin ] --START--
INFO: Run Behavior\ReadHtmlCacheBehavior [ RunTime:0.001000s ]
INFO: [ app_begin ] --END-- [ RunTime:0.001000s ]
NOTIC: [8192] mysql_connect(): The mysql extension is deprecated and will be removed in the future: use mysqli or PDO instead E:\PetAdmin\PetAdminShop\ThinkPHP\Library\Think\Db\Driver\Mysql.class.php 第 52 行.
SQL: SHOW COLUMNS FROM `admin_user` [ RunTime:0.040003s ]
SQL: SELECT * FROM `admin_user` WHERE `username` = 'tianxunhulian' LIMIT 1   [ RunTime:0.036002s ]
INFO: [ view_parse ] --START--
INFO: [ template_filter ] --START--
INFO: Run Behavior\ContentReplaceBehavior [ RunTime:0.000000s ]
INFO: [ template_filter ] --END-- [ RunTime:0.000000s ]
INFO: Run Behavior\ParseTemplateBehavior [ RunTime:0.014001s ]
INFO: [ view_parse ] --END-- [ RunTime:0.014001s ]
INFO: [ view_filter ] --START--
INFO: Run Behavior\WriteHtmlCacheBehavior [ RunTime:0.000000s ]
INFO: [ view_filter ] --END-- [ RunTime:0.000000s ]
INFO: [ app_end ] --START--
INFO: Run Behavior\ShowPageTraceBehavior [ RunTime:0.001000s ]
INFO: [ app_end ] --END-- [ RunTime:0.001000s ]

[ 2017-07-09T09:51:45+08:00 ] 127.0.0.1 /admin.php/Home/Login/MenuLists
INFO: [ app_init ] --START--
INFO: Run Behavior\BuildLiteBehavior [ RunTime:0.000000s ]
INFO: [ app_init ] --END-- [ RunTime:0.000000s ]
INFO: [ app_begin ] --START--
INFO: Run Behavior\ReadHtmlCacheBehavior [ RunTime:0.000000s ]
INFO: [ app_begin ] --END-- [ RunTime:0.001000s ]
NOTIC: [8192] mysql_connect(): The mysql extension is deprecated and will be removed in the future: use mysqli or PDO instead E:\PetAdmin\PetAdminShop\ThinkPHP\Library\Think\Db\Driver\Mysql.class.php 第 52 行.
SQL: select admin_jurisdiction.* from admin_user,admin_user_role,admin_role_jurisdiction,admin_jurisdiction
                where admin_user.id=admin_user_role.user_id
                and admin_user_role.role_id=admin_role_jurisdiction.role_id
                and admin_role_jurisdiction.jurisdiction_id=admin_jurisdiction.j_id
                and admin_user.username='tianxunhulian' [ RunTime:0.037002s ]
SQL: SELECT * FROM admin_jurisdiction WHERE pid = 1 [ RunTime:0.036002s ]
SQL: SELECT * FROM admin_jurisdiction WHERE pid = 2 [ RunTime:0.036002s ]
SQL: SELECT * FROM admin_jurisdiction WHERE pid = 3 [ RunTime:0.037003s ]
SQL: SELECT * FROM admin_jurisdiction WHERE pid = 4 [ RunTime:0.035002s ]
SQL: SELECT * FROM admin_jurisdiction WHERE pid = 5 [ RunTime:0.036002s ]
SQL: SELECT * FROM admin_jurisdiction WHERE pid = 6 [ RunTime:0.036002s ]
SQL: SELECT * FROM admin_jurisdiction WHERE pid = 7 [ RunTime:0.036002s ]
SQL: SELECT * FROM admin_jurisdiction WHERE pid = 8 [ RunTime:0.037002s ]
SQL: SELECT * FROM admin_jurisdiction WHERE pid = 9 [ RunTime:0.037002s ]
SQL: SELECT * FROM admin_jurisdiction WHERE pid = 10 [ RunTime:0.037002s ]
SQL: SELECT * FROM admin_jurisdiction WHERE pid = 42 [ RunTime:0.036002s ]
SQL: SELECT * FROM admin_jurisdiction WHERE pid = 46 [ RunTime:0.036002s ]
INFO: [ app_end ] --START--
INFO: Run Behavior\ShowPageTraceBehavior [ RunTime:0.001000s ]
INFO: [ app_end ] --END-- [ RunTime:0.001000s ]

