[ 2017-07-12T00:19:45+08:00 ] 1.89.181.56 /admin.php
INFO: [ app_init ] --START--
INFO: Run Behavior\BuildLiteBehavior [ RunTime:0.000010s ]
INFO: [ app_init ] --END-- [ RunTime:0.000080s ]
INFO: [ app_begin ] --START--
INFO: Run Behavior\ReadHtmlCacheBehavior [ RunTime:0.000028s ]
INFO: [ app_begin ] --END-- [ RunTime:0.000051s ]
INFO: [ view_parse ] --START--
INFO: [ template_filter ] --START--
INFO: Run Behavior\ContentReplaceBehavior [ RunTime:0.000056s ]
INFO: [ template_filter ] --END-- [ RunTime:0.000093s ]
INFO: Run Behavior\ParseTemplateBehavior [ RunTime:0.002055s ]
INFO: [ view_parse ] --END-- [ RunTime:0.002099s ]
INFO: [ view_filter ] --START--
INFO: Run Behavior\WriteHtmlCacheBehavior [ RunTime:0.000031s ]
INFO: [ view_filter ] --END-- [ RunTime:0.000054s ]
INFO: [ app_end ] --START--
INFO: Run Behavior\ShowPageTraceBehavior [ RunTime:0.000031s ]
INFO: [ app_end ] --END-- [ RunTime:0.000059s ]

[ 2017-07-12T00:19:56+08:00 ] 1.89.181.56 /admin.php/Home/Login/LoginVerification
INFO: [ app_init ] --START--
INFO: Run Behavior\BuildLiteBehavior [ RunTime:0.000013s ]
INFO: [ app_init ] --END-- [ RunTime:0.000085s ]
INFO: [ app_begin ] --START--
INFO: Run Behavior\ReadHtmlCacheBehavior [ RunTime:0.000023s ]
INFO: [ app_begin ] --END-- [ RunTime:0.000046s ]
NOTIC: [8192] mysql_connect(): The mysql extension is deprecated and will be removed in the future: use mysqli or PDO instead /data/wwwroot/PetAdmin/PetAdminShop/ThinkPHP/Library/Think/Db/Driver/Mysql.class.php 第 52 行.
SQL: SHOW COLUMNS FROM `admin_user` [ RunTime:0.000464s ]
SQL: SELECT COUNT(*) AS tp_count FROM `admin_user` WHERE `username` = 'tianxunhulian' AND `password` = 'dGlhbnh1bmh1bGlhbg==' LIMIT 1   [ RunTime:0.000060s ]
INFO: [ app_end ] --START--
INFO: Run Behavior\ShowPageTraceBehavior [ RunTime:0.000026s ]
INFO: [ app_end ] --END-- [ RunTime:0.000047s ]

[ 2017-07-12T00:19:57+08:00 ] 1.89.181.56 /admin.php/Home/Login/Home
INFO: [ app_init ] --START--
INFO: Run Behavior\BuildLiteBehavior [ RunTime:0.000014s ]
INFO: [ app_init ] --END-- [ RunTime:0.000099s ]
INFO: [ app_begin ] --START--
INFO: Run Behavior\ReadHtmlCacheBehavior [ RunTime:0.000027s ]
INFO: [ app_begin ] --END-- [ RunTime:0.000053s ]
NOTIC: [8192] mysql_connect(): The mysql extension is deprecated and will be removed in the future: use mysqli or PDO instead /data/wwwroot/PetAdmin/PetAdminShop/ThinkPHP/Library/Think/Db/Driver/Mysql.class.php 第 52 行.
SQL: SHOW COLUMNS FROM `admin_user` [ RunTime:0.000354s ]
SQL: SELECT * FROM `admin_user` WHERE `username` = 'tianxunhulian' LIMIT 1   [ RunTime:0.000062s ]
INFO: [ view_parse ] --START--
INFO: [ template_filter ] --START--
INFO: Run Behavior\ContentReplaceBehavior [ RunTime:0.000083s ]
INFO: [ template_filter ] --END-- [ RunTime:0.000120s ]
INFO: Run Behavior\ParseTemplateBehavior [ RunTime:0.005529s ]
INFO: [ view_parse ] --END-- [ RunTime:0.005609s ]
INFO: [ view_filter ] --START--
INFO: Run Behavior\WriteHtmlCacheBehavior [ RunTime:0.000023s ]
INFO: [ view_filter ] --END-- [ RunTime:0.000042s ]
INFO: [ app_end ] --START--
INFO: Run Behavior\ShowPageTraceBehavior [ RunTime:0.000027s ]
INFO: [ app_end ] --END-- [ RunTime:0.000050s ]

[ 2017-07-12T00:20:00+08:00 ] 1.89.181.56 /admin.php/Home/Login/MenuLists
INFO: [ app_init ] --START--
INFO: Run Behavior\BuildLiteBehavior [ RunTime:0.000009s ]
INFO: [ app_init ] --END-- [ RunTime:0.000061s ]
INFO: [ app_begin ] --START--
INFO: Run Behavior\ReadHtmlCacheBehavior [ RunTime:0.000037s ]
INFO: [ app_begin ] --END-- [ RunTime:0.000070s ]
NOTIC: [8192] mysql_connect(): The mysql extension is deprecated and will be removed in the future: use mysqli or PDO instead /data/wwwroot/PetAdmin/PetAdminShop/ThinkPHP/Library/Think/Db/Driver/Mysql.class.php 第 52 行.
SQL: select admin_jurisdiction.* from admin_user,admin_user_role,admin_role_jurisdiction,admin_jurisdiction
                where admin_user.id=admin_user_role.user_id
                and admin_user_role.role_id=admin_role_jurisdiction.role_id
                and admin_role_jurisdiction.jurisdiction_id=admin_jurisdiction.j_id
                and admin_user.username='tianxunhulian' [ RunTime:0.000076s ]
SQL: SELECT * FROM admin_jurisdiction WHERE pid = 1 [ RunTime:0.000076s ]
SQL: SELECT * FROM admin_jurisdiction WHERE pid = 2 [ RunTime:0.000068s ]
SQL: SELECT * FROM admin_jurisdiction WHERE pid = 3 [ RunTime:0.000056s ]
SQL: SELECT * FROM admin_jurisdiction WHERE pid = 4 [ RunTime:0.000071s ]
SQL: SELECT * FROM admin_jurisdiction WHERE pid = 5 [ RunTime:0.000054s ]
SQL: SELECT * FROM admin_jurisdiction WHERE pid = 6 [ RunTime:0.000050s ]
SQL: SELECT * FROM admin_jurisdiction WHERE pid = 7 [ RunTime:0.000050s ]
SQL: SELECT * FROM admin_jurisdiction WHERE pid = 8 [ RunTime:0.000050s ]
SQL: SELECT * FROM admin_jurisdiction WHERE pid = 9 [ RunTime:0.000065s ]
SQL: SELECT * FROM admin_jurisdiction WHERE pid = 10 [ RunTime:0.000056s ]
SQL: SELECT * FROM admin_jurisdiction WHERE pid = 42 [ RunTime:0.000069s ]
SQL: SELECT * FROM admin_jurisdiction WHERE pid = 46 [ RunTime:0.000052s ]
INFO: [ app_end ] --START--
INFO: Run Behavior\ShowPageTraceBehavior [ RunTime:0.000028s ]
INFO: [ app_end ] --END-- [ RunTime:0.000058s ]

[ 2017-07-12T00:20:04+08:00 ] 1.89.181.56 /admin.php/Home/Question/QuestionInfo
INFO: [ app_init ] --START--
INFO: Run Behavior\BuildLiteBehavior [ RunTime:0.000010s ]
INFO: [ app_init ] --END-- [ RunTime:0.000061s ]
INFO: [ app_begin ] --START--
INFO: Run Behavior\ReadHtmlCacheBehavior [ RunTime:0.000027s ]
INFO: [ app_begin ] --END-- [ RunTime:0.000053s ]
NOTIC: [8192] mysql_connect(): The mysql extension is deprecated and will be removed in the future: use mysqli or PDO instead /data/wwwroot/PetAdmin/PetAdminShop/ThinkPHP/Library/Think/Db/Driver/Mysql.class.php 第 52 行.
SQL: SHOW COLUMNS FROM `admin_user` [ RunTime:0.000445s ]
SQL: SELECT * FROM `admin_user` WHERE `username` = 'tianxunhulian' LIMIT 1   [ RunTime:0.000066s ]
NOTIC: [8] Undefined index: page /data/wwwroot/PetAdmin/PetAdminShop/Admin/Home/Controller/QuestionController.class.php 第 101 行.
SQL: SHOW COLUMNS FROM `question` [ RunTime:0.000361s ]
SQL: SELECT * FROM `question` WHERE ( is_pet=1 )  [ RunTime:0.002169s ]
INFO: [ view_parse ] --START--
INFO: [ template_filter ] --START--
INFO: Run Behavior\ContentReplaceBehavior [ RunTime:0.000186s ]
INFO: [ template_filter ] --END-- [ RunTime:0.000222s ]
NOTIC: [8] Undefined variable: word /data/wwwroot/PetAdmin/PetAdminShop/Admin/Runtime/Cache/Home/60f1b2294c45fc1341122c876c6ae4c0.php 第 212 行.
INFO: Run Behavior\ParseTemplateBehavior [ RunTime:0.007698s ]
INFO: [ view_parse ] --END-- [ RunTime:0.007735s ]
INFO: [ view_filter ] --START--
INFO: Run Behavior\WriteHtmlCacheBehavior [ RunTime:0.000027s ]
INFO: [ view_filter ] --END-- [ RunTime:0.000048s ]
INFO: [ app_end ] --START--
INFO: Run Behavior\ShowPageTraceBehavior [ RunTime:0.000028s ]
INFO: [ app_end ] --END-- [ RunTime:0.000056s ]

[ 2017-07-12T00:20:04+08:00 ] 1.89.181.56 /admin.php/Home/Question/MenuLists
INFO: [ app_init ] --START--
INFO: Run Behavior\BuildLiteBehavior [ RunTime:0.000009s ]
INFO: [ app_init ] --END-- [ RunTime:0.000068s ]
INFO: [ app_begin ] --START--
INFO: Run Behavior\ReadHtmlCacheBehavior [ RunTime:0.000025s ]
INFO: [ app_begin ] --END-- [ RunTime:0.000048s ]
NOTIC: [8192] mysql_connect(): The mysql extension is deprecated and will be removed in the future: use mysqli or PDO instead /data/wwwroot/PetAdmin/PetAdminShop/ThinkPHP/Library/Think/Db/Driver/Mysql.class.php 第 52 行.
SQL: SHOW COLUMNS FROM `admin_user` [ RunTime:0.000479s ]
SQL: SELECT * FROM `admin_user` WHERE `username` = 'tianxunhulian' LIMIT 1   [ RunTime:0.000072s ]
SQL: select admin_jurisdiction.* from admin_user,admin_user_role,admin_role_jurisdiction,admin_jurisdiction
                where admin_user.id=admin_user_role.user_id
                and admin_user_role.role_id=admin_role_jurisdiction.role_id
                and admin_role_jurisdiction.jurisdiction_id=admin_jurisdiction.j_id
                and admin_user.username='tianxunhulian' [ RunTime:0.000071s ]
SQL: SELECT * FROM admin_jurisdiction WHERE pid = 1 [ RunTime:0.000065s ]
SQL: SELECT * FROM admin_jurisdiction WHERE pid = 2 [ RunTime:0.000082s ]
SQL: SELECT * FROM admin_jurisdiction WHERE pid = 3 [ RunTime:0.000065s ]
SQL: SELECT * FROM admin_jurisdiction WHERE pid = 4 [ RunTime:0.000052s ]
SQL: SELECT * FROM admin_jurisdiction WHERE pid = 5 [ RunTime:0.000064s ]
SQL: SELECT * FROM admin_jurisdiction WHERE pid = 6 [ RunTime:0.000051s ]
SQL: SELECT * FROM admin_jurisdiction WHERE pid = 7 [ RunTime:0.000052s ]
SQL: SELECT * FROM admin_jurisdiction WHERE pid = 8 [ RunTime:0.000061s ]
SQL: SELECT * FROM admin_jurisdiction WHERE pid = 9 [ RunTime:0.000049s ]
SQL: SELECT * FROM admin_jurisdiction WHERE pid = 10 [ RunTime:0.000068s ]
SQL: SELECT * FROM admin_jurisdiction WHERE pid = 42 [ RunTime:0.000071s ]
SQL: SELECT * FROM admin_jurisdiction WHERE pid = 46 [ RunTime:0.000055s ]
INFO: [ app_end ] --START--
INFO: Run Behavior\ShowPageTraceBehavior [ RunTime:0.000029s ]
INFO: [ app_end ] --END-- [ RunTime:0.000051s ]

[ 2017-07-12T00:20:21+08:00 ] 1.89.181.56 /admin.php/Home/Question/QuestionInfo?page=70&word=undefined
INFO: [ app_init ] --START--
INFO: Run Behavior\BuildLiteBehavior [ RunTime:0.000014s ]
INFO: [ app_init ] --END-- [ RunTime:0.000092s ]
INFO: [ app_begin ] --START--
INFO: Run Behavior\ReadHtmlCacheBehavior [ RunTime:0.000039s ]
INFO: [ app_begin ] --END-- [ RunTime:0.000079s ]
NOTIC: [8192] mysql_connect(): The mysql extension is deprecated and will be removed in the future: use mysqli or PDO instead /data/wwwroot/PetAdmin/PetAdminShop/ThinkPHP/Library/Think/Db/Driver/Mysql.class.php 第 52 行.
SQL: SHOW COLUMNS FROM `admin_user` [ RunTime:0.000433s ]
SQL: SELECT * FROM `admin_user` WHERE `username` = 'tianxunhulian' LIMIT 1   [ RunTime:0.000090s ]
SQL: SHOW COLUMNS FROM `question` [ RunTime:0.000357s ]
SQL: SELECT * FROM `question` WHERE ( is_pet=1 )  [ RunTime:0.002003s ]
INFO: [ view_parse ] --START--
INFO: [ template_filter ] --START--
INFO: Run Behavior\ContentReplaceBehavior [ RunTime:0.000083s ]
INFO: [ template_filter ] --END-- [ RunTime:0.000114s ]
NOTIC: [8] Undefined variable: word /data/wwwroot/PetAdmin/PetAdminShop/Admin/Runtime/Cache/Home/60f1b2294c45fc1341122c876c6ae4c0.php 第 212 行.
INFO: Run Behavior\ParseTemplateBehavior [ RunTime:0.007246s ]
INFO: [ view_parse ] --END-- [ RunTime:0.007292s ]
INFO: [ view_filter ] --START--
INFO: Run Behavior\WriteHtmlCacheBehavior [ RunTime:0.000025s ]
INFO: [ view_filter ] --END-- [ RunTime:0.000043s ]
INFO: [ app_end ] --START--
INFO: Run Behavior\ShowPageTraceBehavior [ RunTime:0.000040s ]
INFO: [ app_end ] --END-- [ RunTime:0.000083s ]

[ 2017-07-12T00:20:22+08:00 ] 1.89.181.56 /admin.php/Home/Question/MenuLists
INFO: [ app_init ] --START--
INFO: Run Behavior\BuildLiteBehavior [ RunTime:0.000009s ]
INFO: [ app_init ] --END-- [ RunTime:0.000059s ]
INFO: [ app_begin ] --START--
INFO: Run Behavior\ReadHtmlCacheBehavior [ RunTime:0.000086s ]
INFO: [ app_begin ] --END-- [ RunTime:0.000111s ]
NOTIC: [8192] mysql_connect(): The mysql extension is deprecated and will be removed in the future: use mysqli or PDO instead /data/wwwroot/PetAdmin/PetAdminShop/ThinkPHP/Library/Think/Db/Driver/Mysql.class.php 第 52 行.
SQL: SHOW COLUMNS FROM `admin_user` [ RunTime:0.000447s ]
SQL: SELECT * FROM `admin_user` WHERE `username` = 'tianxunhulian' LIMIT 1   [ RunTime:0.000065s ]
SQL: select admin_jurisdiction.* from admin_user,admin_user_role,admin_role_jurisdiction,admin_jurisdiction
                where admin_user.id=admin_user_role.user_id
                and admin_user_role.role_id=admin_role_jurisdiction.role_id
                and admin_role_jurisdiction.jurisdiction_id=admin_jurisdiction.j_id
                and admin_user.username='tianxunhulian' [ RunTime:0.000066s ]
SQL: SELECT * FROM admin_jurisdiction WHERE pid = 1 [ RunTime:0.000050s ]
SQL: SELECT * FROM admin_jurisdiction WHERE pid = 2 [ RunTime:0.000052s ]
SQL: SELECT * FROM admin_jurisdiction WHERE pid = 3 [ RunTime:0.000052s ]
SQL: SELECT * FROM admin_jurisdiction WHERE pid = 4 [ RunTime:0.000049s ]
SQL: SELECT * FROM admin_jurisdiction WHERE pid = 5 [ RunTime:0.000049s ]
SQL: SELECT * FROM admin_jurisdiction WHERE pid = 6 [ RunTime:0.000051s ]
SQL: SELECT * FROM admin_jurisdiction WHERE pid = 7 [ RunTime:0.000049s ]
SQL: SELECT * FROM admin_jurisdiction WHERE pid = 8 [ RunTime:0.000047s ]
SQL: SELECT * FROM admin_jurisdiction WHERE pid = 9 [ RunTime:0.000048s ]
SQL: SELECT * FROM admin_jurisdiction WHERE pid = 10 [ RunTime:0.000132s ]
SQL: SELECT * FROM admin_jurisdiction WHERE pid = 42 [ RunTime:0.000079s ]
SQL: SELECT * FROM admin_jurisdiction WHERE pid = 46 [ RunTime:0.000054s ]
INFO: [ app_end ] --START--
INFO: Run Behavior\ShowPageTraceBehavior [ RunTime:0.000037s ]
INFO: [ app_end ] --END-- [ RunTime:0.000060s ]

[ 2017-07-12T00:20:25+08:00 ] 1.89.181.56 /admin.php/Home/Question/QuestionInfo?page=71
INFO: [ app_init ] --START--
INFO: Run Behavior\BuildLiteBehavior [ RunTime:0.000010s ]
INFO: [ app_init ] --END-- [ RunTime:0.000061s ]
INFO: [ app_begin ] --START--
INFO: Run Behavior\ReadHtmlCacheBehavior [ RunTime:0.000039s ]
INFO: [ app_begin ] --END-- [ RunTime:0.000079s ]
NOTIC: [8192] mysql_connect(): The mysql extension is deprecated and will be removed in the future: use mysqli or PDO instead /data/wwwroot/PetAdmin/PetAdminShop/ThinkPHP/Library/Think/Db/Driver/Mysql.class.php 第 52 行.
SQL: SHOW COLUMNS FROM `admin_user` [ RunTime:0.000476s ]
SQL: SELECT * FROM `admin_user` WHERE `username` = 'tianxunhulian' LIMIT 1   [ RunTime:0.000065s ]
SQL: SHOW COLUMNS FROM `question` [ RunTime:0.000444s ]
SQL: SELECT * FROM `question` WHERE ( is_pet=1 )  [ RunTime:0.000785s ]
INFO: [ view_parse ] --START--
INFO: [ template_filter ] --START--
INFO: Run Behavior\ContentReplaceBehavior [ RunTime:0.000089s ]
INFO: [ template_filter ] --END-- [ RunTime:0.000123s ]
NOTIC: [8] Undefined variable: word /data/wwwroot/PetAdmin/PetAdminShop/Admin/Runtime/Cache/Home/60f1b2294c45fc1341122c876c6ae4c0.php 第 212 行.
INFO: Run Behavior\ParseTemplateBehavior [ RunTime:0.007390s ]
INFO: [ view_parse ] --END-- [ RunTime:0.007424s ]
INFO: [ view_filter ] --START--
INFO: Run Behavior\WriteHtmlCacheBehavior [ RunTime:0.000026s ]
INFO: [ view_filter ] --END-- [ RunTime:0.000045s ]
INFO: [ app_end ] --START--
INFO: Run Behavior\ShowPageTraceBehavior [ RunTime:0.000029s ]
INFO: [ app_end ] --END-- [ RunTime:0.000056s ]

[ 2017-07-12T00:20:25+08:00 ] 1.89.181.56 /admin.php/Home/Question/MenuLists
INFO: [ app_init ] --START--
INFO: Run Behavior\BuildLiteBehavior [ RunTime:0.000011s ]
INFO: [ app_init ] --END-- [ RunTime:0.000083s ]
INFO: [ app_begin ] --START--
INFO: Run Behavior\ReadHtmlCacheBehavior [ RunTime:0.000025s ]
INFO: [ app_begin ] --END-- [ RunTime:0.000048s ]
NOTIC: [8192] mysql_connect(): The mysql extension is deprecated and will be removed in the future: use mysqli or PDO instead /data/wwwroot/PetAdmin/PetAdminShop/ThinkPHP/Library/Think/Db/Driver/Mysql.class.php 第 52 行.
SQL: SHOW COLUMNS FROM `admin_user` [ RunTime:0.000418s ]
SQL: SELECT * FROM `admin_user` WHERE `username` = 'tianxunhulian' LIMIT 1   [ RunTime:0.000130s ]
SQL: select admin_jurisdiction.* from admin_user,admin_user_role,admin_role_jurisdiction,admin_jurisdiction
                where admin_user.id=admin_user_role.user_id
                and admin_user_role.role_id=admin_role_jurisdiction.role_id
                and admin_role_jurisdiction.jurisdiction_id=admin_jurisdiction.j_id
                and admin_user.username='tianxunhulian' [ RunTime:0.000071s ]
SQL: SELECT * FROM admin_jurisdiction WHERE pid = 1 [ RunTime:0.000052s ]
SQL: SELECT * FROM admin_jurisdiction WHERE pid = 2 [ RunTime:0.000050s ]
SQL: SELECT * FROM admin_jurisdiction WHERE pid = 3 [ RunTime:0.000053s ]
SQL: SELECT * FROM admin_jurisdiction WHERE pid = 4 [ RunTime:0.000050s ]
SQL: SELECT * FROM admin_jurisdiction WHERE pid = 5 [ RunTime:0.000050s ]
SQL: SELECT * FROM admin_jurisdiction WHERE pid = 6 [ RunTime:0.000051s ]
SQL: SELECT * FROM admin_jurisdiction WHERE pid = 7 [ RunTime:0.000050s ]
SQL: SELECT * FROM admin_jurisdiction WHERE pid = 8 [ RunTime:0.000059s ]
SQL: SELECT * FROM admin_jurisdiction WHERE pid = 9 [ RunTime:0.000050s ]
SQL: SELECT * FROM admin_jurisdiction WHERE pid = 10 [ RunTime:0.000074s ]
SQL: SELECT * FROM admin_jurisdiction WHERE pid = 42 [ RunTime:0.000054s ]
SQL: SELECT * FROM admin_jurisdiction WHERE pid = 46 [ RunTime:0.000050s ]
INFO: [ app_end ] --START--
INFO: Run Behavior\ShowPageTraceBehavior [ RunTime:0.000029s ]
INFO: [ app_end ] --END-- [ RunTime:0.000049s ]

[ 2017-07-12T00:20:30+08:00 ] 1.89.181.56 /admin.php/Home/Question/QuestionIdInfo/id/583
INFO: [ app_init ] --START--
INFO: Run Behavior\BuildLiteBehavior [ RunTime:0.000009s ]
INFO: [ app_init ] --END-- [ RunTime:0.000078s ]
INFO: [ app_begin ] --START--
INFO: Run Behavior\ReadHtmlCacheBehavior [ RunTime:0.000026s ]
INFO: [ app_begin ] --END-- [ RunTime:0.000057s ]
NOTIC: [8192] mysql_connect(): The mysql extension is deprecated and will be removed in the future: use mysqli or PDO instead /data/wwwroot/PetAdmin/PetAdminShop/ThinkPHP/Library/Think/Db/Driver/Mysql.class.php 第 52 行.
SQL: SHOW COLUMNS FROM `admin_user` [ RunTime:0.000420s ]
SQL: SELECT * FROM `admin_user` WHERE `username` = 'tianxunhulian' LIMIT 1   [ RunTime:0.000065s ]
SQL: SHOW COLUMNS FROM `question` [ RunTime:0.000353s ]
SQL: SELECT * FROM `question` WHERE ( id=583 ) LIMIT 1   [ RunTime:0.000209s ]
INFO: [ view_parse ] --START--
INFO: [ template_filter ] --START--
INFO: Run Behavior\ContentReplaceBehavior [ RunTime:0.000116s ]
INFO: [ template_filter ] --END-- [ RunTime:0.000155s ]
NOTIC: [8] Undefined variable: num /data/wwwroot/PetAdmin/PetAdminShop/Admin/Runtime/Cache/Home/79c12d8560b67a26639335455effb9f0.php 第 183 行.
NOTIC: [8] Undefined variable: num /data/wwwroot/PetAdmin/PetAdminShop/Admin/Runtime/Cache/Home/79c12d8560b67a26639335455effb9f0.php 第 189 行.
NOTIC: [8] Undefined variable: num /data/wwwroot/PetAdmin/PetAdminShop/Admin/Runtime/Cache/Home/79c12d8560b67a26639335455effb9f0.php 第 193 行.
NOTIC: [8] Undefined variable: num /data/wwwroot/PetAdmin/PetAdminShop/Admin/Runtime/Cache/Home/79c12d8560b67a26639335455effb9f0.php 第 197 行.
INFO: Run Behavior\ParseTemplateBehavior [ RunTime:0.007848s ]
INFO: [ view_parse ] --END-- [ RunTime:0.007880s ]
INFO: [ view_filter ] --START--
INFO: Run Behavior\WriteHtmlCacheBehavior [ RunTime:0.000035s ]
INFO: [ view_filter ] --END-- [ RunTime:0.000069s ]
INFO: [ app_end ] --START--
INFO: Run Behavior\ShowPageTraceBehavior [ RunTime:0.000029s ]
INFO: [ app_end ] --END-- [ RunTime:0.000064s ]

[ 2017-07-12T00:20:30+08:00 ] 1.89.181.56 /admin.php/Home/Question/MenuLists
INFO: [ app_init ] --START--
INFO: Run Behavior\BuildLiteBehavior [ RunTime:0.000009s ]
INFO: [ app_init ] --END-- [ RunTime:0.000059s ]
INFO: [ app_begin ] --START--
INFO: Run Behavior\ReadHtmlCacheBehavior [ RunTime:0.000047s ]
INFO: [ app_begin ] --END-- [ RunTime:0.000082s ]
NOTIC: [8192] mysql_connect(): The mysql extension is deprecated and will be removed in the future: use mysqli or PDO instead /data/wwwroot/PetAdmin/PetAdminShop/ThinkPHP/Library/Think/Db/Driver/Mysql.class.php 第 52 行.
SQL: SHOW COLUMNS FROM `admin_user` [ RunTime:0.000443s ]
SQL: SELECT * FROM `admin_user` WHERE `username` = 'tianxunhulian' LIMIT 1   [ RunTime:0.000088s ]
SQL: select admin_jurisdiction.* from admin_user,admin_user_role,admin_role_jurisdiction,admin_jurisdiction
                where admin_user.id=admin_user_role.user_id
                and admin_user_role.role_id=admin_role_jurisdiction.role_id
                and admin_role_jurisdiction.jurisdiction_id=admin_jurisdiction.j_id
                and admin_user.username='tianxunhulian' [ RunTime:0.000074s ]
SQL: SELECT * FROM admin_jurisdiction WHERE pid = 1 [ RunTime:0.000063s ]
SQL: SELECT * FROM admin_jurisdiction WHERE pid = 2 [ RunTime:0.000064s ]
SQL: SELECT * FROM admin_jurisdiction WHERE pid = 3 [ RunTime:0.000054s ]
SQL: SELECT * FROM admin_jurisdiction WHERE pid = 4 [ RunTime:0.000050s ]
SQL: SELECT * FROM admin_jurisdiction WHERE pid = 5 [ RunTime:0.000051s ]
SQL: SELECT * FROM admin_jurisdiction WHERE pid = 6 [ RunTime:0.000068s ]
SQL: SELECT * FROM admin_jurisdiction WHERE pid = 7 [ RunTime:0.000058s ]
SQL: SELECT * FROM admin_jurisdiction WHERE pid = 8 [ RunTime:0.000050s ]
SQL: SELECT * FROM admin_jurisdiction WHERE pid = 9 [ RunTime:0.000059s ]
SQL: SELECT * FROM admin_jurisdiction WHERE pid = 10 [ RunTime:0.000066s ]
SQL: SELECT * FROM admin_jurisdiction WHERE pid = 42 [ RunTime:0.000054s ]
SQL: SELECT * FROM admin_jurisdiction WHERE pid = 46 [ RunTime:0.000051s ]
INFO: [ app_end ] --START--
INFO: Run Behavior\ShowPageTraceBehavior [ RunTime:0.000029s ]
INFO: [ app_end ] --END-- [ RunTime:0.000051s ]

[ 2017-07-12T00:21:05+08:00 ] 1.89.181.56 /admin.php/Home/Question/EditQuestionIdInfo
INFO: [ app_init ] --START--
INFO: Run Behavior\BuildLiteBehavior [ RunTime:0.000010s ]
INFO: [ app_init ] --END-- [ RunTime:0.000065s ]
INFO: [ app_begin ] --START--
INFO: Run Behavior\ReadHtmlCacheBehavior [ RunTime:0.000026s ]
INFO: [ app_begin ] --END-- [ RunTime:0.000050s ]
NOTIC: [8192] mysql_connect(): The mysql extension is deprecated and will be removed in the future: use mysqli or PDO instead /data/wwwroot/PetAdmin/PetAdminShop/ThinkPHP/Library/Think/Db/Driver/Mysql.class.php 第 52 行.
SQL: SHOW COLUMNS FROM `admin_user` [ RunTime:0.000533s ]
SQL: SELECT * FROM `admin_user` WHERE `username` = 'tianxunhulian' LIMIT 1   [ RunTime:0.000066s ]
SQL: SHOW COLUMNS FROM `question` [ RunTime:0.000381s ]
SQL: UPDATE `question` SET `img`='http://peita.oss-cn-beijing.aliyuncs.com/question/294901491987988.png',`problem`='图中名猫是什么品种？',`answer_one`='俄罗斯蓝猫',`answer_two`='土耳其梵猫',`answer_three`='哈瓦那棕猫',`answer_four`='异国短毛猫',`answer_true`='哈瓦那棕猫',`fraction`='3' WHERE ( id=583 ) [ RunTime:0.000382s ]
SQL: SELECT * FROM `question` WHERE ( id=583 ) LIMIT 1   [ RunTime:0.000201s ]
INFO: [ view_parse ] --START--
INFO: [ template_filter ] --START--
INFO: Run Behavior\ContentReplaceBehavior [ RunTime:0.000122s ]
INFO: [ template_filter ] --END-- [ RunTime:0.000158s ]
INFO: Run Behavior\ParseTemplateBehavior [ RunTime:0.007771s ]
INFO: [ view_parse ] --END-- [ RunTime:0.007809s ]
INFO: [ view_filter ] --START--
INFO: Run Behavior\WriteHtmlCacheBehavior [ RunTime:0.000032s ]
INFO: [ view_filter ] --END-- [ RunTime:0.000051s ]
INFO: [ app_end ] --START--
INFO: Run Behavior\ShowPageTraceBehavior [ RunTime:0.000050s ]
INFO: [ app_end ] --END-- [ RunTime:0.000087s ]

[ 2017-07-12T00:21:05+08:00 ] 1.89.181.56 /admin.php/Home/Question/MenuLists
INFO: [ app_init ] --START--
INFO: Run Behavior\BuildLiteBehavior [ RunTime:0.000009s ]
INFO: [ app_init ] --END-- [ RunTime:0.000062s ]
INFO: [ app_begin ] --START--
INFO: Run Behavior\ReadHtmlCacheBehavior [ RunTime:0.000023s ]
INFO: [ app_begin ] --END-- [ RunTime:0.000046s ]
NOTIC: [8192] mysql_connect(): The mysql extension is deprecated and will be removed in the future: use mysqli or PDO instead /data/wwwroot/PetAdmin/PetAdminShop/ThinkPHP/Library/Think/Db/Driver/Mysql.class.php 第 52 行.
SQL: SHOW COLUMNS FROM `admin_user` [ RunTime:0.000444s ]
SQL: SELECT * FROM `admin_user` WHERE `username` = 'tianxunhulian' LIMIT 1   [ RunTime:0.000071s ]
SQL: select admin_jurisdiction.* from admin_user,admin_user_role,admin_role_jurisdiction,admin_jurisdiction
                where admin_user.id=admin_user_role.user_id
                and admin_user_role.role_id=admin_role_jurisdiction.role_id
                and admin_role_jurisdiction.jurisdiction_id=admin_jurisdiction.j_id
                and admin_user.username='tianxunhulian' [ RunTime:0.000070s ]
SQL: SELECT * FROM admin_jurisdiction WHERE pid = 1 [ RunTime:0.000053s ]
SQL: SELECT * FROM admin_jurisdiction WHERE pid = 2 [ RunTime:0.000050s ]
SQL: SELECT * FROM admin_jurisdiction WHERE pid = 3 [ RunTime:0.000052s ]
SQL: SELECT * FROM admin_jurisdiction WHERE pid = 4 [ RunTime:0.000072s ]
SQL: SELECT * FROM admin_jurisdiction WHERE pid = 5 [ RunTime:0.000052s ]
SQL: SELECT * FROM admin_jurisdiction WHERE pid = 6 [ RunTime:0.000050s ]
SQL: SELECT * FROM admin_jurisdiction WHERE pid = 7 [ RunTime:0.000048s ]
SQL: SELECT * FROM admin_jurisdiction WHERE pid = 8 [ RunTime:0.000047s ]
SQL: SELECT * FROM admin_jurisdiction WHERE pid = 9 [ RunTime:0.000047s ]
SQL: SELECT * FROM admin_jurisdiction WHERE pid = 10 [ RunTime:0.000066s ]
SQL: SELECT * FROM admin_jurisdiction WHERE pid = 42 [ RunTime:0.000049s ]
SQL: SELECT * FROM admin_jurisdiction WHERE pid = 46 [ RunTime:0.000140s ]
INFO: [ app_end ] --START--
INFO: Run Behavior\ShowPageTraceBehavior [ RunTime:0.000028s ]
INFO: [ app_end ] --END-- [ RunTime:0.000050s ]

[ 2017-07-12T00:21:27+08:00 ] 1.89.181.56 /admin.php/Home/Question/MenuLists
INFO: [ app_init ] --START--
INFO: Run Behavior\BuildLiteBehavior [ RunTime:0.000010s ]
INFO: [ app_init ] --END-- [ RunTime:0.000063s ]
INFO: [ app_begin ] --START--
INFO: Run Behavior\ReadHtmlCacheBehavior [ RunTime:0.000027s ]
INFO: [ app_begin ] --END-- [ RunTime:0.000050s ]
NOTIC: [8192] mysql_connect(): The mysql extension is deprecated and will be removed in the future: use mysqli or PDO instead /data/wwwroot/PetAdmin/PetAdminShop/ThinkPHP/Library/Think/Db/Driver/Mysql.class.php 第 52 行.
SQL: SHOW COLUMNS FROM `admin_user` [ RunTime:0.000419s ]
SQL: SELECT * FROM `admin_user` WHERE `username` = 'tianxunhulian' LIMIT 1   [ RunTime:0.000067s ]
SQL: select admin_jurisdiction.* from admin_user,admin_user_role,admin_role_jurisdiction,admin_jurisdiction
                where admin_user.id=admin_user_role.user_id
                and admin_user_role.role_id=admin_role_jurisdiction.role_id
                and admin_role_jurisdiction.jurisdiction_id=admin_jurisdiction.j_id
                and admin_user.username='tianxunhulian' [ RunTime:0.000068s ]
SQL: SELECT * FROM admin_jurisdiction WHERE pid = 1 [ RunTime:0.000052s ]
SQL: SELECT * FROM admin_jurisdiction WHERE pid = 2 [ RunTime:0.000050s ]
SQL: SELECT * FROM admin_jurisdiction WHERE pid = 3 [ RunTime:0.000053s ]
SQL: SELECT * FROM admin_jurisdiction WHERE pid = 4 [ RunTime:0.000049s ]
SQL: SELECT * FROM admin_jurisdiction WHERE pid = 5 [ RunTime:0.000070s ]
SQL: SELECT * FROM admin_jurisdiction WHERE pid = 6 [ RunTime:0.000054s ]
SQL: SELECT * FROM admin_jurisdiction WHERE pid = 7 [ RunTime:0.000050s ]
SQL: SELECT * FROM admin_jurisdiction WHERE pid = 8 [ RunTime:0.000050s ]
SQL: SELECT * FROM admin_jurisdiction WHERE pid = 9 [ RunTime:0.000049s ]
SQL: SELECT * FROM admin_jurisdiction WHERE pid = 10 [ RunTime:0.000052s ]
SQL: SELECT * FROM admin_jurisdiction WHERE pid = 42 [ RunTime:0.000050s ]
SQL: SELECT * FROM admin_jurisdiction WHERE pid = 46 [ RunTime:0.000049s ]
INFO: [ app_end ] --START--
INFO: Run Behavior\ShowPageTraceBehavior [ RunTime:0.000029s ]
INFO: [ app_end ] --END-- [ RunTime:0.000050s ]

[ 2017-07-12T00:21:56+08:00 ] 1.89.181.56 /admin.php/Home/Question/EditQuestionIdInfo
INFO: [ app_init ] --START--
INFO: Run Behavior\BuildLiteBehavior [ RunTime:0.000010s ]
INFO: [ app_init ] --END-- [ RunTime:0.000062s ]
INFO: [ app_begin ] --START--
INFO: Run Behavior\ReadHtmlCacheBehavior [ RunTime:0.000031s ]
INFO: [ app_begin ] --END-- [ RunTime:0.000064s ]
NOTIC: [8192] mysql_connect(): The mysql extension is deprecated and will be removed in the future: use mysqli or PDO instead /data/wwwroot/PetAdmin/PetAdminShop/ThinkPHP/Library/Think/Db/Driver/Mysql.class.php 第 52 行.
SQL: SHOW COLUMNS FROM `admin_user` [ RunTime:0.000451s ]
SQL: SELECT * FROM `admin_user` WHERE `username` = 'tianxunhulian' LIMIT 1   [ RunTime:0.000067s ]
SQL: SHOW COLUMNS FROM `question` [ RunTime:0.000399s ]
SQL: UPDATE `question` SET `img`='http://peita.oss-cn-beijing.aliyuncs.com/question/294901491987988.png',`problem`='图中名猫是什么品种？',`answer_one`='俄罗斯蓝猫',`answer_two`='土耳其梵猫',`answer_three`='哈瓦那棕猫',`answer_four`='异国短毛猫',`answer_true`='哈瓦那棕猫',`fraction`='3' WHERE ( id=583 ) [ RunTime:0.000363s ]
SQL: SELECT * FROM `question` WHERE ( id=583 ) LIMIT 1   [ RunTime:0.000226s ]
INFO: [ view_parse ] --START--
INFO: [ template_filter ] --START--
INFO: Run Behavior\ContentReplaceBehavior [ RunTime:0.000116s ]
INFO: [ template_filter ] --END-- [ RunTime:0.000155s ]
INFO: Run Behavior\ParseTemplateBehavior [ RunTime:0.008091s ]
INFO: [ view_parse ] --END-- [ RunTime:0.008122s ]
INFO: [ view_filter ] --START--
INFO: Run Behavior\WriteHtmlCacheBehavior [ RunTime:0.000032s ]
INFO: [ view_filter ] --END-- [ RunTime:0.000059s ]
INFO: [ app_end ] --START--
INFO: Run Behavior\ShowPageTraceBehavior [ RunTime:0.000038s ]
INFO: [ app_end ] --END-- [ RunTime:0.000072s ]

[ 2017-07-12T00:21:56+08:00 ] 1.89.181.56 /admin.php/Home/Question/MenuLists
INFO: [ app_init ] --START--
INFO: Run Behavior\BuildLiteBehavior [ RunTime:0.000010s ]
INFO: [ app_init ] --END-- [ RunTime:0.000062s ]
INFO: [ app_begin ] --START--
INFO: Run Behavior\ReadHtmlCacheBehavior [ RunTime:0.000024s ]
INFO: [ app_begin ] --END-- [ RunTime:0.000047s ]
NOTIC: [8192] mysql_connect(): The mysql extension is deprecated and will be removed in the future: use mysqli or PDO instead /data/wwwroot/PetAdmin/PetAdminShop/ThinkPHP/Library/Think/Db/Driver/Mysql.class.php 第 52 行.
SQL: SHOW COLUMNS FROM `admin_user` [ RunTime:0.000441s ]
SQL: SELECT * FROM `admin_user` WHERE `username` = 'tianxunhulian' LIMIT 1   [ RunTime:0.000065s ]
SQL: select admin_jurisdiction.* from admin_user,admin_user_role,admin_role_jurisdiction,admin_jurisdiction
                where admin_user.id=admin_user_role.user_id
                and admin_user_role.role_id=admin_role_jurisdiction.role_id
                and admin_role_jurisdiction.jurisdiction_id=admin_jurisdiction.j_id
                and admin_user.username='tianxunhulian' [ RunTime:0.000065s ]
SQL: SELECT * FROM admin_jurisdiction WHERE pid = 1 [ RunTime:0.000049s ]
SQL: SELECT * FROM admin_jurisdiction WHERE pid = 2 [ RunTime:0.000048s ]
SQL: SELECT * FROM admin_jurisdiction WHERE pid = 3 [ RunTime:0.000098s ]
SQL: SELECT * FROM admin_jurisdiction WHERE pid = 4 [ RunTime:0.000053s ]
SQL: SELECT * FROM admin_jurisdiction WHERE pid = 5 [ RunTime:0.000065s ]
SQL: SELECT * FROM admin_jurisdiction WHERE pid = 6 [ RunTime:0.000055s ]
SQL: SELECT * FROM admin_jurisdiction WHERE pid = 7 [ RunTime:0.000049s ]
SQL: SELECT * FROM admin_jurisdiction WHERE pid = 8 [ RunTime:0.000046s ]
SQL: SELECT * FROM admin_jurisdiction WHERE pid = 9 [ RunTime:0.000065s ]
SQL: SELECT * FROM admin_jurisdiction WHERE pid = 10 [ RunTime:0.000053s ]
SQL: SELECT * FROM admin_jurisdiction WHERE pid = 42 [ RunTime:0.000048s ]
SQL: SELECT * FROM admin_jurisdiction WHERE pid = 46 [ RunTime:0.000052s ]
INFO: [ app_end ] --START--
INFO: Run Behavior\ShowPageTraceBehavior [ RunTime:0.000029s ]
INFO: [ app_end ] --END-- [ RunTime:0.000049s ]

[ 2017-07-12T00:21:58+08:00 ] 1.89.181.56 /admin.php/Home/Question/MenuLists
INFO: [ app_init ] --START--
INFO: Run Behavior\BuildLiteBehavior [ RunTime:0.000013s ]
INFO: [ app_init ] --END-- [ RunTime:0.000090s ]
INFO: [ app_begin ] --START--
INFO: Run Behavior\ReadHtmlCacheBehavior [ RunTime:0.000025s ]
INFO: [ app_begin ] --END-- [ RunTime:0.000047s ]
NOTIC: [8192] mysql_connect(): The mysql extension is deprecated and will be removed in the future: use mysqli or PDO instead /data/wwwroot/PetAdmin/PetAdminShop/ThinkPHP/Library/Think/Db/Driver/Mysql.class.php 第 52 行.
SQL: SHOW COLUMNS FROM `admin_user` [ RunTime:0.000455s ]
SQL: SELECT * FROM `admin_user` WHERE `username` = 'tianxunhulian' LIMIT 1   [ RunTime:0.000075s ]
SQL: select admin_jurisdiction.* from admin_user,admin_user_role,admin_role_jurisdiction,admin_jurisdiction
                where admin_user.id=admin_user_role.user_id
                and admin_user_role.role_id=admin_role_jurisdiction.role_id
                and admin_role_jurisdiction.jurisdiction_id=admin_jurisdiction.j_id
                and admin_user.username='tianxunhulian' [ RunTime:0.000069s ]
SQL: SELECT * FROM admin_jurisdiction WHERE pid = 1 [ RunTime:0.000050s ]
SQL: SELECT * FROM admin_jurisdiction WHERE pid = 2 [ RunTime:0.000049s ]
SQL: SELECT * FROM admin_jurisdiction WHERE pid = 3 [ RunTime:0.000059s ]
SQL: SELECT * FROM admin_jurisdiction WHERE pid = 4 [ RunTime:0.000050s ]
SQL: SELECT * FROM admin_jurisdiction WHERE pid = 5 [ RunTime:0.000079s ]
SQL: SELECT * FROM admin_jurisdiction WHERE pid = 6 [ RunTime:0.000052s ]
SQL: SELECT * FROM admin_jurisdiction WHERE pid = 7 [ RunTime:0.000050s ]
SQL: SELECT * FROM admin_jurisdiction WHERE pid = 8 [ RunTime:0.000047s ]
SQL: SELECT * FROM admin_jurisdiction WHERE pid = 9 [ RunTime:0.000048s ]
SQL: SELECT * FROM admin_jurisdiction WHERE pid = 10 [ RunTime:0.000050s ]
SQL: SELECT * FROM admin_jurisdiction WHERE pid = 42 [ RunTime:0.000048s ]
SQL: SELECT * FROM admin_jurisdiction WHERE pid = 46 [ RunTime:0.000049s ]
INFO: [ app_end ] --START--
INFO: Run Behavior\ShowPageTraceBehavior [ RunTime:0.000035s ]
INFO: [ app_end ] --END-- [ RunTime:0.000070s ]

[ 2017-07-12T16:14:52+08:00 ] 1.89.185.106 /admin.php/Home/User/MenuLists
INFO: [ app_init ] --START--
INFO: Run Behavior\BuildLiteBehavior [ RunTime:0.000013s ]
INFO: [ app_init ] --END-- [ RunTime:0.000658s ]
INFO: [ app_begin ] --START--
INFO: Run Behavior\ReadHtmlCacheBehavior [ RunTime:0.000032s ]
INFO: [ app_begin ] --END-- [ RunTime:0.000058s ]
NOTIC: [8] Undefined index: username /data/wwwroot/PetAdmin/PetAdminShop/Admin/Home/Controller/UserController.class.php 第 27 行.
NOTIC: [8192] mysql_connect(): The mysql extension is deprecated and will be removed in the future: use mysqli or PDO instead /data/wwwroot/PetAdmin/PetAdminShop/ThinkPHP/Library/Think/Db/Driver/Mysql.class.php 第 52 行.
SQL: SHOW COLUMNS FROM `admin_user` [ RunTime:0.000497s ]
SQL: SELECT * FROM `admin_user` WHERE `username` = null LIMIT 1   [ RunTime:0.000063s ]
NOTIC: [8] Undefined index: username /data/wwwroot/PetAdmin/PetAdminShop/Admin/Home/Controller/LoginController.class.php 第 52 行.

[ 2017-07-12T16:14:55+08:00 ] 1.89.185.106 /admin.php/Home/User/UserInfo?page=39
INFO: [ app_init ] --START--
INFO: Run Behavior\BuildLiteBehavior [ RunTime:0.000010s ]
INFO: [ app_init ] --END-- [ RunTime:0.000066s ]
INFO: [ app_begin ] --START--
INFO: Run Behavior\ReadHtmlCacheBehavior [ RunTime:0.000026s ]
INFO: [ app_begin ] --END-- [ RunTime:0.000051s ]
NOTIC: [8] Undefined index: username /data/wwwroot/PetAdmin/PetAdminShop/Admin/Home/Controller/UserController.class.php 第 27 行.
NOTIC: [8192] mysql_connect(): The mysql extension is deprecated and will be removed in the future: use mysqli or PDO instead /data/wwwroot/PetAdmin/PetAdminShop/ThinkPHP/Library/Think/Db/Driver/Mysql.class.php 第 52 行.
SQL: SHOW COLUMNS FROM `admin_user` [ RunTime:0.000531s ]
SQL: SELECT * FROM `admin_user` WHERE `username` = null LIMIT 1   [ RunTime:0.000066s ]
SQL: SHOW COLUMNS FROM `user` [ RunTime:0.000587s ]
SQL: SELECT * FROM `user`  [ RunTime:0.006052s ]
INFO: [ view_parse ] --START--
INFO: [ template_filter ] --START--
INFO: Run Behavior\ContentReplaceBehavior [ RunTime:0.000094s ]
INFO: [ template_filter ] --END-- [ RunTime:0.000134s ]
INFO: Run Behavior\ParseTemplateBehavior [ RunTime:0.013723s ]
INFO: [ view_parse ] --END-- [ RunTime:0.013770s ]
INFO: [ view_filter ] --START--
INFO: Run Behavior\WriteHtmlCacheBehavior [ RunTime:0.000036s ]
INFO: [ view_filter ] --END-- [ RunTime:0.000081s ]
INFO: [ app_end ] --START--
INFO: Run Behavior\ShowPageTraceBehavior [ RunTime:0.000036s ]
INFO: [ app_end ] --END-- [ RunTime:0.000066s ]

[ 2017-07-12T16:14:56+08:00 ] 1.89.185.106 /admin.php/Home/Login/index
INFO: [ app_init ] --START--
INFO: Run Behavior\BuildLiteBehavior [ RunTime:0.000009s ]
INFO: [ app_init ] --END-- [ RunTime:0.000064s ]
INFO: [ app_begin ] --START--
INFO: Run Behavior\ReadHtmlCacheBehavior [ RunTime:0.000026s ]
INFO: [ app_begin ] --END-- [ RunTime:0.000051s ]
INFO: [ view_parse ] --START--
INFO: [ template_filter ] --START--
INFO: Run Behavior\ContentReplaceBehavior [ RunTime:0.000049s ]
INFO: [ template_filter ] --END-- [ RunTime:0.000079s ]
INFO: Run Behavior\ParseTemplateBehavior [ RunTime:0.002237s ]
INFO: [ view_parse ] --END-- [ RunTime:0.002266s ]
INFO: [ view_filter ] --START--
INFO: Run Behavior\WriteHtmlCacheBehavior [ RunTime:0.000024s ]
INFO: [ view_filter ] --END-- [ RunTime:0.000042s ]
INFO: [ app_end ] --START--
INFO: Run Behavior\ShowPageTraceBehavior [ RunTime:0.000025s ]
INFO: [ app_end ] --END-- [ RunTime:0.000050s ]

[ 2017-07-12T16:15:14+08:00 ] 1.89.185.106 /admin.php/Home/Login/LoginVerification
INFO: [ app_init ] --START--
INFO: Run Behavior\BuildLiteBehavior [ RunTime:0.000010s ]
INFO: [ app_init ] --END-- [ RunTime:0.000070s ]
INFO: [ app_begin ] --START--
INFO: Run Behavior\ReadHtmlCacheBehavior [ RunTime:0.000024s ]
INFO: [ app_begin ] --END-- [ RunTime:0.000048s ]
NOTIC: [8192] mysql_connect(): The mysql extension is deprecated and will be removed in the future: use mysqli or PDO instead /data/wwwroot/PetAdmin/PetAdminShop/ThinkPHP/Library/Think/Db/Driver/Mysql.class.php 第 52 行.
SQL: SHOW COLUMNS FROM `admin_user` [ RunTime:0.000451s ]
SQL: SELECT COUNT(*) AS tp_count FROM `admin_user` WHERE `username` = 'tianxunhulian' AND `password` = 'dGlhbnh1bmh1bGlhbg==' LIMIT 1   [ RunTime:0.000064s ]
INFO: [ app_end ] --START--
INFO: Run Behavior\ShowPageTraceBehavior [ RunTime:0.000027s ]
INFO: [ app_end ] --END-- [ RunTime:0.000048s ]

[ 2017-07-12T16:15:14+08:00 ] 1.89.185.106 /admin.php/Home/Login/Home
INFO: [ app_init ] --START--
INFO: Run Behavior\BuildLiteBehavior [ RunTime:0.000010s ]
INFO: [ app_init ] --END-- [ RunTime:0.000072s ]
INFO: [ app_begin ] --START--
INFO: Run Behavior\ReadHtmlCacheBehavior [ RunTime:0.000026s ]
INFO: [ app_begin ] --END-- [ RunTime:0.000058s ]
NOTIC: [8192] mysql_connect(): The mysql extension is deprecated and will be removed in the future: use mysqli or PDO instead /data/wwwroot/PetAdmin/PetAdminShop/ThinkPHP/Library/Think/Db/Driver/Mysql.class.php 第 52 行.
SQL: SHOW COLUMNS FROM `admin_user` [ RunTime:0.000456s ]
SQL: SELECT * FROM `admin_user` WHERE `username` = 'tianxunhulian' LIMIT 1   [ RunTime:0.000070s ]
INFO: [ view_parse ] --START--
INFO: [ template_filter ] --START--
INFO: Run Behavior\ContentReplaceBehavior [ RunTime:0.000104s ]
INFO: [ template_filter ] --END-- [ RunTime:0.000145s ]
INFO: Run Behavior\ParseTemplateBehavior [ RunTime:0.005837s ]
INFO: [ view_parse ] --END-- [ RunTime:0.005867s ]
INFO: [ view_filter ] --START--
INFO: Run Behavior\WriteHtmlCacheBehavior [ RunTime:0.000026s ]
INFO: [ view_filter ] --END-- [ RunTime:0.000045s ]
INFO: [ app_end ] --START--
INFO: Run Behavior\ShowPageTraceBehavior [ RunTime:0.000027s ]
INFO: [ app_end ] --END-- [ RunTime:0.000050s ]

[ 2017-07-12T16:15:15+08:00 ] 1.89.185.106 /admin.php/Home/Login/MenuLists
INFO: [ app_init ] --START--
INFO: Run Behavior\BuildLiteBehavior [ RunTime:0.000009s ]
INFO: [ app_init ] --END-- [ RunTime:0.000064s ]
INFO: [ app_begin ] --START--
INFO: Run Behavior\ReadHtmlCacheBehavior [ RunTime:0.000036s ]
INFO: [ app_begin ] --END-- [ RunTime:0.000059s ]
NOTIC: [8192] mysql_connect(): The mysql extension is deprecated and will be removed in the future: use mysqli or PDO instead /data/wwwroot/PetAdmin/PetAdminShop/ThinkPHP/Library/Think/Db/Driver/Mysql.class.php 第 52 行.
SQL: select admin_jurisdiction.* from admin_user,admin_user_role,admin_role_jurisdiction,admin_jurisdiction
                where admin_user.id=admin_user_role.user_id
                and admin_user_role.role_id=admin_role_jurisdiction.role_id
                and admin_role_jurisdiction.jurisdiction_id=admin_jurisdiction.j_id
                and admin_user.username='tianxunhulian' [ RunTime:0.000072s ]
SQL: SELECT * FROM admin_jurisdiction WHERE pid = 1 [ RunTime:0.000066s ]
SQL: SELECT * FROM admin_jurisdiction WHERE pid = 2 [ RunTime:0.000050s ]
SQL: SELECT * FROM admin_jurisdiction WHERE pid = 3 [ RunTime:0.000051s ]
SQL: SELECT * FROM admin_jurisdiction WHERE pid = 4 [ RunTime:0.000048s ]
SQL: SELECT * FROM admin_jurisdiction WHERE pid = 5 [ RunTime:0.000048s ]
SQL: SELECT * FROM admin_jurisdiction WHERE pid = 6 [ RunTime:0.000048s ]
SQL: SELECT * FROM admin_jurisdiction WHERE pid = 7 [ RunTime:0.000060s ]
SQL: SELECT * FROM admin_jurisdiction WHERE pid = 8 [ RunTime:0.000047s ]
SQL: SELECT * FROM admin_jurisdiction WHERE pid = 9 [ RunTime:0.000050s ]
SQL: SELECT * FROM admin_jurisdiction WHERE pid = 10 [ RunTime:0.000065s ]
SQL: SELECT * FROM admin_jurisdiction WHERE pid = 42 [ RunTime:0.000053s ]
SQL: SELECT * FROM admin_jurisdiction WHERE pid = 46 [ RunTime:0.000051s ]
INFO: [ app_end ] --START--
INFO: Run Behavior\ShowPageTraceBehavior [ RunTime:0.000027s ]
INFO: [ app_end ] --END-- [ RunTime:0.000047s ]

[ 2017-07-12T16:15:17+08:00 ] 1.89.185.106 /admin.php/Home/Login/Home
INFO: [ app_init ] --START--
INFO: Run Behavior\BuildLiteBehavior [ RunTime:0.000009s ]
INFO: [ app_init ] --END-- [ RunTime:0.000063s ]
INFO: [ app_begin ] --START--
INFO: Run Behavior\ReadHtmlCacheBehavior [ RunTime:0.000026s ]
INFO: [ app_begin ] --END-- [ RunTime:0.000049s ]
NOTIC: [8192] mysql_connect(): The mysql extension is deprecated and will be removed in the future: use mysqli or PDO instead /data/wwwroot/PetAdmin/PetAdminShop/ThinkPHP/Library/Think/Db/Driver/Mysql.class.php 第 52 行.
SQL: SHOW COLUMNS FROM `admin_user` [ RunTime:0.000433s ]
SQL: SELECT * FROM `admin_user` WHERE `username` = 'tianxunhulian' LIMIT 1   [ RunTime:0.000064s ]
INFO: [ view_parse ] --START--
INFO: [ template_filter ] --START--
INFO: Run Behavior\ContentReplaceBehavior [ RunTime:0.000084s ]
INFO: [ template_filter ] --END-- [ RunTime:0.000116s ]
INFO: Run Behavior\ParseTemplateBehavior [ RunTime:0.005292s ]
INFO: [ view_parse ] --END-- [ RunTime:0.005321s ]
INFO: [ view_filter ] --START--
INFO: Run Behavior\WriteHtmlCacheBehavior [ RunTime:0.000024s ]
INFO: [ view_filter ] --END-- [ RunTime:0.000043s ]
INFO: [ app_end ] --START--
INFO: Run Behavior\ShowPageTraceBehavior [ RunTime:0.000028s ]
INFO: [ app_end ] --END-- [ RunTime:0.000050s ]

[ 2017-07-12T16:15:17+08:00 ] 1.89.185.106 /admin.php/Home/Login/MenuLists
INFO: [ app_init ] --START--
INFO: Run Behavior\BuildLiteBehavior [ RunTime:0.000009s ]
INFO: [ app_init ] --END-- [ RunTime:0.000063s ]
INFO: [ app_begin ] --START--
INFO: Run Behavior\ReadHtmlCacheBehavior [ RunTime:0.000041s ]
INFO: [ app_begin ] --END-- [ RunTime:0.000064s ]
NOTIC: [8192] mysql_connect(): The mysql extension is deprecated and will be removed in the future: use mysqli or PDO instead /data/wwwroot/PetAdmin/PetAdminShop/ThinkPHP/Library/Think/Db/Driver/Mysql.class.php 第 52 行.
SQL: select admin_jurisdiction.* from admin_user,admin_user_role,admin_role_jurisdiction,admin_jurisdiction
                where admin_user.id=admin_user_role.user_id
                and admin_user_role.role_id=admin_role_jurisdiction.role_id
                and admin_role_jurisdiction.jurisdiction_id=admin_jurisdiction.j_id
                and admin_user.username='tianxunhulian' [ RunTime:0.000072s ]
SQL: SELECT * FROM admin_jurisdiction WHERE pid = 1 [ RunTime:0.000054s ]
SQL: SELECT * FROM admin_jurisdiction WHERE pid = 2 [ RunTime:0.000051s ]
SQL: SELECT * FROM admin_jurisdiction WHERE pid = 3 [ RunTime:0.000061s ]
SQL: SELECT * FROM admin_jurisdiction WHERE pid = 4 [ RunTime:0.000052s ]
SQL: SELECT * FROM admin_jurisdiction WHERE pid = 5 [ RunTime:0.000064s ]
SQL: SELECT * FROM admin_jurisdiction WHERE pid = 6 [ RunTime:0.000050s ]
SQL: SELECT * FROM admin_jurisdiction WHERE pid = 7 [ RunTime:0.000050s ]
SQL: SELECT * FROM admin_jurisdiction WHERE pid = 8 [ RunTime:0.000060s ]
SQL: SELECT * FROM admin_jurisdiction WHERE pid = 9 [ RunTime:0.000053s ]
SQL: SELECT * FROM admin_jurisdiction WHERE pid = 10 [ RunTime:0.000052s ]
SQL: SELECT * FROM admin_jurisdiction WHERE pid = 42 [ RunTime:0.000050s ]
SQL: SELECT * FROM admin_jurisdiction WHERE pid = 46 [ RunTime:0.000050s ]
INFO: [ app_end ] --START--
INFO: Run Behavior\ShowPageTraceBehavior [ RunTime:0.000026s ]
INFO: [ app_end ] --END-- [ RunTime:0.000050s ]

[ 2017-07-12T16:15:20+08:00 ] 1.89.185.106 /admin.php/Home/User/UserInfo
INFO: [ app_init ] --START--
INFO: Run Behavior\BuildLiteBehavior [ RunTime:0.000009s ]
INFO: [ app_init ] --END-- [ RunTime:0.000066s ]
INFO: [ app_begin ] --START--
INFO: Run Behavior\ReadHtmlCacheBehavior [ RunTime:0.000025s ]
INFO: [ app_begin ] --END-- [ RunTime:0.000050s ]
NOTIC: [8192] mysql_connect(): The mysql extension is deprecated and will be removed in the future: use mysqli or PDO instead /data/wwwroot/PetAdmin/PetAdminShop/ThinkPHP/Library/Think/Db/Driver/Mysql.class.php 第 52 行.
SQL: SHOW COLUMNS FROM `admin_user` [ RunTime:0.000406s ]
SQL: SELECT * FROM `admin_user` WHERE `username` = 'tianxunhulian' LIMIT 1   [ RunTime:0.000063s ]
NOTIC: [8] Undefined index: page /data/wwwroot/PetAdmin/PetAdminShop/Admin/Home/Controller/UserController.class.php 第 42 行.
SQL: SHOW COLUMNS FROM `user` [ RunTime:0.000596s ]
SQL: SELECT * FROM `user`  [ RunTime:0.000624s ]
INFO: [ view_parse ] --START--
INFO: [ template_filter ] --START--
INFO: Run Behavior\ContentReplaceBehavior [ RunTime:0.000105s ]
INFO: [ template_filter ] --END-- [ RunTime:0.000146s ]
INFO: Run Behavior\ParseTemplateBehavior [ RunTime:0.006357s ]
INFO: [ view_parse ] --END-- [ RunTime:0.006394s ]
INFO: [ view_filter ] --START--
INFO: Run Behavior\WriteHtmlCacheBehavior [ RunTime:0.000027s ]
INFO: [ view_filter ] --END-- [ RunTime:0.000047s ]
INFO: [ app_end ] --START--
INFO: Run Behavior\ShowPageTraceBehavior [ RunTime:0.000030s ]
INFO: [ app_end ] --END-- [ RunTime:0.000060s ]

[ 2017-07-12T16:15:21+08:00 ] 1.89.185.106 /admin.php/Home/User/MenuLists
INFO: [ app_init ] --START--
INFO: Run Behavior\BuildLiteBehavior [ RunTime:0.000009s ]
INFO: [ app_init ] --END-- [ RunTime:0.000064s ]
INFO: [ app_begin ] --START--
INFO: Run Behavior\ReadHtmlCacheBehavior [ RunTime:0.000026s ]
INFO: [ app_begin ] --END-- [ RunTime:0.000050s ]
NOTIC: [8192] mysql_connect(): The mysql extension is deprecated and will be removed in the future: use mysqli or PDO instead /data/wwwroot/PetAdmin/PetAdminShop/ThinkPHP/Library/Think/Db/Driver/Mysql.class.php 第 52 行.
SQL: SHOW COLUMNS FROM `admin_user` [ RunTime:0.000510s ]
SQL: SELECT * FROM `admin_user` WHERE `username` = 'tianxunhulian' LIMIT 1   [ RunTime:0.000075s ]
SQL: select admin_jurisdiction.* from admin_user,admin_user_role,admin_role_jurisdiction,admin_jurisdiction
                where admin_user.id=admin_user_role.user_id
                and admin_user_role.role_id=admin_role_jurisdiction.role_id
                and admin_role_jurisdiction.jurisdiction_id=admin_jurisdiction.j_id
                and admin_user.username='tianxunhulian' [ RunTime:0.000064s ]
SQL: SELECT * FROM admin_jurisdiction WHERE pid = 1 [ RunTime:0.000069s ]
SQL: SELECT * FROM admin_jurisdiction WHERE pid = 2 [ RunTime:0.000054s ]
SQL: SELECT * FROM admin_jurisdiction WHERE pid = 3 [ RunTime:0.000071s ]
SQL: SELECT * FROM admin_jurisdiction WHERE pid = 4 [ RunTime:0.000052s ]
SQL: SELECT * FROM admin_jurisdiction WHERE pid = 5 [ RunTime:0.000050s ]
SQL: SELECT * FROM admin_jurisdiction WHERE pid = 6 [ RunTime:0.000049s ]
SQL: SELECT * FROM admin_jurisdiction WHERE pid = 7 [ RunTime:0.000050s ]
SQL: SELECT * FROM admin_jurisdiction WHERE pid = 8 [ RunTime:0.000047s ]
SQL: SELECT * FROM admin_jurisdiction WHERE pid = 9 [ RunTime:0.000059s ]
SQL: SELECT * FROM admin_jurisdiction WHERE pid = 10 [ RunTime:0.000054s ]
SQL: SELECT * FROM admin_jurisdiction WHERE pid = 42 [ RunTime:0.000049s ]
SQL: SELECT * FROM admin_jurisdiction WHERE pid = 46 [ RunTime:0.000070s ]
INFO: [ app_end ] --START--
INFO: Run Behavior\ShowPageTraceBehavior [ RunTime:0.000028s ]
INFO: [ app_end ] --END-- [ RunTime:0.000048s ]

[ 2017-07-12T16:15:23+08:00 ] 1.89.185.106 /admin.php/Home/User/UserInfo?page=40
INFO: [ app_init ] --START--
INFO: Run Behavior\BuildLiteBehavior [ RunTime:0.000010s ]
INFO: [ app_init ] --END-- [ RunTime:0.000070s ]
INFO: [ app_begin ] --START--
INFO: Run Behavior\ReadHtmlCacheBehavior [ RunTime:0.000026s ]
INFO: [ app_begin ] --END-- [ RunTime:0.000051s ]
NOTIC: [8192] mysql_connect(): The mysql extension is deprecated and will be removed in the future: use mysqli or PDO instead /data/wwwroot/PetAdmin/PetAdminShop/ThinkPHP/Library/Think/Db/Driver/Mysql.class.php 第 52 行.
SQL: SHOW COLUMNS FROM `admin_user` [ RunTime:0.000448s ]
SQL: SELECT * FROM `admin_user` WHERE `username` = 'tianxunhulian' LIMIT 1   [ RunTime:0.000087s ]
SQL: SHOW COLUMNS FROM `user` [ RunTime:0.000646s ]
SQL: SELECT * FROM `user`  [ RunTime:0.000639s ]
INFO: [ view_parse ] --START--
INFO: [ template_filter ] --START--
INFO: Run Behavior\ContentReplaceBehavior [ RunTime:0.000089s ]
INFO: [ template_filter ] --END-- [ RunTime:0.000122s ]
INFO: Run Behavior\ParseTemplateBehavior [ RunTime:0.006658s ]
INFO: [ view_parse ] --END-- [ RunTime:0.006695s ]
INFO: [ view_filter ] --START--
INFO: Run Behavior\WriteHtmlCacheBehavior [ RunTime:0.000036s ]
INFO: [ view_filter ] --END-- [ RunTime:0.000063s ]
INFO: [ app_end ] --START--
INFO: Run Behavior\ShowPageTraceBehavior [ RunTime:0.000041s ]
INFO: [ app_end ] --END-- [ RunTime:0.000078s ]

[ 2017-07-12T16:15:24+08:00 ] 1.89.185.106 /admin.php/Home/User/MenuLists
INFO: [ app_init ] --START--
INFO: Run Behavior\BuildLiteBehavior [ RunTime:0.000009s ]
INFO: [ app_init ] --END-- [ RunTime:0.000067s ]
INFO: [ app_begin ] --START--
INFO: Run Behavior\ReadHtmlCacheBehavior [ RunTime:0.000026s ]
INFO: [ app_begin ] --END-- [ RunTime:0.000049s ]
NOTIC: [8192] mysql_connect(): The mysql extension is deprecated and will be removed in the future: use mysqli or PDO instead /data/wwwroot/PetAdmin/PetAdminShop/ThinkPHP/Library/Think/Db/Driver/Mysql.class.php 第 52 行.
SQL: SHOW COLUMNS FROM `admin_user` [ RunTime:0.000452s ]
SQL: SELECT * FROM `admin_user` WHERE `username` = 'tianxunhulian' LIMIT 1   [ RunTime:0.000067s ]
SQL: select admin_jurisdiction.* from admin_user,admin_user_role,admin_role_jurisdiction,admin_jurisdiction
                where admin_user.id=admin_user_role.user_id
                and admin_user_role.role_id=admin_role_jurisdiction.role_id
                and admin_role_jurisdiction.jurisdiction_id=admin_jurisdiction.j_id
                and admin_user.username='tianxunhulian' [ RunTime:0.000067s ]
SQL: SELECT * FROM admin_jurisdiction WHERE pid = 1 [ RunTime:0.000071s ]
SQL: SELECT * FROM admin_jurisdiction WHERE pid = 2 [ RunTime:0.000052s ]
SQL: SELECT * FROM admin_jurisdiction WHERE pid = 3 [ RunTime:0.000050s ]
SQL: SELECT * FROM admin_jurisdiction WHERE pid = 4 [ RunTime:0.000049s ]
SQL: SELECT * FROM admin_jurisdiction WHERE pid = 5 [ RunTime:0.000051s ]
SQL: SELECT * FROM admin_jurisdiction WHERE pid = 6 [ RunTime:0.000049s ]
SQL: SELECT * FROM admin_jurisdiction WHERE pid = 7 [ RunTime:0.000070s ]
SQL: SELECT * FROM admin_jurisdiction WHERE pid = 8 [ RunTime:0.000053s ]
SQL: SELECT * FROM admin_jurisdiction WHERE pid = 9 [ RunTime:0.000061s ]
SQL: SELECT * FROM admin_jurisdiction WHERE pid = 10 [ RunTime:0.000054s ]
SQL: SELECT * FROM admin_jurisdiction WHERE pid = 42 [ RunTime:0.000049s ]
SQL: SELECT * FROM admin_jurisdiction WHERE pid = 46 [ RunTime:0.000049s ]
INFO: [ app_end ] --START--
INFO: Run Behavior\ShowPageTraceBehavior [ RunTime:0.000027s ]
INFO: [ app_end ] --END-- [ RunTime:0.000049s ]

[ 2017-07-12T16:16:08+08:00 ] 1.89.185.106 /admin.php/Home/User/UserCardList
INFO: [ app_init ] --START--
INFO: Run Behavior\BuildLiteBehavior [ RunTime:0.000013s ]
INFO: [ app_init ] --END-- [ RunTime:0.000097s ]
INFO: [ app_begin ] --START--
INFO: Run Behavior\ReadHtmlCacheBehavior [ RunTime:0.000033s ]
INFO: [ app_begin ] --END-- [ RunTime:0.000070s ]
NOTIC: [8192] mysql_connect(): The mysql extension is deprecated and will be removed in the future: use mysqli or PDO instead /data/wwwroot/PetAdmin/PetAdminShop/ThinkPHP/Library/Think/Db/Driver/Mysql.class.php 第 52 行.
SQL: SHOW COLUMNS FROM `admin_user` [ RunTime:0.000475s ]
SQL: SELECT * FROM `admin_user` WHERE `username` = 'tianxunhulian' LIMIT 1   [ RunTime:0.000064s ]
NOTIC: [8] Undefined index: page /data/wwwroot/PetAdmin/PetAdminShop/Admin/Home/Controller/UserController.class.php 第 60 行.
SQL: SHOW COLUMNS FROM `card` [ RunTime:0.000340s ]
SQL: SELECT * FROM `card` ORDER BY card_id desc  [ RunTime:0.000210s ]
INFO: [ view_parse ] --START--
INFO: [ template_filter ] --START--
INFO: Run Behavior\ContentReplaceBehavior [ RunTime:0.000084s ]
INFO: [ template_filter ] --END-- [ RunTime:0.000115s ]
INFO: Run Behavior\ParseTemplateBehavior [ RunTime:0.016912s ]
INFO: [ view_parse ] --END-- [ RunTime:0.016943s ]
INFO: [ view_filter ] --START--
INFO: Run Behavior\WriteHtmlCacheBehavior [ RunTime:0.000143s ]
INFO: [ view_filter ] --END-- [ RunTime:0.000167s ]
INFO: [ app_end ] --START--
INFO: Run Behavior\ShowPageTraceBehavior [ RunTime:0.000035s ]
INFO: [ app_end ] --END-- [ RunTime:0.000085s ]

[ 2017-07-12T16:16:08+08:00 ] 1.89.185.106 /admin.php/Home/User/MenuLists
INFO: [ app_init ] --START--
INFO: Run Behavior\BuildLiteBehavior [ RunTime:0.000013s ]
INFO: [ app_init ] --END-- [ RunTime:0.000095s ]
INFO: [ app_begin ] --START--
INFO: Run Behavior\ReadHtmlCacheBehavior [ RunTime:0.000032s ]
INFO: [ app_begin ] --END-- [ RunTime:0.000061s ]
NOTIC: [8192] mysql_connect(): The mysql extension is deprecated and will be removed in the future: use mysqli or PDO instead /data/wwwroot/PetAdmin/PetAdminShop/ThinkPHP/Library/Think/Db/Driver/Mysql.class.php 第 52 行.
SQL: SHOW COLUMNS FROM `admin_user` [ RunTime:0.000478s ]
SQL: SELECT * FROM `admin_user` WHERE `username` = 'tianxunhulian' LIMIT 1   [ RunTime:0.000064s ]
SQL: select admin_jurisdiction.* from admin_user,admin_user_role,admin_role_jurisdiction,admin_jurisdiction
                where admin_user.id=admin_user_role.user_id
                and admin_user_role.role_id=admin_role_jurisdiction.role_id
                and admin_role_jurisdiction.jurisdiction_id=admin_jurisdiction.j_id
                and admin_user.username='tianxunhulian' [ RunTime:0.000068s ]
SQL: SELECT * FROM admin_jurisdiction WHERE pid = 1 [ RunTime:0.000058s ]
SQL: SELECT * FROM admin_jurisdiction WHERE pid = 2 [ RunTime:0.000051s ]
SQL: SELECT * FROM admin_jurisdiction WHERE pid = 3 [ RunTime:0.000049s ]
SQL: SELECT * FROM admin_jurisdiction WHERE pid = 4 [ RunTime:0.000057s ]
SQL: SELECT * FROM admin_jurisdiction WHERE pid = 5 [ RunTime:0.000071s ]
SQL: SELECT * FROM admin_jurisdiction WHERE pid = 6 [ RunTime:0.000051s ]
SQL: SELECT * FROM admin_jurisdiction WHERE pid = 7 [ RunTime:0.000048s ]
SQL: SELECT * FROM admin_jurisdiction WHERE pid = 8 [ RunTime:0.000061s ]
SQL: SELECT * FROM admin_jurisdiction WHERE pid = 9 [ RunTime:0.000049s ]
SQL: SELECT * FROM admin_jurisdiction WHERE pid = 10 [ RunTime:0.000050s ]
SQL: SELECT * FROM admin_jurisdiction WHERE pid = 42 [ RunTime:0.000048s ]
SQL: SELECT * FROM admin_jurisdiction WHERE pid = 46 [ RunTime:0.000050s ]
INFO: [ app_end ] --START--
INFO: Run Behavior\ShowPageTraceBehavior [ RunTime:0.000027s ]
INFO: [ app_end ] --END-- [ RunTime:0.000090s ]

[ 2017-07-12T16:17:44+08:00 ] 1.89.185.106 /admin.php/Home/Help/HelpLists
INFO: [ app_init ] --START--
INFO: Run Behavior\BuildLiteBehavior [ RunTime:0.000009s ]
INFO: [ app_init ] --END-- [ RunTime:0.000073s ]
INFO: [ app_begin ] --START--
INFO: Run Behavior\ReadHtmlCacheBehavior [ RunTime:0.000046s ]
INFO: [ app_begin ] --END-- [ RunTime:0.000072s ]
NOTIC: [8192] mysql_connect(): The mysql extension is deprecated and will be removed in the future: use mysqli or PDO instead /data/wwwroot/PetAdmin/PetAdminShop/ThinkPHP/Library/Think/Db/Driver/Mysql.class.php 第 52 行.
SQL: SHOW COLUMNS FROM `admin_user` [ RunTime:0.000466s ]
SQL: SELECT * FROM `admin_user` WHERE `username` = 'tianxunhulian' LIMIT 1   [ RunTime:0.000065s ]
NOTIC: [8] Undefined index: page /data/wwwroot/PetAdmin/PetAdminShop/Admin/Home/Controller/HelpController.class.php 第 23 行.
SQL: SHOW COLUMNS FROM `help` [ RunTime:0.000333s ]
SQL: SELECT help.id,help.title,help.proposal,help.img,help.create_time,user.username FROM `help` INNER JOIN user ON help.user_id = user.id   [ RunTime:0.000292s ]
INFO: [ view_parse ] --START--
INFO: [ template_filter ] --START--
INFO: Run Behavior\ContentReplaceBehavior [ RunTime:0.000079s ]
INFO: [ template_filter ] --END-- [ RunTime:0.000111s ]
INFO: Run Behavior\ParseTemplateBehavior [ RunTime:0.007115s ]
INFO: [ view_parse ] --END-- [ RunTime:0.007147s ]
INFO: [ view_filter ] --START--
INFO: Run Behavior\WriteHtmlCacheBehavior [ RunTime:0.000031s ]
INFO: [ view_filter ] --END-- [ RunTime:0.000050s ]
INFO: [ app_end ] --START--
INFO: Run Behavior\ShowPageTraceBehavior [ RunTime:0.000030s ]
INFO: [ app_end ] --END-- [ RunTime:0.000098s ]

[ 2017-07-12T16:17:44+08:00 ] 1.89.185.106 /admin.php/Home/Help/MenuLists
INFO: [ app_init ] --START--
INFO: Run Behavior\BuildLiteBehavior [ RunTime:0.000009s ]
INFO: [ app_init ] --END-- [ RunTime:0.000067s ]
INFO: [ app_begin ] --START--
INFO: Run Behavior\ReadHtmlCacheBehavior [ RunTime:0.000026s ]
INFO: [ app_begin ] --END-- [ RunTime:0.000050s ]
NOTIC: [8192] mysql_connect(): The mysql extension is deprecated and will be removed in the future: use mysqli or PDO instead /data/wwwroot/PetAdmin/PetAdminShop/ThinkPHP/Library/Think/Db/Driver/Mysql.class.php 第 52 行.
SQL: SHOW COLUMNS FROM `admin_user` [ RunTime:0.000709s ]
SQL: SELECT * FROM `admin_user` WHERE `username` = 'tianxunhulian' LIMIT 1   [ RunTime:0.000065s ]
SQL: select admin_jurisdiction.* from admin_user,admin_user_role,admin_role_jurisdiction,admin_jurisdiction
                where admin_user.id=admin_user_role.user_id
                and admin_user_role.role_id=admin_role_jurisdiction.role_id
                and admin_role_jurisdiction.jurisdiction_id=admin_jurisdiction.j_id
                and admin_user.username='tianxunhulian' [ RunTime:0.000066s ]
SQL: SELECT * FROM admin_jurisdiction WHERE pid = 1 [ RunTime:0.000055s ]
SQL: SELECT * FROM admin_jurisdiction WHERE pid = 2 [ RunTime:0.000050s ]
SQL: SELECT * FROM admin_jurisdiction WHERE pid = 3 [ RunTime:0.000082s ]
SQL: SELECT * FROM admin_jurisdiction WHERE pid = 4 [ RunTime:0.000054s ]
SQL: SELECT * FROM admin_jurisdiction WHERE pid = 5 [ RunTime:0.000051s ]
SQL: SELECT * FROM admin_jurisdiction WHERE pid = 6 [ RunTime:0.000049s ]
SQL: SELECT * FROM admin_jurisdiction WHERE pid = 7 [ RunTime:0.000048s ]
SQL: SELECT * FROM admin_jurisdiction WHERE pid = 8 [ RunTime:0.000048s ]
SQL: SELECT * FROM admin_jurisdiction WHERE pid = 9 [ RunTime:0.000060s ]
SQL: SELECT * FROM admin_jurisdiction WHERE pid = 10 [ RunTime:0.000051s ]
SQL: SELECT * FROM admin_jurisdiction WHERE pid = 42 [ RunTime:0.000049s ]
SQL: SELECT * FROM admin_jurisdiction WHERE pid = 46 [ RunTime:0.000066s ]
INFO: [ app_end ] --START--
INFO: Run Behavior\ShowPageTraceBehavior [ RunTime:0.000028s ]
INFO: [ app_end ] --END-- [ RunTime:0.000050s ]

[ 2017-07-12T16:18:30+08:00 ] 1.89.185.106 /admin.php/Home/Help/HelpLists?page=2
INFO: [ app_init ] --START--
INFO: Run Behavior\BuildLiteBehavior [ RunTime:0.000009s ]
INFO: [ app_init ] --END-- [ RunTime:0.000070s ]
INFO: [ app_begin ] --START--
INFO: Run Behavior\ReadHtmlCacheBehavior [ RunTime:0.000025s ]
INFO: [ app_begin ] --END-- [ RunTime:0.000050s ]
NOTIC: [8192] mysql_connect(): The mysql extension is deprecated and will be removed in the future: use mysqli or PDO instead /data/wwwroot/PetAdmin/PetAdminShop/ThinkPHP/Library/Think/Db/Driver/Mysql.class.php 第 52 行.
SQL: SHOW COLUMNS FROM `admin_user` [ RunTime:0.000469s ]
SQL: SELECT * FROM `admin_user` WHERE `username` = 'tianxunhulian' LIMIT 1   [ RunTime:0.000095s ]
SQL: SHOW COLUMNS FROM `help` [ RunTime:0.000302s ]
SQL: SELECT help.id,help.title,help.proposal,help.img,help.create_time,user.username FROM `help` INNER JOIN user ON help.user_id = user.id   [ RunTime:0.000076s ]
INFO: [ view_parse ] --START--
INFO: [ template_filter ] --START--
INFO: Run Behavior\ContentReplaceBehavior [ RunTime:0.000080s ]
INFO: [ template_filter ] --END-- [ RunTime:0.000117s ]
INFO: Run Behavior\ParseTemplateBehavior [ RunTime:0.006906s ]
INFO: [ view_parse ] --END-- [ RunTime:0.006945s ]
INFO: [ view_filter ] --START--
INFO: Run Behavior\WriteHtmlCacheBehavior [ RunTime:0.000034s ]
INFO: [ view_filter ] --END-- [ RunTime:0.000065s ]
INFO: [ app_end ] --START--
INFO: Run Behavior\ShowPageTraceBehavior [ RunTime:0.000026s ]
INFO: [ app_end ] --END-- [ RunTime:0.000051s ]

[ 2017-07-12T16:18:30+08:00 ] 1.89.185.106 /admin.php/Home/Help/MenuLists
INFO: [ app_init ] --START--
INFO: Run Behavior\BuildLiteBehavior [ RunTime:0.000009s ]
INFO: [ app_init ] --END-- [ RunTime:0.000064s ]
INFO: [ app_begin ] --START--
INFO: Run Behavior\ReadHtmlCacheBehavior [ RunTime:0.000025s ]
INFO: [ app_begin ] --END-- [ RunTime:0.000048s ]
NOTIC: [8192] mysql_connect(): The mysql extension is deprecated and will be removed in the future: use mysqli or PDO instead /data/wwwroot/PetAdmin/PetAdminShop/ThinkPHP/Library/Think/Db/Driver/Mysql.class.php 第 52 行.
SQL: SHOW COLUMNS FROM `admin_user` [ RunTime:0.000444s ]
SQL: SELECT * FROM `admin_user` WHERE `username` = 'tianxunhulian' LIMIT 1   [ RunTime:0.000071s ]
SQL: select admin_jurisdiction.* from admin_user,admin_user_role,admin_role_jurisdiction,admin_jurisdiction
                where admin_user.id=admin_user_role.user_id
                and admin_user_role.role_id=admin_role_jurisdiction.role_id
                and admin_role_jurisdiction.jurisdiction_id=admin_jurisdiction.j_id
                and admin_user.username='tianxunhulian' [ RunTime:0.000070s ]
SQL: SELECT * FROM admin_jurisdiction WHERE pid = 1 [ RunTime:0.000051s ]
SQL: SELECT * FROM admin_jurisdiction WHERE pid = 2 [ RunTime:0.000052s ]
SQL: SELECT * FROM admin_jurisdiction WHERE pid = 3 [ RunTime:0.000066s ]
SQL: SELECT * FROM admin_jurisdiction WHERE pid = 4 [ RunTime:0.000050s ]
SQL: SELECT * FROM admin_jurisdiction WHERE pid = 5 [ RunTime:0.000072s ]
SQL: SELECT * FROM admin_jurisdiction WHERE pid = 6 [ RunTime:0.000053s ]
SQL: SELECT * FROM admin_jurisdiction WHERE pid = 7 [ RunTime:0.000067s ]
SQL: SELECT * FROM admin_jurisdiction WHERE pid = 8 [ RunTime:0.000054s ]
SQL: SELECT * FROM admin_jurisdiction WHERE pid = 9 [ RunTime:0.000050s ]
SQL: SELECT * FROM admin_jurisdiction WHERE pid = 10 [ RunTime:0.000053s ]
SQL: SELECT * FROM admin_jurisdiction WHERE pid = 42 [ RunTime:0.000056s ]
SQL: SELECT * FROM admin_jurisdiction WHERE pid = 46 [ RunTime:0.000074s ]
INFO: [ app_end ] --START--
INFO: Run Behavior\ShowPageTraceBehavior [ RunTime:0.000027s ]
INFO: [ app_end ] --END-- [ RunTime:0.000063s ]

[ 2017-07-12T16:18:44+08:00 ] 1.89.185.106 /admin.php/Home/Help/HelpLists?page=1
INFO: [ app_init ] --START--
INFO: Run Behavior\BuildLiteBehavior [ RunTime:0.000009s ]
INFO: [ app_init ] --END-- [ RunTime:0.000071s ]
INFO: [ app_begin ] --START--
INFO: Run Behavior\ReadHtmlCacheBehavior [ RunTime:0.000035s ]
INFO: [ app_begin ] --END-- [ RunTime:0.000071s ]
NOTIC: [8192] mysql_connect(): The mysql extension is deprecated and will be removed in the future: use mysqli or PDO instead /data/wwwroot/PetAdmin/PetAdminShop/ThinkPHP/Library/Think/Db/Driver/Mysql.class.php 第 52 行.
SQL: SHOW COLUMNS FROM `admin_user` [ RunTime:0.000512s ]
SQL: SELECT * FROM `admin_user` WHERE `username` = 'tianxunhulian' LIMIT 1   [ RunTime:0.000067s ]
SQL: SHOW COLUMNS FROM `help` [ RunTime:0.000354s ]
SQL: SELECT help.id,help.title,help.proposal,help.img,help.create_time,user.username FROM `help` INNER JOIN user ON help.user_id = user.id   [ RunTime:0.000074s ]
INFO: [ view_parse ] --START--
INFO: [ template_filter ] --START--
INFO: Run Behavior\ContentReplaceBehavior [ RunTime:0.000138s ]
INFO: [ template_filter ] --END-- [ RunTime:0.000172s ]
INFO: Run Behavior\ParseTemplateBehavior [ RunTime:0.006744s ]
INFO: [ view_parse ] --END-- [ RunTime:0.006783s ]
INFO: [ view_filter ] --START--
INFO: Run Behavior\WriteHtmlCacheBehavior [ RunTime:0.000027s ]
INFO: [ view_filter ] --END-- [ RunTime:0.000047s ]
INFO: [ app_end ] --START--
INFO: Run Behavior\ShowPageTraceBehavior [ RunTime:0.000037s ]
INFO: [ app_end ] --END-- [ RunTime:0.000072s ]

[ 2017-07-12T16:18:44+08:00 ] 1.89.185.106 /admin.php/Home/Help/MenuLists
INFO: [ app_init ] --START--
INFO: Run Behavior\BuildLiteBehavior [ RunTime:0.000009s ]
INFO: [ app_init ] --END-- [ RunTime:0.000061s ]
INFO: [ app_begin ] --START--
INFO: Run Behavior\ReadHtmlCacheBehavior [ RunTime:0.000025s ]
INFO: [ app_begin ] --END-- [ RunTime:0.000048s ]
NOTIC: [8192] mysql_connect(): The mysql extension is deprecated and will be removed in the future: use mysqli or PDO instead /data/wwwroot/PetAdmin/PetAdminShop/ThinkPHP/Library/Think/Db/Driver/Mysql.class.php 第 52 行.
SQL: SHOW COLUMNS FROM `admin_user` [ RunTime:0.000513s ]
SQL: SELECT * FROM `admin_user` WHERE `username` = 'tianxunhulian' LIMIT 1   [ RunTime:0.000065s ]
SQL: select admin_jurisdiction.* from admin_user,admin_user_role,admin_role_jurisdiction,admin_jurisdiction
                where admin_user.id=admin_user_role.user_id
                and admin_user_role.role_id=admin_role_jurisdiction.role_id
                and admin_role_jurisdiction.jurisdiction_id=admin_jurisdiction.j_id
                and admin_user.username='tianxunhulian' [ RunTime:0.000068s ]
SQL: SELECT * FROM admin_jurisdiction WHERE pid = 1 [ RunTime:0.000051s ]
SQL: SELECT * FROM admin_jurisdiction WHERE pid = 2 [ RunTime:0.000071s ]
SQL: SELECT * FROM admin_jurisdiction WHERE pid = 3 [ RunTime:0.000076s ]
SQL: SELECT * FROM admin_jurisdiction WHERE pid = 4 [ RunTime:0.000055s ]
SQL: SELECT * FROM admin_jurisdiction WHERE pid = 5 [ RunTime:0.000051s ]
SQL: SELECT * FROM admin_jurisdiction WHERE pid = 6 [ RunTime:0.000050s ]
SQL: SELECT * FROM admin_jurisdiction WHERE pid = 7 [ RunTime:0.000070s ]
SQL: SELECT * FROM admin_jurisdiction WHERE pid = 8 [ RunTime:0.000051s ]
SQL: SELECT * FROM admin_jurisdiction WHERE pid = 9 [ RunTime:0.000050s ]
SQL: SELECT * FROM admin_jurisdiction WHERE pid = 10 [ RunTime:0.000065s ]
SQL: SELECT * FROM admin_jurisdiction WHERE pid = 42 [ RunTime:0.000072s ]
SQL: SELECT * FROM admin_jurisdiction WHERE pid = 46 [ RunTime:0.000067s ]
INFO: [ app_end ] --START--
INFO: Run Behavior\ShowPageTraceBehavior [ RunTime:0.000028s ]
INFO: [ app_end ] --END-- [ RunTime:0.000050s ]

[ 2017-07-12T16:18:52+08:00 ] 1.89.185.106 /admin.php/Home/Help/HelpLists?page=2
INFO: [ app_init ] --START--
INFO: Run Behavior\BuildLiteBehavior [ RunTime:0.000010s ]
INFO: [ app_init ] --END-- [ RunTime:0.000069s ]
INFO: [ app_begin ] --START--
INFO: Run Behavior\ReadHtmlCacheBehavior [ RunTime:0.000036s ]
INFO: [ app_begin ] --END-- [ RunTime:0.000070s ]
NOTIC: [8192] mysql_connect(): The mysql extension is deprecated and will be removed in the future: use mysqli or PDO instead /data/wwwroot/PetAdmin/PetAdminShop/ThinkPHP/Library/Think/Db/Driver/Mysql.class.php 第 52 行.
SQL: SHOW COLUMNS FROM `admin_user` [ RunTime:0.000514s ]
SQL: SELECT * FROM `admin_user` WHERE `username` = 'tianxunhulian' LIMIT 1   [ RunTime:0.000093s ]
SQL: SHOW COLUMNS FROM `help` [ RunTime:0.000368s ]
SQL: SELECT help.id,help.title,help.proposal,help.img,help.create_time,user.username FROM `help` INNER JOIN user ON help.user_id = user.id   [ RunTime:0.000092s ]
INFO: [ view_parse ] --START--
INFO: [ template_filter ] --START--
INFO: Run Behavior\ContentReplaceBehavior [ RunTime:0.000091s ]
INFO: [ template_filter ] --END-- [ RunTime:0.000130s ]
INFO: Run Behavior\ParseTemplateBehavior [ RunTime:0.006881s ]
INFO: [ view_parse ] --END-- [ RunTime:0.006911s ]
INFO: [ view_filter ] --START--
INFO: Run Behavior\WriteHtmlCacheBehavior [ RunTime:0.000045s ]
INFO: [ view_filter ] --END-- [ RunTime:0.000080s ]
INFO: [ app_end ] --START--
INFO: Run Behavior\ShowPageTraceBehavior [ RunTime:0.000034s ]
INFO: [ app_end ] --END-- [ RunTime:0.000060s ]

[ 2017-07-12T16:18:52+08:00 ] 1.89.185.106 /admin.php/Home/Help/MenuLists
INFO: [ app_init ] --START--
INFO: Run Behavior\BuildLiteBehavior [ RunTime:0.000014s ]
INFO: [ app_init ] --END-- [ RunTime:0.000085s ]
INFO: [ app_begin ] --START--
INFO: Run Behavior\ReadHtmlCacheBehavior [ RunTime:0.000027s ]
INFO: [ app_begin ] --END-- [ RunTime:0.000050s ]
NOTIC: [8192] mysql_connect(): The mysql extension is deprecated and will be removed in the future: use mysqli or PDO instead /data/wwwroot/PetAdmin/PetAdminShop/ThinkPHP/Library/Think/Db/Driver/Mysql.class.php 第 52 行.
SQL: SHOW COLUMNS FROM `admin_user` [ RunTime:0.000633s ]
SQL: SELECT * FROM `admin_user` WHERE `username` = 'tianxunhulian' LIMIT 1   [ RunTime:0.000094s ]
SQL: select admin_jurisdiction.* from admin_user,admin_user_role,admin_role_jurisdiction,admin_jurisdiction
                where admin_user.id=admin_user_role.user_id
                and admin_user_role.role_id=admin_role_jurisdiction.role_id
                and admin_role_jurisdiction.jurisdiction_id=admin_jurisdiction.j_id
                and admin_user.username='tianxunhulian' [ RunTime:0.000103s ]
SQL: SELECT * FROM admin_jurisdiction WHERE pid = 1 [ RunTime:0.000077s ]
SQL: SELECT * FROM admin_jurisdiction WHERE pid = 2 [ RunTime:0.000067s ]
SQL: SELECT * FROM admin_jurisdiction WHERE pid = 3 [ RunTime:0.000061s ]
SQL: SELECT * FROM admin_jurisdiction WHERE pid = 4 [ RunTime:0.000065s ]
SQL: SELECT * FROM admin_jurisdiction WHERE pid = 5 [ RunTime:0.000057s ]
SQL: SELECT * FROM admin_jurisdiction WHERE pid = 6 [ RunTime:0.000055s ]
SQL: SELECT * FROM admin_jurisdiction WHERE pid = 7 [ RunTime:0.000056s ]
SQL: SELECT * FROM admin_jurisdiction WHERE pid = 8 [ RunTime:0.000056s ]
SQL: SELECT * FROM admin_jurisdiction WHERE pid = 9 [ RunTime:0.000053s ]
SQL: SELECT * FROM admin_jurisdiction WHERE pid = 10 [ RunTime:0.000082s ]
SQL: SELECT * FROM admin_jurisdiction WHERE pid = 42 [ RunTime:0.000068s ]
SQL: SELECT * FROM admin_jurisdiction WHERE pid = 46 [ RunTime:0.000053s ]
INFO: [ app_end ] --START--
INFO: Run Behavior\ShowPageTraceBehavior [ RunTime:0.000035s ]
INFO: [ app_end ] --END-- [ RunTime:0.000065s ]

[ 2017-07-12T16:19:22+08:00 ] 1.89.185.106 /admin.php/Home/Encyclopedias/EncyclopediasInfoIsOkList
INFO: [ app_init ] --START--
INFO: Run Behavior\BuildLiteBehavior [ RunTime:0.000009s ]
INFO: [ app_init ] --END-- [ RunTime:0.000060s ]
INFO: [ app_begin ] --START--
INFO: Run Behavior\ReadHtmlCacheBehavior [ RunTime:0.000026s ]
INFO: [ app_begin ] --END-- [ RunTime:0.000052s ]
NOTIC: [8192] mysql_connect(): The mysql extension is deprecated and will be removed in the future: use mysqli or PDO instead /data/wwwroot/PetAdmin/PetAdminShop/ThinkPHP/Library/Think/Db/Driver/Mysql.class.php 第 52 行.
SQL: SHOW COLUMNS FROM `admin_user` [ RunTime:0.000463s ]
SQL: SELECT * FROM `admin_user` WHERE `username` = 'tianxunhulian' LIMIT 1   [ RunTime:0.000064s ]
NOTIC: [8] Undefined index: page /data/wwwroot/PetAdmin/PetAdminShop/Admin/Home/Controller/EncyclopediasController.class.php 第 120 行.
SQL: SHOW COLUMNS FROM `encyclopedias` [ RunTime:0.000394s ]
SQL: SELECT * FROM `encyclopedias` WHERE ( content_status = 2 )  [ RunTime:0.001328s ]
NOTIC: [2] array_slice() expects parameter 1 to be array, null given /data/wwwroot/PetAdmin/PetAdminShop/Admin/Home/Controller/LoginController.class.php 第 105 行.
INFO: [ view_parse ] --START--
INFO: [ template_filter ] --START--
INFO: Run Behavior\ContentReplaceBehavior [ RunTime:0.000090s ]
INFO: [ template_filter ] --END-- [ RunTime:0.000127s ]
INFO: Run Behavior\ParseTemplateBehavior [ RunTime:0.022155s ]
INFO: [ view_parse ] --END-- [ RunTime:0.022186s ]
INFO: [ view_filter ] --START--
INFO: Run Behavior\WriteHtmlCacheBehavior [ RunTime:0.000027s ]
INFO: [ view_filter ] --END-- [ RunTime:0.000046s ]
INFO: [ app_end ] --START--
INFO: Run Behavior\ShowPageTraceBehavior [ RunTime:0.000037s ]
INFO: [ app_end ] --END-- [ RunTime:0.000073s ]

[ 2017-07-12T16:19:22+08:00 ] 1.89.185.106 /admin.php/Home/Encyclopedias/MenuLists
INFO: [ app_init ] --START--
INFO: Run Behavior\BuildLiteBehavior [ RunTime:0.000013s ]
INFO: [ app_init ] --END-- [ RunTime:0.000090s ]
INFO: [ app_begin ] --START--
INFO: Run Behavior\ReadHtmlCacheBehavior [ RunTime:0.000027s ]
INFO: [ app_begin ] --END-- [ RunTime:0.000052s ]
NOTIC: [8192] mysql_connect(): The mysql extension is deprecated and will be removed in the future: use mysqli or PDO instead /data/wwwroot/PetAdmin/PetAdminShop/ThinkPHP/Library/Think/Db/Driver/Mysql.class.php 第 52 行.
SQL: SHOW COLUMNS FROM `admin_user` [ RunTime:0.000461s ]
SQL: SELECT * FROM `admin_user` WHERE `username` = 'tianxunhulian' LIMIT 1   [ RunTime:0.000101s ]
SQL: select admin_jurisdiction.* from admin_user,admin_user_role,admin_role_jurisdiction,admin_jurisdiction
                where admin_user.id=admin_user_role.user_id
                and admin_user_role.role_id=admin_role_jurisdiction.role_id
                and admin_role_jurisdiction.jurisdiction_id=admin_jurisdiction.j_id
                and admin_user.username='tianxunhulian' [ RunTime:0.000070s ]
SQL: SELECT * FROM admin_jurisdiction WHERE pid = 1 [ RunTime:0.000055s ]
SQL: SELECT * FROM admin_jurisdiction WHERE pid = 2 [ RunTime:0.000056s ]
SQL: SELECT * FROM admin_jurisdiction WHERE pid = 3 [ RunTime:0.000052s ]
SQL: SELECT * FROM admin_jurisdiction WHERE pid = 4 [ RunTime:0.000049s ]
SQL: SELECT * FROM admin_jurisdiction WHERE pid = 5 [ RunTime:0.000060s ]
SQL: SELECT * FROM admin_jurisdiction WHERE pid = 6 [ RunTime:0.000074s ]
SQL: SELECT * FROM admin_jurisdiction WHERE pid = 7 [ RunTime:0.000053s ]
SQL: SELECT * FROM admin_jurisdiction WHERE pid = 8 [ RunTime:0.000055s ]
SQL: SELECT * FROM admin_jurisdiction WHERE pid = 9 [ RunTime:0.000066s ]
SQL: SELECT * FROM admin_jurisdiction WHERE pid = 10 [ RunTime:0.000079s ]
SQL: SELECT * FROM admin_jurisdiction WHERE pid = 42 [ RunTime:0.000058s ]
SQL: SELECT * FROM admin_jurisdiction WHERE pid = 46 [ RunTime:0.000050s ]
INFO: [ app_end ] --START--
INFO: Run Behavior\ShowPageTraceBehavior [ RunTime:0.000028s ]
INFO: [ app_end ] --END-- [ RunTime:0.000050s ]

[ 2017-07-12T16:19:32+08:00 ] 1.89.185.106 /admin.php/Home/Question/QuestionInfo
INFO: [ app_init ] --START--
INFO: Run Behavior\BuildLiteBehavior [ RunTime:0.000010s ]
INFO: [ app_init ] --END-- [ RunTime:0.000072s ]
INFO: [ app_begin ] --START--
INFO: Run Behavior\ReadHtmlCacheBehavior [ RunTime:0.000033s ]
INFO: [ app_begin ] --END-- [ RunTime:0.000064s ]
NOTIC: [8192] mysql_connect(): The mysql extension is deprecated and will be removed in the future: use mysqli or PDO instead /data/wwwroot/PetAdmin/PetAdminShop/ThinkPHP/Library/Think/Db/Driver/Mysql.class.php 第 52 行.
SQL: SHOW COLUMNS FROM `admin_user` [ RunTime:0.000479s ]
SQL: SELECT * FROM `admin_user` WHERE `username` = 'tianxunhulian' LIMIT 1   [ RunTime:0.000066s ]
NOTIC: [8] Undefined index: page /data/wwwroot/PetAdmin/PetAdminShop/Admin/Home/Controller/QuestionController.class.php 第 101 行.
SQL: SHOW COLUMNS FROM `question` [ RunTime:0.000391s ]
SQL: SELECT * FROM `question` WHERE ( is_pet=1 )  [ RunTime:0.002291s ]
INFO: [ view_parse ] --START--
INFO: [ template_filter ] --START--
INFO: Run Behavior\ContentReplaceBehavior [ RunTime:0.000119s ]
INFO: [ template_filter ] --END-- [ RunTime:0.000153s ]
NOTIC: [8] Undefined variable: word /data/wwwroot/PetAdmin/PetAdminShop/Admin/Runtime/Cache/Home/60f1b2294c45fc1341122c876c6ae4c0.php 第 212 行.
INFO: Run Behavior\ParseTemplateBehavior [ RunTime:0.008329s ]
INFO: [ view_parse ] --END-- [ RunTime:0.008368s ]
INFO: [ view_filter ] --START--
INFO: Run Behavior\WriteHtmlCacheBehavior [ RunTime:0.000037s ]
INFO: [ view_filter ] --END-- [ RunTime:0.000097s ]
INFO: [ app_end ] --START--
INFO: Run Behavior\ShowPageTraceBehavior [ RunTime:0.000028s ]
INFO: [ app_end ] --END-- [ RunTime:0.000055s ]

[ 2017-07-12T16:19:33+08:00 ] 1.89.185.106 /admin.php/Home/Question/MenuLists
INFO: [ app_init ] --START--
INFO: Run Behavior\BuildLiteBehavior [ RunTime:0.000009s ]
INFO: [ app_init ] --END-- [ RunTime:0.000075s ]
INFO: [ app_begin ] --START--
INFO: Run Behavior\ReadHtmlCacheBehavior [ RunTime:0.000035s ]
INFO: [ app_begin ] --END-- [ RunTime:0.000063s ]
NOTIC: [8192] mysql_connect(): The mysql extension is deprecated and will be removed in the future: use mysqli or PDO instead /data/wwwroot/PetAdmin/PetAdminShop/ThinkPHP/Library/Think/Db/Driver/Mysql.class.php 第 52 行.
SQL: SHOW COLUMNS FROM `admin_user` [ RunTime:0.000452s ]
SQL: SELECT * FROM `admin_user` WHERE `username` = 'tianxunhulian' LIMIT 1   [ RunTime:0.000090s ]
SQL: select admin_jurisdiction.* from admin_user,admin_user_role,admin_role_jurisdiction,admin_jurisdiction
                where admin_user.id=admin_user_role.user_id
                and admin_user_role.role_id=admin_role_jurisdiction.role_id
                and admin_role_jurisdiction.jurisdiction_id=admin_jurisdiction.j_id
                and admin_user.username='tianxunhulian' [ RunTime:0.000066s ]
SQL: SELECT * FROM admin_jurisdiction WHERE pid = 1 [ RunTime:0.000056s ]
SQL: SELECT * FROM admin_jurisdiction WHERE pid = 2 [ RunTime:0.000050s ]
SQL: SELECT * FROM admin_jurisdiction WHERE pid = 3 [ RunTime:0.000068s ]
SQL: SELECT * FROM admin_jurisdiction WHERE pid = 4 [ RunTime:0.000051s ]
SQL: SELECT * FROM admin_jurisdiction WHERE pid = 5 [ RunTime:0.000066s ]
SQL: SELECT * FROM admin_jurisdiction WHERE pid = 6 [ RunTime:0.000052s ]
SQL: SELECT * FROM admin_jurisdiction WHERE pid = 7 [ RunTime:0.000053s ]
SQL: SELECT * FROM admin_jurisdiction WHERE pid = 8 [ RunTime:0.000047s ]
SQL: SELECT * FROM admin_jurisdiction WHERE pid = 9 [ RunTime:0.000052s ]
SQL: SELECT * FROM admin_jurisdiction WHERE pid = 10 [ RunTime:0.000049s ]
SQL: SELECT * FROM admin_jurisdiction WHERE pid = 42 [ RunTime:0.000061s ]
SQL: SELECT * FROM admin_jurisdiction WHERE pid = 46 [ RunTime:0.000053s ]
INFO: [ app_end ] --START--
INFO: Run Behavior\ShowPageTraceBehavior [ RunTime:0.000029s ]
INFO: [ app_end ] --END-- [ RunTime:0.000053s ]

[ 2017-07-12T16:19:39+08:00 ] 1.89.185.106 /admin.php/Home/Question/QuestionReportInfo
INFO: [ app_init ] --START--
INFO: Run Behavior\BuildLiteBehavior [ RunTime:0.000010s ]
INFO: [ app_init ] --END-- [ RunTime:0.000063s ]
INFO: [ app_begin ] --START--
INFO: Run Behavior\ReadHtmlCacheBehavior [ RunTime:0.000024s ]
INFO: [ app_begin ] --END-- [ RunTime:0.000049s ]
NOTIC: [8192] mysql_connect(): The mysql extension is deprecated and will be removed in the future: use mysqli or PDO instead /data/wwwroot/PetAdmin/PetAdminShop/ThinkPHP/Library/Think/Db/Driver/Mysql.class.php 第 52 行.
SQL: SHOW COLUMNS FROM `admin_user` [ RunTime:0.000460s ]
SQL: SELECT * FROM `admin_user` WHERE `username` = 'tianxunhulian' LIMIT 1   [ RunTime:0.000086s ]
NOTIC: [8] Undefined index: page /data/wwwroot/PetAdmin/PetAdminShop/Admin/Home/Controller/QuestionController.class.php 第 230 行.
SQL: SHOW COLUMNS FROM `report` [ RunTime:0.000316s ]
SQL: SELECT * FROM `report`  [ RunTime:0.000251s ]
INFO: [ view_parse ] --START--
INFO: [ template_filter ] --START--
INFO: Run Behavior\ContentReplaceBehavior [ RunTime:0.000091s ]
INFO: [ template_filter ] --END-- [ RunTime:0.000123s ]
INFO: Run Behavior\ParseTemplateBehavior [ RunTime:0.021003s ]
INFO: [ view_parse ] --END-- [ RunTime:0.021040s ]
INFO: [ view_filter ] --START--
INFO: Run Behavior\WriteHtmlCacheBehavior [ RunTime:0.000026s ]
INFO: [ view_filter ] --END-- [ RunTime:0.000046s ]
INFO: [ app_end ] --START--
INFO: Run Behavior\ShowPageTraceBehavior [ RunTime:0.000029s ]
INFO: [ app_end ] --END-- [ RunTime:0.000060s ]

[ 2017-07-12T16:19:39+08:00 ] 1.89.185.106 /admin.php/Home/Question/MenuLists
INFO: [ app_init ] --START--
INFO: Run Behavior\BuildLiteBehavior [ RunTime:0.000009s ]
INFO: [ app_init ] --END-- [ RunTime:0.000058s ]
INFO: [ app_begin ] --START--
INFO: Run Behavior\ReadHtmlCacheBehavior [ RunTime:0.000036s ]
INFO: [ app_begin ] --END-- [ RunTime:0.000066s ]
NOTIC: [8192] mysql_connect(): The mysql extension is deprecated and will be removed in the future: use mysqli or PDO instead /data/wwwroot/PetAdmin/PetAdminShop/ThinkPHP/Library/Think/Db/Driver/Mysql.class.php 第 52 行.
SQL: SHOW COLUMNS FROM `admin_user` [ RunTime:0.000463s ]
SQL: SELECT * FROM `admin_user` WHERE `username` = 'tianxunhulian' LIMIT 1   [ RunTime:0.000064s ]
SQL: select admin_jurisdiction.* from admin_user,admin_user_role,admin_role_jurisdiction,admin_jurisdiction
                where admin_user.id=admin_user_role.user_id
                and admin_user_role.role_id=admin_role_jurisdiction.role_id
                and admin_role_jurisdiction.jurisdiction_id=admin_jurisdiction.j_id
                and admin_user.username='tianxunhulian' [ RunTime:0.000077s ]
SQL: SELECT * FROM admin_jurisdiction WHERE pid = 1 [ RunTime:0.000069s ]
SQL: SELECT * FROM admin_jurisdiction WHERE pid = 2 [ RunTime:0.000053s ]
SQL: SELECT * FROM admin_jurisdiction WHERE pid = 3 [ RunTime:0.000070s ]
SQL: SELECT * FROM admin_jurisdiction WHERE pid = 4 [ RunTime:0.000051s ]
SQL: SELECT * FROM admin_jurisdiction WHERE pid = 5 [ RunTime:0.000049s ]
SQL: SELECT * FROM admin_jurisdiction WHERE pid = 6 [ RunTime:0.000048s ]
SQL: SELECT * FROM admin_jurisdiction WHERE pid = 7 [ RunTime:0.000049s ]
SQL: SELECT * FROM admin_jurisdiction WHERE pid = 8 [ RunTime:0.000059s ]
SQL: SELECT * FROM admin_jurisdiction WHERE pid = 9 [ RunTime:0.000055s ]
SQL: SELECT * FROM admin_jurisdiction WHERE pid = 10 [ RunTime:0.000073s ]
SQL: SELECT * FROM admin_jurisdiction WHERE pid = 42 [ RunTime:0.000052s ]
SQL: SELECT * FROM admin_jurisdiction WHERE pid = 46 [ RunTime:0.000052s ]
INFO: [ app_end ] --START--
INFO: Run Behavior\ShowPageTraceBehavior [ RunTime:0.000028s ]
INFO: [ app_end ] --END-- [ RunTime:0.000049s ]

[ 2017-07-12T16:19:59+08:00 ] 1.89.185.106 /admin.php/Home/Question/QuestionReportInfo?page=2
INFO: [ app_init ] --START--
INFO: Run Behavior\BuildLiteBehavior [ RunTime:0.000014s ]
INFO: [ app_init ] --END-- [ RunTime:0.000114s ]
INFO: [ app_begin ] --START--
INFO: Run Behavior\ReadHtmlCacheBehavior [ RunTime:0.000028s ]
INFO: [ app_begin ] --END-- [ RunTime:0.000052s ]
NOTIC: [8192] mysql_connect(): The mysql extension is deprecated and will be removed in the future: use mysqli or PDO instead /data/wwwroot/PetAdmin/PetAdminShop/ThinkPHP/Library/Think/Db/Driver/Mysql.class.php 第 52 行.
SQL: SHOW COLUMNS FROM `admin_user` [ RunTime:0.000449s ]
SQL: SELECT * FROM `admin_user` WHERE `username` = 'tianxunhulian' LIMIT 1   [ RunTime:0.000082s ]
SQL: SHOW COLUMNS FROM `report` [ RunTime:0.000291s ]
SQL: SELECT * FROM `report`  [ RunTime:0.000074s ]
INFO: [ view_parse ] --START--
INFO: [ template_filter ] --START--
INFO: Run Behavior\ContentReplaceBehavior [ RunTime:0.000108s ]
INFO: [ template_filter ] --END-- [ RunTime:0.000141s ]
INFO: Run Behavior\ParseTemplateBehavior [ RunTime:0.007588s ]
INFO: [ view_parse ] --END-- [ RunTime:0.007619s ]
INFO: [ view_filter ] --START--
INFO: Run Behavior\WriteHtmlCacheBehavior [ RunTime:0.000030s ]
INFO: [ view_filter ] --END-- [ RunTime:0.000049s ]
INFO: [ app_end ] --START--
INFO: Run Behavior\ShowPageTraceBehavior [ RunTime:0.000030s ]
INFO: [ app_end ] --END-- [ RunTime:0.000054s ]

[ 2017-07-12T16:20:00+08:00 ] 1.89.185.106 /admin.php/Home/Question/MenuLists
INFO: [ app_init ] --START--
INFO: Run Behavior\BuildLiteBehavior [ RunTime:0.000010s ]
INFO: [ app_init ] --END-- [ RunTime:0.000090s ]
INFO: [ app_begin ] --START--
INFO: Run Behavior\ReadHtmlCacheBehavior [ RunTime:0.000026s ]
INFO: [ app_begin ] --END-- [ RunTime:0.000049s ]
NOTIC: [8192] mysql_connect(): The mysql extension is deprecated and will be removed in the future: use mysqli or PDO instead /data/wwwroot/PetAdmin/PetAdminShop/ThinkPHP/Library/Think/Db/Driver/Mysql.class.php 第 52 行.
SQL: SHOW COLUMNS FROM `admin_user` [ RunTime:0.000483s ]
SQL: SELECT * FROM `admin_user` WHERE `username` = 'tianxunhulian' LIMIT 1   [ RunTime:0.000071s ]
SQL: select admin_jurisdiction.* from admin_user,admin_user_role,admin_role_jurisdiction,admin_jurisdiction
                where admin_user.id=admin_user_role.user_id
                and admin_user_role.role_id=admin_role_jurisdiction.role_id
                and admin_role_jurisdiction.jurisdiction_id=admin_jurisdiction.j_id
                and admin_user.username='tianxunhulian' [ RunTime:0.000068s ]
SQL: SELECT * FROM admin_jurisdiction WHERE pid = 1 [ RunTime:0.000076s ]
SQL: SELECT * FROM admin_jurisdiction WHERE pid = 2 [ RunTime:0.000070s ]
SQL: SELECT * FROM admin_jurisdiction WHERE pid = 3 [ RunTime:0.000055s ]
SQL: SELECT * FROM admin_jurisdiction WHERE pid = 4 [ RunTime:0.000048s ]
SQL: SELECT * FROM admin_jurisdiction WHERE pid = 5 [ RunTime:0.000061s ]
SQL: SELECT * FROM admin_jurisdiction WHERE pid = 6 [ RunTime:0.000050s ]
SQL: SELECT * FROM admin_jurisdiction WHERE pid = 7 [ RunTime:0.000067s ]
SQL: SELECT * FROM admin_jurisdiction WHERE pid = 8 [ RunTime:0.000049s ]
SQL: SELECT * FROM admin_jurisdiction WHERE pid = 9 [ RunTime:0.000079s ]
SQL: SELECT * FROM admin_jurisdiction WHERE pid = 10 [ RunTime:0.000052s ]
SQL: SELECT * FROM admin_jurisdiction WHERE pid = 42 [ RunTime:0.000064s ]
SQL: SELECT * FROM admin_jurisdiction WHERE pid = 46 [ RunTime:0.000053s ]
INFO: [ app_end ] --START--
INFO: Run Behavior\ShowPageTraceBehavior [ RunTime:0.000037s ]
INFO: [ app_end ] --END-- [ RunTime:0.000060s ]

[ 2017-07-12T16:20:17+08:00 ] 1.89.185.106 /admin.php/Home/Question/QuestionIdInfo/id/773
INFO: [ app_init ] --START--
INFO: Run Behavior\BuildLiteBehavior [ RunTime:0.000010s ]
INFO: [ app_init ] --END-- [ RunTime:0.000064s ]
INFO: [ app_begin ] --START--
INFO: Run Behavior\ReadHtmlCacheBehavior [ RunTime:0.000025s ]
INFO: [ app_begin ] --END-- [ RunTime:0.000051s ]
NOTIC: [8192] mysql_connect(): The mysql extension is deprecated and will be removed in the future: use mysqli or PDO instead /data/wwwroot/PetAdmin/PetAdminShop/ThinkPHP/Library/Think/Db/Driver/Mysql.class.php 第 52 行.
SQL: SHOW COLUMNS FROM `admin_user` [ RunTime:0.000496s ]
SQL: SELECT * FROM `admin_user` WHERE `username` = 'tianxunhulian' LIMIT 1   [ RunTime:0.000068s ]
SQL: SHOW COLUMNS FROM `question` [ RunTime:0.000387s ]
SQL: SELECT * FROM `question` WHERE ( id=773 ) LIMIT 1   [ RunTime:0.000271s ]
INFO: [ view_parse ] --START--
INFO: [ template_filter ] --START--
INFO: Run Behavior\ContentReplaceBehavior [ RunTime:0.000127s ]
INFO: [ template_filter ] --END-- [ RunTime:0.000163s ]
NOTIC: [8] Undefined variable: num /data/wwwroot/PetAdmin/PetAdminShop/Admin/Runtime/Cache/Home/79c12d8560b67a26639335455effb9f0.php 第 183 行.
NOTIC: [8] Undefined variable: num /data/wwwroot/PetAdmin/PetAdminShop/Admin/Runtime/Cache/Home/79c12d8560b67a26639335455effb9f0.php 第 189 行.
NOTIC: [8] Undefined variable: num /data/wwwroot/PetAdmin/PetAdminShop/Admin/Runtime/Cache/Home/79c12d8560b67a26639335455effb9f0.php 第 193 行.
NOTIC: [8] Undefined variable: num /data/wwwroot/PetAdmin/PetAdminShop/Admin/Runtime/Cache/Home/79c12d8560b67a26639335455effb9f0.php 第 197 行.
INFO: Run Behavior\ParseTemplateBehavior [ RunTime:0.008655s ]
INFO: [ view_parse ] --END-- [ RunTime:0.008682s ]
INFO: [ view_filter ] --START--
INFO: Run Behavior\WriteHtmlCacheBehavior [ RunTime:0.000026s ]
INFO: [ view_filter ] --END-- [ RunTime:0.000045s ]
INFO: [ app_end ] --START--
INFO: Run Behavior\ShowPageTraceBehavior [ RunTime:0.000028s ]
INFO: [ app_end ] --END-- [ RunTime:0.000054s ]

[ 2017-07-12T16:20:17+08:00 ] 1.89.185.106 /admin.php/Home/Question/MenuLists
INFO: [ app_init ] --START--
INFO: Run Behavior\BuildLiteBehavior [ RunTime:0.000013s ]
INFO: [ app_init ] --END-- [ RunTime:0.000090s ]
INFO: [ app_begin ] --START--
INFO: Run Behavior\ReadHtmlCacheBehavior [ RunTime:0.000025s ]
INFO: [ app_begin ] --END-- [ RunTime:0.000064s ]
NOTIC: [8192] mysql_connect(): The mysql extension is deprecated and will be removed in the future: use mysqli or PDO instead /data/wwwroot/PetAdmin/PetAdminShop/ThinkPHP/Library/Think/Db/Driver/Mysql.class.php 第 52 行.
SQL: SHOW COLUMNS FROM `admin_user` [ RunTime:0.000473s ]
SQL: SELECT * FROM `admin_user` WHERE `username` = 'tianxunhulian' LIMIT 1   [ RunTime:0.000089s ]
SQL: select admin_jurisdiction.* from admin_user,admin_user_role,admin_role_jurisdiction,admin_jurisdiction
                where admin_user.id=admin_user_role.user_id
                and admin_user_role.role_id=admin_role_jurisdiction.role_id
                and admin_role_jurisdiction.jurisdiction_id=admin_jurisdiction.j_id
                and admin_user.username='tianxunhulian' [ RunTime:0.000069s ]
SQL: SELECT * FROM admin_jurisdiction WHERE pid = 1 [ RunTime:0.000080s ]
SQL: SELECT * FROM admin_jurisdiction WHERE pid = 2 [ RunTime:0.000074s ]
SQL: SELECT * FROM admin_jurisdiction WHERE pid = 3 [ RunTime:0.000055s ]
SQL: SELECT * FROM admin_jurisdiction WHERE pid = 4 [ RunTime:0.000053s ]
SQL: SELECT * FROM admin_jurisdiction WHERE pid = 5 [ RunTime:0.000078s ]
SQL: SELECT * FROM admin_jurisdiction WHERE pid = 6 [ RunTime:0.000065s ]
SQL: SELECT * FROM admin_jurisdiction WHERE pid = 7 [ RunTime:0.000072s ]
SQL: SELECT * FROM admin_jurisdiction WHERE pid = 8 [ RunTime:0.000064s ]
SQL: SELECT * FROM admin_jurisdiction WHERE pid = 9 [ RunTime:0.000056s ]
SQL: SELECT * FROM admin_jurisdiction WHERE pid = 10 [ RunTime:0.000053s ]
SQL: SELECT * FROM admin_jurisdiction WHERE pid = 42 [ RunTime:0.000050s ]
SQL: SELECT * FROM admin_jurisdiction WHERE pid = 46 [ RunTime:0.000054s ]
INFO: [ app_end ] --START--
INFO: Run Behavior\ShowPageTraceBehavior [ RunTime:0.000038s ]
INFO: [ app_end ] --END-- [ RunTime:0.000071s ]

[ 2017-07-12T16:20:34+08:00 ] 1.89.185.106 /admin.php/Home/Question/QuestionReportInfo?page=2
INFO: [ app_init ] --START--
INFO: Run Behavior\BuildLiteBehavior [ RunTime:0.000010s ]
INFO: [ app_init ] --END-- [ RunTime:0.000063s ]
INFO: [ app_begin ] --START--
INFO: Run Behavior\ReadHtmlCacheBehavior [ RunTime:0.000025s ]
INFO: [ app_begin ] --END-- [ RunTime:0.000048s ]
NOTIC: [8192] mysql_connect(): The mysql extension is deprecated and will be removed in the future: use mysqli or PDO instead /data/wwwroot/PetAdmin/PetAdminShop/ThinkPHP/Library/Think/Db/Driver/Mysql.class.php 第 52 行.
SQL: SHOW COLUMNS FROM `admin_user` [ RunTime:0.000495s ]
SQL: SELECT * FROM `admin_user` WHERE `username` = 'tianxunhulian' LIMIT 1   [ RunTime:0.000067s ]
SQL: SHOW COLUMNS FROM `report` [ RunTime:0.000320s ]
SQL: SELECT * FROM `report`  [ RunTime:0.000095s ]
INFO: [ view_parse ] --START--
INFO: [ template_filter ] --START--
INFO: Run Behavior\ContentReplaceBehavior [ RunTime:0.000091s ]
INFO: [ template_filter ] --END-- [ RunTime:0.000124s ]
INFO: Run Behavior\ParseTemplateBehavior [ RunTime:0.007353s ]
INFO: [ view_parse ] --END-- [ RunTime:0.007386s ]
INFO: [ view_filter ] --START--
INFO: Run Behavior\WriteHtmlCacheBehavior [ RunTime:0.000025s ]
INFO: [ view_filter ] --END-- [ RunTime:0.000045s ]
INFO: [ app_end ] --START--
INFO: Run Behavior\ShowPageTraceBehavior [ RunTime:0.000026s ]
INFO: [ app_end ] --END-- [ RunTime:0.000051s ]

[ 2017-07-12T16:20:34+08:00 ] 1.89.185.106 /admin.php/Home/Question/MenuLists
INFO: [ app_init ] --START--
INFO: Run Behavior\BuildLiteBehavior [ RunTime:0.000009s ]
INFO: [ app_init ] --END-- [ RunTime:0.000063s ]
INFO: [ app_begin ] --START--
INFO: Run Behavior\ReadHtmlCacheBehavior [ RunTime:0.000025s ]
INFO: [ app_begin ] --END-- [ RunTime:0.000048s ]
NOTIC: [8192] mysql_connect(): The mysql extension is deprecated and will be removed in the future: use mysqli or PDO instead /data/wwwroot/PetAdmin/PetAdminShop/ThinkPHP/Library/Think/Db/Driver/Mysql.class.php 第 52 行.
SQL: SHOW COLUMNS FROM `admin_user` [ RunTime:0.000472s ]
SQL: SELECT * FROM `admin_user` WHERE `username` = 'tianxunhulian' LIMIT 1   [ RunTime:0.000072s ]
SQL: select admin_jurisdiction.* from admin_user,admin_user_role,admin_role_jurisdiction,admin_jurisdiction
                where admin_user.id=admin_user_role.user_id
                and admin_user_role.role_id=admin_role_jurisdiction.role_id
                and admin_role_jurisdiction.jurisdiction_id=admin_jurisdiction.j_id
                and admin_user.username='tianxunhulian' [ RunTime:0.000070s ]
SQL: SELECT * FROM admin_jurisdiction WHERE pid = 1 [ RunTime:0.000052s ]
SQL: SELECT * FROM admin_jurisdiction WHERE pid = 2 [ RunTime:0.000052s ]
SQL: SELECT * FROM admin_jurisdiction WHERE pid = 3 [ RunTime:0.000051s ]
SQL: SELECT * FROM admin_jurisdiction WHERE pid = 4 [ RunTime:0.000052s ]
SQL: SELECT * FROM admin_jurisdiction WHERE pid = 5 [ RunTime:0.000067s ]
SQL: SELECT * FROM admin_jurisdiction WHERE pid = 6 [ RunTime:0.000052s ]
SQL: SELECT * FROM admin_jurisdiction WHERE pid = 7 [ RunTime:0.000058s ]
SQL: SELECT * FROM admin_jurisdiction WHERE pid = 8 [ RunTime:0.000049s ]
SQL: SELECT * FROM admin_jurisdiction WHERE pid = 9 [ RunTime:0.000049s ]
SQL: SELECT * FROM admin_jurisdiction WHERE pid = 10 [ RunTime:0.000053s ]
SQL: SELECT * FROM admin_jurisdiction WHERE pid = 42 [ RunTime:0.000050s ]
SQL: SELECT * FROM admin_jurisdiction WHERE pid = 46 [ RunTime:0.000051s ]
INFO: [ app_end ] --START--
INFO: Run Behavior\ShowPageTraceBehavior [ RunTime:0.000038s ]
INFO: [ app_end ] --END-- [ RunTime:0.000070s ]

[ 2017-07-12T16:20:40+08:00 ] 1.89.185.106 /admin.php/Home/Question/QuestionReportInfo?page=1
INFO: [ app_init ] --START--
INFO: Run Behavior\BuildLiteBehavior [ RunTime:0.000009s ]
INFO: [ app_init ] --END-- [ RunTime:0.000062s ]
INFO: [ app_begin ] --START--
INFO: Run Behavior\ReadHtmlCacheBehavior [ RunTime:0.000036s ]
INFO: [ app_begin ] --END-- [ RunTime:0.000062s ]
NOTIC: [8192] mysql_connect(): The mysql extension is deprecated and will be removed in the future: use mysqli or PDO instead /data/wwwroot/PetAdmin/PetAdminShop/ThinkPHP/Library/Think/Db/Driver/Mysql.class.php 第 52 行.
SQL: SHOW COLUMNS FROM `admin_user` [ RunTime:0.000462s ]
SQL: SELECT * FROM `admin_user` WHERE `username` = 'tianxunhulian' LIMIT 1   [ RunTime:0.000068s ]
SQL: SHOW COLUMNS FROM `report` [ RunTime:0.000296s ]
SQL: SELECT * FROM `report`  [ RunTime:0.000074s ]
INFO: [ view_parse ] --START--
INFO: [ template_filter ] --START--
INFO: Run Behavior\ContentReplaceBehavior [ RunTime:0.000088s ]
INFO: [ template_filter ] --END-- [ RunTime:0.000118s ]
INFO: Run Behavior\ParseTemplateBehavior [ RunTime:0.006776s ]
INFO: [ view_parse ] --END-- [ RunTime:0.006808s ]
INFO: [ view_filter ] --START--
INFO: Run Behavior\WriteHtmlCacheBehavior [ RunTime:0.000025s ]
INFO: [ view_filter ] --END-- [ RunTime:0.000044s ]
INFO: [ app_end ] --START--
INFO: Run Behavior\ShowPageTraceBehavior [ RunTime:0.000026s ]
INFO: [ app_end ] --END-- [ RunTime:0.000050s ]

[ 2017-07-12T16:20:40+08:00 ] 1.89.185.106 /admin.php/Home/Question/MenuLists
INFO: [ app_init ] --START--
INFO: Run Behavior\BuildLiteBehavior [ RunTime:0.000009s ]
INFO: [ app_init ] --END-- [ RunTime:0.000070s ]
INFO: [ app_begin ] --START--
INFO: Run Behavior\ReadHtmlCacheBehavior [ RunTime:0.000025s ]
INFO: [ app_begin ] --END-- [ RunTime:0.000047s ]
NOTIC: [8192] mysql_connect(): The mysql extension is deprecated and will be removed in the future: use mysqli or PDO instead /data/wwwroot/PetAdmin/PetAdminShop/ThinkPHP/Library/Think/Db/Driver/Mysql.class.php 第 52 行.
SQL: SHOW COLUMNS FROM `admin_user` [ RunTime:0.000440s ]
SQL: SELECT * FROM `admin_user` WHERE `username` = 'tianxunhulian' LIMIT 1   [ RunTime:0.000065s ]
SQL: select admin_jurisdiction.* from admin_user,admin_user_role,admin_role_jurisdiction,admin_jurisdiction
                where admin_user.id=admin_user_role.user_id
                and admin_user_role.role_id=admin_role_jurisdiction.role_id
                and admin_role_jurisdiction.jurisdiction_id=admin_jurisdiction.j_id
                and admin_user.username='tianxunhulian' [ RunTime:0.000077s ]
SQL: SELECT * FROM admin_jurisdiction WHERE pid = 1 [ RunTime:0.000051s ]
SQL: SELECT * FROM admin_jurisdiction WHERE pid = 2 [ RunTime:0.000050s ]
SQL: SELECT * FROM admin_jurisdiction WHERE pid = 3 [ RunTime:0.000051s ]
SQL: SELECT * FROM admin_jurisdiction WHERE pid = 4 [ RunTime:0.000052s ]
SQL: SELECT * FROM admin_jurisdiction WHERE pid = 5 [ RunTime:0.000051s ]
SQL: SELECT * FROM admin_jurisdiction WHERE pid = 6 [ RunTime:0.000049s ]
SQL: SELECT * FROM admin_jurisdiction WHERE pid = 7 [ RunTime:0.000049s ]
SQL: SELECT * FROM admin_jurisdiction WHERE pid = 8 [ RunTime:0.000047s ]
SQL: SELECT * FROM admin_jurisdiction WHERE pid = 9 [ RunTime:0.000050s ]
SQL: SELECT * FROM admin_jurisdiction WHERE pid = 10 [ RunTime:0.000050s ]
SQL: SELECT * FROM admin_jurisdiction WHERE pid = 42 [ RunTime:0.000049s ]
SQL: SELECT * FROM admin_jurisdiction WHERE pid = 46 [ RunTime:0.000050s ]
INFO: [ app_end ] --START--
INFO: Run Behavior\ShowPageTraceBehavior [ RunTime:0.000028s ]
INFO: [ app_end ] --END-- [ RunTime:0.000051s ]

[ 2017-07-12T22:25:39+08:00 ] 120.92.32.221 /admin.php/Home/PetCate/MenuLists
INFO: [ app_init ] --START--
INFO: Run Behavior\BuildLiteBehavior [ RunTime:0.000013s ]
INFO: [ app_init ] --END-- [ RunTime:0.000085s ]
INFO: [ app_begin ] --START--
INFO: Run Behavior\ReadHtmlCacheBehavior [ RunTime:0.000037s ]
INFO: [ app_begin ] --END-- [ RunTime:0.000066s ]
NOTIC: [8] Undefined index: username /data/wwwroot/PetAdmin/PetAdminShop/Admin/Home/Controller/PetCateController.class.php 第 16 行.
NOTIC: [8192] mysql_connect(): The mysql extension is deprecated and will be removed in the future: use mysqli or PDO instead /data/wwwroot/PetAdmin/PetAdminShop/ThinkPHP/Library/Think/Db/Driver/Mysql.class.php 第 52 行.
SQL: SHOW COLUMNS FROM `admin_user` [ RunTime:0.000453s ]
SQL: SELECT * FROM `admin_user` WHERE `username` = null LIMIT 1   [ RunTime:0.000062s ]
NOTIC: [8] Undefined index: username /data/wwwroot/PetAdmin/PetAdminShop/Admin/Home/Controller/LoginController.class.php 第 52 行.

[ 2017-07-12T22:25:51+08:00 ] 120.92.32.221 /admin.php/Home/Login/index
INFO: [ app_init ] --START--
INFO: Run Behavior\BuildLiteBehavior [ RunTime:0.000010s ]
INFO: [ app_init ] --END-- [ RunTime:0.000068s ]
INFO: [ app_begin ] --START--
INFO: Run Behavior\ReadHtmlCacheBehavior [ RunTime:0.000025s ]
INFO: [ app_begin ] --END-- [ RunTime:0.000048s ]
INFO: [ view_parse ] --START--
INFO: [ template_filter ] --START--
INFO: Run Behavior\ContentReplaceBehavior [ RunTime:0.000066s ]
INFO: [ template_filter ] --END-- [ RunTime:0.000124s ]
INFO: Run Behavior\ParseTemplateBehavior [ RunTime:0.011797s ]
INFO: [ view_parse ] --END-- [ RunTime:0.011838s ]
INFO: [ view_filter ] --START--
INFO: Run Behavior\WriteHtmlCacheBehavior [ RunTime:0.000039s ]
INFO: [ view_filter ] --END-- [ RunTime:0.000059s ]
INFO: [ app_end ] --START--
INFO: Run Behavior\ShowPageTraceBehavior [ RunTime:0.000036s ]
INFO: [ app_end ] --END-- [ RunTime:0.000061s ]

