[ 2017-07-25T01:00:37+08:00 ] 113.45.45.90 /admin.php/Home/User/UserInfo
INFO: [ app_init ] --START--
INFO: Run Behavior\BuildLiteBehavior [ RunTime:0.000011s ]
INFO: [ app_init ] --END-- [ RunTime:0.000070s ]
INFO: [ app_begin ] --START--
INFO: Run Behavior\ReadHtmlCacheBehavior [ RunTime:0.000031s ]
INFO: [ app_begin ] --END-- [ RunTime:0.000057s ]
NOTIC: [8] Undefined index: username /data/wwwroot/PetAdmin/PetAdminShop/Admin/Home/Controller/UserController.class.php 第 27 行.
NOTIC: [8192] mysql_connect(): The mysql extension is deprecated and will be removed in the future: use mysqli or PDO instead /data/wwwroot/PetAdmin/PetAdminShop/ThinkPHP/Library/Think/Db/Driver/Mysql.class.php 第 52 行.
SQL: SHOW COLUMNS FROM `admin_user` [ RunTime:0.000453s ]
SQL: SELECT * FROM `admin_user` WHERE `username` = null LIMIT 1   [ RunTime:0.000064s ]
NOTIC: [8] Undefined index: page /data/wwwroot/PetAdmin/PetAdminShop/Admin/Home/Controller/UserController.class.php 第 42 行.
SQL: SHOW COLUMNS FROM `user` [ RunTime:0.000579s ]
SQL: SELECT * FROM `user`  [ RunTime:0.007466s ]
INFO: [ view_parse ] --START--
INFO: [ template_filter ] --START--
INFO: Run Behavior\ContentReplaceBehavior [ RunTime:0.000117s ]
INFO: [ template_filter ] --END-- [ RunTime:0.000168s ]
INFO: Run Behavior\ParseTemplateBehavior [ RunTime:0.006989s ]
INFO: [ view_parse ] --END-- [ RunTime:0.007036s ]
INFO: [ view_filter ] --START--
INFO: Run Behavior\WriteHtmlCacheBehavior [ RunTime:0.000040s ]
INFO: [ view_filter ] --END-- [ RunTime:0.000059s ]
INFO: [ app_end ] --START--
INFO: Run Behavior\ShowPageTraceBehavior [ RunTime:0.000044s ]
INFO: [ app_end ] --END-- [ RunTime:0.000074s ]

[ 2017-07-25T01:00:39+08:00 ] 113.45.45.90 /admin.php/Home/Login/index
INFO: [ app_init ] --START--
INFO: Run Behavior\BuildLiteBehavior [ RunTime:0.000010s ]
INFO: [ app_init ] --END-- [ RunTime:0.000066s ]
INFO: [ app_begin ] --START--
INFO: Run Behavior\ReadHtmlCacheBehavior [ RunTime:0.000026s ]
INFO: [ app_begin ] --END-- [ RunTime:0.000052s ]
INFO: [ view_parse ] --START--
INFO: [ template_filter ] --START--
INFO: Run Behavior\ContentReplaceBehavior [ RunTime:0.000061s ]
INFO: [ template_filter ] --END-- [ RunTime:0.000093s ]
INFO: Run Behavior\ParseTemplateBehavior [ RunTime:0.002272s ]
INFO: [ view_parse ] --END-- [ RunTime:0.002303s ]
INFO: [ view_filter ] --START--
INFO: Run Behavior\WriteHtmlCacheBehavior [ RunTime:0.000027s ]
INFO: [ view_filter ] --END-- [ RunTime:0.000046s ]
INFO: [ app_end ] --START--
INFO: Run Behavior\ShowPageTraceBehavior [ RunTime:0.000027s ]
INFO: [ app_end ] --END-- [ RunTime:0.000051s ]

[ 2017-07-25T01:00:41+08:00 ] 113.45.45.90 /admin.php/Home/Login/LoginVerification
INFO: [ app_init ] --START--
INFO: Run Behavior\BuildLiteBehavior [ RunTime:0.000010s ]
INFO: [ app_init ] --END-- [ RunTime:0.000065s ]
INFO: [ app_begin ] --START--
INFO: Run Behavior\ReadHtmlCacheBehavior [ RunTime:0.000027s ]
INFO: [ app_begin ] --END-- [ RunTime:0.000052s ]
NOTIC: [8192] mysql_connect(): The mysql extension is deprecated and will be removed in the future: use mysqli or PDO instead /data/wwwroot/PetAdmin/PetAdminShop/ThinkPHP/Library/Think/Db/Driver/Mysql.class.php 第 52 行.
SQL: SHOW COLUMNS FROM `admin_user` [ RunTime:0.000486s ]
SQL: SELECT COUNT(*) AS tp_count FROM `admin_user` WHERE `username` = 'tianxunhulian' AND `password` = 'dGlhbnh1bmh1bGlhbg==' LIMIT 1   [ RunTime:0.000061s ]
INFO: [ app_end ] --START--
INFO: Run Behavior\ShowPageTraceBehavior [ RunTime:0.000028s ]
INFO: [ app_end ] --END-- [ RunTime:0.000049s ]

[ 2017-07-25T01:00:41+08:00 ] 113.45.45.90 /admin.php/Home/Login/Home
INFO: [ app_init ] --START--
INFO: Run Behavior\BuildLiteBehavior [ RunTime:0.000010s ]
INFO: [ app_init ] --END-- [ RunTime:0.000065s ]
INFO: [ app_begin ] --START--
INFO: Run Behavior\ReadHtmlCacheBehavior [ RunTime:0.000042s ]
INFO: [ app_begin ] --END-- [ RunTime:0.000085s ]
NOTIC: [8192] mysql_connect(): The mysql extension is deprecated and will be removed in the future: use mysqli or PDO instead /data/wwwroot/PetAdmin/PetAdminShop/ThinkPHP/Library/Think/Db/Driver/Mysql.class.php 第 52 行.
SQL: SHOW COLUMNS FROM `admin_user` [ RunTime:0.000521s ]
SQL: SELECT * FROM `admin_user` WHERE `username` = 'tianxunhulian' LIMIT 1   [ RunTime:0.000069s ]
SQL: SHOW COLUMNS FROM `orders` [ RunTime:0.000493s ]
SQL: SELECT COUNT(*) AS tp_count FROM `orders` WHERE `create_time` BETWEEN '1500912000' AND '1500998400' LIMIT 1   [ RunTime:0.000282s ]
SQL: SELECT COUNT(*) AS tp_count FROM `orders` WHERE `create_time` BETWEEN '1500912000' AND '1500998400' AND `status` = 2 LIMIT 1   [ RunTime:0.000178s ]
SQL: SELECT COUNT(*) AS tp_count FROM `orders` WHERE `create_time` BETWEEN '1500912000' AND '1500998400' AND `status` = 3 LIMIT 1   [ RunTime:0.000172s ]
INFO: [ view_parse ] --START--
INFO: [ template_filter ] --START--
INFO: Run Behavior\ContentReplaceBehavior [ RunTime:0.000105s ]
INFO: [ template_filter ] --END-- [ RunTime:0.000144s ]
INFO: Run Behavior\ParseTemplateBehavior [ RunTime:0.006987s ]
INFO: [ view_parse ] --END-- [ RunTime:0.007022s ]
INFO: [ view_filter ] --START--
INFO: Run Behavior\WriteHtmlCacheBehavior [ RunTime:0.000029s ]
INFO: [ view_filter ] --END-- [ RunTime:0.000048s ]
INFO: [ app_end ] --START--
INFO: Run Behavior\ShowPageTraceBehavior [ RunTime:0.000032s ]
INFO: [ app_end ] --END-- [ RunTime:0.000058s ]

[ 2017-07-25T01:00:41+08:00 ] 113.45.45.90 /admin.php/Home/Login/MenuLists
INFO: [ app_init ] --START--
INFO: Run Behavior\BuildLiteBehavior [ RunTime:0.000010s ]
INFO: [ app_init ] --END-- [ RunTime:0.000084s ]
INFO: [ app_begin ] --START--
INFO: Run Behavior\ReadHtmlCacheBehavior [ RunTime:0.000027s ]
INFO: [ app_begin ] --END-- [ RunTime:0.000052s ]
NOTIC: [8192] mysql_connect(): The mysql extension is deprecated and will be removed in the future: use mysqli or PDO instead /data/wwwroot/PetAdmin/PetAdminShop/ThinkPHP/Library/Think/Db/Driver/Mysql.class.php 第 52 行.
SQL: select admin_jurisdiction.* from admin_user,admin_user_role,admin_role_jurisdiction,admin_jurisdiction
                where admin_user.id=admin_user_role.user_id
                and admin_user_role.role_id=admin_role_jurisdiction.role_id
                and admin_role_jurisdiction.jurisdiction_id=admin_jurisdiction.j_id
                and admin_user.username='tianxunhulian' [ RunTime:0.000091s ]
SQL: SELECT * FROM admin_jurisdiction WHERE pid = 1 [ RunTime:0.000059s ]
SQL: SELECT * FROM admin_jurisdiction WHERE pid = 2 [ RunTime:0.000052s ]
SQL: SELECT * FROM admin_jurisdiction WHERE pid = 3 [ RunTime:0.000055s ]
SQL: SELECT * FROM admin_jurisdiction WHERE pid = 4 [ RunTime:0.000054s ]
SQL: SELECT * FROM admin_jurisdiction WHERE pid = 5 [ RunTime:0.000055s ]
SQL: SELECT * FROM admin_jurisdiction WHERE pid = 6 [ RunTime:0.000057s ]
SQL: SELECT * FROM admin_jurisdiction WHERE pid = 7 [ RunTime:0.000052s ]
SQL: SELECT * FROM admin_jurisdiction WHERE pid = 8 [ RunTime:0.000061s ]
SQL: SELECT * FROM admin_jurisdiction WHERE pid = 9 [ RunTime:0.000051s ]
SQL: SELECT * FROM admin_jurisdiction WHERE pid = 10 [ RunTime:0.000078s ]
SQL: SELECT * FROM admin_jurisdiction WHERE pid = 42 [ RunTime:0.000057s ]
SQL: SELECT * FROM admin_jurisdiction WHERE pid = 46 [ RunTime:0.000085s ]
INFO: [ app_end ] --START--
INFO: Run Behavior\ShowPageTraceBehavior [ RunTime:0.000043s ]
INFO: [ app_end ] --END-- [ RunTime:0.000081s ]

[ 2017-07-25T01:00:46+08:00 ] 113.45.45.90 /admin.php/Home/Login/HomeGoodsInfo
INFO: [ app_init ] --START--
INFO: Run Behavior\BuildLiteBehavior [ RunTime:0.000010s ]
INFO: [ app_init ] --END-- [ RunTime:0.000065s ]
INFO: [ app_begin ] --START--
INFO: Run Behavior\ReadHtmlCacheBehavior [ RunTime:0.000027s ]
INFO: [ app_begin ] --END-- [ RunTime:0.000050s ]
NOTIC: [8192] mysql_connect(): The mysql extension is deprecated and will be removed in the future: use mysqli or PDO instead /data/wwwroot/PetAdmin/PetAdminShop/ThinkPHP/Library/Think/Db/Driver/Mysql.class.php 第 52 行.
SQL: SHOW COLUMNS FROM `orders` [ RunTime:0.000586s ]
SQL: SELECT COUNT(*) AS tp_count FROM `orders` WHERE `create_time` BETWEEN '1500912000' AND '1500998400' AND `status` = 2 LIMIT 1   [ RunTime:0.000063s ]
INFO: [ app_end ] --START--
INFO: Run Behavior\ShowPageTraceBehavior [ RunTime:0.000028s ]
INFO: [ app_end ] --END-- [ RunTime:0.000051s ]

[ 2017-07-25T01:00:47+08:00 ] 113.45.45.90 /admin.php/Home/Orders/OrdersLists
INFO: [ app_init ] --START--
INFO: Run Behavior\BuildLiteBehavior [ RunTime:0.000012s ]
INFO: [ app_init ] --END-- [ RunTime:0.000084s ]
INFO: [ app_begin ] --START--
INFO: Run Behavior\ReadHtmlCacheBehavior [ RunTime:0.000028s ]
INFO: [ app_begin ] --END-- [ RunTime:0.000054s ]
NOTIC: [8192] mysql_connect(): The mysql extension is deprecated and will be removed in the future: use mysqli or PDO instead /data/wwwroot/PetAdmin/PetAdminShop/ThinkPHP/Library/Think/Db/Driver/Mysql.class.php 第 52 行.
SQL: SHOW COLUMNS FROM `admin_user` [ RunTime:0.000505s ]
SQL: SELECT * FROM `admin_user` WHERE `username` = 'tianxunhulian' LIMIT 1   [ RunTime:0.000071s ]
NOTIC: [8] Undefined index: page /data/wwwroot/PetAdmin/PetAdminShop/Admin/Home/Controller/OrdersController.class.php 第 23 行.
SQL: SHOW COLUMNS FROM `orders` [ RunTime:0.000474s ]
SQL: SELECT * FROM `orders`  [ RunTime:0.000121s ]
INFO: [ view_parse ] --START--
INFO: [ template_filter ] --START--
INFO: Run Behavior\ContentReplaceBehavior [ RunTime:0.000111s ]
INFO: [ template_filter ] --END-- [ RunTime:0.000152s ]
NOTIC: [8] Undefined variable: word /data/wwwroot/PetAdmin/PetAdminShop/Admin/Runtime/Cache/Home/769db37f2a5bc02ff3307608a6cc0b4a.php 第 243 行.
INFO: Run Behavior\ParseTemplateBehavior [ RunTime:0.007881s ]
INFO: [ view_parse ] --END-- [ RunTime:0.007912s ]
INFO: [ view_filter ] --START--
INFO: Run Behavior\WriteHtmlCacheBehavior [ RunTime:0.000027s ]
INFO: [ view_filter ] --END-- [ RunTime:0.000048s ]
INFO: [ app_end ] --START--
INFO: Run Behavior\ShowPageTraceBehavior [ RunTime:0.000029s ]
INFO: [ app_end ] --END-- [ RunTime:0.000054s ]

[ 2017-07-25T01:00:47+08:00 ] 113.45.45.90 /admin.php/Home/Orders/MenuLists
INFO: [ app_init ] --START--
INFO: Run Behavior\BuildLiteBehavior [ RunTime:0.000009s ]
INFO: [ app_init ] --END-- [ RunTime:0.000064s ]
INFO: [ app_begin ] --START--
INFO: Run Behavior\ReadHtmlCacheBehavior [ RunTime:0.000026s ]
INFO: [ app_begin ] --END-- [ RunTime:0.000049s ]
NOTIC: [8192] mysql_connect(): The mysql extension is deprecated and will be removed in the future: use mysqli or PDO instead /data/wwwroot/PetAdmin/PetAdminShop/ThinkPHP/Library/Think/Db/Driver/Mysql.class.php 第 52 行.
SQL: SHOW COLUMNS FROM `admin_user` [ RunTime:0.000485s ]
SQL: SELECT * FROM `admin_user` WHERE `username` = 'tianxunhulian' LIMIT 1   [ RunTime:0.000080s ]
SQL: select admin_jurisdiction.* from admin_user,admin_user_role,admin_role_jurisdiction,admin_jurisdiction
                where admin_user.id=admin_user_role.user_id
                and admin_user_role.role_id=admin_role_jurisdiction.role_id
                and admin_role_jurisdiction.jurisdiction_id=admin_jurisdiction.j_id
                and admin_user.username='tianxunhulian' [ RunTime:0.000067s ]
SQL: SELECT * FROM admin_jurisdiction WHERE pid = 1 [ RunTime:0.000054s ]
SQL: SELECT * FROM admin_jurisdiction WHERE pid = 2 [ RunTime:0.000051s ]
SQL: SELECT * FROM admin_jurisdiction WHERE pid = 3 [ RunTime:0.000077s ]
SQL: SELECT * FROM admin_jurisdiction WHERE pid = 4 [ RunTime:0.000055s ]
SQL: SELECT * FROM admin_jurisdiction WHERE pid = 5 [ RunTime:0.000053s ]
SQL: SELECT * FROM admin_jurisdiction WHERE pid = 6 [ RunTime:0.000051s ]
SQL: SELECT * FROM admin_jurisdiction WHERE pid = 7 [ RunTime:0.000054s ]
SQL: SELECT * FROM admin_jurisdiction WHERE pid = 8 [ RunTime:0.000051s ]
SQL: SELECT * FROM admin_jurisdiction WHERE pid = 9 [ RunTime:0.000051s ]
SQL: SELECT * FROM admin_jurisdiction WHERE pid = 10 [ RunTime:0.000054s ]
SQL: SELECT * FROM admin_jurisdiction WHERE pid = 42 [ RunTime:0.000052s ]
SQL: SELECT * FROM admin_jurisdiction WHERE pid = 46 [ RunTime:0.000069s ]
INFO: [ app_end ] --START--
INFO: Run Behavior\ShowPageTraceBehavior [ RunTime:0.000029s ]
INFO: [ app_end ] --END-- [ RunTime:0.000050s ]

[ 2017-07-25T01:00:51+08:00 ] 113.45.45.90 /admin.php/Home/Orders/OrdersLists?page=3
INFO: [ app_init ] --START--
INFO: Run Behavior\BuildLiteBehavior [ RunTime:0.000010s ]
INFO: [ app_init ] --END-- [ RunTime:0.000067s ]
INFO: [ app_begin ] --START--
INFO: Run Behavior\ReadHtmlCacheBehavior [ RunTime:0.000027s ]
INFO: [ app_begin ] --END-- [ RunTime:0.000052s ]
NOTIC: [8192] mysql_connect(): The mysql extension is deprecated and will be removed in the future: use mysqli or PDO instead /data/wwwroot/PetAdmin/PetAdminShop/ThinkPHP/Library/Think/Db/Driver/Mysql.class.php 第 52 行.
SQL: SHOW COLUMNS FROM `admin_user` [ RunTime:0.001401s ]
SQL: SELECT * FROM `admin_user` WHERE `username` = 'tianxunhulian' LIMIT 1   [ RunTime:0.000093s ]
SQL: SHOW COLUMNS FROM `orders` [ RunTime:0.000403s ]
SQL: SELECT * FROM `orders`  [ RunTime:0.000111s ]
INFO: [ view_parse ] --START--
INFO: [ template_filter ] --START--
INFO: Run Behavior\ContentReplaceBehavior [ RunTime:0.000094s ]
INFO: [ template_filter ] --END-- [ RunTime:0.000128s ]
NOTIC: [8] Undefined variable: word /data/wwwroot/PetAdmin/PetAdminShop/Admin/Runtime/Cache/Home/769db37f2a5bc02ff3307608a6cc0b4a.php 第 243 行.
INFO: Run Behavior\ParseTemplateBehavior [ RunTime:0.008425s ]
INFO: [ view_parse ] --END-- [ RunTime:0.008456s ]
INFO: [ view_filter ] --START--
INFO: Run Behavior\WriteHtmlCacheBehavior [ RunTime:0.000032s ]
INFO: [ view_filter ] --END-- [ RunTime:0.000055s ]
INFO: [ app_end ] --START--
INFO: Run Behavior\ShowPageTraceBehavior [ RunTime:0.000030s ]
INFO: [ app_end ] --END-- [ RunTime:0.000057s ]

[ 2017-07-25T01:00:51+08:00 ] 113.45.45.90 /admin.php/Home/Orders/MenuLists
INFO: [ app_init ] --START--
INFO: Run Behavior\BuildLiteBehavior [ RunTime:0.000013s ]
INFO: [ app_init ] --END-- [ RunTime:0.000094s ]
INFO: [ app_begin ] --START--
INFO: Run Behavior\ReadHtmlCacheBehavior [ RunTime:0.000040s ]
INFO: [ app_begin ] --END-- [ RunTime:0.000167s ]
NOTIC: [8192] mysql_connect(): The mysql extension is deprecated and will be removed in the future: use mysqli or PDO instead /data/wwwroot/PetAdmin/PetAdminShop/ThinkPHP/Library/Think/Db/Driver/Mysql.class.php 第 52 行.
SQL: SHOW COLUMNS FROM `admin_user` [ RunTime:0.000774s ]
SQL: SELECT * FROM `admin_user` WHERE `username` = 'tianxunhulian' LIMIT 1   [ RunTime:0.000094s ]
SQL: select admin_jurisdiction.* from admin_user,admin_user_role,admin_role_jurisdiction,admin_jurisdiction
                where admin_user.id=admin_user_role.user_id
                and admin_user_role.role_id=admin_role_jurisdiction.role_id
                and admin_role_jurisdiction.jurisdiction_id=admin_jurisdiction.j_id
                and admin_user.username='tianxunhulian' [ RunTime:0.000072s ]
SQL: SELECT * FROM admin_jurisdiction WHERE pid = 1 [ RunTime:0.000055s ]
SQL: SELECT * FROM admin_jurisdiction WHERE pid = 2 [ RunTime:0.000052s ]
SQL: SELECT * FROM admin_jurisdiction WHERE pid = 3 [ RunTime:0.000054s ]
SQL: SELECT * FROM admin_jurisdiction WHERE pid = 4 [ RunTime:0.000052s ]
SQL: SELECT * FROM admin_jurisdiction WHERE pid = 5 [ RunTime:0.000051s ]
SQL: SELECT * FROM admin_jurisdiction WHERE pid = 6 [ RunTime:0.000054s ]
SQL: SELECT * FROM admin_jurisdiction WHERE pid = 7 [ RunTime:0.000063s ]
SQL: SELECT * FROM admin_jurisdiction WHERE pid = 8 [ RunTime:0.000051s ]
SQL: SELECT * FROM admin_jurisdiction WHERE pid = 9 [ RunTime:0.000051s ]
SQL: SELECT * FROM admin_jurisdiction WHERE pid = 10 [ RunTime:0.000053s ]
SQL: SELECT * FROM admin_jurisdiction WHERE pid = 42 [ RunTime:0.000052s ]
SQL: SELECT * FROM admin_jurisdiction WHERE pid = 46 [ RunTime:0.000051s ]
INFO: [ app_end ] --START--
INFO: Run Behavior\ShowPageTraceBehavior [ RunTime:0.000029s ]
INFO: [ app_end ] --END-- [ RunTime:0.000051s ]

[ 2017-07-25T01:00:57+08:00 ] 180.153.163.190 /admin.php/Home/Orders/OrdersLists
INFO: [ app_init ] --START--
INFO: Run Behavior\BuildLiteBehavior [ RunTime:0.000010s ]
INFO: [ app_init ] --END-- [ RunTime:0.000066s ]
INFO: [ app_begin ] --START--
INFO: Run Behavior\ReadHtmlCacheBehavior [ RunTime:0.000027s ]
INFO: [ app_begin ] --END-- [ RunTime:0.000053s ]
NOTIC: [8] Undefined index: username /data/wwwroot/PetAdmin/PetAdminShop/Admin/Home/Controller/OrdersController.class.php 第 10 行.
NOTIC: [8192] mysql_connect(): The mysql extension is deprecated and will be removed in the future: use mysqli or PDO instead /data/wwwroot/PetAdmin/PetAdminShop/ThinkPHP/Library/Think/Db/Driver/Mysql.class.php 第 52 行.
SQL: SHOW COLUMNS FROM `admin_user` [ RunTime:0.000453s ]
SQL: SELECT * FROM `admin_user` WHERE `username` = null LIMIT 1   [ RunTime:0.000098s ]
NOTIC: [8] Undefined index: page /data/wwwroot/PetAdmin/PetAdminShop/Admin/Home/Controller/OrdersController.class.php 第 23 行.
SQL: SHOW COLUMNS FROM `orders` [ RunTime:0.000421s ]
SQL: SELECT * FROM `orders`  [ RunTime:0.000113s ]
INFO: [ view_parse ] --START--
INFO: [ template_filter ] --START--
INFO: Run Behavior\ContentReplaceBehavior [ RunTime:0.000092s ]
INFO: [ template_filter ] --END-- [ RunTime:0.000125s ]
NOTIC: [8] Undefined variable: word /data/wwwroot/PetAdmin/PetAdminShop/Admin/Runtime/Cache/Home/769db37f2a5bc02ff3307608a6cc0b4a.php 第 243 行.
INFO: Run Behavior\ParseTemplateBehavior [ RunTime:0.007748s ]
INFO: [ view_parse ] --END-- [ RunTime:0.007778s ]
INFO: [ view_filter ] --START--
INFO: Run Behavior\WriteHtmlCacheBehavior [ RunTime:0.000026s ]
INFO: [ view_filter ] --END-- [ RunTime:0.000046s ]
INFO: [ app_end ] --START--
INFO: Run Behavior\ShowPageTraceBehavior [ RunTime:0.000028s ]
INFO: [ app_end ] --END-- [ RunTime:0.000054s ]

[ 2017-07-25T01:01:01+08:00 ] 101.226.65.102 /admin.php/Home/Orders/OrdersLists?page=3
INFO: [ app_init ] --START--
INFO: Run Behavior\BuildLiteBehavior [ RunTime:0.000010s ]
INFO: [ app_init ] --END-- [ RunTime:0.000065s ]
INFO: [ app_begin ] --START--
INFO: Run Behavior\ReadHtmlCacheBehavior [ RunTime:0.000033s ]
INFO: [ app_begin ] --END-- [ RunTime:0.000066s ]
NOTIC: [8] Undefined index: username /data/wwwroot/PetAdmin/PetAdminShop/Admin/Home/Controller/OrdersController.class.php 第 10 行.
NOTIC: [8192] mysql_connect(): The mysql extension is deprecated and will be removed in the future: use mysqli or PDO instead /data/wwwroot/PetAdmin/PetAdminShop/ThinkPHP/Library/Think/Db/Driver/Mysql.class.php 第 52 行.
SQL: SHOW COLUMNS FROM `admin_user` [ RunTime:0.000457s ]
SQL: SELECT * FROM `admin_user` WHERE `username` = null LIMIT 1   [ RunTime:0.000092s ]
SQL: SHOW COLUMNS FROM `orders` [ RunTime:0.000462s ]
SQL: SELECT * FROM `orders`  [ RunTime:0.000110s ]
INFO: [ view_parse ] --START--
INFO: [ template_filter ] --START--
INFO: Run Behavior\ContentReplaceBehavior [ RunTime:0.000095s ]
INFO: [ template_filter ] --END-- [ RunTime:0.000129s ]
NOTIC: [8] Undefined variable: word /data/wwwroot/PetAdmin/PetAdminShop/Admin/Runtime/Cache/Home/769db37f2a5bc02ff3307608a6cc0b4a.php 第 243 行.
INFO: Run Behavior\ParseTemplateBehavior [ RunTime:0.008157s ]
INFO: [ view_parse ] --END-- [ RunTime:0.008188s ]
INFO: [ view_filter ] --START--
INFO: Run Behavior\WriteHtmlCacheBehavior [ RunTime:0.000028s ]
INFO: [ view_filter ] --END-- [ RunTime:0.000047s ]
INFO: [ app_end ] --START--
INFO: Run Behavior\ShowPageTraceBehavior [ RunTime:0.000031s ]
INFO: [ app_end ] --END-- [ RunTime:0.000062s ]

[ 2017-07-25T01:01:27+08:00 ] 113.45.45.90 /admin.php/Home/Orders/OrdersLists?page=2
INFO: [ app_init ] --START--
INFO: Run Behavior\BuildLiteBehavior [ RunTime:0.000010s ]
INFO: [ app_init ] --END-- [ RunTime:0.000086s ]
INFO: [ app_begin ] --START--
INFO: Run Behavior\ReadHtmlCacheBehavior [ RunTime:0.000027s ]
INFO: [ app_begin ] --END-- [ RunTime:0.000053s ]
NOTIC: [8192] mysql_connect(): The mysql extension is deprecated and will be removed in the future: use mysqli or PDO instead /data/wwwroot/PetAdmin/PetAdminShop/ThinkPHP/Library/Think/Db/Driver/Mysql.class.php 第 52 行.
SQL: SHOW COLUMNS FROM `admin_user` [ RunTime:0.000472s ]
SQL: SELECT * FROM `admin_user` WHERE `username` = 'tianxunhulian' LIMIT 1   [ RunTime:0.000068s ]
SQL: SHOW COLUMNS FROM `orders` [ RunTime:0.000407s ]
SQL: SELECT * FROM `orders`  [ RunTime:0.000115s ]
INFO: [ view_parse ] --START--
INFO: [ template_filter ] --START--
INFO: Run Behavior\ContentReplaceBehavior [ RunTime:0.000112s ]
INFO: [ template_filter ] --END-- [ RunTime:0.000154s ]
NOTIC: [8] Undefined variable: word /data/wwwroot/PetAdmin/PetAdminShop/Admin/Runtime/Cache/Home/769db37f2a5bc02ff3307608a6cc0b4a.php 第 243 行.
INFO: Run Behavior\ParseTemplateBehavior [ RunTime:0.007992s ]
INFO: [ view_parse ] --END-- [ RunTime:0.008026s ]
INFO: [ view_filter ] --START--
INFO: Run Behavior\WriteHtmlCacheBehavior [ RunTime:0.000029s ]
INFO: [ view_filter ] --END-- [ RunTime:0.000051s ]
INFO: [ app_end ] --START--
INFO: Run Behavior\ShowPageTraceBehavior [ RunTime:0.000029s ]
INFO: [ app_end ] --END-- [ RunTime:0.000054s ]

[ 2017-07-25T01:01:27+08:00 ] 113.45.45.90 /admin.php/Home/Orders/MenuLists
INFO: [ app_init ] --START--
INFO: Run Behavior\BuildLiteBehavior [ RunTime:0.000011s ]
INFO: [ app_init ] --END-- [ RunTime:0.000080s ]
INFO: [ app_begin ] --START--
INFO: Run Behavior\ReadHtmlCacheBehavior [ RunTime:0.000045s ]
INFO: [ app_begin ] --END-- [ RunTime:0.000070s ]
NOTIC: [8192] mysql_connect(): The mysql extension is deprecated and will be removed in the future: use mysqli or PDO instead /data/wwwroot/PetAdmin/PetAdminShop/ThinkPHP/Library/Think/Db/Driver/Mysql.class.php 第 52 行.
SQL: SHOW COLUMNS FROM `admin_user` [ RunTime:0.000500s ]
SQL: SELECT * FROM `admin_user` WHERE `username` = 'tianxunhulian' LIMIT 1   [ RunTime:0.000083s ]
SQL: select admin_jurisdiction.* from admin_user,admin_user_role,admin_role_jurisdiction,admin_jurisdiction
                where admin_user.id=admin_user_role.user_id
                and admin_user_role.role_id=admin_role_jurisdiction.role_id
                and admin_role_jurisdiction.jurisdiction_id=admin_jurisdiction.j_id
                and admin_user.username='tianxunhulian' [ RunTime:0.000068s ]
SQL: SELECT * FROM admin_jurisdiction WHERE pid = 1 [ RunTime:0.000057s ]
SQL: SELECT * FROM admin_jurisdiction WHERE pid = 2 [ RunTime:0.000062s ]
SQL: SELECT * FROM admin_jurisdiction WHERE pid = 3 [ RunTime:0.000055s ]
SQL: SELECT * FROM admin_jurisdiction WHERE pid = 4 [ RunTime:0.000081s ]
SQL: SELECT * FROM admin_jurisdiction WHERE pid = 5 [ RunTime:0.000055s ]
SQL: SELECT * FROM admin_jurisdiction WHERE pid = 6 [ RunTime:0.000054s ]
SQL: SELECT * FROM admin_jurisdiction WHERE pid = 7 [ RunTime:0.000058s ]
SQL: SELECT * FROM admin_jurisdiction WHERE pid = 8 [ RunTime:0.000051s ]
SQL: SELECT * FROM admin_jurisdiction WHERE pid = 9 [ RunTime:0.000060s ]
SQL: SELECT * FROM admin_jurisdiction WHERE pid = 10 [ RunTime:0.000064s ]
SQL: SELECT * FROM admin_jurisdiction WHERE pid = 42 [ RunTime:0.000053s ]
SQL: SELECT * FROM admin_jurisdiction WHERE pid = 46 [ RunTime:0.000052s ]
INFO: [ app_end ] --START--
INFO: Run Behavior\ShowPageTraceBehavior [ RunTime:0.000029s ]
INFO: [ app_end ] --END-- [ RunTime:0.000073s ]

[ 2017-07-25T01:01:33+08:00 ] 113.45.45.90 /admin.php/Home/Orders/OrdersLists?page=3
INFO: [ app_init ] --START--
INFO: Run Behavior\BuildLiteBehavior [ RunTime:0.000011s ]
INFO: [ app_init ] --END-- [ RunTime:0.000071s ]
INFO: [ app_begin ] --START--
INFO: Run Behavior\ReadHtmlCacheBehavior [ RunTime:0.000027s ]
INFO: [ app_begin ] --END-- [ RunTime:0.000052s ]
NOTIC: [8192] mysql_connect(): The mysql extension is deprecated and will be removed in the future: use mysqli or PDO instead /data/wwwroot/PetAdmin/PetAdminShop/ThinkPHP/Library/Think/Db/Driver/Mysql.class.php 第 52 行.
SQL: SHOW COLUMNS FROM `admin_user` [ RunTime:0.000481s ]
SQL: SELECT * FROM `admin_user` WHERE `username` = 'tianxunhulian' LIMIT 1   [ RunTime:0.000073s ]
SQL: SHOW COLUMNS FROM `orders` [ RunTime:0.000447s ]
SQL: SELECT * FROM `orders`  [ RunTime:0.000117s ]
INFO: [ view_parse ] --START--
INFO: [ template_filter ] --START--
INFO: Run Behavior\ContentReplaceBehavior [ RunTime:0.000096s ]
INFO: [ template_filter ] --END-- [ RunTime:0.000132s ]
NOTIC: [8] Undefined variable: word /data/wwwroot/PetAdmin/PetAdminShop/Admin/Runtime/Cache/Home/769db37f2a5bc02ff3307608a6cc0b4a.php 第 243 行.
INFO: Run Behavior\ParseTemplateBehavior [ RunTime:0.008003s ]
INFO: [ view_parse ] --END-- [ RunTime:0.008035s ]
INFO: [ view_filter ] --START--
INFO: Run Behavior\WriteHtmlCacheBehavior [ RunTime:0.000029s ]
INFO: [ view_filter ] --END-- [ RunTime:0.000049s ]
INFO: [ app_end ] --START--
INFO: Run Behavior\ShowPageTraceBehavior [ RunTime:0.000030s ]
INFO: [ app_end ] --END-- [ RunTime:0.000057s ]

[ 2017-07-25T01:01:33+08:00 ] 113.45.45.90 /admin.php/Home/Orders/MenuLists
INFO: [ app_init ] --START--
INFO: Run Behavior\BuildLiteBehavior [ RunTime:0.000010s ]
INFO: [ app_init ] --END-- [ RunTime:0.000069s ]
INFO: [ app_begin ] --START--
INFO: Run Behavior\ReadHtmlCacheBehavior [ RunTime:0.000029s ]
INFO: [ app_begin ] --END-- [ RunTime:0.000071s ]
NOTIC: [8192] mysql_connect(): The mysql extension is deprecated and will be removed in the future: use mysqli or PDO instead /data/wwwroot/PetAdmin/PetAdminShop/ThinkPHP/Library/Think/Db/Driver/Mysql.class.php 第 52 行.
SQL: SHOW COLUMNS FROM `admin_user` [ RunTime:0.000526s ]
SQL: SELECT * FROM `admin_user` WHERE `username` = 'tianxunhulian' LIMIT 1   [ RunTime:0.000077s ]
SQL: select admin_jurisdiction.* from admin_user,admin_user_role,admin_role_jurisdiction,admin_jurisdiction
                where admin_user.id=admin_user_role.user_id
                and admin_user_role.role_id=admin_role_jurisdiction.role_id
                and admin_role_jurisdiction.jurisdiction_id=admin_jurisdiction.j_id
                and admin_user.username='tianxunhulian' [ RunTime:0.000099s ]
SQL: SELECT * FROM admin_jurisdiction WHERE pid = 1 [ RunTime:0.000064s ]
SQL: SELECT * FROM admin_jurisdiction WHERE pid = 2 [ RunTime:0.000060s ]
SQL: SELECT * FROM admin_jurisdiction WHERE pid = 3 [ RunTime:0.000069s ]
SQL: SELECT * FROM admin_jurisdiction WHERE pid = 4 [ RunTime:0.000061s ]
SQL: SELECT * FROM admin_jurisdiction WHERE pid = 5 [ RunTime:0.000059s ]
SQL: SELECT * FROM admin_jurisdiction WHERE pid = 6 [ RunTime:0.000058s ]
SQL: SELECT * FROM admin_jurisdiction WHERE pid = 7 [ RunTime:0.000058s ]
SQL: SELECT * FROM admin_jurisdiction WHERE pid = 8 [ RunTime:0.000060s ]
SQL: SELECT * FROM admin_jurisdiction WHERE pid = 9 [ RunTime:0.000060s ]
SQL: SELECT * FROM admin_jurisdiction WHERE pid = 10 [ RunTime:0.000062s ]
SQL: SELECT * FROM admin_jurisdiction WHERE pid = 42 [ RunTime:0.000069s ]
SQL: SELECT * FROM admin_jurisdiction WHERE pid = 46 [ RunTime:0.000060s ]
INFO: [ app_end ] --START--
INFO: Run Behavior\ShowPageTraceBehavior [ RunTime:0.000031s ]
INFO: [ app_end ] --END-- [ RunTime:0.000055s ]

[ 2017-07-25T01:01:37+08:00 ] 101.226.79.182 /admin.php/Home/Orders/OrdersLists?page=2
INFO: [ app_init ] --START--
INFO: Run Behavior\BuildLiteBehavior [ RunTime:0.000010s ]
INFO: [ app_init ] --END-- [ RunTime:0.000067s ]
INFO: [ app_begin ] --START--
INFO: Run Behavior\ReadHtmlCacheBehavior [ RunTime:0.000029s ]
INFO: [ app_begin ] --END-- [ RunTime:0.000056s ]
NOTIC: [8] Undefined index: username /data/wwwroot/PetAdmin/PetAdminShop/Admin/Home/Controller/OrdersController.class.php 第 10 行.
NOTIC: [8192] mysql_connect(): The mysql extension is deprecated and will be removed in the future: use mysqli or PDO instead /data/wwwroot/PetAdmin/PetAdminShop/ThinkPHP/Library/Think/Db/Driver/Mysql.class.php 第 52 行.
SQL: SHOW COLUMNS FROM `admin_user` [ RunTime:0.000490s ]
SQL: SELECT * FROM `admin_user` WHERE `username` = null LIMIT 1   [ RunTime:0.000070s ]
SQL: SHOW COLUMNS FROM `orders` [ RunTime:0.000445s ]
SQL: SELECT * FROM `orders`  [ RunTime:0.000113s ]
INFO: [ view_parse ] --START--
INFO: [ template_filter ] --START--
INFO: Run Behavior\ContentReplaceBehavior [ RunTime:0.000135s ]
INFO: [ template_filter ] --END-- [ RunTime:0.000195s ]
NOTIC: [8] Undefined variable: word /data/wwwroot/PetAdmin/PetAdminShop/Admin/Runtime/Cache/Home/769db37f2a5bc02ff3307608a6cc0b4a.php 第 243 行.
INFO: Run Behavior\ParseTemplateBehavior [ RunTime:0.010151s ]
INFO: [ view_parse ] --END-- [ RunTime:0.010191s ]
INFO: [ view_filter ] --START--
INFO: Run Behavior\WriteHtmlCacheBehavior [ RunTime:0.000041s ]
INFO: [ view_filter ] --END-- [ RunTime:0.000075s ]
INFO: [ app_end ] --START--
INFO: Run Behavior\ShowPageTraceBehavior [ RunTime:0.000041s ]
INFO: [ app_end ] --END-- [ RunTime:0.000082s ]

