[ 2017-08-03T11:24:33+08:00 ] 127.0.0.1 /admin.php
INFO: [ app_init ] --START--
INFO: Run Behavior\BuildLiteBehavior [ RunTime:0.000000s ]
INFO: [ app_init ] --END-- [ RunTime:0.000000s ]
INFO: [ app_begin ] --START--
INFO: Run Behavior\ReadHtmlCacheBehavior [ RunTime:0.001000s ]
INFO: [ app_begin ] --END-- [ RunTime:0.001000s ]
INFO: [ view_parse ] --START--
INFO: [ template_filter ] --START--
INFO: Run Behavior\ContentReplaceBehavior [ RunTime:0.001000s ]
INFO: [ template_filter ] --END-- [ RunTime:0.001000s ]
INFO: Run Behavior\ParseTemplateBehavior [ RunTime:0.018001s ]
INFO: [ view_parse ] --END-- [ RunTime:0.018001s ]
INFO: [ view_filter ] --START--
INFO: Run Behavior\WriteHtmlCacheBehavior [ RunTime:0.003000s ]
INFO: [ view_filter ] --END-- [ RunTime:0.003000s ]
INFO: [ app_end ] --START--
INFO: Run Behavior\ShowPageTraceBehavior [ RunTime:0.002000s ]
INFO: [ app_end ] --END-- [ RunTime:0.002000s ]

[ 2017-08-03T11:24:42+08:00 ] 127.0.0.1 /admin.php/Home/Login/LoginVerification
INFO: [ app_init ] --START--
INFO: Run Behavior\BuildLiteBehavior [ RunTime:0.000000s ]
INFO: [ app_init ] --END-- [ RunTime:0.000000s ]
INFO: [ app_begin ] --START--
INFO: Run Behavior\ReadHtmlCacheBehavior [ RunTime:0.001000s ]
INFO: [ app_begin ] --END-- [ RunTime:0.001000s ]
NOTIC: [8192] mysql_connect(): The mysql extension is deprecated and will be removed in the future: use mysqli or PDO instead E:\PetAdmin\PetAdminShop\ThinkPHP\Library\Think\Db\Driver\Mysql.class.php 第 52 行.
SQL: SHOW COLUMNS FROM `admin_user` [ RunTime:0.008001s ]
SQL: SELECT COUNT(*) AS tp_count FROM `admin_user` WHERE `username` = 'tianxunhulian' AND `password` = 'dGlhbnh1bmh1bGlhbg==' LIMIT 1   [ RunTime:0.006000s ]
INFO: [ app_end ] --START--
INFO: Run Behavior\ShowPageTraceBehavior [ RunTime:0.001000s ]
INFO: [ app_end ] --END-- [ RunTime:0.001000s ]

[ 2017-08-03T11:24:43+08:00 ] 127.0.0.1 /admin.php/Home/Login/Home
INFO: [ app_init ] --START--
INFO: Run Behavior\BuildLiteBehavior [ RunTime:0.000000s ]
INFO: [ app_init ] --END-- [ RunTime:0.001000s ]
INFO: [ app_begin ] --START--
INFO: Run Behavior\ReadHtmlCacheBehavior [ RunTime:0.001000s ]
INFO: [ app_begin ] --END-- [ RunTime:0.001000s ]
NOTIC: [8192] mysql_connect(): The mysql extension is deprecated and will be removed in the future: use mysqli or PDO instead E:\PetAdmin\PetAdminShop\ThinkPHP\Library\Think\Db\Driver\Mysql.class.php 第 52 行.
SQL: SHOW COLUMNS FROM `admin_user` [ RunTime:0.007000s ]
SQL: SELECT * FROM `admin_user` WHERE `username` = 'tianxunhulian' LIMIT 1   [ RunTime:0.006001s ]
SQL: SHOW COLUMNS FROM `orders` [ RunTime:0.008000s ]
SQL: SELECT COUNT(*) AS tp_count FROM `orders` WHERE `create_time` BETWEEN '1501689600' AND '1501776000' LIMIT 1   [ RunTime:0.006001s ]
SQL: SELECT COUNT(*) AS tp_count FROM `orders` WHERE `create_time` BETWEEN '1501689600' AND '1501776000' AND `status` = 2 LIMIT 1   [ RunTime:0.008000s ]
SQL: SELECT COUNT(*) AS tp_count FROM `orders` WHERE `create_time` BETWEEN '1501689600' AND '1501776000' AND `status` = 3 LIMIT 1   [ RunTime:0.006000s ]
INFO: [ view_parse ] --START--
INFO: [ template_filter ] --START--
INFO: Run Behavior\ContentReplaceBehavior [ RunTime:0.000000s ]
INFO: [ template_filter ] --END-- [ RunTime:0.000000s ]
INFO: Run Behavior\ParseTemplateBehavior [ RunTime:0.017001s ]
INFO: [ view_parse ] --END-- [ RunTime:0.017001s ]
INFO: [ view_filter ] --START--
INFO: Run Behavior\WriteHtmlCacheBehavior [ RunTime:0.000000s ]
INFO: [ view_filter ] --END-- [ RunTime:0.000000s ]
INFO: [ app_end ] --START--
INFO: Run Behavior\ShowPageTraceBehavior [ RunTime:0.001000s ]
INFO: [ app_end ] --END-- [ RunTime:0.001000s ]

[ 2017-08-03T11:24:43+08:00 ] 127.0.0.1 /admin.php/Home/Login/MenuLists
INFO: [ app_init ] --START--
INFO: Run Behavior\BuildLiteBehavior [ RunTime:0.000000s ]
INFO: [ app_init ] --END-- [ RunTime:0.000000s ]
INFO: [ app_begin ] --START--
INFO: Run Behavior\ReadHtmlCacheBehavior [ RunTime:0.000000s ]
INFO: [ app_begin ] --END-- [ RunTime:0.000000s ]
NOTIC: [8192] mysql_connect(): The mysql extension is deprecated and will be removed in the future: use mysqli or PDO instead E:\PetAdmin\PetAdminShop\ThinkPHP\Library\Think\Db\Driver\Mysql.class.php 第 52 行.
SQL: select admin_jurisdiction.* from admin_user,admin_user_role,admin_role_jurisdiction,admin_jurisdiction
                where admin_user.id=admin_user_role.user_id
                and admin_user_role.role_id=admin_role_jurisdiction.role_id
                and admin_role_jurisdiction.jurisdiction_id=admin_jurisdiction.j_id
                and admin_user.username='tianxunhulian' [ RunTime:0.007000s ]
SQL: SELECT * FROM admin_jurisdiction WHERE pid = 1 [ RunTime:0.006001s ]
SQL: SELECT * FROM admin_jurisdiction WHERE pid = 2 [ RunTime:0.007000s ]
SQL: SELECT * FROM admin_jurisdiction WHERE pid = 3 [ RunTime:0.008000s ]
SQL: SELECT * FROM admin_jurisdiction WHERE pid = 4 [ RunTime:0.007000s ]
SQL: SELECT * FROM admin_jurisdiction WHERE pid = 5 [ RunTime:0.007000s ]
SQL: SELECT * FROM admin_jurisdiction WHERE pid = 6 [ RunTime:0.008001s ]
SQL: SELECT * FROM admin_jurisdiction WHERE pid = 7 [ RunTime:0.007000s ]
SQL: SELECT * FROM admin_jurisdiction WHERE pid = 8 [ RunTime:0.006001s ]
SQL: SELECT * FROM admin_jurisdiction WHERE pid = 9 [ RunTime:0.007000s ]
SQL: SELECT * FROM admin_jurisdiction WHERE pid = 10 [ RunTime:0.007000s ]
SQL: SELECT * FROM admin_jurisdiction WHERE pid = 42 [ RunTime:0.010001s ]
SQL: SELECT * FROM admin_jurisdiction WHERE pid = 46 [ RunTime:0.007000s ]
INFO: [ app_end ] --START--
INFO: Run Behavior\ShowPageTraceBehavior [ RunTime:0.000000s ]
INFO: [ app_end ] --END-- [ RunTime:0.000000s ]

[ 2017-08-03T11:24:47+08:00 ] 127.0.0.1 /admin.php/Home/Question/MonthOrder
INFO: [ app_init ] --START--
INFO: Run Behavior\BuildLiteBehavior [ RunTime:0.000000s ]
INFO: [ app_init ] --END-- [ RunTime:0.001000s ]
INFO: [ app_begin ] --START--
INFO: Run Behavior\ReadHtmlCacheBehavior [ RunTime:0.000000s ]
INFO: [ app_begin ] --END-- [ RunTime:0.000000s ]
NOTIC: [8192] mysql_connect(): The mysql extension is deprecated and will be removed in the future: use mysqli or PDO instead E:\PetAdmin\PetAdminShop\ThinkPHP\Library\Think\Db\Driver\Mysql.class.php 第 52 行.
SQL: SHOW COLUMNS FROM `admin_user` [ RunTime:0.007000s ]
SQL: SELECT * FROM `admin_user` WHERE `username` = 'tianxunhulian' LIMIT 1   [ RunTime:0.006000s ]
SQL: SHOW COLUMNS FROM `statistics` [ RunTime:0.009001s ]
SQL: SELECT * FROM `statistics` INNER JOIN user ON statistics.user_id = user.id  WHERE ( statistics.monday=08 ) ORDER BY statistics.true_count desc  [ RunTime:0.009000s ]
INFO: [ view_parse ] --START--
INFO: [ template_filter ] --START--
INFO: Run Behavior\ContentReplaceBehavior [ RunTime:0.001001s ]
INFO: [ template_filter ] --END-- [ RunTime:0.001001s ]
INFO: Run Behavior\ParseTemplateBehavior [ RunTime:0.020001s ]
INFO: [ view_parse ] --END-- [ RunTime:0.020001s ]
INFO: [ view_filter ] --START--
INFO: Run Behavior\WriteHtmlCacheBehavior [ RunTime:0.000000s ]
INFO: [ view_filter ] --END-- [ RunTime:0.000000s ]
INFO: [ app_end ] --START--
INFO: Run Behavior\ShowPageTraceBehavior [ RunTime:0.002000s ]
INFO: [ app_end ] --END-- [ RunTime:0.002000s ]

[ 2017-08-03T11:24:48+08:00 ] 127.0.0.1 /admin.php/Home/Question/MenuLists
INFO: [ app_init ] --START--
INFO: Run Behavior\BuildLiteBehavior [ RunTime:0.000000s ]
INFO: [ app_init ] --END-- [ RunTime:0.000000s ]
INFO: [ app_begin ] --START--
INFO: Run Behavior\ReadHtmlCacheBehavior [ RunTime:0.000000s ]
INFO: [ app_begin ] --END-- [ RunTime:0.000000s ]
NOTIC: [8192] mysql_connect(): The mysql extension is deprecated and will be removed in the future: use mysqli or PDO instead E:\PetAdmin\PetAdminShop\ThinkPHP\Library\Think\Db\Driver\Mysql.class.php 第 52 行.
SQL: SHOW COLUMNS FROM `admin_user` [ RunTime:0.007001s ]
SQL: SELECT * FROM `admin_user` WHERE `username` = 'tianxunhulian' LIMIT 1   [ RunTime:0.006000s ]
SQL: select admin_jurisdiction.* from admin_user,admin_user_role,admin_role_jurisdiction,admin_jurisdiction
                where admin_user.id=admin_user_role.user_id
                and admin_user_role.role_id=admin_role_jurisdiction.role_id
                and admin_role_jurisdiction.jurisdiction_id=admin_jurisdiction.j_id
                and admin_user.username='tianxunhulian' [ RunTime:0.007000s ]
SQL: SELECT * FROM admin_jurisdiction WHERE pid = 1 [ RunTime:0.006001s ]
SQL: SELECT * FROM admin_jurisdiction WHERE pid = 2 [ RunTime:0.005000s ]
SQL: SELECT * FROM admin_jurisdiction WHERE pid = 3 [ RunTime:0.009000s ]
SQL: SELECT * FROM admin_jurisdiction WHERE pid = 4 [ RunTime:0.005001s ]
SQL: SELECT * FROM admin_jurisdiction WHERE pid = 5 [ RunTime:0.009000s ]
SQL: SELECT * FROM admin_jurisdiction WHERE pid = 6 [ RunTime:0.012001s ]
SQL: SELECT * FROM admin_jurisdiction WHERE pid = 7 [ RunTime:0.014001s ]
SQL: SELECT * FROM admin_jurisdiction WHERE pid = 8 [ RunTime:0.010000s ]
SQL: SELECT * FROM admin_jurisdiction WHERE pid = 9 [ RunTime:0.013001s ]
SQL: SELECT * FROM admin_jurisdiction WHERE pid = 10 [ RunTime:0.013001s ]
SQL: SELECT * FROM admin_jurisdiction WHERE pid = 42 [ RunTime:0.033002s ]
SQL: SELECT * FROM admin_jurisdiction WHERE pid = 46 [ RunTime:0.034002s ]
INFO: [ app_end ] --START--
INFO: Run Behavior\ShowPageTraceBehavior [ RunTime:0.001000s ]
INFO: [ app_end ] --END-- [ RunTime:0.001000s ]

[ 2017-08-03T11:29:38+08:00 ] 127.0.0.1 /admin.php/Home/Question/MonthOrder
INFO: [ app_init ] --START--
INFO: Run Behavior\BuildLiteBehavior [ RunTime:0.000000s ]
INFO: [ app_init ] --END-- [ RunTime:0.001000s ]
INFO: [ app_begin ] --START--
INFO: Run Behavior\ReadHtmlCacheBehavior [ RunTime:0.001000s ]
INFO: [ app_begin ] --END-- [ RunTime:0.001000s ]
NOTIC: [8192] mysql_connect(): The mysql extension is deprecated and will be removed in the future: use mysqli or PDO instead E:\PetAdmin\PetAdminShop\ThinkPHP\Library\Think\Db\Driver\Mysql.class.php 第 52 行.
SQL: SHOW COLUMNS FROM `admin_user` [ RunTime:0.005001s ]
SQL: SELECT * FROM `admin_user` WHERE `username` = 'tianxunhulian' LIMIT 1   [ RunTime:0.006000s ]
SQL: SHOW COLUMNS FROM `statistics` [ RunTime:0.006000s ]
SQL: SELECT * FROM `statistics` INNER JOIN user ON statistics.user_id = user.id  WHERE ( statistics.monday=08 ) ORDER BY statistics.true_count desc  [ RunTime:0.007001s ]
SQL: SELECT COUNT(*) AS tp_count FROM `statistics` WHERE ( monday=08 ) LIMIT 1   [ RunTime:0.004000s ]
INFO: [ view_parse ] --START--
INFO: [ template_filter ] --START--
INFO: Run Behavior\ContentReplaceBehavior [ RunTime:0.000000s ]
INFO: [ template_filter ] --END-- [ RunTime:0.001000s ]
INFO: Run Behavior\ParseTemplateBehavior [ RunTime:0.011001s ]
INFO: [ view_parse ] --END-- [ RunTime:0.011001s ]
INFO: [ view_filter ] --START--
INFO: Run Behavior\WriteHtmlCacheBehavior [ RunTime:0.000000s ]
INFO: [ view_filter ] --END-- [ RunTime:0.000000s ]
INFO: [ app_end ] --START--
INFO: Run Behavior\ShowPageTraceBehavior [ RunTime:0.001000s ]
INFO: [ app_end ] --END-- [ RunTime:0.001000s ]

[ 2017-08-03T11:29:39+08:00 ] 127.0.0.1 /admin.php/Home/Question/MenuLists
INFO: [ app_init ] --START--
INFO: Run Behavior\BuildLiteBehavior [ RunTime:0.000000s ]
INFO: [ app_init ] --END-- [ RunTime:0.000000s ]
INFO: [ app_begin ] --START--
INFO: Run Behavior\ReadHtmlCacheBehavior [ RunTime:0.001000s ]
INFO: [ app_begin ] --END-- [ RunTime:0.001000s ]
NOTIC: [8192] mysql_connect(): The mysql extension is deprecated and will be removed in the future: use mysqli or PDO instead E:\PetAdmin\PetAdminShop\ThinkPHP\Library\Think\Db\Driver\Mysql.class.php 第 52 行.
SQL: SHOW COLUMNS FROM `admin_user` [ RunTime:0.007000s ]
SQL: SELECT * FROM `admin_user` WHERE `username` = 'tianxunhulian' LIMIT 1   [ RunTime:0.005000s ]
SQL: select admin_jurisdiction.* from admin_user,admin_user_role,admin_role_jurisdiction,admin_jurisdiction
                where admin_user.id=admin_user_role.user_id
                and admin_user_role.role_id=admin_role_jurisdiction.role_id
                and admin_role_jurisdiction.jurisdiction_id=admin_jurisdiction.j_id
                and admin_user.username='tianxunhulian' [ RunTime:0.006001s ]
SQL: SELECT * FROM admin_jurisdiction WHERE pid = 1 [ RunTime:0.005000s ]
SQL: SELECT * FROM admin_jurisdiction WHERE pid = 2 [ RunTime:0.006000s ]
SQL: SELECT * FROM admin_jurisdiction WHERE pid = 3 [ RunTime:0.006001s ]
SQL: SELECT * FROM admin_jurisdiction WHERE pid = 4 [ RunTime:0.007000s ]
SQL: SELECT * FROM admin_jurisdiction WHERE pid = 5 [ RunTime:0.006001s ]
SQL: SELECT * FROM admin_jurisdiction WHERE pid = 6 [ RunTime:0.006000s ]
SQL: SELECT * FROM admin_jurisdiction WHERE pid = 7 [ RunTime:0.007000s ]
SQL: SELECT * FROM admin_jurisdiction WHERE pid = 8 [ RunTime:0.006001s ]
SQL: SELECT * FROM admin_jurisdiction WHERE pid = 9 [ RunTime:0.006000s ]
SQL: SELECT * FROM admin_jurisdiction WHERE pid = 10 [ RunTime:0.006000s ]
SQL: SELECT * FROM admin_jurisdiction WHERE pid = 42 [ RunTime:0.006001s ]
SQL: SELECT * FROM admin_jurisdiction WHERE pid = 46 [ RunTime:0.014000s ]
INFO: [ app_end ] --START--
INFO: Run Behavior\ShowPageTraceBehavior [ RunTime:0.001001s ]
INFO: [ app_end ] --END-- [ RunTime:0.001001s ]

[ 2017-08-03T11:33:43+08:00 ] 127.0.0.1 /admin.php/Home/Help/AddNewProblem
INFO: [ app_init ] --START--
INFO: Run Behavior\BuildLiteBehavior [ RunTime:0.000000s ]
INFO: [ app_init ] --END-- [ RunTime:0.000000s ]
INFO: [ app_begin ] --START--
INFO: Run Behavior\ReadHtmlCacheBehavior [ RunTime:0.001000s ]
INFO: [ app_begin ] --END-- [ RunTime:0.001000s ]
NOTIC: [8192] mysql_connect(): The mysql extension is deprecated and will be removed in the future: use mysqli or PDO instead E:\PetAdmin\PetAdminShop\ThinkPHP\Library\Think\Db\Driver\Mysql.class.php 第 52 行.
SQL: SHOW COLUMNS FROM `admin_user` [ RunTime:0.007000s ]
SQL: SELECT * FROM `admin_user` WHERE `username` = 'tianxunhulian' LIMIT 1   [ RunTime:0.006000s ]
INFO: [ view_parse ] --START--
INFO: [ template_filter ] --START--
INFO: Run Behavior\ContentReplaceBehavior [ RunTime:0.001001s ]
INFO: [ template_filter ] --END-- [ RunTime:0.001001s ]
INFO: Run Behavior\ParseTemplateBehavior [ RunTime:0.053003s ]
INFO: [ view_parse ] --END-- [ RunTime:0.053003s ]
INFO: [ view_filter ] --START--
INFO: Run Behavior\WriteHtmlCacheBehavior [ RunTime:0.000000s ]
INFO: [ view_filter ] --END-- [ RunTime:0.000000s ]
INFO: [ app_end ] --START--
INFO: Run Behavior\ShowPageTraceBehavior [ RunTime:0.001000s ]
INFO: [ app_end ] --END-- [ RunTime:0.001000s ]

[ 2017-08-03T11:33:43+08:00 ] 127.0.0.1 /admin.php/Home/Help/MenuLists
INFO: [ app_init ] --START--
INFO: Run Behavior\BuildLiteBehavior [ RunTime:0.000000s ]
INFO: [ app_init ] --END-- [ RunTime:0.001000s ]
INFO: [ app_begin ] --START--
INFO: Run Behavior\ReadHtmlCacheBehavior [ RunTime:0.000000s ]
INFO: [ app_begin ] --END-- [ RunTime:0.001000s ]
NOTIC: [8192] mysql_connect(): The mysql extension is deprecated and will be removed in the future: use mysqli or PDO instead E:\PetAdmin\PetAdminShop\ThinkPHP\Library\Think\Db\Driver\Mysql.class.php 第 52 行.
SQL: SHOW COLUMNS FROM `admin_user` [ RunTime:0.007000s ]
SQL: SELECT * FROM `admin_user` WHERE `username` = 'tianxunhulian' LIMIT 1   [ RunTime:0.006000s ]
SQL: select admin_jurisdiction.* from admin_user,admin_user_role,admin_role_jurisdiction,admin_jurisdiction
                where admin_user.id=admin_user_role.user_id
                and admin_user_role.role_id=admin_role_jurisdiction.role_id
                and admin_role_jurisdiction.jurisdiction_id=admin_jurisdiction.j_id
                and admin_user.username='tianxunhulian' [ RunTime:0.007001s ]
SQL: SELECT * FROM admin_jurisdiction WHERE pid = 1 [ RunTime:0.006000s ]
SQL: SELECT * FROM admin_jurisdiction WHERE pid = 2 [ RunTime:0.243014s ]
SQL: SELECT * FROM admin_jurisdiction WHERE pid = 3 [ RunTime:0.005000s ]
SQL: SELECT * FROM admin_jurisdiction WHERE pid = 4 [ RunTime:0.007001s ]
SQL: SELECT * FROM admin_jurisdiction WHERE pid = 5 [ RunTime:0.007000s ]
SQL: SELECT * FROM admin_jurisdiction WHERE pid = 6 [ RunTime:0.007001s ]
SQL: SELECT * FROM admin_jurisdiction WHERE pid = 7 [ RunTime:0.005000s ]
SQL: SELECT * FROM admin_jurisdiction WHERE pid = 8 [ RunTime:0.007000s ]
SQL: SELECT * FROM admin_jurisdiction WHERE pid = 9 [ RunTime:0.005001s ]
SQL: SELECT * FROM admin_jurisdiction WHERE pid = 10 [ RunTime:0.006000s ]
SQL: SELECT * FROM admin_jurisdiction WHERE pid = 42 [ RunTime:0.006000s ]
SQL: SELECT * FROM admin_jurisdiction WHERE pid = 46 [ RunTime:0.007001s ]
INFO: [ app_end ] --START--
INFO: Run Behavior\ShowPageTraceBehavior [ RunTime:0.001000s ]
INFO: [ app_end ] --END-- [ RunTime:0.001000s ]

[ 2017-08-03T11:33:46+08:00 ] 127.0.0.1 /admin.php/Home/Encyclopedias/AddNewEncyclopediasForm
INFO: [ app_init ] --START--
INFO: Run Behavior\BuildLiteBehavior [ RunTime:0.000000s ]
INFO: [ app_init ] --END-- [ RunTime:0.000000s ]
INFO: [ app_begin ] --START--
INFO: Run Behavior\ReadHtmlCacheBehavior [ RunTime:0.001000s ]
INFO: [ app_begin ] --END-- [ RunTime:0.001000s ]
NOTIC: [8192] mysql_connect(): The mysql extension is deprecated and will be removed in the future: use mysqli or PDO instead E:\PetAdmin\PetAdminShop\ThinkPHP\Library\Think\Db\Driver\Mysql.class.php 第 52 行.
SQL: SHOW COLUMNS FROM `admin_user` [ RunTime:0.007000s ]
SQL: SELECT * FROM `admin_user` WHERE `username` = 'tianxunhulian' LIMIT 1   [ RunTime:0.007001s ]
INFO: [ view_parse ] --START--
INFO: [ template_filter ] --START--
INFO: Run Behavior\ContentReplaceBehavior [ RunTime:0.000000s ]
INFO: [ template_filter ] --END-- [ RunTime:0.000000s ]
NOTIC: [8] Undefined variable: num E:\PetAdmin\PetAdminShop\Admin\Runtime\Cache\Home\9e84bb7002e2d11d735fe7a9d6c98c80.php 第 228 行.
NOTIC: [8] Undefined variable: num E:\PetAdmin\PetAdminShop\Admin\Runtime\Cache\Home\9e84bb7002e2d11d735fe7a9d6c98c80.php 第 234 行.
NOTIC: [8] Undefined variable: num E:\PetAdmin\PetAdminShop\Admin\Runtime\Cache\Home\9e84bb7002e2d11d735fe7a9d6c98c80.php 第 238 行.
NOTIC: [8] Undefined variable: num E:\PetAdmin\PetAdminShop\Admin\Runtime\Cache\Home\9e84bb7002e2d11d735fe7a9d6c98c80.php 第 242 行.
INFO: Run Behavior\ParseTemplateBehavior [ RunTime:0.012001s ]
INFO: [ view_parse ] --END-- [ RunTime:0.012001s ]
INFO: [ view_filter ] --START--
INFO: Run Behavior\WriteHtmlCacheBehavior [ RunTime:0.000000s ]
INFO: [ view_filter ] --END-- [ RunTime:0.000000s ]
INFO: [ app_end ] --START--
INFO: Run Behavior\ShowPageTraceBehavior [ RunTime:0.000000s ]
INFO: [ app_end ] --END-- [ RunTime:0.000000s ]

[ 2017-08-03T11:33:46+08:00 ] 127.0.0.1 /admin.php/Home/Encyclopedias/MenuLists
INFO: [ app_init ] --START--
INFO: Run Behavior\BuildLiteBehavior [ RunTime:0.000000s ]
INFO: [ app_init ] --END-- [ RunTime:0.000000s ]
INFO: [ app_begin ] --START--
INFO: Run Behavior\ReadHtmlCacheBehavior [ RunTime:0.001000s ]
INFO: [ app_begin ] --END-- [ RunTime:0.001000s ]
NOTIC: [8192] mysql_connect(): The mysql extension is deprecated and will be removed in the future: use mysqli or PDO instead E:\PetAdmin\PetAdminShop\ThinkPHP\Library\Think\Db\Driver\Mysql.class.php 第 52 行.
SQL: SHOW COLUMNS FROM `admin_user` [ RunTime:0.007000s ]
SQL: SELECT * FROM `admin_user` WHERE `username` = 'tianxunhulian' LIMIT 1   [ RunTime:0.007001s ]
SQL: select admin_jurisdiction.* from admin_user,admin_user_role,admin_role_jurisdiction,admin_jurisdiction
                where admin_user.id=admin_user_role.user_id
                and admin_user_role.role_id=admin_role_jurisdiction.role_id
                and admin_role_jurisdiction.jurisdiction_id=admin_jurisdiction.j_id
                and admin_user.username='tianxunhulian' [ RunTime:0.008000s ]
SQL: SELECT * FROM admin_jurisdiction WHERE pid = 1 [ RunTime:0.005000s ]
SQL: SELECT * FROM admin_jurisdiction WHERE pid = 2 [ RunTime:0.008001s ]
SQL: SELECT * FROM admin_jurisdiction WHERE pid = 3 [ RunTime:0.007000s ]
SQL: SELECT * FROM admin_jurisdiction WHERE pid = 4 [ RunTime:0.007001s ]
SQL: SELECT * FROM admin_jurisdiction WHERE pid = 5 [ RunTime:0.007000s ]
SQL: SELECT * FROM admin_jurisdiction WHERE pid = 6 [ RunTime:0.005000s ]
SQL: SELECT * FROM admin_jurisdiction WHERE pid = 7 [ RunTime:0.007001s ]
SQL: SELECT * FROM admin_jurisdiction WHERE pid = 8 [ RunTime:0.006000s ]
SQL: SELECT * FROM admin_jurisdiction WHERE pid = 9 [ RunTime:0.006000s ]
SQL: SELECT * FROM admin_jurisdiction WHERE pid = 10 [ RunTime:0.005001s ]
SQL: SELECT * FROM admin_jurisdiction WHERE pid = 42 [ RunTime:0.008000s ]
SQL: SELECT * FROM admin_jurisdiction WHERE pid = 46 [ RunTime:0.007001s ]
INFO: [ app_end ] --START--
INFO: Run Behavior\ShowPageTraceBehavior [ RunTime:0.001000s ]
INFO: [ app_end ] --END-- [ RunTime:0.001000s ]

[ 2017-08-03T11:40:51+08:00 ] 127.0.0.1 /admin.php/Home/Question/MonthOrder
INFO: [ app_init ] --START--
INFO: Run Behavior\BuildLiteBehavior [ RunTime:0.000000s ]
INFO: [ app_init ] --END-- [ RunTime:0.000000s ]
INFO: [ app_begin ] --START--
INFO: Run Behavior\ReadHtmlCacheBehavior [ RunTime:0.000000s ]
INFO: [ app_begin ] --END-- [ RunTime:0.000000s ]
NOTIC: [8192] mysql_connect(): The mysql extension is deprecated and will be removed in the future: use mysqli or PDO instead E:\PetAdmin\PetAdminShop\ThinkPHP\Library\Think\Db\Driver\Mysql.class.php 第 52 行.
SQL: SHOW COLUMNS FROM `admin_user` [ RunTime:0.005000s ]
SQL: SELECT * FROM `admin_user` WHERE `username` = 'tianxunhulian' LIMIT 1   [ RunTime:0.005000s ]
SQL: SHOW COLUMNS FROM `statistics` [ RunTime:0.007000s ]
SQL: SELECT * FROM `statistics` INNER JOIN user ON statistics.user_id = user.id  WHERE ( statistics.monday=08 ) ORDER BY statistics.true_count desc  [ RunTime:0.007001s ]
SQL: SELECT COUNT(*) AS tp_count FROM `statistics` WHERE ( monday=08 ) LIMIT 1   [ RunTime:0.004000s ]
INFO: [ view_parse ] --START--
INFO: [ template_filter ] --START--
INFO: Run Behavior\ContentReplaceBehavior [ RunTime:0.000000s ]
INFO: [ template_filter ] --END-- [ RunTime:0.000000s ]
INFO: Run Behavior\ParseTemplateBehavior [ RunTime:0.021001s ]
INFO: [ view_parse ] --END-- [ RunTime:0.021001s ]
INFO: [ view_filter ] --START--
INFO: Run Behavior\WriteHtmlCacheBehavior [ RunTime:0.000000s ]
INFO: [ view_filter ] --END-- [ RunTime:0.000000s ]
INFO: [ app_end ] --START--
INFO: Run Behavior\ShowPageTraceBehavior [ RunTime:0.001000s ]
INFO: [ app_end ] --END-- [ RunTime:0.001000s ]

[ 2017-08-03T11:40:51+08:00 ] 127.0.0.1 /admin.php/Home/Question/MenuLists
INFO: [ app_init ] --START--
INFO: Run Behavior\BuildLiteBehavior [ RunTime:0.000000s ]
INFO: [ app_init ] --END-- [ RunTime:0.000000s ]
INFO: [ app_begin ] --START--
INFO: Run Behavior\ReadHtmlCacheBehavior [ RunTime:0.001000s ]
INFO: [ app_begin ] --END-- [ RunTime:0.001000s ]
NOTIC: [8192] mysql_connect(): The mysql extension is deprecated and will be removed in the future: use mysqli or PDO instead E:\PetAdmin\PetAdminShop\ThinkPHP\Library\Think\Db\Driver\Mysql.class.php 第 52 行.
SQL: SHOW COLUMNS FROM `admin_user` [ RunTime:0.007001s ]
SQL: SELECT * FROM `admin_user` WHERE `username` = 'tianxunhulian' LIMIT 1   [ RunTime:0.006000s ]
SQL: select admin_jurisdiction.* from admin_user,admin_user_role,admin_role_jurisdiction,admin_jurisdiction
                where admin_user.id=admin_user_role.user_id
                and admin_user_role.role_id=admin_role_jurisdiction.role_id
                and admin_role_jurisdiction.jurisdiction_id=admin_jurisdiction.j_id
                and admin_user.username='tianxunhulian' [ RunTime:0.007001s ]
SQL: SELECT * FROM admin_jurisdiction WHERE pid = 1 [ RunTime:0.006000s ]
SQL: SELECT * FROM admin_jurisdiction WHERE pid = 2 [ RunTime:0.007000s ]
SQL: SELECT * FROM admin_jurisdiction WHERE pid = 3 [ RunTime:0.005001s ]
SQL: SELECT * FROM admin_jurisdiction WHERE pid = 4 [ RunTime:0.006000s ]
SQL: SELECT * FROM admin_jurisdiction WHERE pid = 5 [ RunTime:0.006000s ]
SQL: SELECT * FROM admin_jurisdiction WHERE pid = 6 [ RunTime:0.006001s ]
SQL: SELECT * FROM admin_jurisdiction WHERE pid = 7 [ RunTime:0.006000s ]
SQL: SELECT * FROM admin_jurisdiction WHERE pid = 8 [ RunTime:0.006000s ]
SQL: SELECT * FROM admin_jurisdiction WHERE pid = 9 [ RunTime:0.006001s ]
SQL: SELECT * FROM admin_jurisdiction WHERE pid = 10 [ RunTime:0.006000s ]
SQL: SELECT * FROM admin_jurisdiction WHERE pid = 42 [ RunTime:0.006001s ]
SQL: SELECT * FROM admin_jurisdiction WHERE pid = 46 [ RunTime:0.006000s ]
INFO: [ app_end ] --START--
INFO: Run Behavior\ShowPageTraceBehavior [ RunTime:0.000000s ]
INFO: [ app_end ] --END-- [ RunTime:0.000000s ]

[ 2017-08-03T11:50:55+08:00 ] 127.0.0.1 /admin.php/Home/User/UserInfo
INFO: [ app_init ] --START--
INFO: Run Behavior\BuildLiteBehavior [ RunTime:0.000000s ]
INFO: [ app_init ] --END-- [ RunTime:0.000000s ]
INFO: [ app_begin ] --START--
INFO: Run Behavior\ReadHtmlCacheBehavior [ RunTime:0.000000s ]
INFO: [ app_begin ] --END-- [ RunTime:0.000000s ]
NOTIC: [8192] mysql_connect(): The mysql extension is deprecated and will be removed in the future: use mysqli or PDO instead E:\PetAdmin\PetAdminShop\ThinkPHP\Library\Think\Db\Driver\Mysql.class.php 第 52 行.
SQL: SHOW COLUMNS FROM `admin_user` [ RunTime:0.008000s ]
SQL: SELECT * FROM `admin_user` WHERE `username` = 'tianxunhulian' LIMIT 1   [ RunTime:0.005000s ]
NOTIC: [8] Undefined index: page E:\PetAdmin\PetAdminShop\Admin\Home\Controller\UserController.class.php 第 42 行.
SQL: SHOW COLUMNS FROM `user` [ RunTime:0.008001s ]
SQL: SELECT * FROM `user`  [ RunTime:0.155009s ]
INFO: [ view_parse ] --START--
INFO: [ template_filter ] --START--
INFO: Run Behavior\ContentReplaceBehavior [ RunTime:0.000000s ]
INFO: [ template_filter ] --END-- [ RunTime:0.000000s ]
INFO: Run Behavior\ParseTemplateBehavior [ RunTime:0.028001s ]
INFO: [ view_parse ] --END-- [ RunTime:0.028001s ]
INFO: [ view_filter ] --START--
INFO: Run Behavior\WriteHtmlCacheBehavior [ RunTime:0.001000s ]
INFO: [ view_filter ] --END-- [ RunTime:0.001000s ]
INFO: [ app_end ] --START--
INFO: Run Behavior\ShowPageTraceBehavior [ RunTime:0.000000s ]
INFO: [ app_end ] --END-- [ RunTime:0.000000s ]

[ 2017-08-03T11:50:55+08:00 ] 127.0.0.1 /admin.php/Home/User/MenuLists
INFO: [ app_init ] --START--
INFO: Run Behavior\BuildLiteBehavior [ RunTime:0.001000s ]
INFO: [ app_init ] --END-- [ RunTime:0.001000s ]
INFO: [ app_begin ] --START--
INFO: Run Behavior\ReadHtmlCacheBehavior [ RunTime:0.001000s ]
INFO: [ app_begin ] --END-- [ RunTime:0.001000s ]
NOTIC: [8192] mysql_connect(): The mysql extension is deprecated and will be removed in the future: use mysqli or PDO instead E:\PetAdmin\PetAdminShop\ThinkPHP\Library\Think\Db\Driver\Mysql.class.php 第 52 行.
SQL: SHOW COLUMNS FROM `admin_user` [ RunTime:0.004000s ]
SQL: SELECT * FROM `admin_user` WHERE `username` = 'tianxunhulian' LIMIT 1   [ RunTime:0.005001s ]
SQL: select admin_jurisdiction.* from admin_user,admin_user_role,admin_role_jurisdiction,admin_jurisdiction
                where admin_user.id=admin_user_role.user_id
                and admin_user_role.role_id=admin_role_jurisdiction.role_id
                and admin_role_jurisdiction.jurisdiction_id=admin_jurisdiction.j_id
                and admin_user.username='tianxunhulian' [ RunTime:0.004000s ]
SQL: SELECT * FROM admin_jurisdiction WHERE pid = 1 [ RunTime:0.004000s ]
SQL: SELECT * FROM admin_jurisdiction WHERE pid = 2 [ RunTime:0.004000s ]
SQL: SELECT * FROM admin_jurisdiction WHERE pid = 3 [ RunTime:0.005001s ]
SQL: SELECT * FROM admin_jurisdiction WHERE pid = 4 [ RunTime:0.005000s ]
SQL: SELECT * FROM admin_jurisdiction WHERE pid = 5 [ RunTime:0.005000s ]
SQL: SELECT * FROM admin_jurisdiction WHERE pid = 6 [ RunTime:0.005001s ]
SQL: SELECT * FROM admin_jurisdiction WHERE pid = 7 [ RunTime:0.004000s ]
SQL: SELECT * FROM admin_jurisdiction WHERE pid = 8 [ RunTime:0.004000s ]
SQL: SELECT * FROM admin_jurisdiction WHERE pid = 9 [ RunTime:0.006000s ]
SQL: SELECT * FROM admin_jurisdiction WHERE pid = 10 [ RunTime:0.005001s ]
SQL: SELECT * FROM admin_jurisdiction WHERE pid = 42 [ RunTime:0.004000s ]
SQL: SELECT * FROM admin_jurisdiction WHERE pid = 46 [ RunTime:0.004000s ]
INFO: [ app_end ] --START--
INFO: Run Behavior\ShowPageTraceBehavior [ RunTime:0.001000s ]
INFO: [ app_end ] --END-- [ RunTime:0.001000s ]

[ 2017-08-03T11:51:12+08:00 ] 127.0.0.1 /admin.php/Home/Login/Home
INFO: [ app_init ] --START--
INFO: Run Behavior\BuildLiteBehavior [ RunTime:0.000000s ]
INFO: [ app_init ] --END-- [ RunTime:0.000000s ]
INFO: [ app_begin ] --START--
INFO: Run Behavior\ReadHtmlCacheBehavior [ RunTime:0.001000s ]
INFO: [ app_begin ] --END-- [ RunTime:0.001000s ]
NOTIC: [8192] mysql_connect(): The mysql extension is deprecated and will be removed in the future: use mysqli or PDO instead E:\PetAdmin\PetAdminShop\ThinkPHP\Library\Think\Db\Driver\Mysql.class.php 第 52 行.
SQL: SHOW COLUMNS FROM `admin_user` [ RunTime:0.008000s ]
SQL: SELECT * FROM `admin_user` WHERE `username` = 'tianxunhulian' LIMIT 1   [ RunTime:0.007001s ]
SQL: SHOW COLUMNS FROM `orders` [ RunTime:0.007000s ]
SQL: SELECT COUNT(*) AS tp_count FROM `orders` WHERE `create_time` BETWEEN '1501689600' AND '1501776000' LIMIT 1   [ RunTime:0.006001s ]
SQL: SELECT COUNT(*) AS tp_count FROM `orders` WHERE `create_time` BETWEEN '1501689600' AND '1501776000' AND `status` = 2 LIMIT 1   [ RunTime:0.005000s ]
SQL: SELECT COUNT(*) AS tp_count FROM `orders` WHERE `create_time` BETWEEN '1501689600' AND '1501776000' AND `status` = 3 LIMIT 1   [ RunTime:0.006000s ]
INFO: [ view_parse ] --START--
INFO: [ template_filter ] --START--
INFO: Run Behavior\ContentReplaceBehavior [ RunTime:0.000000s ]
INFO: [ template_filter ] --END-- [ RunTime:0.000000s ]
INFO: Run Behavior\ParseTemplateBehavior [ RunTime:0.022002s ]
INFO: [ view_parse ] --END-- [ RunTime:0.023002s ]
INFO: [ view_filter ] --START--
INFO: Run Behavior\WriteHtmlCacheBehavior [ RunTime:0.000000s ]
INFO: [ view_filter ] --END-- [ RunTime:0.000000s ]
INFO: [ app_end ] --START--
INFO: Run Behavior\ShowPageTraceBehavior [ RunTime:0.001000s ]
INFO: [ app_end ] --END-- [ RunTime:0.001000s ]

[ 2017-08-03T11:51:13+08:00 ] 127.0.0.1 /admin.php/Home/Login/MenuLists
INFO: [ app_init ] --START--
INFO: Run Behavior\BuildLiteBehavior [ RunTime:0.000000s ]
INFO: [ app_init ] --END-- [ RunTime:0.001000s ]
INFO: [ app_begin ] --START--
INFO: Run Behavior\ReadHtmlCacheBehavior [ RunTime:0.001000s ]
INFO: [ app_begin ] --END-- [ RunTime:0.001000s ]
NOTIC: [8192] mysql_connect(): The mysql extension is deprecated and will be removed in the future: use mysqli or PDO instead E:\PetAdmin\PetAdminShop\ThinkPHP\Library\Think\Db\Driver\Mysql.class.php 第 52 行.
SQL: select admin_jurisdiction.* from admin_user,admin_user_role,admin_role_jurisdiction,admin_jurisdiction
                where admin_user.id=admin_user_role.user_id
                and admin_user_role.role_id=admin_role_jurisdiction.role_id
                and admin_role_jurisdiction.jurisdiction_id=admin_jurisdiction.j_id
                and admin_user.username='tianxunhulian' [ RunTime:0.007000s ]
SQL: SELECT * FROM admin_jurisdiction WHERE pid = 1 [ RunTime:0.014001s ]
SQL: SELECT * FROM admin_jurisdiction WHERE pid = 2 [ RunTime:0.005000s ]
SQL: SELECT * FROM admin_jurisdiction WHERE pid = 3 [ RunTime:0.006000s ]
SQL: SELECT * FROM admin_jurisdiction WHERE pid = 4 [ RunTime:0.006001s ]
SQL: SELECT * FROM admin_jurisdiction WHERE pid = 5 [ RunTime:0.006000s ]
SQL: SELECT * FROM admin_jurisdiction WHERE pid = 6 [ RunTime:0.006000s ]
SQL: SELECT * FROM admin_jurisdiction WHERE pid = 7 [ RunTime:0.005000s ]
SQL: SELECT * FROM admin_jurisdiction WHERE pid = 8 [ RunTime:0.016001s ]
SQL: SELECT * FROM admin_jurisdiction WHERE pid = 9 [ RunTime:0.006000s ]
SQL: SELECT * FROM admin_jurisdiction WHERE pid = 10 [ RunTime:0.008001s ]
SQL: SELECT * FROM admin_jurisdiction WHERE pid = 42 [ RunTime:0.006000s ]
SQL: SELECT * FROM admin_jurisdiction WHERE pid = 46 [ RunTime:0.006000s ]
INFO: [ app_end ] --START--
INFO: Run Behavior\ShowPageTraceBehavior [ RunTime:0.001000s ]
INFO: [ app_end ] --END-- [ RunTime:0.001000s ]

[ 2017-08-03T11:51:15+08:00 ] 127.0.0.1 /admin.php/Home/Question/MonthOrder
INFO: [ app_init ] --START--
INFO: Run Behavior\BuildLiteBehavior [ RunTime:0.000000s ]
INFO: [ app_init ] --END-- [ RunTime:0.000000s ]
INFO: [ app_begin ] --START--
INFO: Run Behavior\ReadHtmlCacheBehavior [ RunTime:0.001000s ]
INFO: [ app_begin ] --END-- [ RunTime:0.001000s ]
NOTIC: [8192] mysql_connect(): The mysql extension is deprecated and will be removed in the future: use mysqli or PDO instead E:\PetAdmin\PetAdminShop\ThinkPHP\Library\Think\Db\Driver\Mysql.class.php 第 52 行.
SQL: SHOW COLUMNS FROM `admin_user` [ RunTime:0.007001s ]
SQL: SELECT * FROM `admin_user` WHERE `username` = 'tianxunhulian' LIMIT 1   [ RunTime:0.006000s ]
SQL: SHOW COLUMNS FROM `statistics` [ RunTime:0.006001s ]
SQL: SELECT * FROM `statistics` INNER JOIN user ON statistics.user_id = user.id  WHERE ( statistics.monday=08 ) ORDER BY statistics.true_count desc  [ RunTime:0.008000s ]
SQL: SELECT COUNT(*) AS tp_count FROM `statistics` WHERE ( monday=08 ) LIMIT 1   [ RunTime:0.006000s ]
INFO: [ view_parse ] --START--
INFO: [ template_filter ] --START--
INFO: Run Behavior\ContentReplaceBehavior [ RunTime:0.000000s ]
INFO: [ template_filter ] --END-- [ RunTime:0.000000s ]
INFO: Run Behavior\ParseTemplateBehavior [ RunTime:0.011001s ]
INFO: [ view_parse ] --END-- [ RunTime:0.012001s ]
INFO: [ view_filter ] --START--
INFO: Run Behavior\WriteHtmlCacheBehavior [ RunTime:0.000000s ]
INFO: [ view_filter ] --END-- [ RunTime:0.000000s ]
INFO: [ app_end ] --START--
INFO: Run Behavior\ShowPageTraceBehavior [ RunTime:0.001000s ]
INFO: [ app_end ] --END-- [ RunTime:0.001000s ]

[ 2017-08-03T11:51:16+08:00 ] 127.0.0.1 /admin.php/Home/Question/MenuLists
INFO: [ app_init ] --START--
INFO: Run Behavior\BuildLiteBehavior [ RunTime:0.000000s ]
INFO: [ app_init ] --END-- [ RunTime:0.001000s ]
INFO: [ app_begin ] --START--
INFO: Run Behavior\ReadHtmlCacheBehavior [ RunTime:0.000000s ]
INFO: [ app_begin ] --END-- [ RunTime:0.000000s ]
NOTIC: [8192] mysql_connect(): The mysql extension is deprecated and will be removed in the future: use mysqli or PDO instead E:\PetAdmin\PetAdminShop\ThinkPHP\Library\Think\Db\Driver\Mysql.class.php 第 52 行.
SQL: SHOW COLUMNS FROM `admin_user` [ RunTime:0.007001s ]
SQL: SELECT * FROM `admin_user` WHERE `username` = 'tianxunhulian' LIMIT 1   [ RunTime:0.005000s ]
SQL: select admin_jurisdiction.* from admin_user,admin_user_role,admin_role_jurisdiction,admin_jurisdiction
                where admin_user.id=admin_user_role.user_id
                and admin_user_role.role_id=admin_role_jurisdiction.role_id
                and admin_role_jurisdiction.jurisdiction_id=admin_jurisdiction.j_id
                and admin_user.username='tianxunhulian' [ RunTime:0.008001s ]
SQL: SELECT * FROM admin_jurisdiction WHERE pid = 1 [ RunTime:0.007000s ]
SQL: SELECT * FROM admin_jurisdiction WHERE pid = 2 [ RunTime:0.005000s ]
SQL: SELECT * FROM admin_jurisdiction WHERE pid = 3 [ RunTime:0.007001s ]
SQL: SELECT * FROM admin_jurisdiction WHERE pid = 4 [ RunTime:0.008000s ]
SQL: SELECT * FROM admin_jurisdiction WHERE pid = 5 [ RunTime:0.007001s ]
SQL: SELECT * FROM admin_jurisdiction WHERE pid = 6 [ RunTime:0.006000s ]
SQL: SELECT * FROM admin_jurisdiction WHERE pid = 7 [ RunTime:0.008000s ]
SQL: SELECT * FROM admin_jurisdiction WHERE pid = 8 [ RunTime:0.007001s ]
SQL: SELECT * FROM admin_jurisdiction WHERE pid = 9 [ RunTime:0.007000s ]
SQL: SELECT * FROM admin_jurisdiction WHERE pid = 10 [ RunTime:0.008001s ]
SQL: SELECT * FROM admin_jurisdiction WHERE pid = 42 [ RunTime:0.006000s ]
SQL: SELECT * FROM admin_jurisdiction WHERE pid = 46 [ RunTime:0.008001s ]
INFO: [ app_end ] --START--
INFO: Run Behavior\ShowPageTraceBehavior [ RunTime:0.001000s ]
INFO: [ app_end ] --END-- [ RunTime:0.001000s ]

[ 2017-08-03T11:52:06+08:00 ] 127.0.0.1 /admin.php/Home/Question/MonthOrder
INFO: [ app_init ] --START--
INFO: Run Behavior\BuildLiteBehavior [ RunTime:0.000000s ]
INFO: [ app_init ] --END-- [ RunTime:0.000000s ]
INFO: [ app_begin ] --START--
INFO: Run Behavior\ReadHtmlCacheBehavior [ RunTime:0.000000s ]
INFO: [ app_begin ] --END-- [ RunTime:0.000000s ]
NOTIC: [8192] mysql_connect(): The mysql extension is deprecated and will be removed in the future: use mysqli or PDO instead E:\PetAdmin\PetAdminShop\ThinkPHP\Library\Think\Db\Driver\Mysql.class.php 第 52 行.
SQL: SHOW COLUMNS FROM `admin_user` [ RunTime:0.007000s ]
SQL: SELECT * FROM `admin_user` WHERE `username` = 'tianxunhulian' LIMIT 1   [ RunTime:0.007001s ]
SQL: SHOW COLUMNS FROM `statistics` [ RunTime:0.006000s ]
SQL: SELECT * FROM `statistics` INNER JOIN user ON statistics.user_id = user.id  WHERE ( statistics.monday=08 ) ORDER BY statistics.true_count desc  [ RunTime:0.009001s ]
SQL: SELECT COUNT(*) AS tp_count FROM `statistics` WHERE ( monday=08 ) LIMIT 1   [ RunTime:0.005000s ]
INFO: [ view_parse ] --START--
INFO: [ template_filter ] --START--
INFO: Run Behavior\ContentReplaceBehavior [ RunTime:0.001000s ]
INFO: [ template_filter ] --END-- [ RunTime:0.001000s ]
INFO: Run Behavior\ParseTemplateBehavior [ RunTime:0.037002s ]
INFO: [ view_parse ] --END-- [ RunTime:0.037002s ]
INFO: [ view_filter ] --START--
INFO: Run Behavior\WriteHtmlCacheBehavior [ RunTime:0.001000s ]
INFO: [ view_filter ] --END-- [ RunTime:0.001000s ]
INFO: [ app_end ] --START--
INFO: Run Behavior\ShowPageTraceBehavior [ RunTime:0.002000s ]
INFO: [ app_end ] --END-- [ RunTime:0.002000s ]

[ 2017-08-03T11:52:07+08:00 ] 127.0.0.1 /admin.php/Home/Question/MenuLists
INFO: [ app_init ] --START--
INFO: Run Behavior\BuildLiteBehavior [ RunTime:0.000000s ]
INFO: [ app_init ] --END-- [ RunTime:0.000000s ]
INFO: [ app_begin ] --START--
INFO: Run Behavior\ReadHtmlCacheBehavior [ RunTime:0.000000s ]
INFO: [ app_begin ] --END-- [ RunTime:0.000000s ]
NOTIC: [8192] mysql_connect(): The mysql extension is deprecated and will be removed in the future: use mysqli or PDO instead E:\PetAdmin\PetAdminShop\ThinkPHP\Library\Think\Db\Driver\Mysql.class.php 第 52 行.
SQL: SHOW COLUMNS FROM `admin_user` [ RunTime:0.007001s ]
SQL: SELECT * FROM `admin_user` WHERE `username` = 'tianxunhulian' LIMIT 1   [ RunTime:0.008000s ]
SQL: select admin_jurisdiction.* from admin_user,admin_user_role,admin_role_jurisdiction,admin_jurisdiction
                where admin_user.id=admin_user_role.user_id
                and admin_user_role.role_id=admin_role_jurisdiction.role_id
                and admin_role_jurisdiction.jurisdiction_id=admin_jurisdiction.j_id
                and admin_user.username='tianxunhulian' [ RunTime:0.007000s ]
SQL: SELECT * FROM admin_jurisdiction WHERE pid = 1 [ RunTime:0.006001s ]
SQL: SELECT * FROM admin_jurisdiction WHERE pid = 2 [ RunTime:0.008000s ]
SQL: SELECT * FROM admin_jurisdiction WHERE pid = 3 [ RunTime:0.007001s ]
SQL: SELECT * FROM admin_jurisdiction WHERE pid = 4 [ RunTime:0.006000s ]
SQL: SELECT * FROM admin_jurisdiction WHERE pid = 5 [ RunTime:0.006000s ]
SQL: SELECT * FROM admin_jurisdiction WHERE pid = 6 [ RunTime:0.005001s ]
SQL: SELECT * FROM admin_jurisdiction WHERE pid = 7 [ RunTime:0.007000s ]
SQL: SELECT * FROM admin_jurisdiction WHERE pid = 8 [ RunTime:0.006001s ]
SQL: SELECT * FROM admin_jurisdiction WHERE pid = 9 [ RunTime:0.007000s ]
SQL: SELECT * FROM admin_jurisdiction WHERE pid = 10 [ RunTime:0.005000s ]
SQL: SELECT * FROM admin_jurisdiction WHERE pid = 42 [ RunTime:0.006001s ]
SQL: SELECT * FROM admin_jurisdiction WHERE pid = 46 [ RunTime:0.007000s ]
INFO: [ app_end ] --START--
INFO: Run Behavior\ShowPageTraceBehavior [ RunTime:0.001000s ]
INFO: [ app_end ] --END-- [ RunTime:0.001000s ]

[ 2017-08-03T11:52:11+08:00 ] 127.0.0.1 /admin.php/Home/Question/MonthOrder
INFO: [ app_init ] --START--
INFO: Run Behavior\BuildLiteBehavior [ RunTime:0.000000s ]
INFO: [ app_init ] --END-- [ RunTime:0.000000s ]
INFO: [ app_begin ] --START--
INFO: Run Behavior\ReadHtmlCacheBehavior [ RunTime:0.000000s ]
INFO: [ app_begin ] --END-- [ RunTime:0.000000s ]
NOTIC: [8192] mysql_connect(): The mysql extension is deprecated and will be removed in the future: use mysqli or PDO instead E:\PetAdmin\PetAdminShop\ThinkPHP\Library\Think\Db\Driver\Mysql.class.php 第 52 行.
SQL: SHOW COLUMNS FROM `admin_user` [ RunTime:0.007000s ]
SQL: SELECT * FROM `admin_user` WHERE `username` = 'tianxunhulian' LIMIT 1   [ RunTime:0.007000s ]
SQL: SHOW COLUMNS FROM `statistics` [ RunTime:0.006001s ]
SQL: SELECT * FROM `statistics` INNER JOIN user ON statistics.user_id = user.id  WHERE ( statistics.monday=08 ) ORDER BY statistics.true_count desc  [ RunTime:0.007000s ]
SQL: SELECT COUNT(*) AS tp_count FROM `statistics` WHERE ( monday=08 ) LIMIT 1   [ RunTime:0.006001s ]
INFO: [ view_parse ] --START--
INFO: [ template_filter ] --START--
INFO: Run Behavior\ContentReplaceBehavior [ RunTime:0.001000s ]
INFO: [ template_filter ] --END-- [ RunTime:0.001000s ]
INFO: Run Behavior\ParseTemplateBehavior [ RunTime:0.037002s ]
INFO: [ view_parse ] --END-- [ RunTime:0.037002s ]
INFO: [ view_filter ] --START--
INFO: Run Behavior\WriteHtmlCacheBehavior [ RunTime:0.000000s ]
INFO: [ view_filter ] --END-- [ RunTime:0.001000s ]
INFO: [ app_end ] --START--
INFO: Run Behavior\ShowPageTraceBehavior [ RunTime:0.001000s ]
INFO: [ app_end ] --END-- [ RunTime:0.002000s ]

[ 2017-08-03T11:52:11+08:00 ] 127.0.0.1 /admin.php/Home/Question/MenuLists
INFO: [ app_init ] --START--
INFO: Run Behavior\BuildLiteBehavior [ RunTime:0.000000s ]
INFO: [ app_init ] --END-- [ RunTime:0.001000s ]
INFO: [ app_begin ] --START--
INFO: Run Behavior\ReadHtmlCacheBehavior [ RunTime:0.000000s ]
INFO: [ app_begin ] --END-- [ RunTime:0.000000s ]
NOTIC: [8192] mysql_connect(): The mysql extension is deprecated and will be removed in the future: use mysqli or PDO instead E:\PetAdmin\PetAdminShop\ThinkPHP\Library\Think\Db\Driver\Mysql.class.php 第 52 行.
SQL: SHOW COLUMNS FROM `admin_user` [ RunTime:0.007000s ]
SQL: SELECT * FROM `admin_user` WHERE `username` = 'tianxunhulian' LIMIT 1   [ RunTime:0.006001s ]
SQL: select admin_jurisdiction.* from admin_user,admin_user_role,admin_role_jurisdiction,admin_jurisdiction
                where admin_user.id=admin_user_role.user_id
                and admin_user_role.role_id=admin_role_jurisdiction.role_id
                and admin_role_jurisdiction.jurisdiction_id=admin_jurisdiction.j_id
                and admin_user.username='tianxunhulian' [ RunTime:0.007000s ]
SQL: SELECT * FROM admin_jurisdiction WHERE pid = 1 [ RunTime:0.011001s ]
SQL: SELECT * FROM admin_jurisdiction WHERE pid = 2 [ RunTime:0.007000s ]
SQL: SELECT * FROM admin_jurisdiction WHERE pid = 3 [ RunTime:0.005001s ]
SQL: SELECT * FROM admin_jurisdiction WHERE pid = 4 [ RunTime:0.009000s ]
SQL: SELECT * FROM admin_jurisdiction WHERE pid = 5 [ RunTime:0.006000s ]
SQL: SELECT * FROM admin_jurisdiction WHERE pid = 6 [ RunTime:0.006001s ]
SQL: SELECT * FROM admin_jurisdiction WHERE pid = 7 [ RunTime:0.007000s ]
SQL: SELECT * FROM admin_jurisdiction WHERE pid = 8 [ RunTime:0.009001s ]
SQL: SELECT * FROM admin_jurisdiction WHERE pid = 9 [ RunTime:0.011000s ]
SQL: SELECT * FROM admin_jurisdiction WHERE pid = 10 [ RunTime:0.007001s ]
SQL: SELECT * FROM admin_jurisdiction WHERE pid = 42 [ RunTime:0.006000s ]
SQL: SELECT * FROM admin_jurisdiction WHERE pid = 46 [ RunTime:0.006000s ]
INFO: [ app_end ] --START--
INFO: Run Behavior\ShowPageTraceBehavior [ RunTime:0.000000s ]
INFO: [ app_end ] --END-- [ RunTime:0.001000s ]

[ 2017-08-03T11:52:13+08:00 ] 127.0.0.1 /admin.php/Home/User/UserInfo
INFO: [ app_init ] --START--
INFO: Run Behavior\BuildLiteBehavior [ RunTime:0.000000s ]
INFO: [ app_init ] --END-- [ RunTime:0.000000s ]
INFO: [ app_begin ] --START--
INFO: Run Behavior\ReadHtmlCacheBehavior [ RunTime:0.001000s ]
INFO: [ app_begin ] --END-- [ RunTime:0.001000s ]
NOTIC: [8192] mysql_connect(): The mysql extension is deprecated and will be removed in the future: use mysqli or PDO instead E:\PetAdmin\PetAdminShop\ThinkPHP\Library\Think\Db\Driver\Mysql.class.php 第 52 行.
SQL: SHOW COLUMNS FROM `admin_user` [ RunTime:0.006001s ]
SQL: SELECT * FROM `admin_user` WHERE `username` = 'tianxunhulian' LIMIT 1   [ RunTime:0.005000s ]
NOTIC: [8] Undefined index: page E:\PetAdmin\PetAdminShop\Admin\Home\Controller\UserController.class.php 第 42 行.
SQL: SHOW COLUMNS FROM `user` [ RunTime:0.006000s ]
SQL: SELECT * FROM `user`  [ RunTime:0.120007s ]
INFO: [ view_parse ] --START--
INFO: [ template_filter ] --START--
INFO: Run Behavior\ContentReplaceBehavior [ RunTime:0.001000s ]
INFO: [ template_filter ] --END-- [ RunTime:0.001000s ]
INFO: Run Behavior\ParseTemplateBehavior [ RunTime:0.016001s ]
INFO: [ view_parse ] --END-- [ RunTime:0.016001s ]
INFO: [ view_filter ] --START--
INFO: Run Behavior\WriteHtmlCacheBehavior [ RunTime:0.001000s ]
INFO: [ view_filter ] --END-- [ RunTime:0.001000s ]
INFO: [ app_end ] --START--
INFO: Run Behavior\ShowPageTraceBehavior [ RunTime:0.000000s ]
INFO: [ app_end ] --END-- [ RunTime:0.000000s ]

[ 2017-08-03T11:52:14+08:00 ] 127.0.0.1 /admin.php/Home/User/MenuLists
INFO: [ app_init ] --START--
INFO: Run Behavior\BuildLiteBehavior [ RunTime:0.000000s ]
INFO: [ app_init ] --END-- [ RunTime:0.000000s ]
INFO: [ app_begin ] --START--
INFO: Run Behavior\ReadHtmlCacheBehavior [ RunTime:0.000000s ]
INFO: [ app_begin ] --END-- [ RunTime:0.000000s ]
NOTIC: [8192] mysql_connect(): The mysql extension is deprecated and will be removed in the future: use mysqli or PDO instead E:\PetAdmin\PetAdminShop\ThinkPHP\Library\Think\Db\Driver\Mysql.class.php 第 52 行.
SQL: SHOW COLUMNS FROM `admin_user` [ RunTime:0.006000s ]
SQL: SELECT * FROM `admin_user` WHERE `username` = 'tianxunhulian' LIMIT 1   [ RunTime:0.007001s ]
SQL: select admin_jurisdiction.* from admin_user,admin_user_role,admin_role_jurisdiction,admin_jurisdiction
                where admin_user.id=admin_user_role.user_id
                and admin_user_role.role_id=admin_role_jurisdiction.role_id
                and admin_role_jurisdiction.jurisdiction_id=admin_jurisdiction.j_id
                and admin_user.username='tianxunhulian' [ RunTime:0.007000s ]
SQL: SELECT * FROM admin_jurisdiction WHERE pid = 1 [ RunTime:0.005000s ]
SQL: SELECT * FROM admin_jurisdiction WHERE pid = 2 [ RunTime:0.006001s ]
SQL: SELECT * FROM admin_jurisdiction WHERE pid = 3 [ RunTime:0.006000s ]
SQL: SELECT * FROM admin_jurisdiction WHERE pid = 4 [ RunTime:0.006000s ]
SQL: SELECT * FROM admin_jurisdiction WHERE pid = 5 [ RunTime:0.006001s ]
SQL: SELECT * FROM admin_jurisdiction WHERE pid = 6 [ RunTime:0.008000s ]
SQL: SELECT * FROM admin_jurisdiction WHERE pid = 7 [ RunTime:0.007001s ]
SQL: SELECT * FROM admin_jurisdiction WHERE pid = 8 [ RunTime:0.006000s ]
SQL: SELECT * FROM admin_jurisdiction WHERE pid = 9 [ RunTime:0.007000s ]
SQL: SELECT * FROM admin_jurisdiction WHERE pid = 10 [ RunTime:0.006001s ]
SQL: SELECT * FROM admin_jurisdiction WHERE pid = 42 [ RunTime:0.006000s ]
SQL: SELECT * FROM admin_jurisdiction WHERE pid = 46 [ RunTime:0.005000s ]
INFO: [ app_end ] --START--
INFO: Run Behavior\ShowPageTraceBehavior [ RunTime:0.000000s ]
INFO: [ app_end ] --END-- [ RunTime:0.000000s ]

[ 2017-08-03T11:52:17+08:00 ] 127.0.0.1 /admin.php/Home/Sms/SmsInfo
INFO: [ app_init ] --START--
INFO: Run Behavior\BuildLiteBehavior [ RunTime:0.000000s ]
INFO: [ app_init ] --END-- [ RunTime:0.001000s ]
INFO: [ app_begin ] --START--
INFO: Run Behavior\ReadHtmlCacheBehavior [ RunTime:0.001001s ]
INFO: [ app_begin ] --END-- [ RunTime:0.001001s ]
NOTIC: [8192] mysql_connect(): The mysql extension is deprecated and will be removed in the future: use mysqli or PDO instead E:\PetAdmin\PetAdminShop\ThinkPHP\Library\Think\Db\Driver\Mysql.class.php 第 52 行.
SQL: SHOW COLUMNS FROM `admin_user` [ RunTime:0.007000s ]
SQL: SELECT * FROM `admin_user` WHERE `username` = 'tianxunhulian' LIMIT 1   [ RunTime:0.006000s ]
NOTIC: [8] Undefined index: page E:\PetAdmin\PetAdminShop\Admin\Home\Controller\SmsController.class.php 第 23 行.
SQL: SHOW COLUMNS FROM `sms` [ RunTime:0.007001s ]
SQL: SELECT * FROM `sms`  [ RunTime:0.019001s ]
INFO: [ view_parse ] --START--
INFO: [ template_filter ] --START--
INFO: Run Behavior\ContentReplaceBehavior [ RunTime:0.000000s ]
INFO: [ template_filter ] --END-- [ RunTime:0.000000s ]
INFO: Run Behavior\ParseTemplateBehavior [ RunTime:0.012001s ]
INFO: [ view_parse ] --END-- [ RunTime:0.012001s ]
INFO: [ view_filter ] --START--
INFO: Run Behavior\WriteHtmlCacheBehavior [ RunTime:0.000000s ]
INFO: [ view_filter ] --END-- [ RunTime:0.000000s ]
INFO: [ app_end ] --START--
INFO: Run Behavior\ShowPageTraceBehavior [ RunTime:0.001000s ]
INFO: [ app_end ] --END-- [ RunTime:0.001000s ]

[ 2017-08-03T11:52:17+08:00 ] 127.0.0.1 /admin.php/Home/Sms/MenuLists
INFO: [ app_init ] --START--
INFO: Run Behavior\BuildLiteBehavior [ RunTime:0.000000s ]
INFO: [ app_init ] --END-- [ RunTime:0.001000s ]
INFO: [ app_begin ] --START--
INFO: Run Behavior\ReadHtmlCacheBehavior [ RunTime:0.001000s ]
INFO: [ app_begin ] --END-- [ RunTime:0.001000s ]
NOTIC: [8192] mysql_connect(): The mysql extension is deprecated and will be removed in the future: use mysqli or PDO instead E:\PetAdmin\PetAdminShop\ThinkPHP\Library\Think\Db\Driver\Mysql.class.php 第 52 行.
SQL: SHOW COLUMNS FROM `admin_user` [ RunTime:0.005000s ]
SQL: SELECT * FROM `admin_user` WHERE `username` = 'tianxunhulian' LIMIT 1   [ RunTime:0.007001s ]
SQL: select admin_jurisdiction.* from admin_user,admin_user_role,admin_role_jurisdiction,admin_jurisdiction
                where admin_user.id=admin_user_role.user_id
                and admin_user_role.role_id=admin_role_jurisdiction.role_id
                and admin_role_jurisdiction.jurisdiction_id=admin_jurisdiction.j_id
                and admin_user.username='tianxunhulian' [ RunTime:0.005000s ]
SQL: SELECT * FROM admin_jurisdiction WHERE pid = 1 [ RunTime:0.004000s ]
SQL: SELECT * FROM admin_jurisdiction WHERE pid = 2 [ RunTime:0.006000s ]
SQL: SELECT * FROM admin_jurisdiction WHERE pid = 3 [ RunTime:0.004001s ]
SQL: SELECT * FROM admin_jurisdiction WHERE pid = 4 [ RunTime:0.006000s ]
SQL: SELECT * FROM admin_jurisdiction WHERE pid = 5 [ RunTime:0.005000s ]
SQL: SELECT * FROM admin_jurisdiction WHERE pid = 6 [ RunTime:0.004001s ]
SQL: SELECT * FROM admin_jurisdiction WHERE pid = 7 [ RunTime:0.005000s ]
SQL: SELECT * FROM admin_jurisdiction WHERE pid = 8 [ RunTime:0.005000s ]
SQL: SELECT * FROM admin_jurisdiction WHERE pid = 9 [ RunTime:0.004000s ]
SQL: SELECT * FROM admin_jurisdiction WHERE pid = 10 [ RunTime:0.006001s ]
SQL: SELECT * FROM admin_jurisdiction WHERE pid = 42 [ RunTime:0.006000s ]
SQL: SELECT * FROM admin_jurisdiction WHERE pid = 46 [ RunTime:0.006000s ]
INFO: [ app_end ] --START--
INFO: Run Behavior\ShowPageTraceBehavior [ RunTime:0.001001s ]
INFO: [ app_end ] --END-- [ RunTime:0.001001s ]

[ 2017-08-03T11:52:19+08:00 ] 127.0.0.1 /admin.php/Home/Question/MonthOrder
INFO: [ app_init ] --START--
INFO: Run Behavior\BuildLiteBehavior [ RunTime:0.000000s ]
INFO: [ app_init ] --END-- [ RunTime:0.001000s ]
INFO: [ app_begin ] --START--
INFO: Run Behavior\ReadHtmlCacheBehavior [ RunTime:0.001000s ]
INFO: [ app_begin ] --END-- [ RunTime:0.001000s ]
NOTIC: [8192] mysql_connect(): The mysql extension is deprecated and will be removed in the future: use mysqli or PDO instead E:\PetAdmin\PetAdminShop\ThinkPHP\Library\Think\Db\Driver\Mysql.class.php 第 52 行.
SQL: SHOW COLUMNS FROM `admin_user` [ RunTime:0.005000s ]
SQL: SELECT * FROM `admin_user` WHERE `username` = 'tianxunhulian' LIMIT 1   [ RunTime:0.006000s ]
SQL: SHOW COLUMNS FROM `statistics` [ RunTime:0.007001s ]
SQL: SELECT * FROM `statistics` INNER JOIN user ON statistics.user_id = user.id  WHERE ( statistics.monday=08 ) ORDER BY statistics.true_count desc  [ RunTime:0.007000s ]
SQL: SELECT COUNT(*) AS tp_count FROM `statistics` WHERE ( monday=08 ) LIMIT 1   [ RunTime:0.005000s ]
INFO: [ view_parse ] --START--
INFO: [ template_filter ] --START--
INFO: Run Behavior\ContentReplaceBehavior [ RunTime:0.001000s ]
INFO: [ template_filter ] --END-- [ RunTime:0.001000s ]
INFO: Run Behavior\ParseTemplateBehavior [ RunTime:0.012001s ]
INFO: [ view_parse ] --END-- [ RunTime:0.012001s ]
INFO: [ view_filter ] --START--
INFO: Run Behavior\WriteHtmlCacheBehavior [ RunTime:0.000000s ]
INFO: [ view_filter ] --END-- [ RunTime:0.000000s ]
INFO: [ app_end ] --START--
INFO: Run Behavior\ShowPageTraceBehavior [ RunTime:0.001000s ]
INFO: [ app_end ] --END-- [ RunTime:0.001000s ]

[ 2017-08-03T11:52:20+08:00 ] 127.0.0.1 /admin.php/Home/Question/MenuLists
INFO: [ app_init ] --START--
INFO: Run Behavior\BuildLiteBehavior [ RunTime:0.000000s ]
INFO: [ app_init ] --END-- [ RunTime:0.001000s ]
INFO: [ app_begin ] --START--
INFO: Run Behavior\ReadHtmlCacheBehavior [ RunTime:0.001000s ]
INFO: [ app_begin ] --END-- [ RunTime:0.001000s ]
NOTIC: [8192] mysql_connect(): The mysql extension is deprecated and will be removed in the future: use mysqli or PDO instead E:\PetAdmin\PetAdminShop\ThinkPHP\Library\Think\Db\Driver\Mysql.class.php 第 52 行.
SQL: SHOW COLUMNS FROM `admin_user` [ RunTime:0.006001s ]
SQL: SELECT * FROM `admin_user` WHERE `username` = 'tianxunhulian' LIMIT 1   [ RunTime:0.005000s ]
SQL: select admin_jurisdiction.* from admin_user,admin_user_role,admin_role_jurisdiction,admin_jurisdiction
                where admin_user.id=admin_user_role.user_id
                and admin_user_role.role_id=admin_role_jurisdiction.role_id
                and admin_role_jurisdiction.jurisdiction_id=admin_jurisdiction.j_id
                and admin_user.username='tianxunhulian' [ RunTime:0.006000s ]
SQL: SELECT * FROM admin_jurisdiction WHERE pid = 1 [ RunTime:0.006001s ]
SQL: SELECT * FROM admin_jurisdiction WHERE pid = 2 [ RunTime:0.006000s ]
SQL: SELECT * FROM admin_jurisdiction WHERE pid = 3 [ RunTime:0.007001s ]
SQL: SELECT * FROM admin_jurisdiction WHERE pid = 4 [ RunTime:0.006000s ]
SQL: SELECT * FROM admin_jurisdiction WHERE pid = 5 [ RunTime:0.006000s ]
SQL: SELECT * FROM admin_jurisdiction WHERE pid = 6 [ RunTime:0.007001s ]
SQL: SELECT * FROM admin_jurisdiction WHERE pid = 7 [ RunTime:0.006000s ]
SQL: SELECT * FROM admin_jurisdiction WHERE pid = 8 [ RunTime:0.005000s ]
SQL: SELECT * FROM admin_jurisdiction WHERE pid = 9 [ RunTime:0.006001s ]
SQL: SELECT * FROM admin_jurisdiction WHERE pid = 10 [ RunTime:0.007000s ]
SQL: SELECT * FROM admin_jurisdiction WHERE pid = 42 [ RunTime:0.006000s ]
SQL: SELECT * FROM admin_jurisdiction WHERE pid = 46 [ RunTime:0.006001s ]
INFO: [ app_end ] --START--
INFO: Run Behavior\ShowPageTraceBehavior [ RunTime:0.001000s ]
INFO: [ app_end ] --END-- [ RunTime:0.001000s ]

[ 2017-08-03T11:52:46+08:00 ] 127.0.0.1 /admin.php/Home/Question/MonthOrder
INFO: [ app_init ] --START--
INFO: Run Behavior\BuildLiteBehavior [ RunTime:0.000000s ]
INFO: [ app_init ] --END-- [ RunTime:0.000000s ]
INFO: [ app_begin ] --START--
INFO: Run Behavior\ReadHtmlCacheBehavior [ RunTime:0.000000s ]
INFO: [ app_begin ] --END-- [ RunTime:0.000000s ]
NOTIC: [8192] mysql_connect(): The mysql extension is deprecated and will be removed in the future: use mysqli or PDO instead E:\PetAdmin\PetAdminShop\ThinkPHP\Library\Think\Db\Driver\Mysql.class.php 第 52 行.
SQL: SHOW COLUMNS FROM `admin_user` [ RunTime:0.005001s ]
SQL: SELECT * FROM `admin_user` WHERE `username` = 'tianxunhulian' LIMIT 1   [ RunTime:0.006000s ]
SQL: SHOW COLUMNS FROM `statistics` [ RunTime:0.005000s ]
SQL: SELECT * FROM `statistics` INNER JOIN user ON statistics.user_id = user.id  WHERE ( statistics.monday=08 ) ORDER BY statistics.true_count desc  [ RunTime:0.007001s ]
SQL: SELECT COUNT(*) AS tp_count FROM `statistics` WHERE ( monday=08 ) LIMIT 1   [ RunTime:0.006000s ]
INFO: [ view_parse ] --START--
INFO: [ template_filter ] --START--
INFO: Run Behavior\ContentReplaceBehavior [ RunTime:0.000000s ]
INFO: [ template_filter ] --END-- [ RunTime:0.000000s ]
INFO: Run Behavior\ParseTemplateBehavior [ RunTime:0.036002s ]
INFO: [ view_parse ] --END-- [ RunTime:0.036002s ]
INFO: [ view_filter ] --START--
INFO: Run Behavior\WriteHtmlCacheBehavior [ RunTime:0.001000s ]
INFO: [ view_filter ] --END-- [ RunTime:0.001000s ]
INFO: [ app_end ] --START--
INFO: Run Behavior\ShowPageTraceBehavior [ RunTime:0.001000s ]
INFO: [ app_end ] --END-- [ RunTime:0.001000s ]

[ 2017-08-03T11:52:46+08:00 ] 127.0.0.1 /admin.php/Home/Question/MenuLists
INFO: [ app_init ] --START--
INFO: Run Behavior\BuildLiteBehavior [ RunTime:0.000000s ]
INFO: [ app_init ] --END-- [ RunTime:0.000000s ]
INFO: [ app_begin ] --START--
INFO: Run Behavior\ReadHtmlCacheBehavior [ RunTime:0.001000s ]
INFO: [ app_begin ] --END-- [ RunTime:0.001000s ]
NOTIC: [8192] mysql_connect(): The mysql extension is deprecated and will be removed in the future: use mysqli or PDO instead E:\PetAdmin\PetAdminShop\ThinkPHP\Library\Think\Db\Driver\Mysql.class.php 第 52 行.
SQL: SHOW COLUMNS FROM `admin_user` [ RunTime:0.005001s ]
SQL: SELECT * FROM `admin_user` WHERE `username` = 'tianxunhulian' LIMIT 1   [ RunTime:0.005000s ]
SQL: select admin_jurisdiction.* from admin_user,admin_user_role,admin_role_jurisdiction,admin_jurisdiction
                where admin_user.id=admin_user_role.user_id
                and admin_user_role.role_id=admin_role_jurisdiction.role_id
                and admin_role_jurisdiction.jurisdiction_id=admin_jurisdiction.j_id
                and admin_user.username='tianxunhulian' [ RunTime:0.006000s ]
SQL: SELECT * FROM admin_jurisdiction WHERE pid = 1 [ RunTime:0.006001s ]
SQL: SELECT * FROM admin_jurisdiction WHERE pid = 2 [ RunTime:0.005000s ]
SQL: SELECT * FROM admin_jurisdiction WHERE pid = 3 [ RunTime:0.006000s ]
SQL: SELECT * FROM admin_jurisdiction WHERE pid = 4 [ RunTime:0.007001s ]
SQL: SELECT * FROM admin_jurisdiction WHERE pid = 5 [ RunTime:0.005000s ]
SQL: SELECT * FROM admin_jurisdiction WHERE pid = 6 [ RunTime:0.007001s ]
SQL: SELECT * FROM admin_jurisdiction WHERE pid = 7 [ RunTime:0.006000s ]
SQL: SELECT * FROM admin_jurisdiction WHERE pid = 8 [ RunTime:0.005000s ]
SQL: SELECT * FROM admin_jurisdiction WHERE pid = 9 [ RunTime:0.006001s ]
SQL: SELECT * FROM admin_jurisdiction WHERE pid = 10 [ RunTime:0.006000s ]
SQL: SELECT * FROM admin_jurisdiction WHERE pid = 42 [ RunTime:0.006000s ]
SQL: SELECT * FROM admin_jurisdiction WHERE pid = 46 [ RunTime:0.006001s ]
INFO: [ app_end ] --START--
INFO: Run Behavior\ShowPageTraceBehavior [ RunTime:0.001000s ]
INFO: [ app_end ] --END-- [ RunTime:0.001000s ]

[ 2017-08-03T11:52:49+08:00 ] 127.0.0.1 /admin.php/Home/Sms/SmsInfo
INFO: [ app_init ] --START--
INFO: Run Behavior\BuildLiteBehavior [ RunTime:0.000000s ]
INFO: [ app_init ] --END-- [ RunTime:0.000000s ]
INFO: [ app_begin ] --START--
INFO: Run Behavior\ReadHtmlCacheBehavior [ RunTime:0.000000s ]
INFO: [ app_begin ] --END-- [ RunTime:0.000000s ]
NOTIC: [8192] mysql_connect(): The mysql extension is deprecated and will be removed in the future: use mysqli or PDO instead E:\PetAdmin\PetAdminShop\ThinkPHP\Library\Think\Db\Driver\Mysql.class.php 第 52 行.
SQL: SHOW COLUMNS FROM `admin_user` [ RunTime:0.008001s ]
SQL: SELECT * FROM `admin_user` WHERE `username` = 'tianxunhulian' LIMIT 1   [ RunTime:0.008000s ]
NOTIC: [8] Undefined index: page E:\PetAdmin\PetAdminShop\Admin\Home\Controller\SmsController.class.php 第 23 行.
SQL: SHOW COLUMNS FROM `sms` [ RunTime:0.007001s ]
SQL: SELECT * FROM `sms`  [ RunTime:0.021001s ]
INFO: [ view_parse ] --START--
INFO: [ template_filter ] --START--
INFO: Run Behavior\ContentReplaceBehavior [ RunTime:0.000000s ]
INFO: [ template_filter ] --END-- [ RunTime:0.000000s ]
INFO: Run Behavior\ParseTemplateBehavior [ RunTime:0.032002s ]
INFO: [ view_parse ] --END-- [ RunTime:0.032002s ]
INFO: [ view_filter ] --START--
INFO: Run Behavior\WriteHtmlCacheBehavior [ RunTime:0.001000s ]
INFO: [ view_filter ] --END-- [ RunTime:0.001000s ]
INFO: [ app_end ] --START--
INFO: Run Behavior\ShowPageTraceBehavior [ RunTime:0.001000s ]
INFO: [ app_end ] --END-- [ RunTime:0.001000s ]

[ 2017-08-03T11:52:49+08:00 ] 127.0.0.1 /admin.php/Home/Sms/MenuLists
INFO: [ app_init ] --START--
INFO: Run Behavior\BuildLiteBehavior [ RunTime:0.000000s ]
INFO: [ app_init ] --END-- [ RunTime:0.000000s ]
INFO: [ app_begin ] --START--
INFO: Run Behavior\ReadHtmlCacheBehavior [ RunTime:0.001000s ]
INFO: [ app_begin ] --END-- [ RunTime:0.001000s ]
NOTIC: [8192] mysql_connect(): The mysql extension is deprecated and will be removed in the future: use mysqli or PDO instead E:\PetAdmin\PetAdminShop\ThinkPHP\Library\Think\Db\Driver\Mysql.class.php 第 52 行.
SQL: SHOW COLUMNS FROM `admin_user` [ RunTime:0.007000s ]
SQL: SELECT * FROM `admin_user` WHERE `username` = 'tianxunhulian' LIMIT 1   [ RunTime:0.006001s ]
SQL: select admin_jurisdiction.* from admin_user,admin_user_role,admin_role_jurisdiction,admin_jurisdiction
                where admin_user.id=admin_user_role.user_id
                and admin_user_role.role_id=admin_role_jurisdiction.role_id
                and admin_role_jurisdiction.jurisdiction_id=admin_jurisdiction.j_id
                and admin_user.username='tianxunhulian' [ RunTime:0.005000s ]
SQL: SELECT * FROM admin_jurisdiction WHERE pid = 1 [ RunTime:0.007000s ]
SQL: SELECT * FROM admin_jurisdiction WHERE pid = 2 [ RunTime:0.006001s ]
SQL: SELECT * FROM admin_jurisdiction WHERE pid = 3 [ RunTime:0.007000s ]
SQL: SELECT * FROM admin_jurisdiction WHERE pid = 4 [ RunTime:0.006000s ]
SQL: SELECT * FROM admin_jurisdiction WHERE pid = 5 [ RunTime:0.006001s ]
SQL: SELECT * FROM admin_jurisdiction WHERE pid = 6 [ RunTime:0.007000s ]
SQL: SELECT * FROM admin_jurisdiction WHERE pid = 7 [ RunTime:0.006000s ]
SQL: SELECT * FROM admin_jurisdiction WHERE pid = 8 [ RunTime:0.007001s ]
SQL: SELECT * FROM admin_jurisdiction WHERE pid = 9 [ RunTime:0.006000s ]
SQL: SELECT * FROM admin_jurisdiction WHERE pid = 10 [ RunTime:0.007001s ]
SQL: SELECT * FROM admin_jurisdiction WHERE pid = 42 [ RunTime:0.006000s ]
SQL: SELECT * FROM admin_jurisdiction WHERE pid = 46 [ RunTime:0.006000s ]
INFO: [ app_end ] --START--
INFO: Run Behavior\ShowPageTraceBehavior [ RunTime:0.000000s ]
INFO: [ app_end ] --END-- [ RunTime:0.001000s ]

[ 2017-08-03T11:53:15+08:00 ] 127.0.0.1 /admin.php
INFO: [ app_init ] --START--
INFO: Run Behavior\BuildLiteBehavior [ RunTime:0.000000s ]
INFO: [ app_init ] --END-- [ RunTime:0.001000s ]
INFO: [ app_begin ] --START--
INFO: Run Behavior\ReadHtmlCacheBehavior [ RunTime:0.000000s ]
INFO: [ app_begin ] --END-- [ RunTime:0.000000s ]
INFO: [ view_parse ] --START--
INFO: [ template_filter ] --START--
INFO: Run Behavior\ContentReplaceBehavior [ RunTime:0.000000s ]
INFO: [ template_filter ] --END-- [ RunTime:0.000000s ]
INFO: Run Behavior\ParseTemplateBehavior [ RunTime:0.007000s ]
INFO: [ view_parse ] --END-- [ RunTime:0.007000s ]
INFO: [ view_filter ] --START--
INFO: Run Behavior\WriteHtmlCacheBehavior [ RunTime:0.001000s ]
INFO: [ view_filter ] --END-- [ RunTime:0.001000s ]
INFO: [ app_end ] --START--
INFO: Run Behavior\ShowPageTraceBehavior [ RunTime:0.000000s ]
INFO: [ app_end ] --END-- [ RunTime:0.000000s ]

[ 2017-08-03T11:53:22+08:00 ] 127.0.0.1 /admin.php/Home/Login/LoginVerification
INFO: [ app_init ] --START--
INFO: Run Behavior\BuildLiteBehavior [ RunTime:0.000000s ]
INFO: [ app_init ] --END-- [ RunTime:0.000000s ]
INFO: [ app_begin ] --START--
INFO: Run Behavior\ReadHtmlCacheBehavior [ RunTime:0.000000s ]
INFO: [ app_begin ] --END-- [ RunTime:0.000000s ]
NOTIC: [8192] mysql_connect(): The mysql extension is deprecated and will be removed in the future: use mysqli or PDO instead E:\PetAdmin\PetAdminShop\ThinkPHP\Library\Think\Db\Driver\Mysql.class.php 第 52 行.
SQL: SHOW COLUMNS FROM `admin_user` [ RunTime:0.006000s ]
SQL: SELECT COUNT(*) AS tp_count FROM `admin_user` WHERE `username` = 'tianxunhulian' AND `password` = 'dGlhbnh1bmh1bGlhbg==' LIMIT 1   [ RunTime:0.005000s ]
INFO: [ app_end ] --START--
INFO: Run Behavior\ShowPageTraceBehavior [ RunTime:0.001000s ]
INFO: [ app_end ] --END-- [ RunTime:0.001000s ]

[ 2017-08-03T11:53:22+08:00 ] 127.0.0.1 /admin.php/Home/Login/Home
INFO: [ app_init ] --START--
INFO: Run Behavior\BuildLiteBehavior [ RunTime:0.000000s ]
INFO: [ app_init ] --END-- [ RunTime:0.000000s ]
INFO: [ app_begin ] --START--
INFO: Run Behavior\ReadHtmlCacheBehavior [ RunTime:0.000000s ]
INFO: [ app_begin ] --END-- [ RunTime:0.000000s ]
NOTIC: [8192] mysql_connect(): The mysql extension is deprecated and will be removed in the future: use mysqli or PDO instead E:\PetAdmin\PetAdminShop\ThinkPHP\Library\Think\Db\Driver\Mysql.class.php 第 52 行.
SQL: SHOW COLUMNS FROM `admin_user` [ RunTime:0.006000s ]
SQL: SELECT * FROM `admin_user` WHERE `username` = 'tianxunhulian' LIMIT 1   [ RunTime:0.006001s ]
SQL: SHOW COLUMNS FROM `orders` [ RunTime:0.007000s ]
SQL: SELECT COUNT(*) AS tp_count FROM `orders` WHERE `create_time` BETWEEN '1501689600' AND '1501776000' LIMIT 1   [ RunTime:0.006000s ]
SQL: SELECT COUNT(*) AS tp_count FROM `orders` WHERE `create_time` BETWEEN '1501689600' AND '1501776000' AND `status` = 2 LIMIT 1   [ RunTime:0.007001s ]
SQL: SELECT COUNT(*) AS tp_count FROM `orders` WHERE `create_time` BETWEEN '1501689600' AND '1501776000' AND `status` = 3 LIMIT 1   [ RunTime:0.006000s ]
INFO: [ view_parse ] --START--
INFO: [ template_filter ] --START--
INFO: Run Behavior\ContentReplaceBehavior [ RunTime:0.000000s ]
INFO: [ template_filter ] --END-- [ RunTime:0.000000s ]
INFO: Run Behavior\ParseTemplateBehavior [ RunTime:0.011001s ]
INFO: [ view_parse ] --END-- [ RunTime:0.011001s ]
INFO: [ view_filter ] --START--
INFO: Run Behavior\WriteHtmlCacheBehavior [ RunTime:0.000000s ]
INFO: [ view_filter ] --END-- [ RunTime:0.000000s ]
INFO: [ app_end ] --START--
INFO: Run Behavior\ShowPageTraceBehavior [ RunTime:0.000000s ]
INFO: [ app_end ] --END-- [ RunTime:0.000000s ]

[ 2017-08-03T11:53:23+08:00 ] 127.0.0.1 /admin.php/Home/Login/MenuLists
INFO: [ app_init ] --START--
INFO: Run Behavior\BuildLiteBehavior [ RunTime:0.000000s ]
INFO: [ app_init ] --END-- [ RunTime:0.000000s ]
INFO: [ app_begin ] --START--
INFO: Run Behavior\ReadHtmlCacheBehavior [ RunTime:0.000000s ]
INFO: [ app_begin ] --END-- [ RunTime:0.000000s ]
NOTIC: [8192] mysql_connect(): The mysql extension is deprecated and will be removed in the future: use mysqli or PDO instead E:\PetAdmin\PetAdminShop\ThinkPHP\Library\Think\Db\Driver\Mysql.class.php 第 52 行.
SQL: select admin_jurisdiction.* from admin_user,admin_user_role,admin_role_jurisdiction,admin_jurisdiction
                where admin_user.id=admin_user_role.user_id
                and admin_user_role.role_id=admin_role_jurisdiction.role_id
                and admin_role_jurisdiction.jurisdiction_id=admin_jurisdiction.j_id
                and admin_user.username='tianxunhulian' [ RunTime:0.005000s ]
SQL: SELECT * FROM admin_jurisdiction WHERE pid = 1 [ RunTime:0.006000s ]
SQL: SELECT * FROM admin_jurisdiction WHERE pid = 2 [ RunTime:0.004000s ]
SQL: SELECT * FROM admin_jurisdiction WHERE pid = 3 [ RunTime:0.007001s ]
SQL: SELECT * FROM admin_jurisdiction WHERE pid = 4 [ RunTime:0.007000s ]
SQL: SELECT * FROM admin_jurisdiction WHERE pid = 5 [ RunTime:0.007001s ]
SQL: SELECT * FROM admin_jurisdiction WHERE pid = 6 [ RunTime:0.005000s ]
SQL: SELECT * FROM admin_jurisdiction WHERE pid = 7 [ RunTime:0.006000s ]
SQL: SELECT * FROM admin_jurisdiction WHERE pid = 8 [ RunTime:0.006001s ]
SQL: SELECT * FROM admin_jurisdiction WHERE pid = 9 [ RunTime:0.006000s ]
SQL: SELECT * FROM admin_jurisdiction WHERE pid = 10 [ RunTime:0.005000s ]
SQL: SELECT * FROM admin_jurisdiction WHERE pid = 42 [ RunTime:0.004001s ]
SQL: SELECT * FROM admin_jurisdiction WHERE pid = 46 [ RunTime:0.005000s ]
INFO: [ app_end ] --START--
INFO: Run Behavior\ShowPageTraceBehavior [ RunTime:0.001000s ]
INFO: [ app_end ] --END-- [ RunTime:0.001000s ]

[ 2017-08-03T11:53:28+08:00 ] 127.0.0.1 /admin.php/Home/Login/HomeGoodsInfo
INFO: [ app_init ] --START--
INFO: Run Behavior\BuildLiteBehavior [ RunTime:0.000000s ]
INFO: [ app_init ] --END-- [ RunTime:0.000000s ]
INFO: [ app_begin ] --START--
INFO: Run Behavior\ReadHtmlCacheBehavior [ RunTime:0.001000s ]
INFO: [ app_begin ] --END-- [ RunTime:0.001000s ]
NOTIC: [8192] mysql_connect(): The mysql extension is deprecated and will be removed in the future: use mysqli or PDO instead E:\PetAdmin\PetAdminShop\ThinkPHP\Library\Think\Db\Driver\Mysql.class.php 第 52 行.
SQL: SHOW COLUMNS FROM `orders` [ RunTime:0.008001s ]
SQL: SELECT COUNT(*) AS tp_count FROM `orders` WHERE `create_time` BETWEEN '1501689600' AND '1501776000' AND `status` = 2 LIMIT 1   [ RunTime:0.007000s ]
INFO: [ app_end ] --START--
INFO: Run Behavior\ShowPageTraceBehavior [ RunTime:0.001000s ]
INFO: [ app_end ] --END-- [ RunTime:0.001000s ]

[ 2017-08-03T11:54:01+08:00 ] 127.0.0.1 /admin.php/Home/Sms/SmsInfo
INFO: [ app_init ] --START--
INFO: Run Behavior\BuildLiteBehavior [ RunTime:0.000000s ]
INFO: [ app_init ] --END-- [ RunTime:0.000000s ]
INFO: [ app_begin ] --START--
INFO: Run Behavior\ReadHtmlCacheBehavior [ RunTime:0.001000s ]
INFO: [ app_begin ] --END-- [ RunTime:0.001000s ]
NOTIC: [8192] mysql_connect(): The mysql extension is deprecated and will be removed in the future: use mysqli or PDO instead E:\PetAdmin\PetAdminShop\ThinkPHP\Library\Think\Db\Driver\Mysql.class.php 第 52 行.
SQL: SHOW COLUMNS FROM `admin_user` [ RunTime:0.008001s ]
SQL: SELECT * FROM `admin_user` WHERE `username` = 'tianxunhulian' LIMIT 1   [ RunTime:0.005000s ]
NOTIC: [8] Undefined index: page E:\PetAdmin\PetAdminShop\Admin\Home\Controller\SmsController.class.php 第 23 行.
SQL: SHOW COLUMNS FROM `sms` [ RunTime:0.006000s ]
SQL: SELECT * FROM `sms`  [ RunTime:0.019001s ]
INFO: [ view_parse ] --START--
INFO: [ template_filter ] --START--
INFO: Run Behavior\ContentReplaceBehavior [ RunTime:0.000000s ]
INFO: [ template_filter ] --END-- [ RunTime:0.000000s ]
INFO: Run Behavior\ParseTemplateBehavior [ RunTime:0.028001s ]
INFO: [ view_parse ] --END-- [ RunTime:0.028001s ]
INFO: [ view_filter ] --START--
INFO: Run Behavior\WriteHtmlCacheBehavior [ RunTime:0.000000s ]
INFO: [ view_filter ] --END-- [ RunTime:0.000000s ]
INFO: [ app_end ] --START--
INFO: Run Behavior\ShowPageTraceBehavior [ RunTime:0.001000s ]
INFO: [ app_end ] --END-- [ RunTime:0.001000s ]

[ 2017-08-03T11:54:01+08:00 ] 127.0.0.1 /admin.php/Home/Sms/MenuLists
INFO: [ app_init ] --START--
INFO: Run Behavior\BuildLiteBehavior [ RunTime:0.000000s ]
INFO: [ app_init ] --END-- [ RunTime:0.000000s ]
INFO: [ app_begin ] --START--
INFO: Run Behavior\ReadHtmlCacheBehavior [ RunTime:0.001000s ]
INFO: [ app_begin ] --END-- [ RunTime:0.001000s ]
NOTIC: [8192] mysql_connect(): The mysql extension is deprecated and will be removed in the future: use mysqli or PDO instead E:\PetAdmin\PetAdminShop\ThinkPHP\Library\Think\Db\Driver\Mysql.class.php 第 52 行.
SQL: SHOW COLUMNS FROM `admin_user` [ RunTime:0.011000s ]
SQL: SELECT * FROM `admin_user` WHERE `username` = 'tianxunhulian' LIMIT 1   [ RunTime:0.006001s ]
SQL: select admin_jurisdiction.* from admin_user,admin_user_role,admin_role_jurisdiction,admin_jurisdiction
                where admin_user.id=admin_user_role.user_id
                and admin_user_role.role_id=admin_role_jurisdiction.role_id
                and admin_role_jurisdiction.jurisdiction_id=admin_jurisdiction.j_id
                and admin_user.username='tianxunhulian' [ RunTime:0.007000s ]
SQL: SELECT * FROM admin_jurisdiction WHERE pid = 1 [ RunTime:0.005000s ]
SQL: SELECT * FROM admin_jurisdiction WHERE pid = 2 [ RunTime:0.004001s ]
SQL: SELECT * FROM admin_jurisdiction WHERE pid = 3 [ RunTime:0.006000s ]
SQL: SELECT * FROM admin_jurisdiction WHERE pid = 4 [ RunTime:0.006000s ]
SQL: SELECT * FROM admin_jurisdiction WHERE pid = 5 [ RunTime:0.007001s ]
SQL: SELECT * FROM admin_jurisdiction WHERE pid = 6 [ RunTime:0.006000s ]
SQL: SELECT * FROM admin_jurisdiction WHERE pid = 7 [ RunTime:0.006000s ]
SQL: SELECT * FROM admin_jurisdiction WHERE pid = 8 [ RunTime:0.006001s ]
SQL: SELECT * FROM admin_jurisdiction WHERE pid = 9 [ RunTime:0.006000s ]
SQL: SELECT * FROM admin_jurisdiction WHERE pid = 10 [ RunTime:0.006000s ]
SQL: SELECT * FROM admin_jurisdiction WHERE pid = 42 [ RunTime:0.006001s ]
SQL: SELECT * FROM admin_jurisdiction WHERE pid = 46 [ RunTime:0.007000s ]
INFO: [ app_end ] --START--
INFO: Run Behavior\ShowPageTraceBehavior [ RunTime:0.000000s ]
INFO: [ app_end ] --END-- [ RunTime:0.000000s ]

[ 2017-08-03T11:54:11+08:00 ] 127.0.0.1 /admin.php/Home/Sms/SmsInfo
INFO: [ app_init ] --START--
INFO: Run Behavior\BuildLiteBehavior [ RunTime:0.000000s ]
INFO: [ app_init ] --END-- [ RunTime:0.001001s ]
INFO: [ app_begin ] --START--
INFO: Run Behavior\ReadHtmlCacheBehavior [ RunTime:0.001000s ]
INFO: [ app_begin ] --END-- [ RunTime:0.001000s ]
NOTIC: [8192] mysql_connect(): The mysql extension is deprecated and will be removed in the future: use mysqli or PDO instead E:\PetAdmin\PetAdminShop\ThinkPHP\Library\Think\Db\Driver\Mysql.class.php 第 52 行.
SQL: SHOW COLUMNS FROM `admin_user` [ RunTime:0.007000s ]
SQL: SELECT * FROM `admin_user` WHERE `username` = 'tianxunhulian' LIMIT 1   [ RunTime:0.005000s ]
NOTIC: [8] Undefined index: page E:\PetAdmin\PetAdminShop\Admin\Home\Controller\SmsController.class.php 第 23 行.
SQL: SHOW COLUMNS FROM `sms` [ RunTime:0.006000s ]
SQL: SELECT * FROM `sms`  [ RunTime:0.019001s ]
INFO: [ view_parse ] --START--
INFO: [ template_filter ] --START--
INFO: Run Behavior\ContentReplaceBehavior [ RunTime:0.000000s ]
INFO: [ template_filter ] --END-- [ RunTime:0.000000s ]
INFO: Run Behavior\ParseTemplateBehavior [ RunTime:0.019002s ]
INFO: [ view_parse ] --END-- [ RunTime:0.019002s ]
INFO: [ view_filter ] --START--
INFO: Run Behavior\WriteHtmlCacheBehavior [ RunTime:0.001000s ]
INFO: [ view_filter ] --END-- [ RunTime:0.001000s ]
INFO: [ app_end ] --START--
INFO: Run Behavior\ShowPageTraceBehavior [ RunTime:0.002000s ]
INFO: [ app_end ] --END-- [ RunTime:0.002000s ]

[ 2017-08-03T11:54:12+08:00 ] 127.0.0.1 /admin.php/Home/Sms/MenuLists
INFO: [ app_init ] --START--
INFO: Run Behavior\BuildLiteBehavior [ RunTime:0.000000s ]
INFO: [ app_init ] --END-- [ RunTime:0.001000s ]
INFO: [ app_begin ] --START--
INFO: Run Behavior\ReadHtmlCacheBehavior [ RunTime:0.001000s ]
INFO: [ app_begin ] --END-- [ RunTime:0.001000s ]
NOTIC: [8192] mysql_connect(): The mysql extension is deprecated and will be removed in the future: use mysqli or PDO instead E:\PetAdmin\PetAdminShop\ThinkPHP\Library\Think\Db\Driver\Mysql.class.php 第 52 行.
SQL: SHOW COLUMNS FROM `admin_user` [ RunTime:0.007000s ]
SQL: SELECT * FROM `admin_user` WHERE `username` = 'tianxunhulian' LIMIT 1   [ RunTime:0.006001s ]
SQL: select admin_jurisdiction.* from admin_user,admin_user_role,admin_role_jurisdiction,admin_jurisdiction
                where admin_user.id=admin_user_role.user_id
                and admin_user_role.role_id=admin_role_jurisdiction.role_id
                and admin_role_jurisdiction.jurisdiction_id=admin_jurisdiction.j_id
                and admin_user.username='tianxunhulian' [ RunTime:0.007000s ]
SQL: SELECT * FROM admin_jurisdiction WHERE pid = 1 [ RunTime:0.006001s ]
SQL: SELECT * FROM admin_jurisdiction WHERE pid = 2 [ RunTime:0.007000s ]
SQL: SELECT * FROM admin_jurisdiction WHERE pid = 3 [ RunTime:0.005000s ]
SQL: SELECT * FROM admin_jurisdiction WHERE pid = 4 [ RunTime:0.008001s ]
SQL: SELECT * FROM admin_jurisdiction WHERE pid = 5 [ RunTime:0.005000s ]
SQL: SELECT * FROM admin_jurisdiction WHERE pid = 6 [ RunTime:0.007000s ]
SQL: SELECT * FROM admin_jurisdiction WHERE pid = 7 [ RunTime:0.006001s ]
SQL: SELECT * FROM admin_jurisdiction WHERE pid = 8 [ RunTime:0.006000s ]
SQL: SELECT * FROM admin_jurisdiction WHERE pid = 9 [ RunTime:0.006000s ]
SQL: SELECT * FROM admin_jurisdiction WHERE pid = 10 [ RunTime:0.007001s ]
SQL: SELECT * FROM admin_jurisdiction WHERE pid = 42 [ RunTime:0.005000s ]
SQL: SELECT * FROM admin_jurisdiction WHERE pid = 46 [ RunTime:0.006001s ]
INFO: [ app_end ] --START--
INFO: Run Behavior\ShowPageTraceBehavior [ RunTime:0.001000s ]
INFO: [ app_end ] --END-- [ RunTime:0.001000s ]

[ 2017-08-03T17:08:28+08:00 ] 127.0.0.1 /admin.php/Home/Login/Home
INFO: [ app_init ] --START--
INFO: Run Behavior\BuildLiteBehavior [ RunTime:0.000000s ]
INFO: [ app_init ] --END-- [ RunTime:0.000000s ]
INFO: [ app_begin ] --START--
INFO: Run Behavior\ReadHtmlCacheBehavior [ RunTime:0.000000s ]
INFO: [ app_begin ] --END-- [ RunTime:0.000000s ]
NOTIC: [8] Undefined index: username E:\PetAdmin\PetAdminShop\Admin\Home\Controller\LoginController.class.php 第 38 行.
NOTIC: [8192] mysql_connect(): The mysql extension is deprecated and will be removed in the future: use mysqli or PDO instead E:\PetAdmin\PetAdminShop\ThinkPHP\Library\Think\Db\Driver\Mysql.class.php 第 52 行.
SQL: SHOW COLUMNS FROM `admin_user` [ RunTime:0.007000s ]
SQL: SELECT * FROM `admin_user` WHERE `username` = null LIMIT 1   [ RunTime:0.008001s ]

[ 2017-08-03T17:08:29+08:00 ] 127.0.0.1 /admin.php/Home/Login/index
INFO: [ app_init ] --START--
INFO: Run Behavior\BuildLiteBehavior [ RunTime:0.000000s ]
INFO: [ app_init ] --END-- [ RunTime:0.001000s ]
INFO: [ app_begin ] --START--
INFO: Run Behavior\ReadHtmlCacheBehavior [ RunTime:0.001000s ]
INFO: [ app_begin ] --END-- [ RunTime:0.001000s ]
INFO: [ view_parse ] --START--
INFO: [ template_filter ] --START--
INFO: Run Behavior\ContentReplaceBehavior [ RunTime:0.000000s ]
INFO: [ template_filter ] --END-- [ RunTime:0.000000s ]
INFO: Run Behavior\ParseTemplateBehavior [ RunTime:0.018001s ]
INFO: [ view_parse ] --END-- [ RunTime:0.018001s ]
INFO: [ view_filter ] --START--
INFO: Run Behavior\WriteHtmlCacheBehavior [ RunTime:0.001000s ]
INFO: [ view_filter ] --END-- [ RunTime:0.001000s ]
INFO: [ app_end ] --START--
INFO: Run Behavior\ShowPageTraceBehavior [ RunTime:0.000000s ]
INFO: [ app_end ] --END-- [ RunTime:0.000000s ]

[ 2017-08-03T17:08:30+08:00 ] 127.0.0.1 /admin.php/Home/Login/LoginVerification
INFO: [ app_init ] --START--
INFO: Run Behavior\BuildLiteBehavior [ RunTime:0.000000s ]
INFO: [ app_init ] --END-- [ RunTime:0.000000s ]
INFO: [ app_begin ] --START--
INFO: Run Behavior\ReadHtmlCacheBehavior [ RunTime:0.000000s ]
INFO: [ app_begin ] --END-- [ RunTime:0.000000s ]
NOTIC: [8192] mysql_connect(): The mysql extension is deprecated and will be removed in the future: use mysqli or PDO instead E:\PetAdmin\PetAdminShop\ThinkPHP\Library\Think\Db\Driver\Mysql.class.php 第 52 行.
SQL: SHOW COLUMNS FROM `admin_user` [ RunTime:0.006000s ]
SQL: SELECT COUNT(*) AS tp_count FROM `admin_user` WHERE `username` = 'tianxunhulian' AND `password` = 'dGlhbnh1bmh1bGlhbg==' LIMIT 1   [ RunTime:0.005000s ]
INFO: [ app_end ] --START--
INFO: Run Behavior\ShowPageTraceBehavior [ RunTime:0.001000s ]
INFO: [ app_end ] --END-- [ RunTime:0.001000s ]

[ 2017-08-03T17:08:30+08:00 ] 127.0.0.1 /admin.php/Home/Login/Home
INFO: [ app_init ] --START--
INFO: Run Behavior\BuildLiteBehavior [ RunTime:0.000000s ]
INFO: [ app_init ] --END-- [ RunTime:0.001000s ]
INFO: [ app_begin ] --START--
INFO: Run Behavior\ReadHtmlCacheBehavior [ RunTime:0.001000s ]
INFO: [ app_begin ] --END-- [ RunTime:0.001000s ]
NOTIC: [8192] mysql_connect(): The mysql extension is deprecated and will be removed in the future: use mysqli or PDO instead E:\PetAdmin\PetAdminShop\ThinkPHP\Library\Think\Db\Driver\Mysql.class.php 第 52 行.
SQL: SHOW COLUMNS FROM `admin_user` [ RunTime:0.006000s ]
SQL: SELECT * FROM `admin_user` WHERE `username` = 'tianxunhulian' LIMIT 1   [ RunTime:0.006001s ]
SQL: SHOW COLUMNS FROM `orders` [ RunTime:0.006000s ]
SQL: SELECT COUNT(*) AS tp_count FROM `orders` WHERE `create_time` BETWEEN '1501689600' AND '1501776000' LIMIT 1   [ RunTime:0.005000s ]
SQL: SELECT COUNT(*) AS tp_count FROM `orders` WHERE `create_time` BETWEEN '1501689600' AND '1501776000' AND `status` = 2 LIMIT 1   [ RunTime:0.006001s ]
SQL: SELECT COUNT(*) AS tp_count FROM `orders` WHERE `create_time` BETWEEN '1501689600' AND '1501776000' AND `status` = 3 LIMIT 1   [ RunTime:0.006000s ]
INFO: [ view_parse ] --START--
INFO: [ template_filter ] --START--
INFO: Run Behavior\ContentReplaceBehavior [ RunTime:0.000000s ]
INFO: [ template_filter ] --END-- [ RunTime:0.000000s ]
INFO: Run Behavior\ParseTemplateBehavior [ RunTime:0.013001s ]
INFO: [ view_parse ] --END-- [ RunTime:0.013001s ]
INFO: [ view_filter ] --START--
INFO: Run Behavior\WriteHtmlCacheBehavior [ RunTime:0.000000s ]
INFO: [ view_filter ] --END-- [ RunTime:0.001000s ]
INFO: [ app_end ] --START--
INFO: Run Behavior\ShowPageTraceBehavior [ RunTime:0.000000s ]
INFO: [ app_end ] --END-- [ RunTime:0.000000s ]

[ 2017-08-03T17:08:31+08:00 ] 127.0.0.1 /admin.php/Home/Login/MenuLists
INFO: [ app_init ] --START--
INFO: Run Behavior\BuildLiteBehavior [ RunTime:0.000000s ]
INFO: [ app_init ] --END-- [ RunTime:0.001000s ]
INFO: [ app_begin ] --START--
INFO: Run Behavior\ReadHtmlCacheBehavior [ RunTime:0.000000s ]
INFO: [ app_begin ] --END-- [ RunTime:0.000000s ]
NOTIC: [8192] mysql_connect(): The mysql extension is deprecated and will be removed in the future: use mysqli or PDO instead E:\PetAdmin\PetAdminShop\ThinkPHP\Library\Think\Db\Driver\Mysql.class.php 第 52 行.
SQL: select admin_jurisdiction.* from admin_user,admin_user_role,admin_role_jurisdiction,admin_jurisdiction
                where admin_user.id=admin_user_role.user_id
                and admin_user_role.role_id=admin_role_jurisdiction.role_id
                and admin_role_jurisdiction.jurisdiction_id=admin_jurisdiction.j_id
                and admin_user.username='tianxunhulian' [ RunTime:0.004000s ]
SQL: SELECT * FROM admin_jurisdiction WHERE pid = 1 [ RunTime:0.008000s ]
SQL: SELECT * FROM admin_jurisdiction WHERE pid = 2 [ RunTime:0.005001s ]
SQL: SELECT * FROM admin_jurisdiction WHERE pid = 3 [ RunTime:0.007000s ]
SQL: SELECT * FROM admin_jurisdiction WHERE pid = 4 [ RunTime:0.006000s ]
SQL: SELECT * FROM admin_jurisdiction WHERE pid = 5 [ RunTime:0.006001s ]
SQL: SELECT * FROM admin_jurisdiction WHERE pid = 6 [ RunTime:0.007000s ]
SQL: SELECT * FROM admin_jurisdiction WHERE pid = 7 [ RunTime:0.006000s ]
SQL: SELECT * FROM admin_jurisdiction WHERE pid = 8 [ RunTime:0.006001s ]
SQL: SELECT * FROM admin_jurisdiction WHERE pid = 9 [ RunTime:0.007000s ]
SQL: SELECT * FROM admin_jurisdiction WHERE pid = 10 [ RunTime:0.006001s ]
SQL: SELECT * FROM admin_jurisdiction WHERE pid = 42 [ RunTime:0.006000s ]
SQL: SELECT * FROM admin_jurisdiction WHERE pid = 46 [ RunTime:0.007000s ]
INFO: [ app_end ] --START--
INFO: Run Behavior\ShowPageTraceBehavior [ RunTime:0.001000s ]
INFO: [ app_end ] --END-- [ RunTime:0.001000s ]

[ 2017-08-03T17:08:36+08:00 ] 127.0.0.1 /admin.php/Home/Login/HomeGoodsInfo
INFO: [ app_init ] --START--
INFO: Run Behavior\BuildLiteBehavior [ RunTime:0.000000s ]
INFO: [ app_init ] --END-- [ RunTime:0.000000s ]
INFO: [ app_begin ] --START--
INFO: Run Behavior\ReadHtmlCacheBehavior [ RunTime:0.000000s ]
INFO: [ app_begin ] --END-- [ RunTime:0.000000s ]
NOTIC: [8192] mysql_connect(): The mysql extension is deprecated and will be removed in the future: use mysqli or PDO instead E:\PetAdmin\PetAdminShop\ThinkPHP\Library\Think\Db\Driver\Mysql.class.php 第 52 行.
SQL: SHOW COLUMNS FROM `orders` [ RunTime:0.007001s ]
SQL: SELECT COUNT(*) AS tp_count FROM `orders` WHERE `create_time` BETWEEN '1501689600' AND '1501776000' AND `status` = 2 LIMIT 1   [ RunTime:0.007000s ]
INFO: [ app_end ] --START--
INFO: Run Behavior\ShowPageTraceBehavior [ RunTime:0.001000s ]
INFO: [ app_end ] --END-- [ RunTime:0.001000s ]

[ 2017-08-03T17:08:37+08:00 ] 127.0.0.1 /admin.php/Home/Login/Home
INFO: [ app_init ] --START--
INFO: Run Behavior\BuildLiteBehavior [ RunTime:0.000000s ]
INFO: [ app_init ] --END-- [ RunTime:0.001000s ]
INFO: [ app_begin ] --START--
INFO: Run Behavior\ReadHtmlCacheBehavior [ RunTime:0.001000s ]
INFO: [ app_begin ] --END-- [ RunTime:0.001000s ]
NOTIC: [8192] mysql_connect(): The mysql extension is deprecated and will be removed in the future: use mysqli or PDO instead E:\PetAdmin\PetAdminShop\ThinkPHP\Library\Think\Db\Driver\Mysql.class.php 第 52 行.
SQL: SHOW COLUMNS FROM `admin_user` [ RunTime:0.005001s ]
SQL: SELECT * FROM `admin_user` WHERE `username` = 'tianxunhulian' LIMIT 1   [ RunTime:0.007000s ]
SQL: SHOW COLUMNS FROM `orders` [ RunTime:0.007001s ]
SQL: SELECT COUNT(*) AS tp_count FROM `orders` WHERE `create_time` BETWEEN '1501689600' AND '1501776000' LIMIT 1   [ RunTime:0.006000s ]
SQL: SELECT COUNT(*) AS tp_count FROM `orders` WHERE `create_time` BETWEEN '1501689600' AND '1501776000' AND `status` = 2 LIMIT 1   [ RunTime:0.006000s ]
SQL: SELECT COUNT(*) AS tp_count FROM `orders` WHERE `create_time` BETWEEN '1501689600' AND '1501776000' AND `status` = 3 LIMIT 1   [ RunTime:0.005001s ]
INFO: [ view_parse ] --START--
INFO: [ template_filter ] --START--
INFO: Run Behavior\ContentReplaceBehavior [ RunTime:0.001000s ]
INFO: [ template_filter ] --END-- [ RunTime:0.001000s ]
INFO: Run Behavior\ParseTemplateBehavior [ RunTime:0.039002s ]
INFO: [ view_parse ] --END-- [ RunTime:0.039002s ]
INFO: [ view_filter ] --START--
INFO: Run Behavior\WriteHtmlCacheBehavior [ RunTime:0.000000s ]
INFO: [ view_filter ] --END-- [ RunTime:0.000000s ]
INFO: [ app_end ] --START--
INFO: Run Behavior\ShowPageTraceBehavior [ RunTime:0.001000s ]
INFO: [ app_end ] --END-- [ RunTime:0.001000s ]

[ 2017-08-03T17:08:37+08:00 ] 127.0.0.1 /admin.php/Home/Login/MenuLists
INFO: [ app_init ] --START--
INFO: Run Behavior\BuildLiteBehavior [ RunTime:0.000000s ]
INFO: [ app_init ] --END-- [ RunTime:0.000000s ]
INFO: [ app_begin ] --START--
INFO: Run Behavior\ReadHtmlCacheBehavior [ RunTime:0.001000s ]
INFO: [ app_begin ] --END-- [ RunTime:0.001000s ]
NOTIC: [8192] mysql_connect(): The mysql extension is deprecated and will be removed in the future: use mysqli or PDO instead E:\PetAdmin\PetAdminShop\ThinkPHP\Library\Think\Db\Driver\Mysql.class.php 第 52 行.
SQL: select admin_jurisdiction.* from admin_user,admin_user_role,admin_role_jurisdiction,admin_jurisdiction
                where admin_user.id=admin_user_role.user_id
                and admin_user_role.role_id=admin_role_jurisdiction.role_id
                and admin_role_jurisdiction.jurisdiction_id=admin_jurisdiction.j_id
                and admin_user.username='tianxunhulian' [ RunTime:0.007001s ]
SQL: SELECT * FROM admin_jurisdiction WHERE pid = 1 [ RunTime:0.006000s ]
SQL: SELECT * FROM admin_jurisdiction WHERE pid = 2 [ RunTime:0.007001s ]
SQL: SELECT * FROM admin_jurisdiction WHERE pid = 3 [ RunTime:0.006000s ]
SQL: SELECT * FROM admin_jurisdiction WHERE pid = 4 [ RunTime:0.008000s ]
SQL: SELECT * FROM admin_jurisdiction WHERE pid = 5 [ RunTime:0.005001s ]
SQL: SELECT * FROM admin_jurisdiction WHERE pid = 6 [ RunTime:0.006000s ]
SQL: SELECT * FROM admin_jurisdiction WHERE pid = 7 [ RunTime:0.006000s ]
SQL: SELECT * FROM admin_jurisdiction WHERE pid = 8 [ RunTime:0.007001s ]
SQL: SELECT * FROM admin_jurisdiction WHERE pid = 9 [ RunTime:0.006000s ]
SQL: SELECT * FROM admin_jurisdiction WHERE pid = 10 [ RunTime:0.007001s ]
SQL: SELECT * FROM admin_jurisdiction WHERE pid = 42 [ RunTime:0.006000s ]
SQL: SELECT * FROM admin_jurisdiction WHERE pid = 46 [ RunTime:0.007000s ]
INFO: [ app_end ] --START--
INFO: Run Behavior\ShowPageTraceBehavior [ RunTime:0.000000s ]
INFO: [ app_end ] --END-- [ RunTime:0.000000s ]

[ 2017-08-03T17:08:41+08:00 ] 127.0.0.1 /admin.php/Home/Journalism/AddNewJournalismForm
INFO: [ app_init ] --START--
INFO: Run Behavior\BuildLiteBehavior [ RunTime:0.000000s ]
INFO: [ app_init ] --END-- [ RunTime:0.000000s ]
INFO: [ app_begin ] --START--
INFO: Run Behavior\ReadHtmlCacheBehavior [ RunTime:0.001000s ]
INFO: [ app_begin ] --END-- [ RunTime:0.001000s ]
NOTIC: [8192] mysql_connect(): The mysql extension is deprecated and will be removed in the future: use mysqli or PDO instead E:\PetAdmin\PetAdminShop\ThinkPHP\Library\Think\Db\Driver\Mysql.class.php 第 52 行.
SQL: SHOW COLUMNS FROM `admin_user` [ RunTime:0.007000s ]
SQL: SELECT * FROM `admin_user` WHERE `username` = 'tianxunhulian' LIMIT 1   [ RunTime:0.007001s ]
INFO: [ view_parse ] --START--
INFO: [ template_filter ] --START--
INFO: Run Behavior\ContentReplaceBehavior [ RunTime:0.000000s ]
INFO: [ template_filter ] --END-- [ RunTime:0.000000s ]
NOTIC: [8] Undefined variable: num E:\PetAdmin\PetAdminShop\Admin\Runtime\Cache\Home\907c3a57224bd79bd98947043b53f188.php 第 229 行.
NOTIC: [8] Undefined variable: num E:\PetAdmin\PetAdminShop\Admin\Runtime\Cache\Home\907c3a57224bd79bd98947043b53f188.php 第 235 行.
NOTIC: [8] Undefined variable: num E:\PetAdmin\PetAdminShop\Admin\Runtime\Cache\Home\907c3a57224bd79bd98947043b53f188.php 第 239 行.
NOTIC: [8] Undefined variable: num E:\PetAdmin\PetAdminShop\Admin\Runtime\Cache\Home\907c3a57224bd79bd98947043b53f188.php 第 243 行.
INFO: Run Behavior\ParseTemplateBehavior [ RunTime:0.023001s ]
INFO: [ view_parse ] --END-- [ RunTime:0.023001s ]
INFO: [ view_filter ] --START--
INFO: Run Behavior\WriteHtmlCacheBehavior [ RunTime:0.000000s ]
INFO: [ view_filter ] --END-- [ RunTime:0.000000s ]
INFO: [ app_end ] --START--
INFO: Run Behavior\ShowPageTraceBehavior [ RunTime:0.001000s ]
INFO: [ app_end ] --END-- [ RunTime:0.001000s ]

[ 2017-08-03T17:08:41+08:00 ] 127.0.0.1 /admin.php/Home/Journalism/MenuLists
INFO: [ app_init ] --START--
INFO: Run Behavior\BuildLiteBehavior [ RunTime:0.000000s ]
INFO: [ app_init ] --END-- [ RunTime:0.001000s ]
INFO: [ app_begin ] --START--
INFO: Run Behavior\ReadHtmlCacheBehavior [ RunTime:0.001000s ]
INFO: [ app_begin ] --END-- [ RunTime:0.001000s ]
NOTIC: [8192] mysql_connect(): The mysql extension is deprecated and will be removed in the future: use mysqli or PDO instead E:\PetAdmin\PetAdminShop\ThinkPHP\Library\Think\Db\Driver\Mysql.class.php 第 52 行.
SQL: SHOW COLUMNS FROM `admin_user` [ RunTime:0.006001s ]
SQL: SELECT * FROM `admin_user` WHERE `username` = 'tianxunhulian' LIMIT 1   [ RunTime:0.006000s ]
SQL: select admin_jurisdiction.* from admin_user,admin_user_role,admin_role_jurisdiction,admin_jurisdiction
                where admin_user.id=admin_user_role.user_id
                and admin_user_role.role_id=admin_role_jurisdiction.role_id
                and admin_role_jurisdiction.jurisdiction_id=admin_jurisdiction.j_id
                and admin_user.username='tianxunhulian' [ RunTime:0.006001s ]
SQL: SELECT * FROM admin_jurisdiction WHERE pid = 1 [ RunTime:0.007000s ]
SQL: SELECT * FROM admin_jurisdiction WHERE pid = 2 [ RunTime:0.006000s ]
SQL: SELECT * FROM admin_jurisdiction WHERE pid = 3 [ RunTime:0.007001s ]
SQL: SELECT * FROM admin_jurisdiction WHERE pid = 4 [ RunTime:0.007000s ]
SQL: SELECT * FROM admin_jurisdiction WHERE pid = 5 [ RunTime:0.008001s ]
SQL: SELECT * FROM admin_jurisdiction WHERE pid = 6 [ RunTime:0.007000s ]
SQL: SELECT * FROM admin_jurisdiction WHERE pid = 7 [ RunTime:0.007000s ]
SQL: SELECT * FROM admin_jurisdiction WHERE pid = 8 [ RunTime:0.006001s ]
SQL: SELECT * FROM admin_jurisdiction WHERE pid = 9 [ RunTime:0.008000s ]
SQL: SELECT * FROM admin_jurisdiction WHERE pid = 10 [ RunTime:0.007001s ]
SQL: SELECT * FROM admin_jurisdiction WHERE pid = 42 [ RunTime:0.007000s ]
SQL: SELECT * FROM admin_jurisdiction WHERE pid = 46 [ RunTime:0.006000s ]
INFO: [ app_end ] --START--
INFO: Run Behavior\ShowPageTraceBehavior [ RunTime:0.000000s ]
INFO: [ app_end ] --END-- [ RunTime:0.000000s ]

[ 2017-08-03T17:12:50+08:00 ] 127.0.0.1 /admin.php/Home/Journalism/AddNewJournalismForm
INFO: [ app_init ] --START--
INFO: Run Behavior\BuildLiteBehavior [ RunTime:0.000000s ]
INFO: [ app_init ] --END-- [ RunTime:0.001000s ]
INFO: [ app_begin ] --START--
INFO: Run Behavior\ReadHtmlCacheBehavior [ RunTime:0.000000s ]
INFO: [ app_begin ] --END-- [ RunTime:0.000000s ]
NOTIC: [8192] mysql_connect(): The mysql extension is deprecated and will be removed in the future: use mysqli or PDO instead E:\PetAdmin\PetAdminShop\ThinkPHP\Library\Think\Db\Driver\Mysql.class.php 第 52 行.
SQL: SHOW COLUMNS FROM `admin_user` [ RunTime:0.006000s ]
SQL: SELECT * FROM `admin_user` WHERE `username` = 'tianxunhulian' LIMIT 1   [ RunTime:0.006000s ]
INFO: [ view_parse ] --START--
INFO: [ template_filter ] --START--
INFO: Run Behavior\ContentReplaceBehavior [ RunTime:0.000000s ]
INFO: [ template_filter ] --END-- [ RunTime:0.000000s ]
NOTIC: [8] Undefined variable: num E:\PetAdmin\PetAdminShop\Admin\Runtime\Cache\Home\907c3a57224bd79bd98947043b53f188.php 第 229 行.
NOTIC: [8] Undefined variable: num E:\PetAdmin\PetAdminShop\Admin\Runtime\Cache\Home\907c3a57224bd79bd98947043b53f188.php 第 235 行.
NOTIC: [8] Undefined variable: num E:\PetAdmin\PetAdminShop\Admin\Runtime\Cache\Home\907c3a57224bd79bd98947043b53f188.php 第 239 行.
NOTIC: [8] Undefined variable: num E:\PetAdmin\PetAdminShop\Admin\Runtime\Cache\Home\907c3a57224bd79bd98947043b53f188.php 第 243 行.
INFO: Run Behavior\ParseTemplateBehavior [ RunTime:0.014001s ]
INFO: [ view_parse ] --END-- [ RunTime:0.014001s ]
INFO: [ view_filter ] --START--
INFO: Run Behavior\WriteHtmlCacheBehavior [ RunTime:0.000000s ]
INFO: [ view_filter ] --END-- [ RunTime:0.000000s ]
INFO: [ app_end ] --START--
INFO: Run Behavior\ShowPageTraceBehavior [ RunTime:0.001000s ]
INFO: [ app_end ] --END-- [ RunTime:0.001000s ]

[ 2017-08-03T17:12:50+08:00 ] 127.0.0.1 /admin.php/Home/Journalism/MenuLists
INFO: [ app_init ] --START--
INFO: Run Behavior\BuildLiteBehavior [ RunTime:0.000000s ]
INFO: [ app_init ] --END-- [ RunTime:0.000000s ]
INFO: [ app_begin ] --START--
INFO: Run Behavior\ReadHtmlCacheBehavior [ RunTime:0.001000s ]
INFO: [ app_begin ] --END-- [ RunTime:0.001000s ]
NOTIC: [8192] mysql_connect(): The mysql extension is deprecated and will be removed in the future: use mysqli or PDO instead E:\PetAdmin\PetAdminShop\ThinkPHP\Library\Think\Db\Driver\Mysql.class.php 第 52 行.
SQL: SHOW COLUMNS FROM `admin_user` [ RunTime:0.008000s ]
SQL: SELECT * FROM `admin_user` WHERE `username` = 'tianxunhulian' LIMIT 1   [ RunTime:0.005000s ]
SQL: select admin_jurisdiction.* from admin_user,admin_user_role,admin_role_jurisdiction,admin_jurisdiction
                where admin_user.id=admin_user_role.user_id
                and admin_user_role.role_id=admin_role_jurisdiction.role_id
                and admin_role_jurisdiction.jurisdiction_id=admin_jurisdiction.j_id
                and admin_user.username='tianxunhulian' [ RunTime:0.006001s ]
SQL: SELECT * FROM admin_jurisdiction WHERE pid = 1 [ RunTime:0.006000s ]
SQL: SELECT * FROM admin_jurisdiction WHERE pid = 2 [ RunTime:0.006001s ]
SQL: SELECT * FROM admin_jurisdiction WHERE pid = 3 [ RunTime:0.007000s ]
SQL: SELECT * FROM admin_jurisdiction WHERE pid = 4 [ RunTime:0.006000s ]
SQL: SELECT * FROM admin_jurisdiction WHERE pid = 5 [ RunTime:0.007001s ]
SQL: SELECT * FROM admin_jurisdiction WHERE pid = 6 [ RunTime:0.007000s ]
SQL: SELECT * FROM admin_jurisdiction WHERE pid = 7 [ RunTime:0.008001s ]
SQL: SELECT * FROM admin_jurisdiction WHERE pid = 8 [ RunTime:0.008000s ]
SQL: SELECT * FROM admin_jurisdiction WHERE pid = 9 [ RunTime:0.007000s ]
SQL: SELECT * FROM admin_jurisdiction WHERE pid = 10 [ RunTime:0.008001s ]
SQL: SELECT * FROM admin_jurisdiction WHERE pid = 42 [ RunTime:0.006000s ]
SQL: SELECT * FROM admin_jurisdiction WHERE pid = 46 [ RunTime:0.007001s ]
INFO: [ app_end ] --START--
INFO: Run Behavior\ShowPageTraceBehavior [ RunTime:0.001000s ]
INFO: [ app_end ] --END-- [ RunTime:0.001000s ]

